Running on local02
gpu
Namespace(N=1, batch_size=16, capacity=1000000, epsilon_decay=30000, epsilon_final=0.01, epsilon_start=1.0, frame_stack=True, gamma=0.99, initial_lr=0.0003, interim_fn='4prevframes_version2', lr=3e-05, num_frames=10000000, number_of_updates=10, optimizer='Adam', render=0, save_freq_frame=100000, save_interim_path='../results/DQN/interim/', save_model_path='../results/DQN/model_lr3e_5_10Mframes_4prevframes_version2.pth', save_result_path='../results/DQN/results_lr3e_5_10Mframes_4prevframes_version2.npy', seed=1, step_size=50000, target_update_freq=10000, use_optim_scheduler=False)
Using cuda:  True
Preparing replay buffer with len --  10000 Frame: 10000 Total time so far: 19.065307140350342
Frame: 20000 Loss: 0.008429865 Total Rewards: -20.0 Average Rewards over all frames: -20.363636363636363 Last-10 average reward: -20.2 Best mean reward of last-10: -20.2 Last-100 average reward: -20.363636363636363 Best mean reward of last-100: -20.363636363636363 Time: 0.01960277557373047 Total time so far: 546.8200147151947
Frame: 30000 Loss: 0.006276047 Total Rewards: -17.0 Average Rewards over all frames: -19.933333333333334 Last-10 average reward: -19.0 Best mean reward of last-10: -19.0 Last-100 average reward: -19.933333333333334 Best mean reward of last-100: -19.933333333333334 Time: 0.017861604690551758 Total time so far: 1069.7633602619171
Frame: 40000 Loss: 0.0059813764 Total Rewards: -19.0 Average Rewards over all frames: -19.473684210526315 Last-10 average reward: -17.6 Best mean reward of last-10: -17.6 Last-100 average reward: -19.473684210526315 Best mean reward of last-100: -19.473684210526315 Time: 0.019761323928833008 Total time so far: 1595.9289643764496
Frame: 50000 Loss: 0.006609105 Total Rewards: -17.0 Average Rewards over all frames: -19.295454545454547 Last-10 average reward: -17.8 Best mean reward of last-10: -17.6 Last-100 average reward: -19.295454545454547 Best mean reward of last-100: -19.295454545454547 Time: 0.022300243377685547 Total time so far: 2125.0457367897034
Frame: 60000 Loss: 0.0068231383 Total Rewards: -17.0 Average Rewards over all frames: -18.94 Last-10 average reward: -17.2 Best mean reward of last-10: -17.2 Last-100 average reward: -18.94 Best mean reward of last-100: -18.94 Time: 0.019968748092651367 Total time so far: 2656.841484069824
Frame: 70000 Loss: 0.0068578743 Total Rewards: -17.0 Average Rewards over all frames: -18.75 Last-10 average reward: -16.5 Best mean reward of last-10: -16.5 Last-100 average reward: -18.75 Best mean reward of last-100: -18.75 Time: 0.022185325622558594 Total time so far: 3190.8316371440887
Frame: 80000 Loss: 0.0068130344 Total Rewards: -17.0 Average Rewards over all frames: -18.540983606557376 Last-10 average reward: -17.0 Best mean reward of last-10: -16.5 Last-100 average reward: -18.540983606557376 Best mean reward of last-100: -18.540983606557376 Time: 0.016974925994873047 Total time so far: 3727.181902885437
Frame: 90000 Loss: 0.006688172 Total Rewards: -14.0 Average Rewards over all frames: -18.21212121212121 Last-10 average reward: -15.2 Best mean reward of last-10: -15.2 Last-100 average reward: -18.21212121212121 Best mean reward of last-100: -18.21212121212121 Time: 0.015874862670898438 Total time so far: 4265.974844932556
Frame: 100000 Loss: 0.006562969 Total Rewards: -16.0 Average Rewards over all frames: -18.085714285714285 Last-10 average reward: -15.2 Best mean reward of last-10: -15.2 Last-100 average reward: -18.085714285714285 Best mean reward of last-100: -18.085714285714285 Time: 0.01821756362915039 Total time so far: 4806.224467754364
Frame: 110000 Loss: 0.006416015 Total Rewards: -15.0 Average Rewards over all frames: -17.907894736842106 Last-10 average reward: -15.9 Best mean reward of last-10: -15.2 Last-100 average reward: -17.907894736842106 Best mean reward of last-100: -17.907894736842106 Time: 0.02384471893310547 Total time so far: 5353.724796772003
Frame: 120000 Loss: 0.0062935525 Total Rewards: -13.0 Average Rewards over all frames: -17.765432098765434 Last-10 average reward: -15.8 Best mean reward of last-10: -15.2 Last-100 average reward: -17.765432098765434 Best mean reward of last-100: -17.765432098765434 Time: 0.021455764770507812 Total time so far: 5898.75821852684
Frame: 130000 Loss: 0.0061834087 Total Rewards: -15.0 Average Rewards over all frames: -17.593023255813954 Last-10 average reward: -15.2 Best mean reward of last-10: -15.2 Last-100 average reward: -17.593023255813954 Best mean reward of last-100: -17.593023255813954 Time: 0.018603801727294922 Total time so far: 6445.677840232849
Frame: 140000 Loss: 0.00607979 Total Rewards: -15.0 Average Rewards over all frames: -17.395604395604394 Last-10 average reward: -14.4 Best mean reward of last-10: -14.4 Last-100 average reward: -17.395604395604394 Best mean reward of last-100: -17.395604395604394 Time: 0.019818782806396484 Total time so far: 6995.409666776657
Frame: 150000 Loss: 0.005999748 Total Rewards: -12.0 Average Rewards over all frames: -17.302083333333332 Last-10 average reward: -14.8 Best mean reward of last-10: -14.4 Last-100 average reward: -17.302083333333332 Best mean reward of last-100: -17.302083333333332 Time: 0.02055835723876953 Total time so far: 7547.788702487946
Frame: 160000 Loss: 0.0059341607 Total Rewards: -14.0 Average Rewards over all frames: -17.205882352941178 Last-10 average reward: -15.5 Best mean reward of last-10: -14.4 Last-100 average reward: -17.13 Best mean reward of last-100: -17.13 Time: 0.01648998260498047 Total time so far: 8102.732328414917
Frame: 170000 Loss: 0.0058899974 Total Rewards: -10.0 Average Rewards over all frames: -17.066037735849058 Last-10 average reward: -14.8 Best mean reward of last-10: -14.4 Last-100 average reward: -16.85 Best mean reward of last-100: -16.85 Time: 0.018400907516479492 Total time so far: 8659.962846517563
Frame: 180000 Loss: 0.005857722 Total Rewards: -18.0 Average Rewards over all frames: -16.91891891891892 Last-10 average reward: -13.7 Best mean reward of last-10: -13.7 Last-100 average reward: -16.52 Best mean reward of last-100: -16.52 Time: 0.018077611923217773 Total time so far: 9220.026588201523
Frame: 190000 Loss: 0.005815151 Total Rewards: -13.0 Average Rewards over all frames: -16.75 Last-10 average reward: -13.4 Best mean reward of last-10: -13.4 Last-100 average reward: -16.16 Best mean reward of last-100: -16.16 Time: 0.02217388153076172 Total time so far: 9783.469969272614
Frame: 200000 Loss: 0.005783579 Total Rewards: -13.0 Average Rewards over all frames: -16.537190082644628 Last-10 average reward: -12.3 Best mean reward of last-10: -12.3 Last-100 average reward: -15.73 Best mean reward of last-100: -15.73 Time: 0.016545534133911133 Total time so far: 10349.21556353569
Frame: 210000 Loss: 0.0057462784 Total Rewards: -12.0 Average Rewards over all frames: -16.456 Last-10 average reward: -12.7 Best mean reward of last-10: -12.3 Last-100 average reward: -15.49 Best mean reward of last-100: -15.49 Time: 0.02238750457763672 Total time so far: 10926.699226140976
Frame: 220000 Loss: 0.0057106004 Total Rewards: -13.0 Average Rewards over all frames: -16.26153846153846 Last-10 average reward: -12.6 Best mean reward of last-10: -12.3 Last-100 average reward: -15.16 Best mean reward of last-100: -15.16 Time: 0.020348072052001953 Total time so far: 11498.95847415924
Frame: 230000 Loss: 0.0056838333 Total Rewards: -11.0 Average Rewards over all frames: -16.11111111111111 Last-10 average reward: -11.8 Best mean reward of last-10: -11.8 Last-100 average reward: -14.88 Best mean reward of last-100: -14.88 Time: 0.023597240447998047 Total time so far: 12074.260967969894
Frame: 240000 Loss: 0.005660113 Total Rewards: -16.0 Average Rewards over all frames: -16.07857142857143 Last-10 average reward: -13.7 Best mean reward of last-10: -11.8 Last-100 average reward: -14.76 Best mean reward of last-100: -14.76 Time: 0.01837635040283203 Total time so far: 12652.37002325058
Frame: 250000 Loss: 0.005633471 Total Rewards: -10.0 Average Rewards over all frames: -15.944827586206896 Last-10 average reward: -13.7 Best mean reward of last-10: -11.8 Last-100 average reward: -14.47 Best mean reward of last-100: -14.47 Time: 0.018407583236694336 Total time so far: 13233.03160738945
Frame: 260000 Loss: 0.0056084665 Total Rewards: -13.0 Average Rewards over all frames: -15.865771812080537 Last-10 average reward: -12.9 Best mean reward of last-10: -11.8 Last-100 average reward: -14.34 Best mean reward of last-100: -14.34 Time: 0.016325712203979492 Total time so far: 13817.258322238922
Frame: 270000 Loss: 0.005582113 Total Rewards: -18.0 Average Rewards over all frames: -15.844155844155845 Last-10 average reward: -13.8 Best mean reward of last-10: -11.8 Last-100 average reward: -14.28 Best mean reward of last-100: -14.28 Time: 0.016463279724121094 Total time so far: 14403.669800281525
Frame: 280000 Loss: 0.0055680657 Total Rewards: -12.0 Average Rewards over all frames: -15.735849056603774 Last-10 average reward: -13.8 Best mean reward of last-10: -11.8 Last-100 average reward: -14.05 Best mean reward of last-100: -14.05 Time: 0.019061565399169922 Total time so far: 14995.075926065445
Frame: 290000 Loss: 0.005560001 Total Rewards: -19.0 Average Rewards over all frames: -15.654545454545454 Last-10 average reward: -13.8 Best mean reward of last-10: -11.8 Last-100 average reward: -13.95 Best mean reward of last-100: -13.95 Time: 0.020270347595214844 Total time so far: 15590.38118839264
Frame: 300000 Loss: 0.0055551864 Total Rewards: -11.0 Average Rewards over all frames: -15.588235294117647 Last-10 average reward: -13.4 Best mean reward of last-10: -11.8 Last-100 average reward: -13.84 Best mean reward of last-100: -13.84 Time: 0.02131819725036621 Total time so far: 16188.387763500214
Frame: 310000 Loss: 0.0055557922 Total Rewards: -8.0 Average Rewards over all frames: -15.525714285714285 Last-10 average reward: -13.4 Best mean reward of last-10: -11.8 Last-100 average reward: -13.71 Best mean reward of last-100: -13.71 Time: 0.019362688064575195 Total time so far: 16803.80589032173
Frame: 320000 Loss: 0.0055506434 Total Rewards: -14.0 Average Rewards over all frames: -15.472222222222221 Last-10 average reward: -13.5 Best mean reward of last-10: -11.8 Last-100 average reward: -13.59 Best mean reward of last-100: -13.59 Time: 0.016501426696777344 Total time so far: 17408.313531160355
Frame: 330000 Loss: 0.005545588 Total Rewards: -19.0 Average Rewards over all frames: -15.389189189189189 Last-10 average reward: -13.0 Best mean reward of last-10: -11.8 Last-100 average reward: -13.49 Best mean reward of last-100: -13.49 Time: 0.020968198776245117 Total time so far: 18016.43289756775
Frame: 340000 Loss: 0.0055480604 Total Rewards: -17.0 Average Rewards over all frames: -15.310526315789474 Last-10 average reward: -12.4 Best mean reward of last-10: -11.8 Last-100 average reward: -13.41 Best mean reward of last-100: -13.41 Time: 0.02033710479736328 Total time so far: 18627.27014708519
Frame: 350000 Loss: 0.00554733 Total Rewards: -20.0 Average Rewards over all frames: -15.297435897435898 Last-10 average reward: -13.6 Best mean reward of last-10: -11.8 Last-100 average reward: -13.34 Best mean reward of last-100: -13.34 Time: 0.020921945571899414 Total time so far: 19241.701185703278
Frame: 360000 Loss: 0.0055459086 Total Rewards: -8.0 Average Rewards over all frames: -15.180904522613066 Last-10 average reward: -12.9 Best mean reward of last-10: -11.8 Last-100 average reward: -13.1 Best mean reward of last-100: -13.1 Time: 0.02369999885559082 Total time so far: 19859.513278722763
Frame: 370000 Loss: 0.0055382843 Total Rewards: -7.0 Average Rewards over all frames: -15.064039408866995 Last-10 average reward: -11.1 Best mean reward of last-10: -11.1 Last-100 average reward: -12.87 Best mean reward of last-100: -12.87 Time: 0.020833730697631836 Total time so far: 20479.97593688965
Frame: 380000 Loss: 0.005537419 Total Rewards: -9.0 Average Rewards over all frames: -14.932692307692308 Last-10 average reward: -9.3 Best mean reward of last-10: -9.3 Last-100 average reward: -12.75 Best mean reward of last-100: -12.75 Time: 0.01824665069580078 Total time so far: 21103.90594816208
Frame: 390000 Loss: 0.0055354657 Total Rewards: -12.0 Average Rewards over all frames: -14.806603773584905 Last-10 average reward: -8.8 Best mean reward of last-10: -8.8 Last-100 average reward: -12.49 Best mean reward of last-100: -12.49 Time: 0.017977237701416016 Total time so far: 21730.572886943817
Frame: 400000 Loss: 0.0055389963 Total Rewards: -8.0 Average Rewards over all frames: -14.737327188940093 Last-10 average reward: -10.1 Best mean reward of last-10: -8.8 Last-100 average reward: -12.45 Best mean reward of last-100: -12.45 Time: 0.016408920288085938 Total time so far: 22360.985535383224
Frame: 410000 Loss: 0.00554401 Total Rewards: -11.0 Average Rewards over all frames: -14.716216216216216 Last-10 average reward: -12.8 Best mean reward of last-10: -8.8 Last-100 average reward: -12.53 Best mean reward of last-100: -12.45 Time: 0.018809080123901367 Total time so far: 23012.415098905563
Frame: 420000 Loss: 0.0055550714 Total Rewards: -15.0 Average Rewards over all frames: -14.700440528634362 Last-10 average reward: -13.9 Best mean reward of last-10: -8.8 Last-100 average reward: -12.57 Best mean reward of last-100: -12.45 Time: 0.01711273193359375 Total time so far: 23649.31028199196
Frame: 430000 Loss: 0.0055596335 Total Rewards: -7.0 Average Rewards over all frames: -14.573275862068966 Last-10 average reward: -11.4 Best mean reward of last-10: -8.8 Last-100 average reward: -12.38 Best mean reward of last-100: -12.38 Time: 0.020806312561035156 Total time so far: 24288.804938793182
Frame: 440000 Loss: 0.0055591743 Total Rewards: -13.0 Average Rewards over all frames: -14.474576271186441 Last-10 average reward: -9.4 Best mean reward of last-10: -8.8 Last-100 average reward: -12.21 Best mean reward of last-100: -12.21 Time: 0.016437530517578125 Total time so far: 24932.763501405716
Frame: 450000 Loss: 0.005578007 Total Rewards: -13.0 Average Rewards over all frames: -14.479338842975206 Last-10 average reward: -12.3 Best mean reward of last-10: -8.8 Last-100 average reward: -12.29 Best mean reward of last-100: -12.21 Time: 0.019466876983642578 Total time so far: 25578.856297254562
Frame: 460000 Loss: 0.005609924 Total Rewards: -16.0 Average Rewards over all frames: -14.40650406504065 Last-10 average reward: -12.8 Best mean reward of last-10: -8.8 Last-100 average reward: -12.16 Best mean reward of last-100: -12.16 Time: 0.021134376525878906 Total time so far: 26228.27038526535
Frame: 470000 Loss: 0.0056371167 Total Rewards: -14.0 Average Rewards over all frames: -14.326693227091633 Last-10 average reward: -10.5 Best mean reward of last-10: -8.8 Last-100 average reward: -12.02 Best mean reward of last-100: -12.02 Time: 0.022873401641845703 Total time so far: 26880.655554294586
Frame: 480000 Loss: 0.005658064 Total Rewards: 6.0 Average Rewards over all frames: -14.18359375 Last-10 average reward: -8.7 Best mean reward of last-10: -8.7 Last-100 average reward: -11.73 Best mean reward of last-100: -11.73 Time: 0.022783994674682617 Total time so far: 27536.70643544197
Frame: 490000 Loss: 0.0056775017 Total Rewards: -11.0 Average Rewards over all frames: -14.194656488549619 Last-10 average reward: -12.5 Best mean reward of last-10: -8.7 Last-100 average reward: -11.81 Best mean reward of last-100: -11.73 Time: 0.020300626754760742 Total time so far: 28196.412046909332
Frame: 500000 Loss: 0.0057027037 Total Rewards: -16.0 Average Rewards over all frames: -14.238805970149254 Last-10 average reward: -16.2 Best mean reward of last-10: -8.7 Last-100 average reward: -11.83 Best mean reward of last-100: -11.73 Time: 0.02285289764404297 Total time so far: 28859.701308727264
Frame: 510000 Loss: 0.005723955 Total Rewards: -9.0 Average Rewards over all frames: -14.186813186813186 Last-10 average reward: -13.5 Best mean reward of last-10: -8.7 Last-100 average reward: -11.73 Best mean reward of last-100: -11.73 Time: 0.019418001174926758 Total time so far: 29581.211565494537
Frame: 520000 Loss: 0.005741588 Total Rewards: -21.0 Average Rewards over all frames: -14.133093525179856 Last-10 average reward: -11.3 Best mean reward of last-10: -8.7 Last-100 average reward: -11.78 Best mean reward of last-100: -11.73 Time: 0.018001317977905273 Total time so far: 30251.977132081985
Frame: 530000 Loss: 0.005753387 Total Rewards: -11.0 Average Rewards over all frames: -13.989399293286219 Last-10 average reward: -8.6 Best mean reward of last-10: -8.6 Last-100 average reward: -11.38 Best mean reward of last-100: -11.38 Time: 0.01947021484375 Total time so far: 30926.549506425858
Frame: 540000 Loss: 0.005765556 Total Rewards: -19.0 Average Rewards over all frames: -14.034602076124568 Last-10 average reward: -12.0 Best mean reward of last-10: -8.6 Last-100 average reward: -11.64 Best mean reward of last-100: -11.38 Time: 0.017604351043701172 Total time so far: 31604.427962064743
Frame: 550000 Loss: 0.005780737 Total Rewards: -10.0 Average Rewards over all frames: -13.9421768707483 Last-10 average reward: -13.1 Best mean reward of last-10: -8.6 Last-100 average reward: -11.36 Best mean reward of last-100: -11.36 Time: 0.020348787307739258 Total time so far: 32286.582196235657
Frame: 560000 Loss: 0.0057937955 Total Rewards: -13.0 Average Rewards over all frames: -13.862876254180602 Last-10 average reward: -8.9 Best mean reward of last-10: -8.6 Last-100 average reward: -11.24 Best mean reward of last-100: -11.24 Time: 0.016297340393066406 Total time so far: 32971.18909859657
Frame: 570000 Loss: 0.005796575 Total Rewards: 16.0 Average Rewards over all frames: -13.673267326732674 Last-10 average reward: -5.4 Best mean reward of last-10: -5.4 Last-100 average reward: -10.85 Best mean reward of last-100: -10.85 Time: 0.016101360321044922 Total time so far: 33658.94097876549
Frame: 580000 Loss: 0.005795385 Total Rewards: -5.0 Average Rewards over all frames: -13.52442996742671 Last-10 average reward: -3.4 Best mean reward of last-10: -3.4 Last-100 average reward: -10.55 Best mean reward of last-100: -10.55 Time: 0.015947341918945312 Total time so far: 34349.981790065765
Frame: 590000 Loss: 0.005792379 Total Rewards: 9.0 Average Rewards over all frames: -13.257234726688102 Last-10 average reward: 4.7 Best mean reward of last-10: 4.7 Last-100 average reward: -9.96 Best mean reward of last-100: -9.96 Time: 0.02128434181213379 Total time so far: 35044.865493535995
Frame: 600000 Loss: 0.0057889316 Total Rewards: 9.0 Average Rewards over all frames: -13.149206349206349 Last-10 average reward: 0.2 Best mean reward of last-10: 4.7 Last-100 average reward: -9.6 Best mean reward of last-100: -9.6 Time: 0.021215200424194336 Total time so far: 35811.40282583237
Frame: 610000 Loss: 0.005779853 Total Rewards: -1.0 Average Rewards over all frames: -13.078369905956112 Last-10 average reward: -2.9 Best mean reward of last-10: 4.7 Last-100 average reward: -9.46 Best mean reward of last-100: -9.46 Time: 0.016565799713134766 Total time so far: 36537.82287669182
Frame: 620000 Loss: 0.0057687135 Total Rewards: -20.0 Average Rewards over all frames: -13.030864197530864 Last-10 average reward: -7.1 Best mean reward of last-10: 4.7 Last-100 average reward: -9.21 Best mean reward of last-100: -9.21 Time: 0.02175593376159668 Total time so far: 37238.21747612953
Frame: 630000 Loss: 0.005758971 Total Rewards: -10.0 Average Rewards over all frames: -12.966463414634147 Last-10 average reward: -8.2 Best mean reward of last-10: 4.7 Last-100 average reward: -9.11 Best mean reward of last-100: -9.11 Time: 0.019663333892822266 Total time so far: 37940.93676614761
Frame: 640000 Loss: 0.005749725 Total Rewards: -19.0 Average Rewards over all frames: -12.87087087087087 Last-10 average reward: -8.4 Best mean reward of last-10: 4.7 Last-100 average reward: -8.93 Best mean reward of last-100: -8.93 Time: 0.01664423942565918 Total time so far: 38646.78840684891
Frame: 650000 Loss: 0.005742064 Total Rewards: 20.0 Average Rewards over all frames: -12.70414201183432 Last-10 average reward: -4.1 Best mean reward of last-10: 4.7 Last-100 average reward: -8.57 Best mean reward of last-100: -8.57 Time: 0.022857189178466797 Total time so far: 39355.09435868263
Frame: 660000 Loss: 0.0057323505 Total Rewards: -6.0 Average Rewards over all frames: -12.41399416909621 Last-10 average reward: 2.8 Best mean reward of last-10: 4.7 Last-100 average reward: -7.51 Best mean reward of last-100: -7.51 Time: 0.019364595413208008 Total time so far: 40066.67395949364
Frame: 670000 Loss: 0.0057208403 Total Rewards: 19.0 Average Rewards over all frames: -12.291066282420749 Last-10 average reward: 4.9 Best mean reward of last-10: 4.9 Last-100 average reward: -7.14 Best mean reward of last-100: -7.14 Time: 0.0204622745513916 Total time so far: 40780.397762060165
Frame: 680000 Loss: 0.005706972 Total Rewards: 16.0 Average Rewards over all frames: -12.182336182336183 Last-10 average reward: -3.7 Best mean reward of last-10: 4.9 Last-100 average reward: -6.8 Best mean reward of last-100: -6.8 Time: 0.023331642150878906 Total time so far: 41497.03038954735
Frame: 690000 Loss: 0.0056938166 Total Rewards: 11.0 Average Rewards over all frames: -11.943661971830986 Last-10 average reward: 3.7 Best mean reward of last-10: 4.9 Last-100 average reward: -6.03 Best mean reward of last-100: -6.03 Time: 0.022162199020385742 Total time so far: 42218.903584480286
Frame: 700000 Loss: 0.0056794705 Total Rewards: 14.0 Average Rewards over all frames: -11.7966573816156 Last-10 average reward: 5.6 Best mean reward of last-10: 5.6 Last-100 average reward: -5.6 Best mean reward of last-100: -5.6 Time: 0.02204418182373047 Total time so far: 42940.947962999344
Frame: 710000 Loss: 0.005666358 Total Rewards: -6.0 Average Rewards over all frames: -11.634615384615385 Last-10 average reward: 1.6 Best mean reward of last-10: 5.6 Last-100 average reward: -4.8 Best mean reward of last-100: -4.8 Time: 0.02048039436340332 Total time so far: 43703.13154363632
Frame: 720000 Loss: 0.005654441 Total Rewards: 4.0 Average Rewards over all frames: -11.509536784741144 Last-10 average reward: 2.8 Best mean reward of last-10: 5.6 Last-100 average reward: -4.24 Best mean reward of last-100: -4.24 Time: 0.017261981964111328 Total time so far: 44431.8370141983
Frame: 730000 Loss: 0.0056402287 Total Rewards: 17.0 Average Rewards over all frames: -11.371967654986523 Last-10 average reward: 0.6 Best mean reward of last-10: 5.6 Last-100 average reward: -3.76 Best mean reward of last-100: -3.76 Time: 0.018567800521850586 Total time so far: 45163.65600204468
Frame: 740000 Loss: 0.005626469 Total Rewards: 15.0 Average Rewards over all frames: -11.202666666666667 Last-10 average reward: 4.5 Best mean reward of last-10: 5.6 Last-100 average reward: -3.03 Best mean reward of last-100: -3.03 Time: 0.01821136474609375 Total time so far: 45898.34495830536
Frame: 750000 Loss: 0.0056112115 Total Rewards: 15.0 Average Rewards over all frames: -10.847368421052632 Last-10 average reward: 11.4 Best mean reward of last-10: 11.4 Last-100 average reward: -1.93 Best mean reward of last-100: -1.93 Time: 0.022055864334106445 Total time so far: 46637.56393671036
Frame: 760000 Loss: 0.005598692 Total Rewards: -16.0 Average Rewards over all frames: -10.744791666666666 Last-10 average reward: 9.0 Best mean reward of last-10: 11.4 Last-100 average reward: -1.58 Best mean reward of last-100: -1.58 Time: 0.016535282135009766 Total time so far: 47380.74360322952
Frame: 770000 Loss: 0.0055887927 Total Rewards: 20.0 Average Rewards over all frames: -10.516709511568124 Last-10 average reward: 4.6 Best mean reward of last-10: 11.4 Last-100 average reward: -0.35 Best mean reward of last-100: -0.35 Time: 0.01706385612487793 Total time so far: 48127.958419561386
Frame: 780000 Loss: 0.005579449 Total Rewards: -6.0 Average Rewards over all frames: -10.459183673469388 Last-10 average reward: 1.1 Best mean reward of last-10: 11.4 Last-100 average reward: -0.2 Best mean reward of last-100: -0.2 Time: 0.022108078002929688 Total time so far: 48879.20876312256
Frame: 790000 Loss: 0.0055693774 Total Rewards: -3.0 Average Rewards over all frames: -10.328282828282829 Last-10 average reward: 5.1 Best mean reward of last-10: 11.4 Last-100 average reward: 0.27 Best mean reward of last-100: 0.27 Time: 0.02351975440979004 Total time so far: 49633.87681508064
Frame: 800000 Loss: 0.005558404 Total Rewards: 20.0 Average Rewards over all frames: -10.115 Last-10 average reward: 3.8 Best mean reward of last-10: 11.4 Last-100 average reward: 1.12 Best mean reward of last-100: 1.12 Time: 0.018445730209350586 Total time so far: 50392.76974582672
Frame: 810000 Loss: 0.0055471146 Total Rewards: 14.0 Average Rewards over all frames: -9.945544554455445 Last-10 average reward: 7.4 Best mean reward of last-10: 11.4 Last-100 average reward: 1.17 Best mean reward of last-100: 1.17 Time: 0.02181839942932129 Total time so far: 51198.67277646065
Frame: 820000 Loss: 0.00553635 Total Rewards: 15.0 Average Rewards over all frames: -9.75 Last-10 average reward: 8.7 Best mean reward of last-10: 11.4 Last-100 average reward: 1.63 Best mean reward of last-100: 1.63 Time: 0.021094322204589844 Total time so far: 51965.21216011047
Frame: 830000 Loss: 0.005527187 Total Rewards: 18.0 Average Rewards over all frames: -9.589805825242719 Last-10 average reward: 7.7 Best mean reward of last-10: 11.4 Last-100 average reward: 1.87 Best mean reward of last-100: 1.87 Time: 0.01845574378967285 Total time so far: 52735.47609138489
Frame: 840000 Loss: 0.0055186683 Total Rewards: 15.0 Average Rewards over all frames: -9.377403846153847 Last-10 average reward: 9.8 Best mean reward of last-10: 11.4 Last-100 average reward: 2.46 Best mean reward of last-100: 2.46 Time: 0.020916223526000977 Total time so far: 53509.522147893906
Frame: 850000 Loss: 0.00551227 Total Rewards: 7.0 Average Rewards over all frames: -9.137767220902612 Last-10 average reward: 12.2 Best mean reward of last-10: 12.2 Last-100 average reward: 3.32 Best mean reward of last-100: 3.32 Time: 0.016177892684936523 Total time so far: 54286.60442209244
Frame: 860000 Loss: 0.005509015 Total Rewards: 19.0 Average Rewards over all frames: -8.92 Last-10 average reward: 12.5 Best mean reward of last-10: 12.5 Last-100 average reward: 4.3 Best mean reward of last-100: 4.3 Time: 0.02225971221923828 Total time so far: 55069.24910712242
Frame: 870000 Loss: 0.00550376 Total Rewards: 16.0 Average Rewards over all frames: -8.662790697674419 Last-10 average reward: 12.9 Best mean reward of last-10: 12.9 Last-100 average reward: 5.48 Best mean reward of last-100: 5.48 Time: 0.017769336700439453 Total time so far: 55852.36763834953
Frame: 880000 Loss: 0.005496099 Total Rewards: 18.0 Average Rewards over all frames: -8.427586206896551 Last-10 average reward: 12.5 Best mean reward of last-10: 12.9 Last-100 average reward: 6.18 Best mean reward of last-100: 6.18 Time: 0.01973247528076172 Total time so far: 56641.32984375954
Frame: 890000 Loss: 0.005486326 Total Rewards: 18.0 Average Rewards over all frames: -8.170454545454545 Last-10 average reward: 13.0 Best mean reward of last-10: 13.0 Last-100 average reward: 6.64 Best mean reward of last-100: 6.64 Time: 0.021079063415527344 Total time so far: 57471.81447482109
Frame: 900000 Loss: 0.005474121 Total Rewards: 20.0 Average Rewards over all frames: -7.968468468468468 Last-10 average reward: 14.6 Best mean reward of last-10: 14.6 Last-100 average reward: 7.3 Best mean reward of last-100: 7.3 Time: 0.018212556838989258 Total time so far: 58260.89898276329
Frame: 910000 Loss: 0.0054611517 Total Rewards: 17.0 Average Rewards over all frames: -7.796875 Last-10 average reward: 13.0 Best mean reward of last-10: 14.6 Last-100 average reward: 7.87 Best mean reward of last-100: 7.87 Time: 0.021532773971557617 Total time so far: 59099.90236926079
Frame: 920000 Loss: 0.005448847 Total Rewards: 18.0 Average Rewards over all frames: -7.545253863134658 Last-10 average reward: 14.0 Best mean reward of last-10: 14.6 Last-100 average reward: 8.48 Best mean reward of last-100: 8.48 Time: 0.017650842666625977 Total time so far: 59895.10472559929
Frame: 930000 Loss: 0.0054364908 Total Rewards: 16.0 Average Rewards over all frames: -7.307860262008734 Last-10 average reward: 14.6 Best mean reward of last-10: 14.6 Last-100 average reward: 9.02 Best mean reward of last-100: 9.02 Time: 0.020488500595092773 Total time so far: 60693.956991672516
Frame: 940000 Loss: 0.0054259636 Total Rewards: 18.0 Average Rewards over all frames: -7.071274298056156 Last-10 average reward: 14.4 Best mean reward of last-10: 14.6 Last-100 average reward: 9.55 Best mean reward of last-100: 9.55 Time: 0.018148183822631836 Total time so far: 61497.6147210598
Frame: 950000 Loss: 0.005414686 Total Rewards: 14.0 Average Rewards over all frames: -6.811965811965812 Last-10 average reward: 15.9 Best mean reward of last-10: 15.9 Last-100 average reward: 10.41 Best mean reward of last-100: 10.41 Time: 0.015960216522216797 Total time so far: 62304.22949528694
Frame: 960000 Loss: 0.0054016113 Total Rewards: 19.0 Average Rewards over all frames: -6.58985200845666 Last-10 average reward: 15.7 Best mean reward of last-10: 15.9 Last-100 average reward: 10.87 Best mean reward of last-100: 10.87 Time: 0.0228729248046875 Total time so far: 63114.40795016289
Frame: 970000 Loss: 0.005386564 Total Rewards: 19.0 Average Rewards over all frames: -6.423480083857442 Last-10 average reward: 13.8 Best mean reward of last-10: 15.9 Last-100 average reward: 11.0 Best mean reward of last-100: 11.0 Time: 0.015935897827148438 Total time so far: 63928.212121486664
Frame: 980000 Loss: 0.0053732274 Total Rewards: 17.0 Average Rewards over all frames: -6.215767634854772 Last-10 average reward: 14.0 Best mean reward of last-10: 15.9 Last-100 average reward: 11.15 Best mean reward of last-100: 11.15 Time: 0.021544456481933594 Total time so far: 64745.327018260956
Frame: 990000 Loss: 0.005358985 Total Rewards: 8.0 Average Rewards over all frames: -5.9897330595482545 Last-10 average reward: 14.7 Best mean reward of last-10: 15.9 Last-100 average reward: 12.08 Best mean reward of last-100: 12.08 Time: 0.021227121353149414 Total time so far: 65567.58617067337
Frame: 1000000 Loss: 0.0053442423 Total Rewards: 19.0 Average Rewards over all frames: -5.7560975609756095 Last-10 average reward: 16.4 Best mean reward of last-10: 16.4 Last-100 average reward: 12.68 Best mean reward of last-100: 12.68 Time: 0.022554397583007812 Total time so far: 66392.0945072174
Frame: 1010000 Loss: 0.005327948 Total Rewards: 20.0 Average Rewards over all frames: -5.531187122736418 Last-10 average reward: 16.8 Best mean reward of last-10: 16.8 Last-100 average reward: 13.28 Best mean reward of last-100: 13.28 Time: 0.022348403930664062 Total time so far: 67328.25324225426
Frame: 1020000 Loss: 0.0053146393 Total Rewards: 17.0 Average Rewards over all frames: -5.306772908366534 Last-10 average reward: 16.8 Best mean reward of last-10: 16.8 Last-100 average reward: 13.64 Best mean reward of last-100: 13.64 Time: 0.021541118621826172 Total time so far: 68154.86282205582
Frame: 1030000 Loss: 0.005301634 Total Rewards: 20.0 Average Rewards over all frames: -5.0848126232741615 Last-10 average reward: 17.1 Best mean reward of last-10: 17.1 Last-100 average reward: 14.15 Best mean reward of last-100: 14.15 Time: 0.023065567016601562 Total time so far: 68980.39941763878
Frame: 1040000 Loss: 0.005289606 Total Rewards: 20.0 Average Rewards over all frames: -4.824561403508772 Last-10 average reward: 17.2 Best mean reward of last-10: 17.2 Last-100 average reward: 14.63 Best mean reward of last-100: 14.63 Time: 0.02007889747619629 Total time so far: 69804.99501228333
Frame: 1050000 Loss: 0.0052757873 Total Rewards: 11.0 Average Rewards over all frames: -4.61969111969112 Last-10 average reward: 17.0 Best mean reward of last-10: 17.2 Last-100 average reward: 14.89 Best mean reward of last-100: 14.89 Time: 0.019441604614257812 Total time so far: 70630.07936906815
Frame: 1060000 Loss: 0.005261802 Total Rewards: 18.0 Average Rewards over all frames: -4.411089866156788 Last-10 average reward: 16.8 Best mean reward of last-10: 17.2 Last-100 average reward: 15.14 Best mean reward of last-100: 15.14 Time: 0.02302694320678711 Total time so far: 71457.62926578522
Frame: 1070000 Loss: 0.0052469173 Total Rewards: 17.0 Average Rewards over all frames: -4.221590909090909 Last-10 average reward: 16.4 Best mean reward of last-10: 17.2 Last-100 average reward: 15.25 Best mean reward of last-100: 15.25 Time: 0.015885591506958008 Total time so far: 72282.76922655106
Frame: 1080000 Loss: 0.005231086 Total Rewards: 17.0 Average Rewards over all frames: -4.011257035647279 Last-10 average reward: 16.9 Best mean reward of last-10: 17.2 Last-100 average reward: 15.64 Best mean reward of last-100: 15.64 Time: 0.016979217529296875 Total time so far: 73107.72312426567
Frame: 1090000 Loss: 0.0052156 Total Rewards: 20.0 Average Rewards over all frames: -3.806691449814126 Last-10 average reward: 18.1 Best mean reward of last-10: 18.1 Last-100 average reward: 15.75 Best mean reward of last-100: 15.75 Time: 0.017464160919189453 Total time so far: 73935.3253557682
Frame: 1100000 Loss: 0.0052024988 Total Rewards: 17.0 Average Rewards over all frames: -3.5643382352941178 Last-10 average reward: 18.1 Best mean reward of last-10: 18.1 Last-100 average reward: 15.99 Best mean reward of last-100: 15.99 Time: 0.01803278923034668 Total time so far: 74760.92096972466
Frame: 1110000 Loss: 0.0051901033 Total Rewards: 16.0 Average Rewards over all frames: -3.3697632058287796 Last-10 average reward: 18.3 Best mean reward of last-10: 18.3 Last-100 average reward: 16.35 Best mean reward of last-100: 16.35 Time: 0.02130889892578125 Total time so far: 75647.58174347878
Frame: 1120000 Loss: 0.005177492 Total Rewards: 10.0 Average Rewards over all frames: -3.2021660649819497 Last-10 average reward: 16.5 Best mean reward of last-10: 18.3 Last-100 average reward: 16.31 Best mean reward of last-100: 16.35 Time: 0.019680023193359375 Total time so far: 76474.36392712593
Frame: 1130000 Loss: 0.0051625604 Total Rewards: 20.0 Average Rewards over all frames: -2.9732142857142856 Last-10 average reward: 16.5 Best mean reward of last-10: 18.3 Last-100 average reward: 16.51 Best mean reward of last-100: 16.51 Time: 0.017285823822021484 Total time so far: 77300.97227287292
Frame: 1140000 Loss: 0.0051467596 Total Rewards: 7.0 Average Rewards over all frames: -2.8106194690265487 Last-10 average reward: 16.9 Best mean reward of last-10: 18.3 Last-100 average reward: 16.49 Best mean reward of last-100: 16.51 Time: 0.017971515655517578 Total time so far: 78133.40234017372
Frame: 1150000 Loss: 0.005132065 Total Rewards: 17.0 Average Rewards over all frames: -2.6333333333333333 Last-10 average reward: 16.4 Best mean reward of last-10: 18.3 Last-100 average reward: 16.66 Best mean reward of last-100: 16.66 Time: 0.01659107208251953 Total time so far: 79082.12030911446
Frame: 1160000 Loss: 0.0051171323 Total Rewards: 18.0 Average Rewards over all frames: -2.4166666666666665 Last-10 average reward: 17.9 Best mean reward of last-10: 18.3 Last-100 average reward: 16.91 Best mean reward of last-100: 16.91 Time: 0.0168304443359375 Total time so far: 79892.46421647072
Frame: 1170000 Loss: 0.005102802 Total Rewards: 18.0 Average Rewards over all frames: -2.242685025817556 Last-10 average reward: 17.8 Best mean reward of last-10: 18.3 Last-100 average reward: 17.1 Best mean reward of last-100: 17.1 Time: 0.01984119415283203 Total time so far: 80695.9985191822
Frame: 1180000 Loss: 0.0050872597 Total Rewards: 17.0 Average Rewards over all frames: -2.0716723549488054 Last-10 average reward: 17.8 Best mean reward of last-10: 18.3 Last-100 average reward: 17.11 Best mean reward of last-100: 17.11 Time: 0.01725029945373535 Total time so far: 81499.2987575531
Frame: 1190000 Loss: 0.0050724456 Total Rewards: 17.0 Average Rewards over all frames: -1.8682432432432432 Last-10 average reward: 17.8 Best mean reward of last-10: 18.3 Last-100 average reward: 17.26 Best mean reward of last-100: 17.26 Time: 0.015847206115722656 Total time so far: 82302.04968881607
Frame: 1200000 Loss: 0.0050560837 Total Rewards: 19.0 Average Rewards over all frames: -1.6968174204355109 Last-10 average reward: 18.1 Best mean reward of last-10: 18.3 Last-100 average reward: 17.36 Best mean reward of last-100: 17.36 Time: 0.01811504364013672 Total time so far: 83104.88238358498
Frame: 1210000 Loss: 0.0050404286 Total Rewards: 18.0 Average Rewards over all frames: -1.5091210613598673 Last-10 average reward: 17.7 Best mean reward of last-10: 18.3 Last-100 average reward: 17.37 Best mean reward of last-100: 17.37 Time: 0.0163266658782959 Total time so far: 83975.33397078514
Frame: 1220000 Loss: 0.0050261617 Total Rewards: 17.0 Average Rewards over all frames: -1.3470394736842106 Last-10 average reward: 17.5 Best mean reward of last-10: 18.3 Last-100 average reward: 17.44 Best mean reward of last-100: 17.44 Time: 0.017753124237060547 Total time so far: 84780.29367303848
Frame: 1230000 Loss: 0.005010891 Total Rewards: 20.0 Average Rewards over all frames: -1.1498371335504887 Last-10 average reward: 18.5 Best mean reward of last-10: 18.5 Last-100 average reward: 17.54 Best mean reward of last-100: 17.54 Time: 0.015896320343017578 Total time so far: 85592.70243620872
Frame: 1240000 Loss: 0.00499651 Total Rewards: 19.0 Average Rewards over all frames: -0.9870759289176091 Last-10 average reward: 18.9 Best mean reward of last-10: 18.9 Last-100 average reward: 17.64 Best mean reward of last-100: 17.64 Time: 0.018381834030151367 Total time so far: 86411.2452018261
Frame: 1250000 Loss: 0.0049812454 Total Rewards: 20.0 Average Rewards over all frames: -0.8 Last-10 average reward: 18.8 Best mean reward of last-10: 18.9 Last-100 average reward: 17.77 Best mean reward of last-100: 17.77 Time: 0.022879362106323242 Total time so far: 87231.25734496117
Frame: 1260000 Loss: 0.004965472 Total Rewards: 20.0 Average Rewards over all frames: -0.6460317460317461 Last-10 average reward: 18.6 Best mean reward of last-10: 18.9 Last-100 average reward: 17.85 Best mean reward of last-100: 17.85 Time: 0.021371841430664062 Total time so far: 88051.41688942909
Frame: 1270000 Loss: 0.004949264 Total Rewards: 17.0 Average Rewards over all frames: -0.4748427672955975 Last-10 average reward: 18.0 Best mean reward of last-10: 18.9 Last-100 average reward: 17.85 Best mean reward of last-100: 17.85 Time: 0.020554542541503906 Total time so far: 88871.58367490768
Frame: 1280000 Loss: 0.0049322858 Total Rewards: 20.0 Average Rewards over all frames: -0.32761310452418096 Last-10 average reward: 17.9 Best mean reward of last-10: 18.9 Last-100 average reward: 17.84 Best mean reward of last-100: 17.85 Time: 0.01766228675842285 Total time so far: 89691.72152853012
Frame: 1290000 Loss: 0.0049153343 Total Rewards: 18.0 Average Rewards over all frames: -0.18111455108359134 Last-10 average reward: 18.5 Best mean reward of last-10: 18.9 Last-100 average reward: 17.85 Best mean reward of last-100: 17.85 Time: 0.01667928695678711 Total time so far: 90513.14007782936
Frame: 1300000 Loss: 0.0048988364 Total Rewards: 17.0 Average Rewards over all frames: -0.018404907975460124 Last-10 average reward: 18.0 Best mean reward of last-10: 18.9 Last-100 average reward: 17.91 Best mean reward of last-100: 17.91 Time: 0.023237228393554688 Total time so far: 91333.45243263245
Frame: 1310000 Loss: 0.004882367 Total Rewards: 18.0 Average Rewards over all frames: 0.1232876712328767 Last-10 average reward: 18.3 Best mean reward of last-10: 18.9 Last-100 average reward: 18.04 Best mean reward of last-100: 18.04 Time: 0.01911020278930664 Total time so far: 92226.07330298424
Frame: 1320000 Loss: 0.004866086 Total Rewards: 20.0 Average Rewards over all frames: 0.2628398791540785 Last-10 average reward: 18.6 Best mean reward of last-10: 18.9 Last-100 average reward: 18.03 Best mean reward of last-100: 18.04 Time: 0.019092082977294922 Total time so far: 93051.76701521873
Frame: 1330000 Loss: 0.004849813 Total Rewards: 16.0 Average Rewards over all frames: 0.4101796407185629 Last-10 average reward: 17.5 Best mean reward of last-10: 18.9 Last-100 average reward: 18.11 Best mean reward of last-100: 18.11 Time: 0.020432233810424805 Total time so far: 93872.46482157707
Frame: 1340000 Loss: 0.004833707 Total Rewards: 21.0 Average Rewards over all frames: 0.549777117384844 Last-10 average reward: 18.3 Best mean reward of last-10: 18.9 Last-100 average reward: 18.15 Best mean reward of last-100: 18.15 Time: 0.017615079879760742 Total time so far: 94691.32231092453
Frame: 1350000 Loss: 0.0048187207 Total Rewards: 16.0 Average Rewards over all frames: 0.7054491899852725 Last-10 average reward: 18.7 Best mean reward of last-10: 18.9 Last-100 average reward: 18.18 Best mean reward of last-100: 18.18 Time: 0.020760297775268555 Total time so far: 95510.43869805336
Frame: 1360000 Loss: 0.0048031975 Total Rewards: 19.0 Average Rewards over all frames: 0.8391812865497076 Last-10 average reward: 18.5 Best mean reward of last-10: 18.9 Last-100 average reward: 18.23 Best mean reward of last-100: 18.23 Time: 0.021878957748413086 Total time so far: 96329.03939080238
Frame: 1370000 Loss: 0.0047875745 Total Rewards: 17.0 Average Rewards over all frames: 0.9855072463768116 Last-10 average reward: 18.3 Best mean reward of last-10: 18.9 Last-100 average reward: 18.21 Best mean reward of last-100: 18.23 Time: 0.01995849609375 Total time so far: 97147.50827717781
Frame: 1380000 Loss: 0.004771825 Total Rewards: 18.0 Average Rewards over all frames: 1.097841726618705 Last-10 average reward: 17.1 Best mean reward of last-10: 18.9 Last-100 average reward: 18.15 Best mean reward of last-100: 18.23 Time: 0.01831960678100586 Total time so far: 97965.44977116585
Frame: 1390000 Loss: 0.00475626 Total Rewards: 19.0 Average Rewards over all frames: 1.2214285714285715 Last-10 average reward: 17.5 Best mean reward of last-10: 18.9 Last-100 average reward: 18.19 Best mean reward of last-100: 18.23 Time: 0.018355846405029297 Total time so far: 98784.88645029068
Frame: 1400000 Loss: 0.0047413446 Total Rewards: 18.0 Average Rewards over all frames: 1.3130311614730878 Last-10 average reward: 14.7 Best mean reward of last-10: 18.9 Last-100 average reward: 17.82 Best mean reward of last-100: 18.23 Time: 0.01707601547241211 Total time so far: 99604.83826708794
Frame: 1410000 Loss: 0.004726227 Total Rewards: 19.0 Average Rewards over all frames: 1.4275668073136427 Last-10 average reward: 14.4 Best mean reward of last-10: 18.9 Last-100 average reward: 17.77 Best mean reward of last-100: 18.23 Time: 0.0186612606048584 Total time so far: 100631.27794098854
Frame: 1420000 Loss: 0.004711212 Total Rewards: 18.0 Average Rewards over all frames: 1.5006993006993008 Last-10 average reward: 16.4 Best mean reward of last-10: 18.9 Last-100 average reward: 17.61 Best mean reward of last-100: 18.23 Time: 0.017666339874267578 Total time so far: 101430.41491031647
Frame: 1430000 Loss: 0.0046965173 Total Rewards: 18.0 Average Rewards over all frames: 1.5991678224687933 Last-10 average reward: 13.8 Best mean reward of last-10: 18.9 Last-100 average reward: 17.26 Best mean reward of last-100: 18.23 Time: 0.01660752296447754 Total time so far: 102228.98500657082
Frame: 1440000 Loss: 0.0046819104 Total Rewards: 20.0 Average Rewards over all frames: 1.7148760330578512 Last-10 average reward: 17.8 Best mean reward of last-10: 18.9 Last-100 average reward: 17.27 Best mean reward of last-100: 18.23 Time: 0.021679162979125977 Total time so far: 103030.11690044403
Frame: 1450000 Loss: 0.0046677883 Total Rewards: 9.0 Average Rewards over all frames: 1.8098495212038304 Last-10 average reward: 17.0 Best mean reward of last-10: 18.9 Last-100 average reward: 17.12 Best mean reward of last-100: 18.23 Time: 0.02405095100402832 Total time so far: 103836.61541509628
Frame: 1460000 Loss: 0.0046538906 Total Rewards: 17.0 Average Rewards over all frames: 1.8953804347826086 Last-10 average reward: 15.0 Best mean reward of last-10: 18.9 Last-100 average reward: 16.97 Best mean reward of last-100: 18.23 Time: 0.019468069076538086 Total time so far: 104689.48754525185
Frame: 1470000 Loss: 0.004639774 Total Rewards: 16.0 Average Rewards over all frames: 1.9946018893387314 Last-10 average reward: 15.5 Best mean reward of last-10: 18.9 Last-100 average reward: 16.88 Best mean reward of last-100: 18.23 Time: 0.019971609115600586 Total time so far: 105601.61504793167
Frame: 1480000 Loss: 0.004624085 Total Rewards: 19.0 Average Rewards over all frames: 2.1311914323962515 Last-10 average reward: 18.1 Best mean reward of last-10: 18.9 Last-100 average reward: 16.94 Best mean reward of last-100: 18.23 Time: 0.019146203994750977 Total time so far: 106527.24956655502
Frame: 1490000 Loss: 0.0046086228 Total Rewards: 16.0 Average Rewards over all frames: 2.261620185922975 Last-10 average reward: 18.7 Best mean reward of last-10: 18.9 Last-100 average reward: 16.98 Best mean reward of last-100: 18.23 Time: 0.019046783447265625 Total time so far: 107460.6090824604
Frame: 1500000 Loss: 0.004592737 Total Rewards: 18.0 Average Rewards over all frames: 2.3693931398416885 Last-10 average reward: 18.4 Best mean reward of last-10: 18.9 Last-100 average reward: 16.97 Best mean reward of last-100: 18.23 Time: 0.01752495765686035 Total time so far: 108399.40128231049
Frame: 1510000 Loss: 0.0045761783 Total Rewards: 20.0 Average Rewards over all frames: 2.488219895287958 Last-10 average reward: 17.8 Best mean reward of last-10: 18.9 Last-100 average reward: 16.97 Best mean reward of last-100: 18.23 Time: 0.01970958709716797 Total time so far: 109515.54666495323
Frame: 1520000 Loss: 0.004559773 Total Rewards: 19.0 Average Rewards over all frames: 2.5838751625487646 Last-10 average reward: 17.6 Best mean reward of last-10: 18.9 Last-100 average reward: 16.95 Best mean reward of last-100: 18.23 Time: 0.022961854934692383 Total time so far: 110440.92527580261
Frame: 1530000 Loss: 0.00454287 Total Rewards: 20.0 Average Rewards over all frames: 2.6834625322997416 Last-10 average reward: 17.6 Best mean reward of last-10: 18.9 Last-100 average reward: 16.88 Best mean reward of last-100: 18.23 Time: 0.023358583450317383 Total time so far: 111359.97444462776
Frame: 1540000 Loss: 0.004525995 Total Rewards: 11.0 Average Rewards over all frames: 2.7974358974358973 Last-10 average reward: 17.7 Best mean reward of last-10: 18.9 Last-100 average reward: 16.85 Best mean reward of last-100: 18.23 Time: 0.024025440216064453 Total time so far: 112286.00917744637
Frame: 1550000 Loss: 0.0045077926 Total Rewards: 18.0 Average Rewards over all frames: 2.8853503184713376 Last-10 average reward: 16.8 Best mean reward of last-10: 18.9 Last-100 average reward: 16.73 Best mean reward of last-100: 18.23 Time: 0.01811051368713379 Total time so far: 113152.66264009476
Frame: 1560000 Loss: 0.004490164 Total Rewards: 19.0 Average Rewards over all frames: 2.982278481012658 Last-10 average reward: 17.4 Best mean reward of last-10: 18.9 Last-100 average reward: 16.76 Best mean reward of last-100: 18.23 Time: 0.01891636848449707 Total time so far: 113975.1886973381
Frame: 1570000 Loss: 0.0044721887 Total Rewards: 19.0 Average Rewards over all frames: 3.091708542713568 Last-10 average reward: 17.8 Best mean reward of last-10: 18.9 Last-100 average reward: 16.81 Best mean reward of last-100: 18.23 Time: 0.019086122512817383 Total time so far: 114793.11595249176
Frame: 1580000 Loss: 0.004454081 Total Rewards: 18.0 Average Rewards over all frames: 3.1375 Last-10 average reward: 15.4 Best mean reward of last-10: 18.9 Last-100 average reward: 16.55 Best mean reward of last-100: 18.23 Time: 0.022473573684692383 Total time so far: 115610.25654172897
Frame: 1590000 Loss: 0.0044364226 Total Rewards: 18.0 Average Rewards over all frames: 3.2322981366459627 Last-10 average reward: 16.0 Best mean reward of last-10: 18.9 Last-100 average reward: 16.93 Best mean reward of last-100: 18.23 Time: 0.020294904708862305 Total time so far: 116428.18374967575
Frame: 1600000 Loss: 0.004418383 Total Rewards: 8.0 Average Rewards over all frames: 3.3012345679012345 Last-10 average reward: 16.4 Best mean reward of last-10: 18.9 Last-100 average reward: 16.78 Best mean reward of last-100: 18.23 Time: 0.020358562469482422 Total time so far: 117245.7370929718
Frame: 1610000 Loss: 0.0044007315 Total Rewards: 19.0 Average Rewards over all frames: 3.392156862745098 Last-10 average reward: 15.6 Best mean reward of last-10: 18.9 Last-100 average reward: 17.01 Best mean reward of last-100: 18.23 Time: 0.02105402946472168 Total time so far: 118153.19200611115
Frame: 1620000 Loss: 0.004383348 Total Rewards: 18.0 Average Rewards over all frames: 3.4713763702801463 Last-10 average reward: 15.9 Best mean reward of last-10: 18.9 Last-100 average reward: 16.97 Best mean reward of last-100: 18.23 Time: 0.02053236961364746 Total time so far: 118970.6746878624
Frame: 1630000 Loss: 0.004365634 Total Rewards: 18.0 Average Rewards over all frames: 3.556900726392252 Last-10 average reward: 17.0 Best mean reward of last-10: 18.9 Last-100 average reward: 16.93 Best mean reward of last-100: 18.23 Time: 0.017598390579223633 Total time so far: 119789.09242081642
Frame: 1640000 Loss: 0.004347597 Total Rewards: 20.0 Average Rewards over all frames: 3.647412755716005 Last-10 average reward: 18.1 Best mean reward of last-10: 18.9 Last-100 average reward: 17.08 Best mean reward of last-100: 18.23 Time: 0.017906904220581055 Total time so far: 120609.13236808777
Frame: 1650000 Loss: 0.0043297615 Total Rewards: 17.0 Average Rewards over all frames: 3.729665071770335 Last-10 average reward: 18.0 Best mean reward of last-10: 18.9 Last-100 average reward: 17.23 Best mean reward of last-100: 18.23 Time: 0.018368005752563477 Total time so far: 121524.22130322456
Frame: 1660000 Loss: 0.004312258 Total Rewards: 18.0 Average Rewards over all frames: 3.7966706302021405 Last-10 average reward: 16.2 Best mean reward of last-10: 18.9 Last-100 average reward: 17.15 Best mean reward of last-100: 18.23 Time: 0.02904343605041504 Total time so far: 123607.00373482704
Frame: 1670000 Loss: 0.004294674 Total Rewards: 18.0 Average Rewards over all frames: 3.8996458087367176 Last-10 average reward: 17.2 Best mean reward of last-10: 18.9 Last-100 average reward: 17.11 Best mean reward of last-100: 18.23 Time: 0.01787257194519043 Total time so far: 124434.46094179153
Frame: 1680000 Loss: 0.004276785 Total Rewards: 18.0 Average Rewards over all frames: 3.973004694835681 Last-10 average reward: 17.3 Best mean reward of last-10: 18.9 Last-100 average reward: 16.98 Best mean reward of last-100: 18.23 Time: 0.01717352867126465 Total time so far: 125255.48023343086
Frame: 1690000 Loss: 0.0042591006 Total Rewards: 19.0 Average Rewards over all frames: 4.076923076923077 Last-10 average reward: 17.6 Best mean reward of last-10: 18.9 Last-100 average reward: 17.02 Best mean reward of last-100: 18.23 Time: 0.021728992462158203 Total time so far: 126114.27366161346
Frame: 1700000 Loss: 0.00424227 Total Rewards: 19.0 Average Rewards over all frames: 4.117033603707996 Last-10 average reward: 15.1 Best mean reward of last-10: 18.9 Last-100 average reward: 16.72 Best mean reward of last-100: 18.23 Time: 0.019982337951660156 Total time so far: 127033.95891952515
Frame: 1710000 Loss: 0.004225437 Total Rewards: 16.0 Average Rewards over all frames: 4.214039125431531 Last-10 average reward: 14.6 Best mean reward of last-10: 18.9 Last-100 average reward: 16.75 Best mean reward of last-100: 18.23 Time: 0.018291473388671875 Total time so far: 128077.75909018517
Frame: 1720000 Loss: 0.0042084823 Total Rewards: 16.0 Average Rewards over all frames: 4.288329519450801 Last-10 average reward: 17.7 Best mean reward of last-10: 18.9 Last-100 average reward: 16.71 Best mean reward of last-100: 18.23 Time: 0.022240877151489258 Total time so far: 129038.44461727142
Frame: 1730000 Loss: 0.004191235 Total Rewards: 20.0 Average Rewards over all frames: 4.390909090909091 Last-10 average reward: 18.5 Best mean reward of last-10: 18.9 Last-100 average reward: 16.82 Best mean reward of last-100: 18.23 Time: 0.018346309661865234 Total time so far: 130011.20280313492
Frame: 1740000 Loss: 0.004173764 Total Rewards: 17.0 Average Rewards over all frames: 4.488713318284424 Last-10 average reward: 19.1 Best mean reward of last-10: 19.1 Last-100 average reward: 16.94 Best mean reward of last-100: 18.23 Time: 0.02231454849243164 Total time so far: 130977.47018551826
Frame: 1750000 Loss: 0.0041566063 Total Rewards: 11.0 Average Rewards over all frames: 4.560044893378227 Last-10 average reward: 17.9 Best mean reward of last-10: 19.1 Last-100 average reward: 16.9 Best mean reward of last-100: 18.23 Time: 0.020856618881225586 Total time so far: 131914.4645628929
Frame: 1760000 Loss: 0.0041400283 Total Rewards: -1.0 Average Rewards over all frames: 4.593088071348941 Last-10 average reward: 12.4 Best mean reward of last-10: 19.1 Last-100 average reward: 16.6 Best mean reward of last-100: 18.23 Time: 0.01799464225769043 Total time so far: 132855.05877017975
Frame: 1770000 Loss: 0.0041234507 Total Rewards: 16.0 Average Rewards over all frames: 4.659645232815964 Last-10 average reward: 12.1 Best mean reward of last-10: 19.1 Last-100 average reward: 16.59 Best mean reward of last-100: 18.23 Time: 0.022474050521850586 Total time so far: 133803.38457989693
Frame: 1780000 Loss: 0.004107161 Total Rewards: 14.0 Average Rewards over all frames: 4.730981256890849 Last-10 average reward: 17.1 Best mean reward of last-10: 19.1 Last-100 average reward: 16.61 Best mean reward of last-100: 18.23 Time: 0.022377967834472656 Total time so far: 134761.1247367859
Frame: 1790000 Loss: 0.004091059 Total Rewards: 18.0 Average Rewards over all frames: 4.782894736842105 Last-10 average reward: 15.9 Best mean reward of last-10: 19.1 Last-100 average reward: 16.53 Best mean reward of last-100: 18.23 Time: 0.01993417739868164 Total time so far: 135724.34094786644
Frame: 1800000 Loss: 0.0040753465 Total Rewards: 20.0 Average Rewards over all frames: 4.8113413304253 Last-10 average reward: 12.1 Best mean reward of last-10: 19.1 Last-100 average reward: 16.27 Best mean reward of last-100: 18.23 Time: 0.021152496337890625 Total time so far: 136696.56027078629
Frame: 1810000 Loss: 0.004059796 Total Rewards: -21.0 Average Rewards over all frames: 4.85590465872156 Last-10 average reward: 13.7 Best mean reward of last-10: 19.1 Last-100 average reward: 15.98 Best mean reward of last-100: 18.23 Time: 0.017055034637451172 Total time so far: 137784.8823506832
Frame: 1820000 Loss: 0.0040444 Total Rewards: 18.0 Average Rewards over all frames: 4.889008620689655 Last-10 average reward: 10.8 Best mean reward of last-10: 19.1 Last-100 average reward: 15.64 Best mean reward of last-100: 18.23 Time: 0.020664691925048828 Total time so far: 138771.92307066917
Frame: 1830000 Loss: 0.004028846 Total Rewards: 10.0 Average Rewards over all frames: 4.961456102783726 Last-10 average reward: 13.5 Best mean reward of last-10: 19.1 Last-100 average reward: 15.49 Best mean reward of last-100: 18.23 Time: 0.020023107528686523 Total time so far: 139721.09849381447
Frame: 1840000 Loss: 0.0040130564 Total Rewards: 10.0 Average Rewards over all frames: 5.021299254526092 Last-10 average reward: 16.2 Best mean reward of last-10: 19.1 Last-100 average reward: 15.57 Best mean reward of last-100: 18.23 Time: 0.019475460052490234 Total time so far: 140608.9144639969
Frame: 1850000 Loss: 0.0039976346 Total Rewards: 16.0 Average Rewards over all frames: 5.0900423728813555 Last-10 average reward: 17.1 Best mean reward of last-10: 19.1 Last-100 average reward: 15.58 Best mean reward of last-100: 18.23 Time: 0.022806882858276367 Total time so far: 141471.9456243515
Frame: 1860000 Loss: 0.003982854 Total Rewards: 19.0 Average Rewards over all frames: 5.131717597471022 Last-10 average reward: 15.5 Best mean reward of last-10: 19.1 Last-100 average reward: 15.32 Best mean reward of last-100: 18.23 Time: 0.020203351974487305 Total time so far: 142338.05557894707
Frame: 1870000 Loss: 0.003968074 Total Rewards: 17.0 Average Rewards over all frames: 5.19916142557652 Last-10 average reward: 15.5 Best mean reward of last-10: 19.1 Last-100 average reward: 15.39 Best mean reward of last-100: 18.23 Time: 0.038277626037597656 Total time so far: 156808.3858847618
Frame: 1880000 Loss: 0.0039539626 Total Rewards: 20.0 Average Rewards over all frames: 5.258333333333334 Last-10 average reward: 16.1 Best mean reward of last-10: 19.1 Last-100 average reward: 15.14 Best mean reward of last-100: 18.23 Time: 0.02324223518371582 Total time so far: 157674.87620162964
Frame: 1890000 Loss: 0.0039394395 Total Rewards: 18.0 Average Rewards over all frames: 5.322279792746114 Last-10 average reward: 17.7 Best mean reward of last-10: 19.1 Last-100 average reward: 15.48 Best mean reward of last-100: 18.23 Time: 0.02143549919128418 Total time so far: 158512.15070176125
Frame: 1900000 Loss: 0.0039251484 Total Rewards: 15.0 Average Rewards over all frames: 5.397528321318228 Last-10 average reward: 17.3 Best mean reward of last-10: 19.1 Last-100 average reward: 15.43 Best mean reward of last-100: 18.23 Time: 0.02267599105834961 Total time so far: 159344.6126101017
Frame: 1910000 Loss: 0.0039106654 Total Rewards: 18.0 Average Rewards over all frames: 5.450819672131147 Last-10 average reward: 16.6 Best mean reward of last-10: 19.1 Last-100 average reward: 15.34 Best mean reward of last-100: 18.23 Time: 0.01933455467224121 Total time so far: 160294.32779836655
Frame: 1920000 Loss: 0.0038965675 Total Rewards: 12.0 Average Rewards over all frames: 5.448979591836735 Last-10 average reward: 11.4 Best mean reward of last-10: 19.1 Last-100 average reward: 14.76 Best mean reward of last-100: 18.23 Time: 0.02329707145690918 Total time so far: 161129.91559910774
Frame: 1930000 Loss: 0.0038824878 Total Rewards: 18.0 Average Rewards over all frames: 5.482233502538071 Last-10 average reward: 9.8 Best mean reward of last-10: 19.1 Last-100 average reward: 14.4 Best mean reward of last-100: 18.23 Time: 0.016564607620239258 Total time so far: 161965.8803076744
Frame: 1940000 Loss: 0.0038689857 Total Rewards: 19.0 Average Rewards over all frames: 5.5212121212121215 Last-10 average reward: 12.6 Best mean reward of last-10: 19.1 Last-100 average reward: 14.14 Best mean reward of last-100: 18.23 Time: 0.01670074462890625 Total time so far: 162800.70417308807
Frame: 1950000 Loss: 0.0038559583 Total Rewards: 19.0 Average Rewards over all frames: 5.579899497487437 Last-10 average reward: 15.2 Best mean reward of last-10: 19.1 Last-100 average reward: 14.51 Best mean reward of last-100: 18.23 Time: 0.022701740264892578 Total time so far: 163636.53001618385
Frame: 1960000 Loss: 0.003843083 Total Rewards: 11.0 Average Rewards over all frames: 5.637 Last-10 average reward: 17.1 Best mean reward of last-10: 19.1 Last-100 average reward: 14.61 Best mean reward of last-100: 18.23 Time: 0.08148479461669922 Total time so far: 169899.04164266586
Frame: 1970000 Loss: 0.0038300678 Total Rewards: 12.0 Average Rewards over all frames: 5.691542288557214 Last-10 average reward: 16.8 Best mean reward of last-10: 19.1 Last-100 average reward: 14.62 Best mean reward of last-100: 18.23 Time: 0.01889324188232422 Total time so far: 171161.50272274017
Frame: 1980000 Loss: 0.0038172216 Total Rewards: 18.0 Average Rewards over all frames: 5.750741839762611 Last-10 average reward: 15.8 Best mean reward of last-10: 19.1 Last-100 average reward: 14.7 Best mean reward of last-100: 18.23 Time: 0.014887571334838867 Total time so far: 171956.61940956116
Frame: 1990000 Loss: 0.003804222 Total Rewards: 18.0 Average Rewards over all frames: 5.80511811023622 Last-10 average reward: 16.3 Best mean reward of last-10: 19.1 Last-100 average reward: 15.06 Best mean reward of last-100: 18.23 Time: 0.02032184600830078 Total time so far: 172750.13459563255
Frame: 2000000 Loss: 0.0037914463 Total Rewards: 18.0 Average Rewards over all frames: 5.862879529872674 Last-10 average reward: 17.2 Best mean reward of last-10: 19.1 Last-100 average reward: 15.03 Best mean reward of last-100: 18.23 Time: 0.017780303955078125 Total time so far: 173550.8189177513
Frame: 2010000 Loss: 0.0037790872 Total Rewards: 17.0 Average Rewards over all frames: 5.920077972709552 Last-10 average reward: 17.6 Best mean reward of last-10: 19.1 Last-100 average reward: 15.72 Best mean reward of last-100: 18.23 Time: 0.018677473068237305 Total time so far: 174570.1326625347
Frame: 2020000 Loss: 0.0037668843 Total Rewards: 20.0 Average Rewards over all frames: 5.99031007751938 Last-10 average reward: 17.7 Best mean reward of last-10: 19.1 Last-100 average reward: 15.77 Best mean reward of last-100: 18.23 Time: 0.02025127410888672 Total time so far: 175373.64002227783
Frame: 2030000 Loss: 0.0037546642 Total Rewards: 18.0 Average Rewards over all frames: 6.044358727097396 Last-10 average reward: 17.6 Best mean reward of last-10: 19.1 Last-100 average reward: 15.8 Best mean reward of last-100: 18.23 Time: 0.015941381454467773 Total time so far: 176177.95622444153
Frame: 2040000 Loss: 0.003742542 Total Rewards: 19.0 Average Rewards over all frames: 6.114093959731544 Last-10 average reward: 17.6 Best mean reward of last-10: 19.1 Last-100 average reward: 15.88 Best mean reward of last-100: 18.23 Time: 0.021243572235107422 Total time so far: 176982.24935865402
Frame: 2050000 Loss: 0.0037306487 Total Rewards: 18.0 Average Rewards over all frames: 6.116412213740458 Last-10 average reward: 12.5 Best mean reward of last-10: 19.1 Last-100 average reward: 15.59 Best mean reward of last-100: 18.23 Time: 0.01569390296936035 Total time so far: 177883.96560359
Frame: 2060000 Loss: 0.00371911 Total Rewards: 11.0 Average Rewards over all frames: 6.153846153846154 Last-10 average reward: 10.3 Best mean reward of last-10: 19.1 Last-100 average reward: 15.37 Best mean reward of last-100: 18.23 Time: 0.017739057540893555 Total time so far: 178688.52492547035
Frame: 2070000 Loss: 0.0037077132 Total Rewards: 18.0 Average Rewards over all frames: 6.206994328922495 Last-10 average reward: 15.7 Best mean reward of last-10: 19.1 Last-100 average reward: 15.59 Best mean reward of last-100: 18.23 Time: 0.019267797470092773 Total time so far: 179493.52649497986
Frame: 2080000 Loss: 0.0036962586 Total Rewards: 17.0 Average Rewards over all frames: 6.25964252116651 Last-10 average reward: 17.4 Best mean reward of last-10: 19.1 Last-100 average reward: 15.55 Best mean reward of last-100: 18.23 Time: 0.015535116195678711 Total time so far: 180298.27094101906
Frame: 2090000 Loss: 0.0036850437 Total Rewards: 20.0 Average Rewards over all frames: 6.333956969130028 Last-10 average reward: 18.6 Best mean reward of last-10: 19.1 Last-100 average reward: 15.64 Best mean reward of last-100: 18.23 Time: 0.02156662940979004 Total time so far: 181104.16920113564
Frame: 2100000 Loss: 0.0036738378 Total Rewards: 19.0 Average Rewards over all frames: 6.3919925512104285 Last-10 average reward: 19.4 Best mean reward of last-10: 19.4 Last-100 average reward: 15.8 Best mean reward of last-100: 18.23 Time: 0.019060850143432617 Total time so far: 181908.62688159943
Frame: 2110000 Loss: 0.0036626526 Total Rewards: 13.0 Average Rewards over all frames: 6.446296296296296 Last-10 average reward: 17.1 Best mean reward of last-10: 19.4 Last-100 average reward: 16.22 Best mean reward of last-100: 18.23 Time: 0.01952648162841797 Total time so far: 182833.06953763962
Frame: 2120000 Loss: 0.003651381 Total Rewards: 19.0 Average Rewards over all frames: 6.486635944700461 Last-10 average reward: 16.6 Best mean reward of last-10: 19.4 Last-100 average reward: 16.38 Best mean reward of last-100: 18.23 Time: 0.022356271743774414 Total time so far: 183636.19461774826
Frame: 2130000 Loss: 0.0036409993 Total Rewards: 12.0 Average Rewards over all frames: 6.519742883379247 Last-10 average reward: 15.1 Best mean reward of last-10: 19.4 Last-100 average reward: 16.53 Best mean reward of last-100: 18.23 Time: 0.01668095588684082 Total time so far: 184441.16087794304
Frame: 2140000 Loss: 0.003630797 Total Rewards: 17.0 Average Rewards over all frames: 6.543875685557587 Last-10 average reward: 14.0 Best mean reward of last-10: 19.4 Last-100 average reward: 16.26 Best mean reward of last-100: 18.23 Time: 0.017012357711791992 Total time so far: 185246.58195662498
Frame: 2150000 Loss: 0.0036204404 Total Rewards: 18.0 Average Rewards over all frames: 6.569608735213831 Last-10 average reward: 12.0 Best mean reward of last-10: 19.4 Last-100 average reward: 15.94 Best mean reward of last-100: 18.23 Time: 0.02107691764831543 Total time so far: 186064.72705483437
Frame: 2160000 Loss: 0.0036101595 Total Rewards: 13.0 Average Rewards over all frames: 6.601449275362318 Last-10 average reward: 12.9 Best mean reward of last-10: 19.4 Last-100 average reward: 15.8 Best mean reward of last-100: 18.23 Time: 0.03843569755554199 Total time so far: 188722.98319458961
Frame: 2170000 Loss: 0.0036005578 Total Rewards: 19.0 Average Rewards over all frames: 6.6501352569882775 Last-10 average reward: 15.5 Best mean reward of last-10: 19.4 Last-100 average reward: 15.97 Best mean reward of last-100: 18.23 Time: 0.021720409393310547 Total time so far: 189535.0053343773
Frame: 2180000 Loss: 0.0035913482 Total Rewards: 17.0 Average Rewards over all frames: 6.663072776280323 Last-10 average reward: 14.1 Best mean reward of last-10: 19.4 Last-100 average reward: 15.75 Best mean reward of last-100: 18.23 Time: 0.020360946655273438 Total time so far: 190340.48702669144
Frame: 2190000 Loss: 0.0035820452 Total Rewards: 17.0 Average Rewards over all frames: 6.722966934763181 Last-10 average reward: 14.8 Best mean reward of last-10: 19.4 Last-100 average reward: 15.73 Best mean reward of last-100: 18.23 Time: 0.01571965217590332 Total time so far: 191145.45697140694
Frame: 2200000 Loss: 0.003572657 Total Rewards: 10.0 Average Rewards over all frames: 6.766903914590747 Last-10 average reward: 17.2 Best mean reward of last-10: 19.4 Last-100 average reward: 15.66 Best mean reward of last-100: 18.23 Time: 0.016751766204833984 Total time so far: 191951.1889448166
Frame: 2210000 Loss: 0.0035638108 Total Rewards: 18.0 Average Rewards over all frames: 6.826548672566371 Last-10 average reward: 17.1 Best mean reward of last-10: 19.4 Last-100 average reward: 15.7 Best mean reward of last-100: 18.23 Time: 0.01613473892211914 Total time so far: 192880.18016195297
Frame: 2220000 Loss: 0.0035551442 Total Rewards: 16.0 Average Rewards over all frames: 6.875770925110132 Last-10 average reward: 18.0 Best mean reward of last-10: 19.4 Last-100 average reward: 15.74 Best mean reward of last-100: 18.23 Time: 0.020664453506469727 Total time so far: 193685.31047081947
Frame: 2230000 Loss: 0.0035472955 Total Rewards: 18.0 Average Rewards over all frames: 6.914035087719299 Last-10 average reward: 16.8 Best mean reward of last-10: 19.4 Last-100 average reward: 15.59 Best mean reward of last-100: 18.23 Time: 0.020198822021484375 Total time so far: 194490.05424714088
Frame: 2240000 Loss: 0.0035399615 Total Rewards: -1.0 Average Rewards over all frames: 6.937117903930131 Last-10 average reward: 13.9 Best mean reward of last-10: 19.4 Last-100 average reward: 15.57 Best mean reward of last-100: 18.23 Time: 0.01563286781311035 Total time so far: 195294.8532562256
Frame: 2250000 Loss: 0.0035324455 Total Rewards: 10.0 Average Rewards over all frames: 6.974782608695652 Last-10 average reward: 13.9 Best mean reward of last-10: 19.4 Last-100 average reward: 15.76 Best mean reward of last-100: 18.23 Time: 0.02001786231994629 Total time so far: 196099.4075639248
Frame: 2260000 Loss: 0.003524851 Total Rewards: 17.0 Average Rewards over all frames: 7.012987012987013 Last-10 average reward: 15.7 Best mean reward of last-10: 19.4 Last-100 average reward: 15.82 Best mean reward of last-100: 18.23 Time: 0.017583847045898438 Total time so far: 196904.2258861065
Frame: 2270000 Loss: 0.0035173479 Total Rewards: 19.0 Average Rewards over all frames: 7.020689655172414 Last-10 average reward: 12.3 Best mean reward of last-10: 19.4 Last-100 average reward: 15.39 Best mean reward of last-100: 18.23 Time: 0.022961139678955078 Total time so far: 197707.33931803703
Frame: 2280000 Loss: 0.0035101138 Total Rewards: 18.0 Average Rewards over all frames: 7.037800687285223 Last-10 average reward: 10.9 Best mean reward of last-10: 19.4 Last-100 average reward: 15.21 Best mean reward of last-100: 18.23 Time: 0.019478559494018555 Total time so far: 198510.74329519272
Frame: 2290000 Loss: 0.0035030884 Total Rewards: 19.0 Average Rewards over all frames: 7.035042735042735 Last-10 average reward: 8.7 Best mean reward of last-10: 19.4 Last-100 average reward: 14.4 Best mean reward of last-100: 18.23 Time: 0.017665624618530273 Total time so far: 199313.78724217415
Frame: 2300000 Loss: 0.0034964997 Total Rewards: 18.0 Average Rewards over all frames: 7.065531914893617 Last-10 average reward: 10.3 Best mean reward of last-10: 19.4 Last-100 average reward: 14.3 Best mean reward of last-100: 18.23 Time: 0.015320777893066406 Total time so far: 200118.5138142109
Frame: 2310000 Loss: 0.0034901022 Total Rewards: 15.0 Average Rewards over all frames: 7.1084745762711865 Last-10 average reward: 15.7 Best mean reward of last-10: 19.4 Last-100 average reward: 14.26 Best mean reward of last-100: 18.23 Time: 0.01862311363220215 Total time so far: 201053.05889248848
Frame: 2320000 Loss: 0.0034838147 Total Rewards: 18.0 Average Rewards over all frames: 7.133333333333334 Last-10 average reward: 15.1 Best mean reward of last-10: 19.4 Last-100 average reward: 14.15 Best mean reward of last-100: 18.23 Time: 0.01765727996826172 Total time so far: 201855.5014848709
Frame: 2330000 Loss: 0.0034775047 Total Rewards: 8.0 Average Rewards over all frames: 7.1571428571428575 Last-10 average reward: 12.9 Best mean reward of last-10: 19.4 Last-100 average reward: 14.05 Best mean reward of last-100: 18.23 Time: 0.018186330795288086 Total time so far: 202657.88109397888
Frame: 2340000 Loss: 0.0034715966 Total Rewards: 17.0 Average Rewards over all frames: 7.200836820083682 Last-10 average reward: 15.2 Best mean reward of last-10: 19.4 Last-100 average reward: 14.48 Best mean reward of last-100: 18.23 Time: 0.01921987533569336 Total time so far: 203460.59358644485
Frame: 2350000 Loss: 0.003466118 Total Rewards: 17.0 Average Rewards over all frames: 7.24 Last-10 average reward: 17.1 Best mean reward of last-10: 19.4 Last-100 average reward: 14.51 Best mean reward of last-100: 18.23 Time: 0.020718097686767578 Total time so far: 204742.9314506054
Frame: 2360000 Loss: 0.0034616091 Total Rewards: 19.0 Average Rewards over all frames: 7.2545605306799334 Last-10 average reward: 12.5 Best mean reward of last-10: 19.4 Last-100 average reward: 14.28 Best mean reward of last-100: 18.23 Time: 0.023232221603393555 Total time so far: 206305.08311748505
Frame: 2370000 Loss: 0.0034567842 Total Rewards: 18.0 Average Rewards over all frames: 7.293971924029727 Last-10 average reward: 13.3 Best mean reward of last-10: 19.4 Last-100 average reward: 14.43 Best mean reward of last-100: 18.23 Time: 0.026189804077148438 Total time so far: 207881.10123872757
Frame: 2380000 Loss: 0.0034517045 Total Rewards: 17.0 Average Rewards over all frames: 7.31440329218107 Last-10 average reward: 15.7 Best mean reward of last-10: 19.4 Last-100 average reward: 14.34 Best mean reward of last-100: 18.23 Time: 0.02752995491027832 Total time so far: 212057.23304367065
Frame: 2390000 Loss: 0.0034468316 Total Rewards: 20.0 Average Rewards over all frames: 7.335245901639344 Last-10 average reward: 13.4 Best mean reward of last-10: 19.4 Last-100 average reward: 14.06 Best mean reward of last-100: 18.23 Time: 0.02042078971862793 Total time so far: 213615.82477283478
Frame: 2400000 Loss: 0.003442022 Total Rewards: 17.0 Average Rewards over all frames: 7.373877551020408 Last-10 average reward: 14.6 Best mean reward of last-10: 19.4 Last-100 average reward: 14.09 Best mean reward of last-100: 18.23 Time: 0.016233444213867188 Total time so far: 215172.9059357643
Frame: 2410000 Loss: 0.0034375002 Total Rewards: 17.0 Average Rewards over all frames: 7.404065040650407 Last-10 average reward: 15.8 Best mean reward of last-10: 19.4 Last-100 average reward: 13.93 Best mean reward of last-100: 18.23 Time: 0.021834373474121094 Total time so far: 216901.69155049324
Frame: 2420000 Loss: 0.0034331717 Total Rewards: 17.0 Average Rewards over all frames: 7.442105263157894 Last-10 average reward: 15.8 Best mean reward of last-10: 19.4 Last-100 average reward: 13.87 Best mean reward of last-100: 18.23 Time: 0.023657798767089844 Total time so far: 218459.7296936512
Frame: 2430000 Loss: 0.003427918 Total Rewards: 10.0 Average Rewards over all frames: 7.489121676067687 Last-10 average reward: 17.2 Best mean reward of last-10: 19.4 Last-100 average reward: 13.94 Best mean reward of last-100: 18.23 Time: 0.030924558639526367 Total time so far: 219944.3858397007
Frame: 2440000 Loss: 0.0034235397 Total Rewards: 18.0 Average Rewards over all frames: 7.518875502008032 Last-10 average reward: 17.0 Best mean reward of last-10: 19.4 Last-100 average reward: 14.18 Best mean reward of last-100: 18.23 Time: 0.03947329521179199 Total time so far: 221477.66894364357
Frame: 2450000 Loss: 0.0034197771 Total Rewards: 16.0 Average Rewards over all frames: 7.5384 Last-10 average reward: 13.9 Best mean reward of last-10: 19.4 Last-100 average reward: 14.02 Best mean reward of last-100: 18.23 Time: 0.02643585205078125 Total time so far: 223007.38960027695
Frame: 2460000 Loss: 0.0034165361 Total Rewards: 17.0 Average Rewards over all frames: 7.582470119521912 Last-10 average reward: 15.5 Best mean reward of last-10: 19.4 Last-100 average reward: 14.16 Best mean reward of last-100: 18.23 Time: 0.01987600326538086 Total time so far: 223843.5581152439
Frame: 2470000 Loss: 0.0034143238 Total Rewards: 16.0 Average Rewards over all frames: 7.608247422680412 Last-10 average reward: 15.3 Best mean reward of last-10: 19.4 Last-100 average reward: 14.52 Best mean reward of last-100: 18.23 Time: 0.021229267120361328 Total time so far: 224677.21201252937
Frame: 2480000 Loss: 0.0034125699 Total Rewards: -12.0 Average Rewards over all frames: 7.588142292490119 Last-10 average reward: 8.3 Best mean reward of last-10: 19.4 Last-100 average reward: 14.0 Best mean reward of last-100: 18.23 Time: 0.015436410903930664 Total time so far: 225492.82548379898
Frame: 2490000 Loss: 0.0034127291 Total Rewards: 16.0 Average Rewards over all frames: 7.554681353265146 Last-10 average reward: 0.8 Best mean reward of last-10: 19.4 Last-100 average reward: 13.53 Best mean reward of last-100: 18.23 Time: 0.01762080192565918 Total time so far: 226295.13920211792
Frame: 2500000 Loss: 0.0034136728 Total Rewards: -19.0 Average Rewards over all frames: 7.552507836990595 Last-10 average reward: 5.3 Best mean reward of last-10: 19.4 Last-100 average reward: 13.18 Best mean reward of last-100: 18.23 Time: 0.015903472900390625 Total time so far: 227098.96323752403
Frame: 2510000 Loss: 0.003415967 Total Rewards: 16.0 Average Rewards over all frames: 7.53864168618267 Last-10 average reward: 5.5 Best mean reward of last-10: 19.4 Last-100 average reward: 12.51 Best mean reward of last-100: 18.23 Time: 0.020885467529296875 Total time so far: 228187.4418721199
Frame: 2520000 Loss: 0.0034195357 Total Rewards: 18.0 Average Rewards over all frames: 7.539657853810264 Last-10 average reward: 5.9 Best mean reward of last-10: 19.4 Last-100 average reward: 12.26 Best mean reward of last-100: 18.23 Time: 0.017046213150024414 Total time so far: 228995.0865638256
Frame: 2530000 Loss: 0.0034233006 Total Rewards: -1.0 Average Rewards over all frames: 7.54031007751938 Last-10 average reward: 8.6 Best mean reward of last-10: 19.4 Last-100 average reward: 12.1 Best mean reward of last-100: 18.23 Time: 0.03340458869934082 Total time so far: 232516.1276705265
Frame: 2540000 Loss: 0.0034285518 Total Rewards: -9.0 Average Rewards over all frames: 7.501930501930502 Last-10 average reward: 3.7 Best mean reward of last-10: 19.4 Last-100 average reward: 11.1 Best mean reward of last-100: 18.23 Time: 0.01615118980407715 Total time so far: 233423.07009220123
Frame: 2550000 Loss: 0.0034337281 Total Rewards: -1.0 Average Rewards over all frames: 7.49 Last-10 average reward: 1.0 Best mean reward of last-10: 19.4 Last-100 average reward: 10.49 Best mean reward of last-100: 18.23 Time: 0.0158538818359375 Total time so far: 234227.13423228264
Frame: 2560000 Loss: 0.0034394108 Total Rewards: -5.0 Average Rewards over all frames: 7.451687116564417 Last-10 average reward: -0.7 Best mean reward of last-10: 19.4 Last-100 average reward: 10.06 Best mean reward of last-100: 18.23 Time: 0.01606583595275879 Total time so far: 235029.40889549255
Frame: 2570000 Loss: 0.003447027 Total Rewards: -18.0 Average Rewards over all frames: 7.39266615737204 Last-10 average reward: -6.1 Best mean reward of last-10: 19.4 Last-100 average reward: 8.8 Best mean reward of last-100: 18.23 Time: 0.020908117294311523 Total time so far: 235832.0429763794
Frame: 2580000 Loss: 0.003457061 Total Rewards: -19.0 Average Rewards over all frames: 7.31787072243346 Last-10 average reward: -9.3 Best mean reward of last-10: 19.4 Last-100 average reward: 7.36 Best mean reward of last-100: 18.23 Time: 0.0207366943359375 Total time so far: 236634.61848211288
Frame: 2590000 Loss: 0.0034666243 Total Rewards: 16.0 Average Rewards over all frames: 7.295454545454546 Last-10 average reward: -2.8 Best mean reward of last-10: 19.4 Last-100 average reward: 6.81 Best mean reward of last-100: 18.23 Time: 0.021347522735595703 Total time so far: 237437.2768521309
Frame: 2600000 Loss: 0.0034758379 Total Rewards: -20.0 Average Rewards over all frames: 7.16039156626506 Last-10 average reward: -11.1 Best mean reward of last-10: 19.4 Last-100 average reward: 4.39 Best mean reward of last-100: 18.23 Time: 0.018851280212402344 Total time so far: 238240.32890367508
Frame: 2610000 Loss: 0.003484542 Total Rewards: -14.0 Average Rewards over all frames: 7.1410352588147035 Last-10 average reward: -6.0 Best mean reward of last-10: 19.4 Last-100 average reward: 3.64 Best mean reward of last-100: 18.23 Time: 0.01914834976196289 Total time so far: 239191.5340306759
Frame: 2620000 Loss: 0.0034938708 Total Rewards: -20.0 Average Rewards over all frames: 7.032835820895523 Last-10 average reward: -12.2 Best mean reward of last-10: 19.4 Last-100 average reward: 1.4 Best mean reward of last-100: 18.23 Time: 0.021087169647216797 Total time so far: 239994.83700418472
Frame: 2630000 Loss: 0.0035044586 Total Rewards: -21.0 Average Rewards over all frames: 6.871015567086731 Last-10 average reward: -17.5 Best mean reward of last-10: 19.4 Last-100 average reward: -1.38 Best mean reward of last-100: 18.23 Time: 0.021903276443481445 Total time so far: 240798.60098862648
Frame: 2640000 Loss: 0.0035166165 Total Rewards: -11.0 Average Rewards over all frames: 6.785977859778598 Last-10 average reward: -13.3 Best mean reward of last-10: 19.4 Last-100 average reward: -3.21 Best mean reward of last-100: 18.23 Time: 0.016934871673583984 Total time so far: 241601.2090394497
Frame: 2650000 Loss: 0.0035269393 Total Rewards: -20.0 Average Rewards over all frames: 6.622434017595308 Last-10 average reward: -17.3 Best mean reward of last-10: 19.4 Last-100 average reward: -5.78 Best mean reward of last-100: 18.23 Time: 0.020198345184326172 Total time so far: 242404.8991086483
Frame: 2660000 Loss: 0.0035370938 Total Rewards: -1.0 Average Rewards over all frames: 6.527007299270073 Last-10 average reward: -15.7 Best mean reward of last-10: 19.4 Last-100 average reward: -6.44 Best mean reward of last-100: 18.23 Time: 0.01895308494567871 Total time so far: 243208.5844182968
Frame: 2670000 Loss: 0.0035447516 Total Rewards: -9.0 Average Rewards over all frames: 6.476017441860465 Last-10 average reward: -8.3 Best mean reward of last-10: 19.4 Last-100 average reward: -7.26 Best mean reward of last-100: 18.23 Time: 0.02004098892211914 Total time so far: 244013.08965873718
Frame: 2680000 Loss: 0.0035510203 Total Rewards: -5.0 Average Rewards over all frames: 6.414192614047791 Last-10 average reward: -9.4 Best mean reward of last-10: 19.4 Last-100 average reward: -7.99 Best mean reward of last-100: 18.23 Time: 0.015236854553222656 Total time so far: 244818.1592798233
Frame: 2690000 Loss: 0.0035587568 Total Rewards: -19.0 Average Rewards over all frames: 6.311239193083574 Last-10 average reward: -13.6 Best mean reward of last-10: 19.4 Last-100 average reward: -9.66 Best mean reward of last-100: 18.23 Time: 0.018034696578979492 Total time so far: 245622.73907208443
Frame: 2700000 Loss: 0.0035650865 Total Rewards: 12.0 Average Rewards over all frames: 6.302659956865564 Last-10 average reward: -9.1 Best mean reward of last-10: 19.4 Last-100 average reward: -9.77 Best mean reward of last-100: 18.23 Time: 0.020763635635375977 Total time so far: 246428.4000313282
Frame: 2710000 Loss: 0.0035706363 Total Rewards: -2.0 Average Rewards over all frames: 6.235504652827488 Last-10 average reward: -6.8 Best mean reward of last-10: 19.4 Last-100 average reward: -10.0 Best mean reward of last-100: 18.23 Time: 0.021502256393432617 Total time so far: 247389.44047904015
Frame: 2720000 Loss: 0.0035743813 Total Rewards: 18.0 Average Rewards over all frames: 6.228958630527817 Last-10 average reward: -3.3 Best mean reward of last-10: 19.4 Last-100 average reward: -10.04 Best mean reward of last-100: 18.23 Time: 0.021427392959594727 Total time so far: 248195.92677021027
Frame: 2730000 Loss: 0.0035773679 Total Rewards: 14.0 Average Rewards over all frames: 6.1796875 Last-10 average reward: -2.8 Best mean reward of last-10: 19.4 Last-100 average reward: -9.94 Best mean reward of last-100: 18.23 Time: 0.015244007110595703 Total time so far: 249003.98543286324
Frame: 2740000 Loss: 0.0035796524 Total Rewards: -20.0 Average Rewards over all frames: 6.134370579915134 Last-10 average reward: -4.7 Best mean reward of last-10: 19.4 Last-100 average reward: -9.68 Best mean reward of last-100: 18.23 Time: 0.01824784278869629 Total time so far: 249811.65938711166
Frame: 2750000 Loss: 0.0035806801 Total Rewards: 18.0 Average Rewards over all frames: 6.121212121212121 Last-10 average reward: 0.4 Best mean reward of last-10: 19.4 Last-100 average reward: -9.28 Best mean reward of last-100: 18.23 Time: 0.018972396850585938 Total time so far: 250626.07723855972
Frame: 2760000 Loss: 0.0035804284 Total Rewards: -1.0 Average Rewards over all frames: 6.106113843991567 Last-10 average reward: -0.5 Best mean reward of last-10: 19.4 Last-100 average reward: -8.9 Best mean reward of last-100: 18.23 Time: 0.04156184196472168 Total time so far: 253124.3953242302
Frame: 2770000 Loss: 0.0035801816 Total Rewards: 19.0 Average Rewards over all frames: 6.114145658263305 Last-10 average reward: 6.3 Best mean reward of last-10: 19.4 Last-100 average reward: -7.78 Best mean reward of last-100: 18.23 Time: 0.016833782196044922 Total time so far: 253981.6499016285
Frame: 2780000 Loss: 0.0035795835 Total Rewards: -1.0 Average Rewards over all frames: 6.108164689462666 Last-10 average reward: 6.4 Best mean reward of last-10: 19.4 Last-100 average reward: -7.66 Best mean reward of last-100: 18.23 Time: 0.02216196060180664 Total time so far: 254793.16831374168
Frame: 2790000 Loss: 0.0035790259 Total Rewards: 17.0 Average Rewards over all frames: 6.116910229645094 Last-10 average reward: 7.8 Best mean reward of last-10: 19.4 Last-100 average reward: -6.92 Best mean reward of last-100: 18.23 Time: 0.022332429885864258 Total time so far: 255603.51756358147
Frame: 2800000 Loss: 0.0035779136 Total Rewards: 4.0 Average Rewards over all frames: 6.124219292158223 Last-10 average reward: 5.1 Best mean reward of last-10: 19.4 Last-100 average reward: -5.8 Best mean reward of last-100: 18.23 Time: 0.018734455108642578 Total time so far: 256415.35660886765
Frame: 2810000 Loss: 0.0035761679 Total Rewards: -19.0 Average Rewards over all frames: 6.119640387275242 Last-10 average reward: 7.6 Best mean reward of last-10: 19.4 Last-100 average reward: -4.8 Best mean reward of last-100: 18.23 Time: 0.02110457420349121 Total time so far: 257388.52849841118
Frame: 2820000 Loss: 0.0035738237 Total Rewards: 17.0 Average Rewards over all frames: 6.146795313576844 Last-10 average reward: 9.4 Best mean reward of last-10: 19.4 Last-100 average reward: -3.18 Best mean reward of last-100: 18.23 Time: 0.0211184024810791 Total time so far: 258201.1029498577
Frame: 2830000 Loss: 0.0035704998 Total Rewards: 11.0 Average Rewards over all frames: 6.171821305841925 Last-10 average reward: 11.2 Best mean reward of last-10: 19.4 Last-100 average reward: -2.15 Best mean reward of last-100: 18.23 Time: 0.015668630599975586 Total time so far: 259013.78395605087
slurmstepd: error: *** JOB 90610 ON local02 CANCELLED AT 2020-06-06T08:46:20 DUE TO TIME LIMIT ***
