Running on local01
gpu
Namespace(N=1, batch_size=16, capacity=1000000, epsilon_decay=30000, epsilon_final=0.01, epsilon_start=1.0, frame_stack=False, gamma=0.99, initial_lr=3e-05, interim_fn='scheduler2_version2', lr=1e-05, num_frames=10000000, number_of_updates=10, optimizer='Adam', render=0, save_freq_frame=100000, save_interim_path='../results/DQN/interim/', save_model_path='../results/DQN/model_lr3e_5_10Mframes_scheduler2_version2.pth', save_result_path='../results/DQN/results_lr3e_5_10Mframes_scheduler2_version2.npy', seed=1, step_size=500000, target_update_freq=10000, use_optim_scheduler=True)
Using cuda:  True
Preparing replay buffer with len --  10000 Frame: 10000 Total time so far: 17.48171591758728
NewLearningRate:  [3e-05]
Frame: 20000 Loss: 0.009318673 Total Rewards: -17.0 Average Rewards over all frames: -20.238095238095237 Last-10 average reward: -19.8 Best mean reward of last-10: -19.8 Last-100 average reward: -20.238095238095237 Best mean reward of last-100: -20.238095238095237 Time: 0.0159761905670166 Total time so far: 562.6239988803864
Frame: 30000 Loss: 0.007189449 Total Rewards: -18.0 Average Rewards over all frames: -20.0 Last-10 average reward: -19.1 Best mean reward of last-10: -19.1 Last-100 average reward: -20.0 Best mean reward of last-100: -20.0 Time: 0.021456003189086914 Total time so far: 1104.8877799510956
Frame: 40000 Loss: 0.007004337 Total Rewards: -16.0 Average Rewards over all frames: -19.666666666666668 Last-10 average reward: -18.7 Best mean reward of last-10: -18.7 Last-100 average reward: -19.666666666666668 Best mean reward of last-100: -19.666666666666668 Time: 0.01624321937561035 Total time so far: 1645.9843575954437
Frame: 50000 Loss: 0.007084853 Total Rewards: -17.0 Average Rewards over all frames: -19.348837209302324 Last-10 average reward: -18.0 Best mean reward of last-10: -18.0 Last-100 average reward: -19.348837209302324 Best mean reward of last-100: -19.348837209302324 Time: 0.022295713424682617 Total time so far: 2190.0039055347443
Frame: 60000 Loss: 0.007301456 Total Rewards: -13.0 Average Rewards over all frames: -19.041666666666668 Last-10 average reward: -17.3 Best mean reward of last-10: -17.3 Last-100 average reward: -19.041666666666668 Best mean reward of last-100: -19.041666666666668 Time: 0.022408008575439453 Total time so far: 2736.5933363437653
Frame: 70000 Loss: 0.007554483 Total Rewards: -20.0 Average Rewards over all frames: -18.962962962962962 Last-10 average reward: -17.5 Best mean reward of last-10: -17.3 Last-100 average reward: -18.962962962962962 Best mean reward of last-100: -18.962962962962962 Time: 0.020893573760986328 Total time so far: 3286.627947330475
Frame: 80000 Loss: 0.0077336803 Total Rewards: -19.0 Average Rewards over all frames: -18.593220338983052 Last-10 average reward: -16.6 Best mean reward of last-10: -16.6 Last-100 average reward: -18.593220338983052 Best mean reward of last-100: -18.593220338983052 Time: 0.021208524703979492 Total time so far: 3840.6617619991302
Frame: 90000 Loss: 0.0076436205 Total Rewards: -15.0 Average Rewards over all frames: -18.29230769230769 Last-10 average reward: -14.9 Best mean reward of last-10: -14.9 Last-100 average reward: -18.29230769230769 Best mean reward of last-100: -18.29230769230769 Time: 0.02004218101501465 Total time so far: 4396.170551776886
Frame: 100000 Loss: 0.007504745 Total Rewards: -14.0 Average Rewards over all frames: -18.12857142857143 Last-10 average reward: -15.8 Best mean reward of last-10: -14.9 Last-100 average reward: -18.12857142857143 Best mean reward of last-100: -18.12857142857143 Time: 0.018273353576660156 Total time so far: 4953.8896741867065
Frame: 110000 Loss: 0.0074018566 Total Rewards: -14.0 Average Rewards over all frames: -17.986842105263158 Last-10 average reward: -16.1 Best mean reward of last-10: -14.9 Last-100 average reward: -17.986842105263158 Best mean reward of last-100: -17.986842105263158 Time: 0.02267742156982422 Total time so far: 5519.402299642563
Frame: 120000 Loss: 0.007291835 Total Rewards: -17.0 Average Rewards over all frames: -17.839506172839506 Last-10 average reward: -15.5 Best mean reward of last-10: -14.9 Last-100 average reward: -17.839506172839506 Best mean reward of last-100: -17.839506172839506 Time: 0.022146940231323242 Total time so far: 6083.121484994888
Frame: 130000 Loss: 0.0071976064 Total Rewards: -17.0 Average Rewards over all frames: -17.732558139534884 Last-10 average reward: -15.8 Best mean reward of last-10: -14.9 Last-100 average reward: -17.732558139534884 Best mean reward of last-100: -17.732558139534884 Time: 0.017349720001220703 Total time so far: 6647.657310962677
Frame: 140000 Loss: 0.0071324757 Total Rewards: -16.0 Average Rewards over all frames: -17.630434782608695 Last-10 average reward: -16.1 Best mean reward of last-10: -14.9 Last-100 average reward: -17.630434782608695 Best mean reward of last-100: -17.630434782608695 Time: 0.01972031593322754 Total time so far: 7208.189970731735
Frame: 150000 Loss: 0.0070807966 Total Rewards: -16.0 Average Rewards over all frames: -17.515463917525775 Last-10 average reward: -15.8 Best mean reward of last-10: -14.9 Last-100 average reward: -17.515463917525775 Best mean reward of last-100: -17.515463917525775 Time: 0.0192718505859375 Total time so far: 7770.8198618888855
Frame: 160000 Loss: 0.006985013 Total Rewards: -18.0 Average Rewards over all frames: -17.41747572815534 Last-10 average reward: -15.4 Best mean reward of last-10: -14.9 Last-100 average reward: -17.31 Best mean reward of last-100: -17.31 Time: 0.016287565231323242 Total time so far: 8336.164109706879
Frame: 170000 Loss: 0.0068925926 Total Rewards: -16.0 Average Rewards over all frames: -17.324074074074073 Last-10 average reward: -16.0 Best mean reward of last-10: -14.9 Last-100 average reward: -17.05 Best mean reward of last-100: -17.05 Time: 0.01994037628173828 Total time so far: 8897.079647064209
Frame: 180000 Loss: 0.0068500116 Total Rewards: -12.0 Average Rewards over all frames: -17.221238938053098 Last-10 average reward: -15.2 Best mean reward of last-10: -14.9 Last-100 average reward: -16.77 Best mean reward of last-100: -16.77 Time: 0.0204010009765625 Total time so far: 9452.092686653137
Frame: 190000 Loss: 0.0068065994 Total Rewards: -8.0 Average Rewards over all frames: -17.04237288135593 Last-10 average reward: -14.0 Best mean reward of last-10: -14.0 Last-100 average reward: -16.43 Best mean reward of last-100: -16.43 Time: 0.021193265914916992 Total time so far: 10008.642460107803
Frame: 200000 Loss: 0.0067671784 Total Rewards: -15.0 Average Rewards over all frames: -16.983739837398375 Last-10 average reward: -14.3 Best mean reward of last-10: -14.0 Last-100 average reward: -16.27 Best mean reward of last-100: -16.27 Time: 0.01519918441772461 Total time so far: 10565.42234134674
Frame: 210000 Loss: 0.006716774 Total Rewards: -16.0 Average Rewards over all frames: -16.899224806201552 Last-10 average reward: -15.2 Best mean reward of last-10: -14.0 Last-100 average reward: -16.0 Best mean reward of last-100: -16.0 Time: 0.016766071319580078 Total time so far: 11133.548553705215
Frame: 220000 Loss: 0.0066650854 Total Rewards: -12.0 Average Rewards over all frames: -16.844444444444445 Last-10 average reward: -15.7 Best mean reward of last-10: -14.0 Last-100 average reward: -15.82 Best mean reward of last-100: -15.82 Time: 0.021505355834960938 Total time so far: 11696.92935180664
Frame: 230000 Loss: 0.0066125817 Total Rewards: -15.0 Average Rewards over all frames: -16.792857142857144 Last-10 average reward: -15.6 Best mean reward of last-10: -14.0 Last-100 average reward: -15.71 Best mean reward of last-100: -15.71 Time: 0.017294883728027344 Total time so far: 12262.180684566498
Frame: 240000 Loss: 0.0065427735 Total Rewards: -19.0 Average Rewards over all frames: -16.69655172413793 Last-10 average reward: -14.7 Best mean reward of last-10: -14.0 Last-100 average reward: -15.53 Best mean reward of last-100: -15.53 Time: 0.015488624572753906 Total time so far: 12827.42757987976
Frame: 250000 Loss: 0.006473118 Total Rewards: -15.0 Average Rewards over all frames: -16.633333333333333 Last-10 average reward: -14.4 Best mean reward of last-10: -14.0 Last-100 average reward: -15.46 Best mean reward of last-100: -15.46 Time: 0.015836238861083984 Total time so far: 13374.013673782349
Frame: 260000 Loss: 0.006415279 Total Rewards: -15.0 Average Rewards over all frames: -16.503225806451614 Last-10 average reward: -13.7 Best mean reward of last-10: -13.7 Last-100 average reward: -15.18 Best mean reward of last-100: -15.18 Time: 0.01679706573486328 Total time so far: 13924.008525133133
Frame: 270000 Loss: 0.0063562193 Total Rewards: -15.0 Average Rewards over all frames: -16.459119496855347 Last-10 average reward: -13.7 Best mean reward of last-10: -13.7 Last-100 average reward: -15.2 Best mean reward of last-100: -15.18 Time: 0.01732325553894043 Total time so far: 14476.97384095192
Frame: 280000 Loss: 0.0063044834 Total Rewards: -12.0 Average Rewards over all frames: -16.381818181818183 Last-10 average reward: -14.5 Best mean reward of last-10: -13.7 Last-100 average reward: -15.14 Best mean reward of last-100: -15.14 Time: 0.01823139190673828 Total time so far: 15032.53683757782
Frame: 290000 Loss: 0.0062498893 Total Rewards: -16.0 Average Rewards over all frames: -16.341176470588234 Last-10 average reward: -14.9 Best mean reward of last-10: -13.7 Last-100 average reward: -15.09 Best mean reward of last-100: -15.09 Time: 0.01858234405517578 Total time so far: 15590.261814594269
Frame: 300000 Loss: 0.006210546 Total Rewards: -15.0 Average Rewards over all frames: -16.297142857142855 Last-10 average reward: -14.9 Best mean reward of last-10: -13.7 Last-100 average reward: -14.99 Best mean reward of last-100: -14.99 Time: 0.01992487907409668 Total time so far: 16181.248824596405
Frame: 310000 Loss: 0.0061715795 Total Rewards: -14.0 Average Rewards over all frames: -16.211111111111112 Last-10 average reward: -14.0 Best mean reward of last-10: -13.7 Last-100 average reward: -14.9 Best mean reward of last-100: -14.9 Time: 0.01683330535888672 Total time so far: 16819.933430671692
Frame: 320000 Loss: 0.0061429506 Total Rewards: -16.0 Average Rewards over all frames: -16.17297297297297 Last-10 average reward: -14.0 Best mean reward of last-10: -13.7 Last-100 average reward: -14.84 Best mean reward of last-100: -14.84 Time: 0.01775646209716797 Total time so far: 17426.864604234695
Frame: 330000 Loss: 0.006111125 Total Rewards: -14.0 Average Rewards over all frames: -16.116402116402117 Last-10 average reward: -14.2 Best mean reward of last-10: -13.7 Last-100 average reward: -14.74 Best mean reward of last-100: -14.74 Time: 0.014161109924316406 Total time so far: 18000.18203139305
Frame: 340000 Loss: 0.006072892 Total Rewards: -13.0 Average Rewards over all frames: -16.07179487179487 Last-10 average reward: -14.2 Best mean reward of last-10: -13.7 Last-100 average reward: -14.64 Best mean reward of last-100: -14.64 Time: 0.017993450164794922 Total time so far: 18575.111090183258
Frame: 350000 Loss: 0.006031239 Total Rewards: -11.0 Average Rewards over all frames: -15.974874371859297 Last-10 average reward: -13.3 Best mean reward of last-10: -13.3 Last-100 average reward: -14.55 Best mean reward of last-100: -14.55 Time: 0.01932811737060547 Total time so far: 19154.851588726044
Frame: 360000 Loss: 0.0059875795 Total Rewards: -13.0 Average Rewards over all frames: -15.935960591133005 Last-10 average reward: -12.6 Best mean reward of last-10: -12.6 Last-100 average reward: -14.41 Best mean reward of last-100: -14.41 Time: 0.018300294876098633 Total time so far: 19738.431117773056
Frame: 370000 Loss: 0.0059376145 Total Rewards: -16.0 Average Rewards over all frames: -15.875 Last-10 average reward: -13.4 Best mean reward of last-10: -12.6 Last-100 average reward: -14.31 Best mean reward of last-100: -14.31 Time: 0.016521692276000977 Total time so far: 20325.22083544731
Frame: 380000 Loss: 0.0058914796 Total Rewards: -8.0 Average Rewards over all frames: -15.812206572769954 Last-10 average reward: -13.3 Best mean reward of last-10: -12.6 Last-100 average reward: -14.22 Best mean reward of last-100: -14.22 Time: 0.01721477508544922 Total time so far: 20915.552668094635
Frame: 390000 Loss: 0.005843305 Total Rewards: -13.0 Average Rewards over all frames: -15.76605504587156 Last-10 average reward: -13.5 Best mean reward of last-10: -12.6 Last-100 average reward: -14.26 Best mean reward of last-100: -14.22 Time: 0.014301061630249023 Total time so far: 21507.72290945053
Frame: 400000 Loss: 0.0058006444 Total Rewards: -10.0 Average Rewards over all frames: -15.73873873873874 Last-10 average reward: -13.4 Best mean reward of last-10: -12.6 Last-100 average reward: -14.2 Best mean reward of last-100: -14.2 Time: 0.01602625846862793 Total time so far: 22103.55713200569
Frame: 410000 Loss: 0.0057534194 Total Rewards: -16.0 Average Rewards over all frames: -15.634361233480176 Last-10 average reward: -12.5 Best mean reward of last-10: -12.5 Last-100 average reward: -14.01 Best mean reward of last-100: -14.01 Time: 0.01501154899597168 Total time so far: 22720.62169456482
Frame: 420000 Loss: 0.005707532 Total Rewards: -17.0 Average Rewards over all frames: -15.601731601731602 Last-10 average reward: -12.0 Best mean reward of last-10: -12.0 Last-100 average reward: -13.93 Best mean reward of last-100: -13.93 Time: 0.015477418899536133 Total time so far: 23324.53906393051
Frame: 430000 Loss: 0.0056642457 Total Rewards: -14.0 Average Rewards over all frames: -15.523404255319148 Last-10 average reward: -12.4 Best mean reward of last-10: -12.0 Last-100 average reward: -13.74 Best mean reward of last-100: -13.74 Time: 0.014127731323242188 Total time so far: 23931.505692243576
Frame: 440000 Loss: 0.005620314 Total Rewards: -17.0 Average Rewards over all frames: -15.445833333333333 Last-10 average reward: -12.0 Best mean reward of last-10: -12.0 Last-100 average reward: -13.56 Best mean reward of last-100: -13.56 Time: 0.020483732223510742 Total time so far: 24541.621311187744
Frame: 450000 Loss: 0.005578429 Total Rewards: -11.0 Average Rewards over all frames: -15.355102040816327 Last-10 average reward: -11.4 Best mean reward of last-10: -11.4 Last-100 average reward: -13.41 Best mean reward of last-100: -13.41 Time: 0.019089460372924805 Total time so far: 25153.905079841614
Frame: 460000 Loss: 0.0055392836 Total Rewards: -10.0 Average Rewards over all frames: -15.265060240963855 Last-10 average reward: -11.1 Best mean reward of last-10: -11.1 Last-100 average reward: -13.21 Best mean reward of last-100: -13.21 Time: 0.01592254638671875 Total time so far: 25770.86463046074
Frame: 470000 Loss: 0.005499522 Total Rewards: -12.0 Average Rewards over all frames: -15.201581027667984 Last-10 average reward: -10.4 Best mean reward of last-10: -10.4 Last-100 average reward: -13.16 Best mean reward of last-100: -13.16 Time: 0.016373634338378906 Total time so far: 26392.74175262451
Frame: 480000 Loss: 0.0054606833 Total Rewards: -13.0 Average Rewards over all frames: -15.124031007751938 Last-10 average reward: -11.1 Best mean reward of last-10: -10.4 Last-100 average reward: -13.0 Best mean reward of last-100: -13.0 Time: 0.015009880065917969 Total time so far: 27015.48619222641
Frame: 490000 Loss: 0.0054234667 Total Rewards: -11.0 Average Rewards over all frames: -15.103053435114504 Last-10 average reward: -12.3 Best mean reward of last-10: -10.4 Last-100 average reward: -12.98 Best mean reward of last-100: -12.98 Time: 0.01795506477355957 Total time so far: 27640.709166288376
Frame: 500000 Loss: 0.005389067 Total Rewards: -14.0 Average Rewards over all frames: -15.04868913857678 Last-10 average reward: -12.9 Best mean reward of last-10: -10.4 Last-100 average reward: -12.87 Best mean reward of last-100: -12.87 Time: 0.01664876937866211 Total time so far: 28269.003870248795
NewLearningRate:  [2.97e-05]
Frame: 510000 Loss: 0.005356758 Total Rewards: -12.0 Average Rewards over all frames: -14.988929889298893 Last-10 average reward: -11.6 Best mean reward of last-10: -10.4 Last-100 average reward: -12.68 Best mean reward of last-100: -12.68 Time: 0.01862812042236328 Total time so far: 28944.68085885048
Frame: 520000 Loss: 0.0053259055 Total Rewards: -14.0 Average Rewards over all frames: -14.945454545454545 Last-10 average reward: -11.6 Best mean reward of last-10: -10.4 Last-100 average reward: -12.58 Best mean reward of last-100: -12.58 Time: 0.015622854232788086 Total time so far: 29579.742975234985
Frame: 530000 Loss: 0.005294405 Total Rewards: -9.0 Average Rewards over all frames: -14.881720430107526 Last-10 average reward: -11.3 Best mean reward of last-10: -10.4 Last-100 average reward: -12.48 Best mean reward of last-100: -12.48 Time: 0.014506340026855469 Total time so far: 30219.977683782578
Frame: 540000 Loss: 0.0052669193 Total Rewards: -12.0 Average Rewards over all frames: -14.838028169014084 Last-10 average reward: -11.8 Best mean reward of last-10: -10.4 Last-100 average reward: -12.38 Best mean reward of last-100: -12.38 Time: 0.01995992660522461 Total time so far: 30862.55708837509
Frame: 550000 Loss: 0.0052373977 Total Rewards: -14.0 Average Rewards over all frames: -14.815972222222221 Last-10 average reward: -12.4 Best mean reward of last-10: -10.4 Last-100 average reward: -12.35 Best mean reward of last-100: -12.35 Time: 0.016010761260986328 Total time so far: 31507.189442396164
Frame: 560000 Loss: 0.005208998 Total Rewards: -8.0 Average Rewards over all frames: -14.73037542662116 Last-10 average reward: -11.4 Best mean reward of last-10: -10.4 Last-100 average reward: -12.07 Best mean reward of last-100: -12.07 Time: 0.016841650009155273 Total time so far: 32156.118461370468
Frame: 570000 Loss: 0.005183936 Total Rewards: -5.0 Average Rewards over all frames: -14.666666666666666 Last-10 average reward: -10.3 Best mean reward of last-10: -10.3 Last-100 average reward: -12.01 Best mean reward of last-100: -12.01 Time: 0.01615619659423828 Total time so far: 32808.529767513275
Frame: 580000 Loss: 0.0051589287 Total Rewards: -11.0 Average Rewards over all frames: -14.621262458471762 Last-10 average reward: -10.5 Best mean reward of last-10: -10.3 Last-100 average reward: -11.97 Best mean reward of last-100: -11.97 Time: 0.018428564071655273 Total time so far: 33464.84695005417
Frame: 590000 Loss: 0.0051326035 Total Rewards: -7.0 Average Rewards over all frames: -14.540983606557377 Last-10 average reward: -9.5 Best mean reward of last-10: -9.5 Last-100 average reward: -11.76 Best mean reward of last-100: -11.76 Time: 0.016080141067504883 Total time so far: 34121.94509625435
Frame: 600000 Loss: 0.005106674 Total Rewards: -14.0 Average Rewards over all frames: -14.46925566343042 Last-10 average reward: -9.2 Best mean reward of last-10: -9.2 Last-100 average reward: -11.55 Best mean reward of last-100: -11.55 Time: 0.016445159912109375 Total time so far: 34781.359379291534
Frame: 610000 Loss: 0.0050800913 Total Rewards: -12.0 Average Rewards over all frames: -14.40255591054313 Last-10 average reward: -8.8 Best mean reward of last-10: -8.8 Last-100 average reward: -11.4 Best mean reward of last-100: -11.4 Time: 0.01846623420715332 Total time so far: 35464.38869714737
Frame: 620000 Loss: 0.0050546736 Total Rewards: -10.0 Average Rewards over all frames: -14.362776025236593 Last-10 average reward: -10.1 Best mean reward of last-10: -8.8 Last-100 average reward: -11.29 Best mean reward of last-100: -11.29 Time: 0.020751476287841797 Total time so far: 36125.24870467186
Frame: 630000 Loss: 0.0050285812 Total Rewards: -9.0 Average Rewards over all frames: -14.28348909657321 Last-10 average reward: -9.8 Best mean reward of last-10: -8.8 Last-100 average reward: -11.01 Best mean reward of last-100: -11.01 Time: 0.015780210494995117 Total time so far: 36788.58017230034
Frame: 640000 Loss: 0.005002607 Total Rewards: -14.0 Average Rewards over all frames: -14.220858895705522 Last-10 average reward: -9.3 Best mean reward of last-10: -8.8 Last-100 average reward: -11.03 Best mean reward of last-100: -11.01 Time: 0.01951289176940918 Total time so far: 37455.35262751579
Frame: 650000 Loss: 0.004977672 Total Rewards: -10.0 Average Rewards over all frames: -14.158054711246201 Last-10 average reward: -9.4 Best mean reward of last-10: -8.8 Last-100 average reward: -10.85 Best mean reward of last-100: -10.85 Time: 0.01990342140197754 Total time so far: 38126.352224588394
Frame: 660000 Loss: 0.0049560037 Total Rewards: -14.0 Average Rewards over all frames: -14.107784431137725 Last-10 average reward: -10.0 Best mean reward of last-10: -8.8 Last-100 average reward: -10.78 Best mean reward of last-100: -10.78 Time: 0.017906665802001953 Total time so far: 38799.99172782898
Frame: 670000 Loss: 0.0049319575 Total Rewards: -10.0 Average Rewards over all frames: -14.04733727810651 Last-10 average reward: -10.0 Best mean reward of last-10: -8.8 Last-100 average reward: -10.71 Best mean reward of last-100: -10.71 Time: 0.019933462142944336 Total time so far: 39477.41190242767
Frame: 680000 Loss: 0.004908022 Total Rewards: -10.0 Average Rewards over all frames: -14.0 Last-10 average reward: -9.6 Best mean reward of last-10: -8.8 Last-100 average reward: -10.51 Best mean reward of last-100: -10.51 Time: 0.018912076950073242 Total time so far: 40157.87635350227
Frame: 690000 Loss: 0.004883582 Total Rewards: -11.0 Average Rewards over all frames: -13.959420289855073 Last-10 average reward: -9.9 Best mean reward of last-10: -8.8 Last-100 average reward: -10.54 Best mean reward of last-100: -10.51 Time: 0.017482995986938477 Total time so far: 40841.69822406769
Frame: 700000 Loss: 0.004861253 Total Rewards: -8.0 Average Rewards over all frames: -13.9054441260745 Last-10 average reward: -9.8 Best mean reward of last-10: -8.8 Last-100 average reward: -10.52 Best mean reward of last-100: -10.51 Time: 0.018035411834716797 Total time so far: 41528.31177568436
Frame: 710000 Loss: 0.004842198 Total Rewards: -9.0 Average Rewards over all frames: -13.844192634560907 Last-10 average reward: -9.4 Best mean reward of last-10: -8.8 Last-100 average reward: -10.41 Best mean reward of last-100: -10.41 Time: 0.018126249313354492 Total time so far: 42248.954501628876
Frame: 720000 Loss: 0.0048244 Total Rewards: -10.0 Average Rewards over all frames: -13.77808988764045 Last-10 average reward: -7.6 Best mean reward of last-10: -7.6 Last-100 average reward: -10.25 Best mean reward of last-100: -10.25 Time: 0.01571822166442871 Total time so far: 42942.515194416046
Frame: 730000 Loss: 0.004807624 Total Rewards: -8.0 Average Rewards over all frames: -13.73611111111111 Last-10 average reward: -8.2 Best mean reward of last-10: -7.6 Last-100 average reward: -10.11 Best mean reward of last-100: -10.11 Time: 0.015093326568603516 Total time so far: 43638.34130001068
Frame: 740000 Loss: 0.0047891904 Total Rewards: -9.0 Average Rewards over all frames: -13.656593406593407 Last-10 average reward: -7.9 Best mean reward of last-10: -7.6 Last-100 average reward: -9.88 Best mean reward of last-100: -9.88 Time: 0.017742156982421875 Total time so far: 44338.48738408089
Frame: 750000 Loss: 0.0047703227 Total Rewards: -5.0 Average Rewards over all frames: -13.59400544959128 Last-10 average reward: -7.6 Best mean reward of last-10: -7.6 Last-100 average reward: -9.71 Best mean reward of last-100: -9.71 Time: 0.014641761779785156 Total time so far: 45042.55642271042
Frame: 760000 Loss: 0.004750985 Total Rewards: -7.0 Average Rewards over all frames: -13.520215633423181 Last-10 average reward: -6.8 Best mean reward of last-10: -6.8 Last-100 average reward: -9.54 Best mean reward of last-100: -9.54 Time: 0.017370939254760742 Total time so far: 45746.84731578827
Frame: 770000 Loss: 0.0047339485 Total Rewards: -7.0 Average Rewards over all frames: -13.450666666666667 Last-10 average reward: -6.6 Best mean reward of last-10: -6.6 Last-100 average reward: -9.34 Best mean reward of last-100: -9.34 Time: 0.016244173049926758 Total time so far: 46454.872717142105
Frame: 780000 Loss: 0.004717053 Total Rewards: -4.0 Average Rewards over all frames: -13.37730870712401 Last-10 average reward: -6.9 Best mean reward of last-10: -6.6 Last-100 average reward: -9.18 Best mean reward of last-100: -9.18 Time: 0.017177820205688477 Total time so far: 47165.7951772213
Frame: 790000 Loss: 0.004701672 Total Rewards: -7.0 Average Rewards over all frames: -13.329842931937172 Last-10 average reward: -6.8 Best mean reward of last-10: -6.6 Last-100 average reward: -9.05 Best mean reward of last-100: -9.05 Time: 0.016041278839111328 Total time so far: 47878.75712132454
Frame: 800000 Loss: 0.0046878187 Total Rewards: -7.0 Average Rewards over all frames: -13.282383419689118 Last-10 average reward: -8.1 Best mean reward of last-10: -6.6 Last-100 average reward: -8.86 Best mean reward of last-100: -8.86 Time: 0.016815185546875 Total time so far: 48597.04752826691
Frame: 810000 Loss: 0.0046730735 Total Rewards: -6.0 Average Rewards over all frames: -13.207692307692307 Last-10 average reward: -7.4 Best mean reward of last-10: -6.6 Last-100 average reward: -8.62 Best mean reward of last-100: -8.62 Time: 0.018426179885864258 Total time so far: 49351.565303087234
Frame: 820000 Loss: 0.0046584834 Total Rewards: 2.0 Average Rewards over all frames: -13.139949109414758 Last-10 average reward: -6.5 Best mean reward of last-10: -6.5 Last-100 average reward: -8.48 Best mean reward of last-100: -8.48 Time: 0.015269994735717773 Total time so far: 50075.05209350586
Frame: 830000 Loss: 0.0046461606 Total Rewards: -1.0 Average Rewards over all frames: -13.04040404040404 Last-10 average reward: -3.7 Best mean reward of last-10: -3.7 Last-100 average reward: -8.13 Best mean reward of last-100: -8.13 Time: 0.020119905471801758 Total time so far: 50802.56726169586
Frame: 840000 Loss: 0.004634141 Total Rewards: -9.0 Average Rewards over all frames: -12.965 Last-10 average reward: -3.5 Best mean reward of last-10: -3.5 Last-100 average reward: -7.96 Best mean reward of last-100: -7.96 Time: 0.01694941520690918 Total time so far: 51534.99758601189
Frame: 850000 Loss: 0.0046238396 Total Rewards: -7.0 Average Rewards over all frames: -12.913366336633663 Last-10 average reward: -6.1 Best mean reward of last-10: -3.5 Last-100 average reward: -7.89 Best mean reward of last-100: -7.89 Time: 0.019765853881835938 Total time so far: 52270.46394467354
Frame: 860000 Loss: 0.004612797 Total Rewards: -4.0 Average Rewards over all frames: -12.852579852579852 Last-10 average reward: -6.3 Best mean reward of last-10: -3.5 Last-100 average reward: -7.79 Best mean reward of last-100: -7.79 Time: 0.017737627029418945 Total time so far: 53007.01904296875
Frame: 870000 Loss: 0.00460236 Total Rewards: -6.0 Average Rewards over all frames: -12.742092457420924 Last-10 average reward: -4.5 Best mean reward of last-10: -3.5 Last-100 average reward: -7.5 Best mean reward of last-100: -7.5 Time: 0.01631760597229004 Total time so far: 53747.55436825752
Frame: 880000 Loss: 0.004590639 Total Rewards: -5.0 Average Rewards over all frames: -12.671497584541063 Last-10 average reward: -2.9 Best mean reward of last-10: -2.9 Last-100 average reward: -7.25 Best mean reward of last-100: -7.25 Time: 0.018704652786254883 Total time so far: 54490.10298895836
Frame: 890000 Loss: 0.0045790253 Total Rewards: -4.0 Average Rewards over all frames: -12.5933014354067 Last-10 average reward: -3.0 Best mean reward of last-10: -2.9 Last-100 average reward: -7.04 Best mean reward of last-100: -7.04 Time: 0.020537376403808594 Total time so far: 55234.92467880249
Frame: 900000 Loss: 0.0045683836 Total Rewards: -4.0 Average Rewards over all frames: -12.522565320665084 Last-10 average reward: -3.5 Best mean reward of last-10: -2.9 Last-100 average reward: -6.87 Best mean reward of last-100: -6.87 Time: 0.01714634895324707 Total time so far: 55984.97094702721
Frame: 910000 Loss: 0.0045571476 Total Rewards: -5.0 Average Rewards over all frames: -12.43632075471698 Last-10 average reward: -2.7 Best mean reward of last-10: -2.7 Last-100 average reward: -6.61 Best mean reward of last-100: -6.61 Time: 0.017484664916992188 Total time so far: 56777.12480330467
Frame: 920000 Loss: 0.004544494 Total Rewards: -3.0 Average Rewards over all frames: -12.320093457943925 Last-10 average reward: -0.9 Best mean reward of last-10: -0.9 Last-100 average reward: -6.25 Best mean reward of last-100: -6.25 Time: 0.015774011611938477 Total time so far: 57535.10283446312
Frame: 930000 Loss: 0.004530985 Total Rewards: 6.0 Average Rewards over all frames: -12.187935034802784 Last-10 average reward: 1.9 Best mean reward of last-10: 1.9 Last-100 average reward: -5.75 Best mean reward of last-100: -5.75 Time: 0.01475977897644043 Total time so far: 58293.69102239609
Frame: 940000 Loss: 0.0045185117 Total Rewards: 11.0 Average Rewards over all frames: -12.064367816091954 Last-10 average reward: 2.1 Best mean reward of last-10: 2.1 Last-100 average reward: -5.31 Best mean reward of last-100: -5.31 Time: 0.01766681671142578 Total time so far: 59055.723266363144
Frame: 950000 Loss: 0.004508287 Total Rewards: 11.0 Average Rewards over all frames: -11.865603644646924 Last-10 average reward: 5.8 Best mean reward of last-10: 5.8 Last-100 average reward: -4.54 Best mean reward of last-100: -4.54 Time: 0.015571832656860352 Total time so far: 59822.04676270485
Frame: 960000 Loss: 0.0045000296 Total Rewards: 8.0 Average Rewards over all frames: -11.679458239277652 Last-10 average reward: 8.4 Best mean reward of last-10: 8.4 Last-100 average reward: -3.81 Best mean reward of last-100: -3.81 Time: 0.023366451263427734 Total time so far: 60589.923775196075
Frame: 970000 Loss: 0.0044929734 Total Rewards: 14.0 Average Rewards over all frames: -11.533632286995516 Last-10 average reward: 9.5 Best mean reward of last-10: 9.5 Last-100 average reward: -3.15 Best mean reward of last-100: -3.15 Time: 0.01870441436767578 Total time so far: 61361.19320964813
Frame: 980000 Loss: 0.004488156 Total Rewards: 7.0 Average Rewards over all frames: -11.339246119733925 Last-10 average reward: 7.3 Best mean reward of last-10: 9.5 Last-100 average reward: -2.44 Best mean reward of last-100: -2.44 Time: 0.016037940979003906 Total time so far: 62136.35486316681
Frame: 990000 Loss: 0.004482129 Total Rewards: 14.0 Average Rewards over all frames: -11.145054945054945 Last-10 average reward: 8.7 Best mean reward of last-10: 9.5 Last-100 average reward: -1.76 Best mean reward of last-100: -1.76 Time: 0.016367673873901367 Total time so far: 62913.46198964119
Frame: 1000000 Loss: 0.0044762786 Total Rewards: 8.0 Average Rewards over all frames: -11.017467248908297 Last-10 average reward: 10.1 Best mean reward of last-10: 10.1 Last-100 average reward: -1.22 Best mean reward of last-100: -1.22 Time: 0.01882314682006836 Total time so far: 63694.449974775314
NewLearningRate:  [2.9403e-05]
Frame: 1010000 Loss: 0.004468102 Total Rewards: 17.0 Average Rewards over all frames: -10.846320346320347 Last-10 average reward: 8.8 Best mean reward of last-10: 10.1 Last-100 average reward: -0.57 Best mean reward of last-100: -0.57 Time: 0.01774907112121582 Total time so far: 64563.07618403435
Frame: 1020000 Loss: 0.0044608815 Total Rewards: 13.0 Average Rewards over all frames: -10.72258064516129 Last-10 average reward: 8.5 Best mean reward of last-10: 10.1 Last-100 average reward: -0.08 Best mean reward of last-100: -0.08 Time: 0.016006946563720703 Total time so far: 65344.461319446564
Frame: 1030000 Loss: 0.0044560116 Total Rewards: 10.0 Average Rewards over all frames: -10.508510638297873 Last-10 average reward: 10.1 Best mean reward of last-10: 10.1 Last-100 average reward: 0.7 Best mean reward of last-100: 0.7 Time: 0.01814556121826172 Total time so far: 66124.40356206894
Frame: 1040000 Loss: 0.004451244 Total Rewards: 16.0 Average Rewards over all frames: -10.359408033826638 Last-10 average reward: 9.5 Best mean reward of last-10: 10.1 Last-100 average reward: 1.29 Best mean reward of last-100: 1.29 Time: 0.019889354705810547 Total time so far: 66905.84819579124
Frame: 1050000 Loss: 0.004444846 Total Rewards: -2.0 Average Rewards over all frames: -10.224318658280922 Last-10 average reward: 9.6 Best mean reward of last-10: 10.1 Last-100 average reward: 1.76 Best mean reward of last-100: 1.76 Time: 0.013888835906982422 Total time so far: 67686.1487557888
Frame: 1060000 Loss: 0.004437114 Total Rewards: 14.0 Average Rewards over all frames: -9.970954356846473 Last-10 average reward: 11.0 Best mean reward of last-10: 11.0 Last-100 average reward: 2.86 Best mean reward of last-100: 2.86 Time: 0.019403696060180664 Total time so far: 68468.42063617706
Frame: 1070000 Loss: 0.0044292524 Total Rewards: 14.0 Average Rewards over all frames: -9.790123456790123 Last-10 average reward: 11.7 Best mean reward of last-10: 11.7 Last-100 average reward: 3.69 Best mean reward of last-100: 3.69 Time: 0.01826310157775879 Total time so far: 69252.82498550415
Frame: 1080000 Loss: 0.004422347 Total Rewards: 17.0 Average Rewards over all frames: -9.587755102040816 Last-10 average reward: 13.6 Best mean reward of last-10: 13.6 Last-100 average reward: 4.53 Best mean reward of last-100: 4.53 Time: 0.019819974899291992 Total time so far: 70033.2227575779
Frame: 1090000 Loss: 0.00441406 Total Rewards: 14.0 Average Rewards over all frames: -9.398785425101215 Last-10 average reward: 13.9 Best mean reward of last-10: 13.9 Last-100 average reward: 5.13 Best mean reward of last-100: 5.13 Time: 0.020140647888183594 Total time so far: 70813.74242329597
Frame: 1100000 Loss: 0.0044058734 Total Rewards: 1.0 Average Rewards over all frames: -9.242971887550201 Last-10 average reward: 12.1 Best mean reward of last-10: 13.9 Last-100 average reward: 5.71 Best mean reward of last-100: 5.71 Time: 0.020327329635620117 Total time so far: 71592.88058018684
Frame: 1110000 Loss: 0.0043980726 Total Rewards: 11.0 Average Rewards over all frames: -9.06175298804781 Last-10 average reward: 12.2 Best mean reward of last-10: 13.9 Last-100 average reward: 6.53 Best mean reward of last-100: 6.53 Time: 0.019205570220947266 Total time so far: 72424.63119459152
Frame: 1120000 Loss: 0.004390047 Total Rewards: 19.0 Average Rewards over all frames: -8.85404339250493 Last-10 average reward: 11.5 Best mean reward of last-10: 13.9 Last-100 average reward: 7.42 Best mean reward of last-100: 7.42 Time: 0.020609378814697266 Total time so far: 73204.23637413979
Frame: 1130000 Loss: 0.004382744 Total Rewards: 16.0 Average Rewards over all frames: -8.684931506849315 Last-10 average reward: 12.2 Best mean reward of last-10: 13.9 Last-100 average reward: 7.99 Best mean reward of last-100: 7.99 Time: 0.01679229736328125 Total time so far: 73981.180072546
Frame: 1140000 Loss: 0.0043762354 Total Rewards: 16.0 Average Rewards over all frames: -8.44767441860465 Last-10 average reward: 14.9 Best mean reward of last-10: 14.9 Last-100 average reward: 8.97 Best mean reward of last-100: 8.97 Time: 0.018456697463989258 Total time so far: 74759.84605121613
Frame: 1150000 Loss: 0.0043708915 Total Rewards: 20.0 Average Rewards over all frames: -8.18426103646833 Last-10 average reward: 17.4 Best mean reward of last-10: 17.4 Last-100 average reward: 10.08 Best mean reward of last-100: 10.08 Time: 0.019376277923583984 Total time so far: 75538.28443002701
Frame: 1160000 Loss: 0.0043654665 Total Rewards: 17.0 Average Rewards over all frames: -7.9581749049429655 Last-10 average reward: 17.3 Best mean reward of last-10: 17.4 Last-100 average reward: 10.77 Best mean reward of last-100: 10.77 Time: 0.015893220901489258 Total time so far: 76318.55097842216
Frame: 1170000 Loss: 0.0043584155 Total Rewards: 17.0 Average Rewards over all frames: -7.728813559322034 Last-10 average reward: 16.0 Best mean reward of last-10: 17.4 Last-100 average reward: 11.49 Best mean reward of last-100: 11.49 Time: 0.0159759521484375 Total time so far: 77096.54259061813
Frame: 1180000 Loss: 0.0043506166 Total Rewards: 17.0 Average Rewards over all frames: -7.4581005586592175 Last-10 average reward: 16.7 Best mean reward of last-10: 17.4 Last-100 average reward: 12.26 Best mean reward of last-100: 12.26 Time: 0.015878677368164062 Total time so far: 77873.73743033409
Frame: 1190000 Loss: 0.004343692 Total Rewards: 20.0 Average Rewards over all frames: -7.206642066420664 Last-10 average reward: 18.2 Best mean reward of last-10: 18.2 Last-100 average reward: 12.76 Best mean reward of last-100: 12.76 Time: 0.015472888946533203 Total time so far: 78651.60384750366
Frame: 1200000 Loss: 0.0043369695 Total Rewards: 16.0 Average Rewards over all frames: -6.928832116788321 Last-10 average reward: 18.8 Best mean reward of last-10: 18.8 Last-100 average reward: 13.5 Best mean reward of last-100: 13.5 Time: 0.01969599723815918 Total time so far: 79428.7419822216
Frame: 1210000 Loss: 0.004329582 Total Rewards: 19.0 Average Rewards over all frames: -6.7124773960217 Last-10 average reward: 17.5 Best mean reward of last-10: 18.8 Last-100 average reward: 13.71 Best mean reward of last-100: 13.71 Time: 0.015003442764282227 Total time so far: 80259.5362560749
Frame: 1220000 Loss: 0.00432177 Total Rewards: 18.0 Average Rewards over all frames: -6.50179211469534 Last-10 average reward: 16.9 Best mean reward of last-10: 18.8 Last-100 average reward: 14.18 Best mean reward of last-100: 14.18 Time: 0.019680023193359375 Total time so far: 81036.60299515724
Frame: 1230000 Loss: 0.0043131323 Total Rewards: 15.0 Average Rewards over all frames: -6.323268206039076 Last-10 average reward: 15.2 Best mean reward of last-10: 18.8 Last-100 average reward: 14.35 Best mean reward of last-100: 14.35 Time: 0.018456220626831055 Total time so far: 81813.87961864471
Frame: 1240000 Loss: 0.00430539 Total Rewards: 14.0 Average Rewards over all frames: -6.126760563380282 Last-10 average reward: 14.8 Best mean reward of last-10: 18.8 Last-100 average reward: 14.81 Best mean reward of last-100: 14.81 Time: 0.01668524742126465 Total time so far: 82588.5670516491
Frame: 1250000 Loss: 0.0042975275 Total Rewards: 17.0 Average Rewards over all frames: -5.885017421602788 Last-10 average reward: 16.2 Best mean reward of last-10: 18.8 Last-100 average reward: 15.21 Best mean reward of last-100: 15.21 Time: 0.015050888061523438 Total time so far: 83364.58777093887
Frame: 1260000 Loss: 0.0042893332 Total Rewards: 16.0 Average Rewards over all frames: -5.6977547495682215 Last-10 average reward: 16.4 Best mean reward of last-10: 18.8 Last-100 average reward: 15.49 Best mean reward of last-100: 15.49 Time: 0.01599287986755371 Total time so far: 84142.3370540142
Frame: 1270000 Loss: 0.0042809625 Total Rewards: 19.0 Average Rewards over all frames: -5.491438356164384 Last-10 average reward: 17.1 Best mean reward of last-10: 18.8 Last-100 average reward: 15.75 Best mean reward of last-100: 15.75 Time: 0.02043771743774414 Total time so far: 84923.20842552185
Frame: 1280000 Loss: 0.0042729084 Total Rewards: 19.0 Average Rewards over all frames: -5.255932203389831 Last-10 average reward: 17.9 Best mean reward of last-10: 18.8 Last-100 average reward: 15.97 Best mean reward of last-100: 15.97 Time: 0.01789402961730957 Total time so far: 85702.09212112427
Frame: 1290000 Loss: 0.004263872 Total Rewards: 17.0 Average Rewards over all frames: -5.065546218487395 Last-10 average reward: 17.5 Best mean reward of last-10: 18.8 Last-100 average reward: 16.2 Best mean reward of last-100: 16.2 Time: 0.01646113395690918 Total time so far: 86479.34788632393
Frame: 1300000 Loss: 0.00425426 Total Rewards: 16.0 Average Rewards over all frames: -4.878333333333333 Last-10 average reward: 17.4 Best mean reward of last-10: 18.8 Last-100 average reward: 16.51 Best mean reward of last-100: 16.51 Time: 0.017169952392578125 Total time so far: 87257.15022087097
Frame: 1310000 Loss: 0.004244098 Total Rewards: 17.0 Average Rewards over all frames: -4.689256198347107 Last-10 average reward: 17.7 Best mean reward of last-10: 18.8 Last-100 average reward: 16.77 Best mean reward of last-100: 16.77 Time: 0.014971017837524414 Total time so far: 88093.35885000229
Frame: 1320000 Loss: 0.0042352895 Total Rewards: 19.0 Average Rewards over all frames: -4.468085106382978 Last-10 average reward: 18.0 Best mean reward of last-10: 18.8 Last-100 average reward: 17.08 Best mean reward of last-100: 17.08 Time: 0.016683578491210938 Total time so far: 88868.13207530975
Frame: 1330000 Loss: 0.0042253453 Total Rewards: 18.0 Average Rewards over all frames: -4.277597402597403 Last-10 average reward: 18.5 Best mean reward of last-10: 18.8 Last-100 average reward: 17.24 Best mean reward of last-100: 17.24 Time: 0.014650344848632812 Total time so far: 89647.22521162033
Frame: 1340000 Loss: 0.0042156777 Total Rewards: 19.0 Average Rewards over all frames: -4.065916398713826 Last-10 average reward: 18.2 Best mean reward of last-10: 18.8 Last-100 average reward: 17.23 Best mean reward of last-100: 17.24 Time: 0.02041172981262207 Total time so far: 90435.3242828846
Frame: 1350000 Loss: 0.004205807 Total Rewards: 19.0 Average Rewards over all frames: -3.8915470494417863 Last-10 average reward: 17.6 Best mean reward of last-10: 18.8 Last-100 average reward: 17.32 Best mean reward of last-100: 17.32 Time: 0.018105268478393555 Total time so far: 91249.53195023537
Frame: 1360000 Loss: 0.0041963332 Total Rewards: 16.0 Average Rewards over all frames: -3.7278481012658227 Last-10 average reward: 17.3 Best mean reward of last-10: 18.8 Last-100 average reward: 17.32 Best mean reward of last-100: 17.32 Time: 0.016219615936279297 Total time so far: 92060.76204514503
Frame: 1370000 Loss: 0.00418701 Total Rewards: 19.0 Average Rewards over all frames: -3.518808777429467 Last-10 average reward: 17.6 Best mean reward of last-10: 18.8 Last-100 average reward: 17.4 Best mean reward of last-100: 17.4 Time: 0.020556211471557617 Total time so far: 92843.01857972145
Frame: 1380000 Loss: 0.0041777515 Total Rewards: 18.0 Average Rewards over all frames: -3.354587869362364 Last-10 average reward: 18.2 Best mean reward of last-10: 18.8 Last-100 average reward: 17.3 Best mean reward of last-100: 17.4 Time: 0.015035152435302734 Total time so far: 93618.52803254128
Frame: 1390000 Loss: 0.0041691116 Total Rewards: 17.0 Average Rewards over all frames: -3.1867283950617282 Last-10 average reward: 18.0 Best mean reward of last-10: 18.8 Last-100 average reward: 17.32 Best mean reward of last-100: 17.4 Time: 0.01629781723022461 Total time so far: 94396.0209684372
Frame: 1400000 Loss: 0.004159805 Total Rewards: 20.0 Average Rewards over all frames: -2.9831804281345566 Last-10 average reward: 18.8 Best mean reward of last-10: 18.8 Last-100 average reward: 17.48 Best mean reward of last-100: 17.48 Time: 0.0191650390625 Total time so far: 95169.5345480442
Frame: 1410000 Loss: 0.004149913 Total Rewards: 19.0 Average Rewards over all frames: -2.819423368740516 Last-10 average reward: 18.9 Best mean reward of last-10: 18.9 Last-100 average reward: 17.6 Best mean reward of last-100: 17.6 Time: 0.015507698059082031 Total time so far: 96018.11170864105
Frame: 1420000 Loss: 0.0041396786 Total Rewards: 20.0 Average Rewards over all frames: -2.6270676691729324 Last-10 average reward: 18.5 Best mean reward of last-10: 18.9 Last-100 average reward: 17.79 Best mean reward of last-100: 17.79 Time: 0.019760847091674805 Total time so far: 96792.92523026466
Frame: 1430000 Loss: 0.004129095 Total Rewards: 19.0 Average Rewards over all frames: -2.4307004470938898 Last-10 average reward: 19.6 Best mean reward of last-10: 19.6 Last-100 average reward: 18.02 Best mean reward of last-100: 18.02 Time: 0.01456308364868164 Total time so far: 97585.52229046822
Frame: 1440000 Loss: 0.0041188365 Total Rewards: 17.0 Average Rewards over all frames: -2.2810650887573964 Last-10 average reward: 18.8 Best mean reward of last-10: 19.6 Last-100 average reward: 18.0 Best mean reward of last-100: 18.02 Time: 0.01885533332824707 Total time so far: 98375.68829321861
Frame: 1450000 Loss: 0.004107775 Total Rewards: 19.0 Average Rewards over all frames: -2.096774193548387 Last-10 average reward: 18.5 Best mean reward of last-10: 19.6 Last-100 average reward: 18.14 Best mean reward of last-100: 18.14 Time: 0.016651630401611328 Total time so far: 99162.29753947258
Frame: 1460000 Loss: 0.0040968577 Total Rewards: 17.0 Average Rewards over all frames: -1.960698689956332 Last-10 average reward: 17.5 Best mean reward of last-10: 19.6 Last-100 average reward: 18.08 Best mean reward of last-100: 18.14 Time: 0.020687580108642578 Total time so far: 99941.53858351707
Frame: 1470000 Loss: 0.004085456 Total Rewards: 20.0 Average Rewards over all frames: -1.7806637806637806 Last-10 average reward: 18.6 Best mean reward of last-10: 19.6 Last-100 average reward: 18.13 Best mean reward of last-100: 18.14 Time: 0.014133691787719727 Total time so far: 100715.31779456139
Frame: 1480000 Loss: 0.004073669 Total Rewards: 16.0 Average Rewards over all frames: -1.6418338108882522 Last-10 average reward: 18.3 Best mean reward of last-10: 19.6 Last-100 average reward: 18.17 Best mean reward of last-100: 18.17 Time: 0.014558553695678711 Total time so far: 101494.53638362885
Frame: 1490000 Loss: 0.0040616347 Total Rewards: 18.0 Average Rewards over all frames: -1.500711237553343 Last-10 average reward: 17.9 Best mean reward of last-10: 19.6 Last-100 average reward: 18.18 Best mean reward of last-100: 18.18 Time: 0.01553797721862793 Total time so far: 102330.89890527725
Frame: 1500000 Loss: 0.004050759 Total Rewards: 10.0 Average Rewards over all frames: -1.3855932203389831 Last-10 average reward: 16.5 Best mean reward of last-10: 19.6 Last-100 average reward: 18.05 Best mean reward of last-100: 18.18 Time: 0.014666080474853516 Total time so far: 103122.34467196465
NewLearningRate:  [2.910897e-05]
Frame: 1510000 Loss: 0.004040171 Total Rewards: 18.0 Average Rewards over all frames: -1.2170868347338935 Last-10 average reward: 17.3 Best mean reward of last-10: 19.6 Last-100 average reward: 18.04 Best mean reward of last-100: 18.18 Time: 0.01566457748413086 Total time so far: 104050.33464717865
Frame: 1520000 Loss: 0.0040296577 Total Rewards: 18.0 Average Rewards over all frames: -1.0792767732962447 Last-10 average reward: 18.8 Best mean reward of last-10: 19.6 Last-100 average reward: 18.07 Best mean reward of last-100: 18.18 Time: 0.022065401077270508 Total time so far: 105033.05647683144
Frame: 1530000 Loss: 0.004019667 Total Rewards: 19.0 Average Rewards over all frames: -0.9296551724137931 Last-10 average reward: 17.6 Best mean reward of last-10: 19.6 Last-100 average reward: 18.04 Best mean reward of last-100: 18.18 Time: 0.02130270004272461 Total time so far: 106077.96644043922
Frame: 1540000 Loss: 0.0040087802 Total Rewards: 20.0 Average Rewards over all frames: -0.7958904109589041 Last-10 average reward: 18.0 Best mean reward of last-10: 19.6 Last-100 average reward: 18.11 Best mean reward of last-100: 18.18 Time: 0.023491621017456055 Total time so far: 107126.62664484978
Frame: 1550000 Loss: 0.003997119 Total Rewards: 19.0 Average Rewards over all frames: -0.673469387755102 Last-10 average reward: 17.9 Best mean reward of last-10: 19.6 Last-100 average reward: 18.09 Best mean reward of last-100: 18.18 Time: 0.027527570724487305 Total time so far: 108306.41171765327
Frame: 1560000 Loss: 0.0039855307 Total Rewards: 16.0 Average Rewards over all frames: -0.5263157894736842 Last-10 average reward: 17.4 Best mean reward of last-10: 19.6 Last-100 average reward: 18.05 Best mean reward of last-100: 18.18 Time: 0.019986867904663086 Total time so far: 109417.94168543816
Frame: 1570000 Loss: 0.003974153 Total Rewards: 15.0 Average Rewards over all frames: -0.3708165997322624 Last-10 average reward: 18.9 Best mean reward of last-10: 19.6 Last-100 average reward: 18.05 Best mean reward of last-100: 18.18 Time: 0.023102521896362305 Total time so far: 110499.69816946983
Frame: 1580000 Loss: 0.003962434 Total Rewards: 19.0 Average Rewards over all frames: -0.2473404255319149 Last-10 average reward: 18.5 Best mean reward of last-10: 19.6 Last-100 average reward: 18.04 Best mean reward of last-100: 18.18 Time: 0.017543554306030273 Total time so far: 111537.36027503014
Frame: 1590000 Loss: 0.0039505134 Total Rewards: 17.0 Average Rewards over all frames: -0.130779392338177 Last-10 average reward: 17.8 Best mean reward of last-10: 19.6 Last-100 average reward: 17.97 Best mean reward of last-100: 18.18 Time: 0.020177125930786133 Total time so far: 112584.04107522964
Frame: 1600000 Loss: 0.003938587 Total Rewards: 20.0 Average Rewards over all frames: 0.011795543905635648 Last-10 average reward: 17.5 Best mean reward of last-10: 19.6 Last-100 average reward: 17.96 Best mean reward of last-100: 18.18 Time: 0.02215409278869629 Total time so far: 113634.91732692719
Frame: 1610000 Loss: 0.0039269924 Total Rewards: 17.0 Average Rewards over all frames: 0.08072916666666667 Last-10 average reward: 14.1 Best mean reward of last-10: 19.6 Last-100 average reward: 17.52 Best mean reward of last-100: 18.18 Time: 0.021654605865478516 Total time so far: 114864.39417076111
Frame: 1620000 Loss: 0.003914464 Total Rewards: 16.0 Average Rewards over all frames: 0.21963824289405684 Last-10 average reward: 18.2 Best mean reward of last-10: 19.6 Last-100 average reward: 17.47 Best mean reward of last-100: 18.18 Time: 0.02136969566345215 Total time so far: 115915.86222577095
Frame: 1630000 Loss: 0.003902039 Total Rewards: 20.0 Average Rewards over all frames: 0.36025641025641025 Last-10 average reward: 18.4 Best mean reward of last-10: 19.6 Last-100 average reward: 17.5 Best mean reward of last-100: 18.18 Time: 0.019943952560424805 Total time so far: 116710.88019514084
Frame: 1640000 Loss: 0.003889818 Total Rewards: 20.0 Average Rewards over all frames: 0.4662420382165605 Last-10 average reward: 17.9 Best mean reward of last-10: 19.6 Last-100 average reward: 17.5 Best mean reward of last-100: 18.18 Time: 0.016169309616088867 Total time so far: 117492.94593548775
Frame: 1650000 Loss: 0.0038780486 Total Rewards: 16.0 Average Rewards over all frames: 0.579746835443038 Last-10 average reward: 17.7 Best mean reward of last-10: 19.6 Last-100 average reward: 17.5 Best mean reward of last-100: 18.18 Time: 0.016887187957763672 Total time so far: 118274.29905843735
Frame: 1660000 Loss: 0.0038662592 Total Rewards: 19.0 Average Rewards over all frames: 0.7185929648241206 Last-10 average reward: 18.8 Best mean reward of last-10: 19.6 Last-100 average reward: 17.48 Best mean reward of last-100: 18.18 Time: 0.016965389251708984 Total time so far: 119055.66482329369
Frame: 1670000 Loss: 0.0038540685 Total Rewards: 18.0 Average Rewards over all frames: 0.8541147132169576 Last-10 average reward: 18.9 Best mean reward of last-10: 19.6 Last-100 average reward: 17.58 Best mean reward of last-100: 18.18 Time: 0.015244483947753906 Total time so far: 119840.97058320045
Frame: 1680000 Loss: 0.003841862 Total Rewards: 20.0 Average Rewards over all frames: 0.952912019826518 Last-10 average reward: 17.8 Best mean reward of last-10: 19.6 Last-100 average reward: 17.6 Best mean reward of last-100: 18.18 Time: 0.015736818313598633 Total time so far: 120622.54290986061
Frame: 1690000 Loss: 0.0038294988 Total Rewards: 17.0 Average Rewards over all frames: 1.089790897908979 Last-10 average reward: 19.3 Best mean reward of last-10: 19.6 Last-100 average reward: 17.73 Best mean reward of last-100: 18.18 Time: 0.019701480865478516 Total time so far: 121410.49913740158
Frame: 1700000 Loss: 0.0038171492 Total Rewards: 17.0 Average Rewards over all frames: 1.1968215158924205 Last-10 average reward: 19.0 Best mean reward of last-10: 19.6 Last-100 average reward: 17.73 Best mean reward of last-100: 18.18 Time: 0.016980648040771484 Total time so far: 122193.47968363762
Frame: 1710000 Loss: 0.0038046855 Total Rewards: 19.0 Average Rewards over all frames: 1.3228155339805825 Last-10 average reward: 18.4 Best mean reward of last-10: 19.6 Last-100 average reward: 17.83 Best mean reward of last-100: 18.18 Time: 0.020172119140625 Total time so far: 123364.41983819008
Frame: 1720000 Loss: 0.0037923052 Total Rewards: 20.0 Average Rewards over all frames: 1.422195416164053 Last-10 average reward: 18.0 Best mean reward of last-10: 19.6 Last-100 average reward: 17.8 Best mean reward of last-100: 18.18 Time: 0.01972031593322754 Total time so far: 124160.24846363068
Frame: 1730000 Loss: 0.003779721 Total Rewards: 19.0 Average Rewards over all frames: 1.4916067146282974 Last-10 average reward: 15.4 Best mean reward of last-10: 19.6 Last-100 average reward: 17.58 Best mean reward of last-100: 18.18 Time: 0.019805431365966797 Total time so far: 124942.45767641068
Frame: 1740000 Loss: 0.0037671037 Total Rewards: 16.0 Average Rewards over all frames: 1.6 Last-10 average reward: 16.8 Best mean reward of last-10: 19.6 Last-100 average reward: 17.5 Best mean reward of last-100: 18.18 Time: 0.02943706512451172 Total time so far: 125760.4009513855
Frame: 1750000 Loss: 0.003754559 Total Rewards: 14.0 Average Rewards over all frames: 1.6623222748815165 Last-10 average reward: 15.9 Best mean reward of last-10: 19.6 Last-100 average reward: 17.34 Best mean reward of last-100: 18.18 Time: 0.02269911766052246 Total time so far: 126863.70984268188
Frame: 1760000 Loss: 0.003741875 Total Rewards: 17.0 Average Rewards over all frames: 1.7811764705882354 Last-10 average reward: 17.0 Best mean reward of last-10: 19.6 Last-100 average reward: 17.38 Best mean reward of last-100: 18.18 Time: 0.019876956939697266 Total time so far: 128033.46390509605
Frame: 1770000 Loss: 0.003729525 Total Rewards: 20.0 Average Rewards over all frames: 1.8619883040935672 Last-10 average reward: 16.9 Best mean reward of last-10: 19.6 Last-100 average reward: 17.24 Best mean reward of last-100: 18.18 Time: 0.026165008544921875 Total time so far: 129229.38735866547
Frame: 1780000 Loss: 0.0037165594 Total Rewards: 20.0 Average Rewards over all frames: 1.9860627177700347 Last-10 average reward: 17.9 Best mean reward of last-10: 19.6 Last-100 average reward: 17.37 Best mean reward of last-100: 18.18 Time: 0.03380274772644043 Total time so far: 130424.67185354233
Frame: 1790000 Loss: 0.003703822 Total Rewards: 18.0 Average Rewards over all frames: 2.1026528258362167 Last-10 average reward: 19.3 Best mean reward of last-10: 19.6 Last-100 average reward: 17.78 Best mean reward of last-100: 18.18 Time: 0.02066802978515625 Total time so far: 131601.9904065132
Frame: 1800000 Loss: 0.0036909895 Total Rewards: 17.0 Average Rewards over all frames: 2.198394495412844 Last-10 average reward: 18.8 Best mean reward of last-10: 19.6 Last-100 average reward: 17.82 Best mean reward of last-100: 18.18 Time: 0.026429176330566406 Total time so far: 132752.90073680878
Frame: 1810000 Loss: 0.0036779614 Total Rewards: 19.0 Average Rewards over all frames: 2.3006833712984056 Last-10 average reward: 17.7 Best mean reward of last-10: 19.6 Last-100 average reward: 17.77 Best mean reward of last-100: 18.18 Time: 0.019856691360473633 Total time so far: 145141.65077114105
Frame: 1820000 Loss: 0.0036648912 Total Rewards: 18.0 Average Rewards over all frames: 2.394110985277463 Last-10 average reward: 17.8 Best mean reward of last-10: 19.6 Last-100 average reward: 17.76 Best mean reward of last-100: 18.18 Time: 0.02094101905822754 Total time so far: 145990.86318850517
Frame: 1830000 Loss: 0.0036522516 Total Rewards: 16.0 Average Rewards over all frames: 2.4938132733408325 Last-10 average reward: 17.8 Best mean reward of last-10: 19.6 Last-100 average reward: 17.75 Best mean reward of last-100: 18.18 Time: 0.019056320190429688 Total time so far: 146811.96156573296
Frame: 1840000 Loss: 0.0036402238 Total Rewards: 18.0 Average Rewards over all frames: 2.5794183445190155 Last-10 average reward: 17.6 Best mean reward of last-10: 19.6 Last-100 average reward: 17.72 Best mean reward of last-100: 18.18 Time: 0.019013404846191406 Total time so far: 147591.7603213787
Frame: 1850000 Loss: 0.0036281603 Total Rewards: 15.0 Average Rewards over all frames: 2.636262513904338 Last-10 average reward: 15.3 Best mean reward of last-10: 19.6 Last-100 average reward: 17.41 Best mean reward of last-100: 18.18 Time: 0.013575553894042969 Total time so far: 148349.22224092484
Frame: 1860000 Loss: 0.0036156077 Total Rewards: 19.0 Average Rewards over all frames: 2.7179203539823007 Last-10 average reward: 15.1 Best mean reward of last-10: 19.6 Last-100 average reward: 17.46 Best mean reward of last-100: 18.18 Time: 0.0150909423828125 Total time so far: 149106.97131037712
Frame: 1870000 Loss: 0.0036034875 Total Rewards: 21.0 Average Rewards over all frames: 2.7843784378437846 Last-10 average reward: 16.1 Best mean reward of last-10: 19.6 Last-100 average reward: 17.22 Best mean reward of last-100: 18.18 Time: 0.01923680305480957 Total time so far: 149864.12450885773
Frame: 1880000 Loss: 0.0035919263 Total Rewards: 19.0 Average Rewards over all frames: 2.8808743169398907 Last-10 average reward: 17.4 Best mean reward of last-10: 19.6 Last-100 average reward: 17.1 Best mean reward of last-100: 18.18 Time: 0.020254135131835938 Total time so far: 150621.47211623192
Frame: 1890000 Loss: 0.0035798503 Total Rewards: 12.0 Average Rewards over all frames: 2.930359085963003 Last-10 average reward: 16.2 Best mean reward of last-10: 19.6 Last-100 average reward: 16.94 Best mean reward of last-100: 18.18 Time: 0.016133785247802734 Total time so far: 151376.52712750435
Frame: 1900000 Loss: 0.0035670055 Total Rewards: 18.0 Average Rewards over all frames: 3.022702702702703 Last-10 average reward: 16.0 Best mean reward of last-10: 19.6 Last-100 average reward: 16.92 Best mean reward of last-100: 18.18 Time: 0.017934083938598633 Total time so far: 152134.59597229958
Frame: 1910000 Loss: 0.0035541826 Total Rewards: 18.0 Average Rewards over all frames: 3.1053763440860216 Last-10 average reward: 18.2 Best mean reward of last-10: 19.6 Last-100 average reward: 17.12 Best mean reward of last-100: 18.18 Time: 0.0173037052154541 Total time so far: 163737.49226427078
Frame: 1920000 Loss: 0.003541577 Total Rewards: 18.0 Average Rewards over all frames: 3.177540106951872 Last-10 average reward: 17.5 Best mean reward of last-10: 19.6 Last-100 average reward: 17.07 Best mean reward of last-100: 18.18 Time: 0.016926050186157227 Total time so far: 164513.48452568054
Frame: 1930000 Loss: 0.0035288879 Total Rewards: 11.0 Average Rewards over all frames: 3.2731137088204036 Last-10 average reward: 17.6 Best mean reward of last-10: 19.6 Last-100 average reward: 17.27 Best mean reward of last-100: 18.18 Time: 0.014127969741821289 Total time so far: 165270.03268885612
Frame: 1940000 Loss: 0.00351617 Total Rewards: 17.0 Average Rewards over all frames: 3.3350951374207187 Last-10 average reward: 16.4 Best mean reward of last-10: 19.6 Last-100 average reward: 17.14 Best mean reward of last-100: 18.18 Time: 0.01603412628173828 Total time so far: 166026.77186131477
Frame: 1950000 Loss: 0.0035035752 Total Rewards: 17.0 Average Rewards over all frames: 3.4185068349106205 Last-10 average reward: 17.1 Best mean reward of last-10: 19.6 Last-100 average reward: 17.2 Best mean reward of last-100: 18.18 Time: 0.01750040054321289 Total time so far: 166783.37249040604
Frame: 1960000 Loss: 0.0034910894 Total Rewards: 18.0 Average Rewards over all frames: 3.4843096234309625 Last-10 average reward: 17.6 Best mean reward of last-10: 19.6 Last-100 average reward: 17.21 Best mean reward of last-100: 18.18 Time: 0.019183635711669922 Total time so far: 167540.3118467331
Frame: 1970000 Loss: 0.0034786835 Total Rewards: 19.0 Average Rewards over all frames: 3.553590010405827 Last-10 average reward: 16.4 Best mean reward of last-10: 19.6 Last-100 average reward: 17.05 Best mean reward of last-100: 18.18 Time: 0.015767812728881836 Total time so far: 168296.79667186737
Frame: 1980000 Loss: 0.0034665035 Total Rewards: 19.0 Average Rewards over all frames: 3.616977225672878 Last-10 average reward: 16.3 Best mean reward of last-10: 19.6 Last-100 average reward: 16.89 Best mean reward of last-100: 18.18 Time: 0.015802383422851562 Total time so far: 169052.9208972454
Frame: 1990000 Loss: 0.0034545625 Total Rewards: -1.0 Average Rewards over all frames: 3.6463917525773195 Last-10 average reward: 14.1 Best mean reward of last-10: 19.6 Last-100 average reward: 16.58 Best mean reward of last-100: 18.18 Time: 0.018575191497802734 Total time so far: 169811.17477440834
Frame: 2000000 Loss: 0.0034426504 Total Rewards: 11.0 Average Rewards over all frames: 3.7066666666666666 Last-10 average reward: 13.9 Best mean reward of last-10: 19.6 Last-100 average reward: 16.47 Best mean reward of last-100: 18.18 Time: 0.016695737838745117 Total time so far: 170566.72962975502
NewLearningRate:  [2.88178803e-05]
Frame: 2010000 Loss: 0.003430633 Total Rewards: 19.0 Average Rewards over all frames: 3.7816326530612243 Last-10 average reward: 16.9 Best mean reward of last-10: 19.6 Last-100 average reward: 16.49 Best mean reward of last-100: 18.18 Time: 0.030300140380859375 Total time so far: 181664.9610800743
Frame: 2020000 Loss: 0.0034186614 Total Rewards: 16.0 Average Rewards over all frames: 3.866125760649087 Last-10 average reward: 18.2 Best mean reward of last-10: 19.6 Last-100 average reward: 16.44 Best mean reward of last-100: 18.18 Time: 0.018382549285888672 Total time so far: 182524.8958108425
Frame: 2030000 Loss: 0.0034068325 Total Rewards: 18.0 Average Rewards over all frames: 3.934409687184662 Last-10 average reward: 17.6 Best mean reward of last-10: 19.6 Last-100 average reward: 16.45 Best mean reward of last-100: 18.18 Time: 0.01814413070678711 Total time so far: 183284.01148414612
Frame: 2040000 Loss: 0.003395293 Total Rewards: 18.0 Average Rewards over all frames: 3.996987951807229 Last-10 average reward: 16.9 Best mean reward of last-10: 19.6 Last-100 average reward: 16.63 Best mean reward of last-100: 18.18 Time: 0.01925063133239746 Total time so far: 184040.27238965034
Frame: 2050000 Loss: 0.0033839669 Total Rewards: 19.0 Average Rewards over all frames: 4.060939060939061 Last-10 average reward: 16.6 Best mean reward of last-10: 19.6 Last-100 average reward: 16.55 Best mean reward of last-100: 18.18 Time: 0.014543533325195312 Total time so far: 184797.1307106018
Frame: 2060000 Loss: 0.0033725891 Total Rewards: 17.0 Average Rewards over all frames: 4.112326043737575 Last-10 average reward: 15.6 Best mean reward of last-10: 19.6 Last-100 average reward: 16.59 Best mean reward of last-100: 18.18 Time: 0.016141414642333984 Total time so far: 185553.80004143715
Frame: 2070000 Loss: 0.003361313 Total Rewards: 19.0 Average Rewards over all frames: 4.157425742574257 Last-10 average reward: 15.3 Best mean reward of last-10: 19.6 Last-100 average reward: 16.49 Best mean reward of last-100: 18.18 Time: 0.021117210388183594 Total time so far: 186312.44759869576
Frame: 2080000 Loss: 0.0033500483 Total Rewards: 15.0 Average Rewards over all frames: 4.219704433497537 Last-10 average reward: 16.3 Best mean reward of last-10: 19.6 Last-100 average reward: 16.47 Best mean reward of last-100: 18.18 Time: 0.017862558364868164 Total time so far: 187069.11051893234
Frame: 2090000 Loss: 0.0033389295 Total Rewards: 18.0 Average Rewards over all frames: 4.299706170421156 Last-10 average reward: 17.3 Best mean reward of last-10: 19.6 Last-100 average reward: 16.66 Best mean reward of last-100: 18.18 Time: 0.016236543655395508 Total time so far: 187827.05315971375
Frame: 2100000 Loss: 0.003327715 Total Rewards: 19.0 Average Rewards over all frames: 4.362573099415204 Last-10 average reward: 17.6 Best mean reward of last-10: 19.6 Last-100 average reward: 16.62 Best mean reward of last-100: 18.18 Time: 0.016635894775390625 Total time so far: 188583.32563567162
Frame: 2110000 Loss: 0.0033166637 Total Rewards: 19.0 Average Rewards over all frames: 4.432589718719689 Last-10 average reward: 18.0 Best mean reward of last-10: 19.6 Last-100 average reward: 16.66 Best mean reward of last-100: 18.18 Time: 0.016010761260986328 Total time so far: 197746.52994918823
Frame: 2120000 Loss: 0.003305916 Total Rewards: 18.0 Average Rewards over all frames: 4.498069498069498 Last-10 average reward: 18.4 Best mean reward of last-10: 19.6 Last-100 average reward: 16.69 Best mean reward of last-100: 18.18 Time: 0.014837265014648438 Total time so far: 198597.0576210022
Frame: 2130000 Loss: 0.0032953895 Total Rewards: 17.0 Average Rewards over all frames: 4.550432276657061 Last-10 average reward: 16.7 Best mean reward of last-10: 19.6 Last-100 average reward: 16.57 Best mean reward of last-100: 18.18 Time: 0.0197908878326416 Total time so far: 199886.4250485897
Frame: 2140000 Loss: 0.0032848453 Total Rewards: 17.0 Average Rewards over all frames: 4.617590822179732 Last-10 average reward: 17.0 Best mean reward of last-10: 19.6 Last-100 average reward: 16.75 Best mean reward of last-100: 18.18 Time: 0.0183868408203125 Total time so far: 200642.2474384308
Frame: 2150000 Loss: 0.0032749576 Total Rewards: 18.0 Average Rewards over all frames: 4.637488106565176 Last-10 average reward: 13.7 Best mean reward of last-10: 19.6 Last-100 average reward: 16.23 Best mean reward of last-100: 18.18 Time: 0.018856048583984375 Total time so far: 201398.08919906616
Frame: 2160000 Loss: 0.0032652507 Total Rewards: 9.0 Average Rewards over all frames: 4.692234848484849 Last-10 average reward: 12.5 Best mean reward of last-10: 19.6 Last-100 average reward: 16.24 Best mean reward of last-100: 18.18 Time: 0.01909160614013672 Total time so far: 202155.62951040268
Frame: 2170000 Loss: 0.0032556225 Total Rewards: 18.0 Average Rewards over all frames: 4.747408105560791 Last-10 average reward: 16.3 Best mean reward of last-10: 19.6 Last-100 average reward: 16.22 Best mean reward of last-100: 18.18 Time: 0.01757979393005371 Total time so far: 202911.74931669235
Frame: 2180000 Loss: 0.0032457637 Total Rewards: 17.0 Average Rewards over all frames: 4.8123827392120075 Last-10 average reward: 17.5 Best mean reward of last-10: 19.6 Last-100 average reward: 16.36 Best mean reward of last-100: 18.18 Time: 0.024102449417114258 Total time so far: 203705.16462492943
Frame: 2190000 Loss: 0.0032359408 Total Rewards: 13.0 Average Rewards over all frames: 4.833800186741363 Last-10 average reward: 14.0 Best mean reward of last-10: 19.6 Last-100 average reward: 16.21 Best mean reward of last-100: 18.18 Time: 0.015899181365966797 Total time so far: 204715.6457877159
Frame: 2200000 Loss: 0.0032261005 Total Rewards: 16.0 Average Rewards over all frames: 4.892193308550186 Last-10 average reward: 13.4 Best mean reward of last-10: 19.6 Last-100 average reward: 16.34 Best mean reward of last-100: 18.18 Time: 0.024455547332763672 Total time so far: 205768.49068522453
Frame: 2210000 Loss: 0.0032167358 Total Rewards: 20.0 Average Rewards over all frames: 4.9518963922294175 Last-10 average reward: 17.6 Best mean reward of last-10: 19.6 Last-100 average reward: 16.3 Best mean reward of last-100: 18.18 Time: 0.061194658279418945 Total time so far: 220179.87897706032
Frame: 2220000 Loss: 0.0032072125 Total Rewards: 15.0 Average Rewards over all frames: 5.018399264029439 Last-10 average reward: 17.1 Best mean reward of last-10: 19.6 Last-100 average reward: 16.23 Best mean reward of last-100: 18.18 Time: 0.018755435943603516 Total time so far: 221103.75264692307
Frame: 2230000 Loss: 0.0031980982 Total Rewards: 17.0 Average Rewards over all frames: 5.079670329670329 Last-10 average reward: 18.4 Best mean reward of last-10: 19.6 Last-100 average reward: 16.32 Best mean reward of last-100: 18.18 Time: 0.016504526138305664 Total time so far: 221872.39454364777
Frame: 2240000 Loss: 0.00318899 Total Rewards: 13.0 Average Rewards over all frames: 5.133090246125797 Last-10 average reward: 17.6 Best mean reward of last-10: 19.6 Last-100 average reward: 16.32 Best mean reward of last-100: 18.18 Time: 0.014606475830078125 Total time so far: 222632.7537560463
Frame: 2250000 Loss: 0.003179843 Total Rewards: 18.0 Average Rewards over all frames: 5.190562613430127 Last-10 average reward: 17.3 Best mean reward of last-10: 19.6 Last-100 average reward: 16.46 Best mean reward of last-100: 18.18 Time: 0.016272783279418945 Total time so far: 223388.36834073067
Frame: 2260000 Loss: 0.0031708067 Total Rewards: 19.0 Average Rewards over all frames: 5.264440433212997 Last-10 average reward: 18.2 Best mean reward of last-10: 19.6 Last-100 average reward: 16.69 Best mean reward of last-100: 18.18 Time: 0.01765751838684082 Total time so far: 224145.156447649
Frame: 2270000 Loss: 0.003161847 Total Rewards: 17.0 Average Rewards over all frames: 5.318059299191375 Last-10 average reward: 18.0 Best mean reward of last-10: 19.6 Last-100 average reward: 16.66 Best mean reward of last-100: 18.18 Time: 0.018540143966674805 Total time so far: 224899.42032957077
Frame: 2280000 Loss: 0.0031525567 Total Rewards: 16.0 Average Rewards over all frames: 5.3711985688729875 Last-10 average reward: 17.2 Best mean reward of last-10: 19.6 Last-100 average reward: 16.68 Best mean reward of last-100: 18.18 Time: 0.01772284507751465 Total time so far: 225652.09105062485
Frame: 2290000 Loss: 0.0031436507 Total Rewards: 17.0 Average Rewards over all frames: 5.425645592163847 Last-10 average reward: 17.4 Best mean reward of last-10: 19.6 Last-100 average reward: 16.76 Best mean reward of last-100: 18.18 Time: 0.015730619430541992 Total time so far: 226405.33695793152
Frame: 2300000 Loss: 0.0031351317 Total Rewards: 17.0 Average Rewards over all frames: 5.4951284322409215 Last-10 average reward: 18.3 Best mean reward of last-10: 19.6 Last-100 average reward: 16.69 Best mean reward of last-100: 18.18 Time: 0.016098499298095703 Total time so far: 227157.80863308907
Frame: 2310000 Loss: 0.0031267917 Total Rewards: 19.0 Average Rewards over all frames: 5.556437389770723 Last-10 average reward: 18.8 Best mean reward of last-10: 19.6 Last-100 average reward: 16.79 Best mean reward of last-100: 18.18 Time: 0.027362823486328125 Total time so far: 237057.49193692207
Frame: 2320000 Loss: 0.0031184594 Total Rewards: 19.0 Average Rewards over all frames: 5.623684210526315 Last-10 average reward: 18.7 Best mean reward of last-10: 19.6 Last-100 average reward: 16.91 Best mean reward of last-100: 18.18 Time: 0.018348217010498047 Total time so far: 237887.82669115067
Frame: 2330000 Loss: 0.0031103233 Total Rewards: 16.0 Average Rewards over all frames: 5.678602620087336 Last-10 average reward: 18.6 Best mean reward of last-10: 19.6 Last-100 average reward: 16.89 Best mean reward of last-100: 18.18 Time: 0.01450967788696289 Total time so far: 238642.35211730003
Frame: 2340000 Loss: 0.0031022956 Total Rewards: 19.0 Average Rewards over all frames: 5.748045178105995 Last-10 average reward: 18.5 Best mean reward of last-10: 19.6 Last-100 average reward: 17.42 Best mean reward of last-100: 18.18 Time: 0.014208793640136719 Total time so far: 239392.4652748108
Frame: 2350000 Loss: 0.0030945218 Total Rewards: 18.0 Average Rewards over all frames: 5.806228373702422 Last-10 average reward: 19.1 Best mean reward of last-10: 19.6 Last-100 average reward: 17.57 Best mean reward of last-100: 18.18 Time: 0.015715360641479492 Total time so far: 240142.18218684196
Frame: 2360000 Loss: 0.0030871602 Total Rewards: 17.0 Average Rewards over all frames: 5.876075731497418 Last-10 average reward: 19.3 Best mean reward of last-10: 19.6 Last-100 average reward: 17.71 Best mean reward of last-100: 18.18 Time: 0.01795649528503418 Total time so far: 240891.8507437706
Frame: 2370000 Loss: 0.0030799203 Total Rewards: 20.0 Average Rewards over all frames: 5.932305055698372 Last-10 average reward: 19.0 Best mean reward of last-10: 19.6 Last-100 average reward: 17.97 Best mean reward of last-100: 18.18 Time: 0.015050649642944336 Total time so far: 241641.02215957642
Frame: 2380000 Loss: 0.003072821 Total Rewards: 19.0 Average Rewards over all frames: 5.9991474850809885 Last-10 average reward: 18.9 Best mean reward of last-10: 19.6 Last-100 average reward: 18.26 Best mean reward of last-100: 18.26 Time: 0.01786971092224121 Total time so far: 242389.44909501076
Frame: 2390000 Loss: 0.003065999 Total Rewards: 13.0 Average Rewards over all frames: 6.006791171477079 Last-10 average reward: 13.5 Best mean reward of last-10: 19.6 Last-100 average reward: 17.78 Best mean reward of last-100: 18.26 Time: 0.018331527709960938 Total time so far: 243138.57804465294
Frame: 2400000 Loss: 0.0030604112 Total Rewards: 19.0 Average Rewards over all frames: 6.032121724429417 Last-10 average reward: 9.9 Best mean reward of last-10: 19.6 Last-100 average reward: 17.54 Best mean reward of last-100: 18.26 Time: 0.018625497817993164 Total time so far: 243888.5610256195
Frame: 2410000 Loss: 0.0030547734 Total Rewards: 20.0 Average Rewards over all frames: 6.071548821548822 Last-10 average reward: 13.7 Best mean reward of last-10: 19.6 Last-100 average reward: 17.38 Best mean reward of last-100: 18.26 Time: 0.041199445724487305 Total time so far: 254134.92333722115
Frame: 2420000 Loss: 0.0030492959 Total Rewards: 18.0 Average Rewards over all frames: 6.126571668063705 Last-10 average reward: 17.3 Best mean reward of last-10: 19.6 Last-100 average reward: 17.44 Best mean reward of last-100: 18.26 Time: 0.01907062530517578 Total time so far: 254976.29351735115
Frame: 2430000 Loss: 0.0030441242 Total Rewards: 19.0 Average Rewards over all frames: 6.190992493744787 Last-10 average reward: 18.9 Best mean reward of last-10: 19.6 Last-100 average reward: 17.52 Best mean reward of last-100: 18.26 Time: 0.013786554336547852 Total time so far: 255729.36118006706
Frame: 2440000 Loss: 0.0030396658 Total Rewards: 19.0 Average Rewards over all frames: 6.219269102990033 Last-10 average reward: 15.9 Best mean reward of last-10: 19.6 Last-100 average reward: 17.29 Best mean reward of last-100: 18.26 Time: 0.019932031631469727 Total time so far: 256479.20214939117
Frame: 2450000 Loss: 0.0030349223 Total Rewards: 21.0 Average Rewards over all frames: 6.267990074441688 Last-10 average reward: 15.5 Best mean reward of last-10: 19.6 Last-100 average reward: 17.26 Best mean reward of last-100: 18.26 Time: 0.017127037048339844 Total time so far: 257228.08098435402
Frame: 2460000 Loss: 0.003030751 Total Rewards: 20.0 Average Rewards over all frames: 6.317133443163097 Last-10 average reward: 18.1 Best mean reward of last-10: 19.6 Last-100 average reward: 17.29 Best mean reward of last-100: 18.26 Time: 0.015718460083007812 Total time so far: 257977.37688541412
Frame: 2470000 Loss: 0.0030275022 Total Rewards: 15.0 Average Rewards over all frames: 6.354388843314192 Last-10 average reward: 16.8 Best mean reward of last-10: 19.6 Last-100 average reward: 17.25 Best mean reward of last-100: 18.26 Time: 0.016396284103393555 Total time so far: 258727.06324839592
slurmstepd: error: *** JOB 90611 ON local01 CANCELLED AT 2020-06-06T08:47:20 DUE TO TIME LIMIT ***
