Running on local01
gpu
Namespace(N=1, batch_size=16, capacity=1000000, epsilon_decay=30000, epsilon_final=0.01, epsilon_start=1.0, frame_stack=True, gamma=0.99, lr=3e-05, num_frames=10000000, number_of_updates=10, optimizer='Adam', render=0, save_freq_frame=100000, save_interim_path='../results/DQN/interim/', save_model_path='../results/DQN/model_lr3e_5_10Mframes_4prevframes.pth', save_result_path='../results/DQN/results_lr3e_5_10Mframes_4prevframes.npy', seed=1, target_update_freq=10000)
Using cuda:  True
Preparing replay buffer with len --  10000 Frame: 10000 Total time so far: 19.332971334457397
Frame: 20000 Loss: 0.0090762 Total Rewards: -21.0 Average Rewards over all frames: -20.333333333333332 Last-10 average reward: -20.2 Best mean reward of last-10: -20.2 Last-100 average reward: -20.333333333333332 Best mean reward of last-100: -20.333333333333332 Time: 0.016640424728393555 Total time so far: 602.730884552002
Frame: 30000 Loss: 0.007059905 Total Rewards: -18.0 Average Rewards over all frames: -20.06451612903226 Last-10 average reward: -19.5 Best mean reward of last-10: -19.5 Last-100 average reward: -20.06451612903226 Best mean reward of last-100: -20.06451612903226 Time: 0.026325702667236328 Total time so far: 1195.282059431076
Frame: 40000 Loss: 0.0072536436 Total Rewards: -16.0 Average Rewards over all frames: -19.56756756756757 Last-10 average reward: -17.9 Best mean reward of last-10: -17.9 Last-100 average reward: -19.56756756756757 Best mean reward of last-100: -19.56756756756757 Time: 0.026201725006103516 Total time so far: 1796.0198426246643
Frame: 50000 Loss: 0.007865153 Total Rewards: -20.0 Average Rewards over all frames: -19.454545454545453 Last-10 average reward: -18.1 Best mean reward of last-10: -17.9 Last-100 average reward: -19.454545454545453 Best mean reward of last-100: -19.454545454545453 Time: 0.023617267608642578 Total time so far: 2401.0849628448486
Frame: 60000 Loss: 0.0081421295 Total Rewards: -19.0 Average Rewards over all frames: -19.2 Last-10 average reward: -18.0 Best mean reward of last-10: -17.9 Last-100 average reward: -19.2 Best mean reward of last-100: -19.2 Time: 0.024251461029052734 Total time so far: 3018.7836825847626
Frame: 70000 Loss: 0.008259767 Total Rewards: -12.0 Average Rewards over all frames: -18.910714285714285 Last-10 average reward: -16.9 Best mean reward of last-10: -16.9 Last-100 average reward: -18.910714285714285 Best mean reward of last-100: -18.910714285714285 Time: 0.021996498107910156 Total time so far: 3660.960700273514
Frame: 80000 Loss: 0.0082784565 Total Rewards: -17.0 Average Rewards over all frames: -18.887096774193548 Last-10 average reward: -17.8 Best mean reward of last-10: -16.9 Last-100 average reward: -18.887096774193548 Best mean reward of last-100: -18.887096774193548 Time: 0.017468690872192383 Total time so far: 4307.65079164505
Frame: 90000 Loss: 0.008115143 Total Rewards: -16.0 Average Rewards over all frames: -18.720588235294116 Last-10 average reward: -17.7 Best mean reward of last-10: -16.9 Last-100 average reward: -18.720588235294116 Best mean reward of last-100: -18.720588235294116 Time: 0.022863149642944336 Total time so far: 4954.303200960159
Frame: 100000 Loss: 0.007894708 Total Rewards: -16.0 Average Rewards over all frames: -18.60810810810811 Last-10 average reward: -17.2 Best mean reward of last-10: -16.9 Last-100 average reward: -18.60810810810811 Best mean reward of last-100: -18.60810810810811 Time: 0.01884317398071289 Total time so far: 5600.648644208908
Frame: 110000 Loss: 0.0076597296 Total Rewards: -15.0 Average Rewards over all frames: -18.443037974683545 Last-10 average reward: -16.7 Best mean reward of last-10: -16.7 Last-100 average reward: -18.443037974683545 Best mean reward of last-100: -18.443037974683545 Time: 0.031219005584716797 Total time so far: 6257.616649389267
Frame: 120000 Loss: 0.007436267 Total Rewards: -14.0 Average Rewards over all frames: -18.273809523809526 Last-10 average reward: -15.8 Best mean reward of last-10: -15.8 Last-100 average reward: -18.273809523809526 Best mean reward of last-100: -18.273809523809526 Time: 0.025256633758544922 Total time so far: 6916.249440431595
Frame: 130000 Loss: 0.0072166617 Total Rewards: -15.0 Average Rewards over all frames: -18.03370786516854 Last-10 average reward: -14.8 Best mean reward of last-10: -14.8 Last-100 average reward: -18.03370786516854 Best mean reward of last-100: -18.03370786516854 Time: 0.020428895950317383 Total time so far: 7578.8656713962555
Frame: 140000 Loss: 0.007040147 Total Rewards: -16.0 Average Rewards over all frames: -17.93617021276596 Last-10 average reward: -15.1 Best mean reward of last-10: -14.8 Last-100 average reward: -17.93617021276596 Best mean reward of last-100: -17.93617021276596 Time: 0.025339603424072266 Total time so far: 8248.983137845993
Frame: 150000 Loss: 0.0069021117 Total Rewards: -9.0 Average Rewards over all frames: -17.757575757575758 Last-10 average reward: -15.3 Best mean reward of last-10: -14.8 Last-100 average reward: -17.757575757575758 Best mean reward of last-100: -17.757575757575758 Time: 0.02734541893005371 Total time so far: 8924.936722517014
Frame: 160000 Loss: 0.006796788 Total Rewards: -12.0 Average Rewards over all frames: -17.576923076923077 Last-10 average reward: -14.2 Best mean reward of last-10: -14.2 Last-100 average reward: -17.45 Best mean reward of last-100: -17.45 Time: 0.025873899459838867 Total time so far: 9604.215932369232
Frame: 170000 Loss: 0.006698276 Total Rewards: -18.0 Average Rewards over all frames: -17.440366972477065 Last-10 average reward: -14.3 Best mean reward of last-10: -14.2 Last-100 average reward: -17.18 Best mean reward of last-100: -17.18 Time: 0.0192105770111084 Total time so far: 10289.811516284943
Frame: 180000 Loss: 0.0065991655 Total Rewards: -19.0 Average Rewards over all frames: -17.394736842105264 Last-10 average reward: -15.5 Best mean reward of last-10: -14.2 Last-100 average reward: -16.99 Best mean reward of last-100: -16.99 Time: 0.016837120056152344 Total time so far: 10981.771547317505
Frame: 190000 Loss: 0.0064739548 Total Rewards: -17.0 Average Rewards over all frames: -17.271186440677965 Last-10 average reward: -15.5 Best mean reward of last-10: -14.2 Last-100 average reward: -16.72 Best mean reward of last-100: -16.72 Time: 0.02706456184387207 Total time so far: 11678.16327047348
Frame: 200000 Loss: 0.0063559795 Total Rewards: -13.0 Average Rewards over all frames: -17.073170731707318 Last-10 average reward: -13.6 Best mean reward of last-10: -13.6 Last-100 average reward: -16.36 Best mean reward of last-100: -16.36 Time: 0.02121591567993164 Total time so far: 12380.372598171234
Frame: 210000 Loss: 0.006256103 Total Rewards: -14.0 Average Rewards over all frames: -16.937007874015748 Last-10 average reward: -13.0 Best mean reward of last-10: -13.0 Last-100 average reward: -16.06 Best mean reward of last-100: -16.06 Time: 0.020798921585083008 Total time so far: 13098.6040725708
Frame: 220000 Loss: 0.006156575 Total Rewards: -8.0 Average Rewards over all frames: -16.778625954198475 Last-10 average reward: -12.2 Best mean reward of last-10: -12.2 Last-100 average reward: -15.76 Best mean reward of last-100: -15.76 Time: 0.020650625228881836 Total time so far: 13825.182437419891
Frame: 230000 Loss: 0.0060642664 Total Rewards: -16.0 Average Rewards over all frames: -16.647058823529413 Last-10 average reward: -12.7 Best mean reward of last-10: -12.2 Last-100 average reward: -15.56 Best mean reward of last-100: -15.56 Time: 0.025724172592163086 Total time so far: 14574.823728322983
Frame: 240000 Loss: 0.005977813 Total Rewards: -16.0 Average Rewards over all frames: -16.53191489361702 Last-10 average reward: -13.3 Best mean reward of last-10: -12.2 Last-100 average reward: -15.32 Best mean reward of last-100: -15.32 Time: 0.020113229751586914 Total time so far: 15372.375656604767
Frame: 250000 Loss: 0.0058958596 Total Rewards: -14.0 Average Rewards over all frames: -16.438356164383563 Last-10 average reward: -13.6 Best mean reward of last-10: -12.2 Last-100 average reward: -15.1 Best mean reward of last-100: -15.1 Time: 0.0255734920501709 Total time so far: 16249.316355705261
Frame: 260000 Loss: 0.0058191465 Total Rewards: -17.0 Average Rewards over all frames: -16.34 Last-10 average reward: -13.6 Best mean reward of last-10: -12.2 Last-100 average reward: -14.91 Best mean reward of last-100: -14.91 Time: 0.02563929557800293 Total time so far: 17185.888038396835
Frame: 270000 Loss: 0.0057435487 Total Rewards: -9.0 Average Rewards over all frames: -16.212903225806453 Last-10 average reward: -12.7 Best mean reward of last-10: -12.2 Last-100 average reward: -14.66 Best mean reward of last-100: -14.66 Time: 0.031693220138549805 Total time so far: 18182.463357686996
Frame: 280000 Loss: 0.0056624394 Total Rewards: -8.0 Average Rewards over all frames: -16.08805031446541 Last-10 average reward: -12.4 Best mean reward of last-10: -12.2 Last-100 average reward: -14.43 Best mean reward of last-100: -14.43 Time: 0.019336223602294922 Total time so far: 18903.843220472336
Frame: 290000 Loss: 0.005589954 Total Rewards: -11.0 Average Rewards over all frames: -15.98159509202454 Last-10 average reward: -11.6 Best mean reward of last-10: -11.6 Last-100 average reward: -14.17 Best mean reward of last-100: -14.17 Time: 0.02203845977783203 Total time so far: 19515.40694141388
Frame: 300000 Loss: 0.0055251867 Total Rewards: -15.0 Average Rewards over all frames: -15.886904761904763 Last-10 average reward: -11.9 Best mean reward of last-10: -11.6 Last-100 average reward: -13.96 Best mean reward of last-100: -13.96 Time: 0.02253270149230957 Total time so far: 20165.784016609192
Frame: 310000 Loss: 0.005460481 Total Rewards: -5.0 Average Rewards over all frames: -15.720930232558139 Last-10 average reward: -11.0 Best mean reward of last-10: -11.0 Last-100 average reward: -13.6 Best mean reward of last-100: -13.6 Time: 0.021558284759521484 Total time so far: 20794.47824406624
Frame: 320000 Loss: 0.0054009305 Total Rewards: -13.0 Average Rewards over all frames: -15.630681818181818 Last-10 average reward: -10.6 Best mean reward of last-10: -10.6 Last-100 average reward: -13.41 Best mean reward of last-100: -13.41 Time: 0.02193284034729004 Total time so far: 21405.8943066597
Frame: 330000 Loss: 0.005341635 Total Rewards: -9.0 Average Rewards over all frames: -15.488888888888889 Last-10 average reward: -9.9 Best mean reward of last-10: -9.9 Last-100 average reward: -13.14 Best mean reward of last-100: -13.14 Time: 0.016677379608154297 Total time so far: 22019.061878204346
Frame: 340000 Loss: 0.0052788653 Total Rewards: -16.0 Average Rewards over all frames: -15.38586956521739 Last-10 average reward: -10.3 Best mean reward of last-10: -9.9 Last-100 average reward: -12.96 Best mean reward of last-100: -12.96 Time: 0.019678115844726562 Total time so far: 22635.61242365837
Frame: 350000 Loss: 0.0052245557 Total Rewards: -9.0 Average Rewards over all frames: -15.24468085106383 Last-10 average reward: -9.5 Best mean reward of last-10: -9.5 Last-100 average reward: -12.76 Best mean reward of last-100: -12.76 Time: 0.015455007553100586 Total time so far: 23256.435164690018
Frame: 360000 Loss: 0.005173753 Total Rewards: -14.0 Average Rewards over all frames: -15.17098445595855 Last-10 average reward: -11.3 Best mean reward of last-10: -9.5 Last-100 average reward: -12.58 Best mean reward of last-100: -12.58 Time: 0.015798091888427734 Total time so far: 23880.29202747345
Frame: 370000 Loss: 0.0051246667 Total Rewards: -15.0 Average Rewards over all frames: -15.111675126903553 Last-10 average reward: -12.0 Best mean reward of last-10: -9.5 Last-100 average reward: -12.45 Best mean reward of last-100: -12.45 Time: 0.018831491470336914 Total time so far: 24507.340159654617
Frame: 380000 Loss: 0.005079145 Total Rewards: -7.0 Average Rewards over all frames: -14.99502487562189 Last-10 average reward: -11.1 Best mean reward of last-10: -9.5 Last-100 average reward: -12.29 Best mean reward of last-100: -12.29 Time: 0.020253896713256836 Total time so far: 25138.662165164948
Frame: 390000 Loss: 0.005039681 Total Rewards: -5.0 Average Rewards over all frames: -14.892682926829268 Last-10 average reward: -9.9 Best mean reward of last-10: -9.5 Last-100 average reward: -12.1 Best mean reward of last-100: -12.1 Time: 0.018419742584228516 Total time so far: 25772.879718065262
Frame: 400000 Loss: 0.0050010914 Total Rewards: -14.0 Average Rewards over all frames: -14.861904761904762 Last-10 average reward: -11.4 Best mean reward of last-10: -9.5 Last-100 average reward: -12.02 Best mean reward of last-100: -12.02 Time: 0.019915103912353516 Total time so far: 26411.19861650467
Frame: 410000 Loss: 0.00496598 Total Rewards: -15.0 Average Rewards over all frames: -14.799065420560748 Last-10 average reward: -11.9 Best mean reward of last-10: -9.5 Last-100 average reward: -11.84 Best mean reward of last-100: -11.84 Time: 0.016968250274658203 Total time so far: 27072.46942305565
Frame: 420000 Loss: 0.004934048 Total Rewards: -8.0 Average Rewards over all frames: -14.706422018348624 Last-10 average reward: -11.6 Best mean reward of last-10: -9.5 Last-100 average reward: -11.68 Best mean reward of last-100: -11.68 Time: 0.016187191009521484 Total time so far: 27718.387441396713
Frame: 430000 Loss: 0.00490361 Total Rewards: -16.0 Average Rewards over all frames: -14.5695067264574 Last-10 average reward: -9.7 Best mean reward of last-10: -9.5 Last-100 average reward: -11.49 Best mean reward of last-100: -11.49 Time: 0.019464492797851562 Total time so far: 28367.834780931473
Frame: 440000 Loss: 0.0048686657 Total Rewards: -3.0 Average Rewards over all frames: -14.473451327433628 Last-10 average reward: -8.6 Best mean reward of last-10: -8.6 Last-100 average reward: -11.34 Best mean reward of last-100: -11.34 Time: 0.016783714294433594 Total time so far: 29022.271760702133
Frame: 450000 Loss: 0.0048312736 Total Rewards: -13.0 Average Rewards over all frames: -14.395652173913044 Last-10 average reward: -9.8 Best mean reward of last-10: -8.6 Last-100 average reward: -11.21 Best mean reward of last-100: -11.21 Time: 0.021223783493041992 Total time so far: 29678.654109477997
Frame: 460000 Loss: 0.004796417 Total Rewards: -7.0 Average Rewards over all frames: -14.333333333333334 Last-10 average reward: -9.6 Best mean reward of last-10: -8.6 Last-100 average reward: -11.19 Best mean reward of last-100: -11.19 Time: 0.015176057815551758 Total time so far: 30338.999994277954
Frame: 470000 Loss: 0.004763208 Total Rewards: -7.0 Average Rewards over all frames: -14.243697478991596 Last-10 average reward: -10.2 Best mean reward of last-10: -8.6 Last-100 average reward: -10.99 Best mean reward of last-100: -10.99 Time: 0.02135920524597168 Total time so far: 31003.007937431335
Frame: 480000 Loss: 0.004726533 Total Rewards: -16.0 Average Rewards over all frames: -14.173553719008265 Last-10 average reward: -9.4 Best mean reward of last-10: -8.6 Last-100 average reward: -10.84 Best mean reward of last-100: -10.84 Time: 0.018603801727294922 Total time so far: 31670.27351951599
Frame: 490000 Loss: 0.0046901214 Total Rewards: -18.0 Average Rewards over all frames: -14.08130081300813 Last-10 average reward: -8.6 Best mean reward of last-10: -8.6 Last-100 average reward: -10.64 Best mean reward of last-100: -10.64 Time: 0.02081441879272461 Total time so far: 32340.694070100784
Frame: 500000 Loss: 0.004654571 Total Rewards: -13.0 Average Rewards over all frames: -14.024 Last-10 average reward: -10.2 Best mean reward of last-10: -8.6 Last-100 average reward: -10.55 Best mean reward of last-100: -10.55 Time: 0.01807236671447754 Total time so far: 33015.873376369476
Frame: 510000 Loss: 0.004621327 Total Rewards: -2.0 Average Rewards over all frames: -13.917322834645669 Last-10 average reward: -9.4 Best mean reward of last-10: -8.6 Last-100 average reward: -10.31 Best mean reward of last-100: -10.31 Time: 0.015432596206665039 Total time so far: 33749.40234732628
Frame: 520000 Loss: 0.0045882547 Total Rewards: -3.0 Average Rewards over all frames: -13.84046692607004 Last-10 average reward: -8.9 Best mean reward of last-10: -8.6 Last-100 average reward: -10.18 Best mean reward of last-100: -10.18 Time: 0.022316694259643555 Total time so far: 34431.6508333683
Frame: 530000 Loss: 0.004556918 Total Rewards: -12.0 Average Rewards over all frames: -13.743295019157088 Last-10 average reward: -7.3 Best mean reward of last-10: -7.3 Last-100 average reward: -10.04 Best mean reward of last-100: -10.04 Time: 0.015489339828491211 Total time so far: 35117.92605519295
Frame: 540000 Loss: 0.0045288275 Total Rewards: -14.0 Average Rewards over all frames: -13.660377358490566 Last-10 average reward: -7.5 Best mean reward of last-10: -7.3 Last-100 average reward: -9.91 Best mean reward of last-100: -9.91 Time: 0.015509843826293945 Total time so far: 35810.925987005234
Frame: 550000 Loss: 0.0045005297 Total Rewards: -3.0 Average Rewards over all frames: -13.557620817843866 Last-10 average reward: -8.3 Best mean reward of last-10: -7.3 Last-100 average reward: -9.67 Best mean reward of last-100: -9.67 Time: 0.020745515823364258 Total time so far: 36505.412969112396
Frame: 560000 Loss: 0.004472919 Total Rewards: -9.0 Average Rewards over all frames: -13.4375 Last-10 average reward: -6.4 Best mean reward of last-10: -6.4 Last-100 average reward: -9.51 Best mean reward of last-100: -9.51 Time: 0.021331787109375 Total time so far: 37203.19183564186
Frame: 570000 Loss: 0.004447297 Total Rewards: -9.0 Average Rewards over all frames: -13.373188405797102 Last-10 average reward: -6.3 Best mean reward of last-10: -6.3 Last-100 average reward: -9.4 Best mean reward of last-100: -9.4 Time: 0.019446849822998047 Total time so far: 37904.717542648315
Frame: 580000 Loss: 0.004418893 Total Rewards: 7.0 Average Rewards over all frames: -13.146428571428572 Last-10 average reward: -2.7 Best mean reward of last-10: -2.7 Last-100 average reward: -8.93 Best mean reward of last-100: -8.93 Time: 0.018431663513183594 Total time so far: 38609.743705034256
Frame: 590000 Loss: 0.004388592 Total Rewards: -7.0 Average Rewards over all frames: -13.088028169014084 Last-10 average reward: -4.3 Best mean reward of last-10: -2.7 Last-100 average reward: -8.86 Best mean reward of last-100: -8.86 Time: 0.0214231014251709 Total time so far: 39318.42284846306
Frame: 600000 Loss: 0.004359722 Total Rewards: 4.0 Average Rewards over all frames: -12.996515679442508 Last-10 average reward: -4.5 Best mean reward of last-10: -2.7 Last-100 average reward: -8.73 Best mean reward of last-100: -8.73 Time: 0.017681598663330078 Total time so far: 40031.10705757141
Frame: 610000 Loss: 0.0043323296 Total Rewards: -1.0 Average Rewards over all frames: -12.913793103448276 Last-10 average reward: -6.4 Best mean reward of last-10: -2.7 Last-100 average reward: -8.56 Best mean reward of last-100: -8.56 Time: 0.019201993942260742 Total time so far: 40778.99070286751
Frame: 620000 Loss: 0.00430716 Total Rewards: -6.0 Average Rewards over all frames: -12.625850340136054 Last-10 average reward: 0.5 Best mean reward of last-10: 0.5 Last-100 average reward: -7.68 Best mean reward of last-100: -7.68 Time: 0.019843339920043945 Total time so far: 41497.68044638634
Frame: 630000 Loss: 0.004282874 Total Rewards: -8.0 Average Rewards over all frames: -12.453020134228188 Last-10 average reward: 2.2 Best mean reward of last-10: 2.2 Last-100 average reward: -7.21 Best mean reward of last-100: -7.21 Time: 0.02028632164001465 Total time so far: 42220.7282333374
Frame: 640000 Loss: 0.00425994 Total Rewards: -7.0 Average Rewards over all frames: -12.385382059800664 Last-10 average reward: 0.1 Best mean reward of last-10: 2.2 Last-100 average reward: -7.14 Best mean reward of last-100: -7.14 Time: 0.020516395568847656 Total time so far: 42946.59431767464
Frame: 650000 Loss: 0.004236529 Total Rewards: 20.0 Average Rewards over all frames: -12.081967213114755 Last-10 average reward: 1.3 Best mean reward of last-10: 2.2 Last-100 average reward: -6.32 Best mean reward of last-100: -6.32 Time: 0.017040014266967773 Total time so far: 43677.34165048599
Frame: 660000 Loss: 0.0042131804 Total Rewards: -4.0 Average Rewards over all frames: -11.867313915857606 Last-10 average reward: 4.8 Best mean reward of last-10: 4.8 Last-100 average reward: -5.6 Best mean reward of last-100: -5.6 Time: 0.017991065979003906 Total time so far: 44411.52115106583
Frame: 670000 Loss: 0.004192906 Total Rewards: -6.0 Average Rewards over all frames: -11.638977635782748 Last-10 average reward: 7.4 Best mean reward of last-10: 7.4 Last-100 average reward: -4.91 Best mean reward of last-100: -4.91 Time: 0.019975900650024414 Total time so far: 45149.497920274734
Frame: 680000 Loss: 0.004172228 Total Rewards: -1.0 Average Rewards over all frames: -11.397476340694006 Last-10 average reward: 6.7 Best mean reward of last-10: 7.4 Last-100 average reward: -4.15 Best mean reward of last-100: -4.15 Time: 0.021915674209594727 Total time so far: 45891.82370853424
Frame: 690000 Loss: 0.004148268 Total Rewards: 3.0 Average Rewards over all frames: -11.309375 Last-10 average reward: 5.2 Best mean reward of last-10: 7.4 Last-100 average reward: -4.06 Best mean reward of last-100: -4.06 Time: 0.017765045166015625 Total time so far: 46637.09997344017
Frame: 700000 Loss: 0.004126144 Total Rewards: 3.0 Average Rewards over all frames: -11.173374613003096 Last-10 average reward: 3.4 Best mean reward of last-10: 7.4 Last-100 average reward: -3.6 Best mean reward of last-100: -3.6 Time: 0.020282268524169922 Total time so far: 47386.557008981705
Frame: 710000 Loss: 0.004105714 Total Rewards: -8.0 Average Rewards over all frames: -10.990825688073395 Last-10 average reward: 1.9 Best mean reward of last-10: 7.4 Last-100 average reward: -3.16 Best mean reward of last-100: -3.16 Time: 0.020264863967895508 Total time so far: 48175.90476322174
Frame: 720000 Loss: 0.0040867752 Total Rewards: 5.0 Average Rewards over all frames: -10.875757575757575 Last-10 average reward: 3.0 Best mean reward of last-10: 7.4 Last-100 average reward: -2.78 Best mean reward of last-100: -2.78 Time: 0.017086505889892578 Total time so far: 48931.70135164261
Frame: 730000 Loss: 0.00406954 Total Rewards: 7.0 Average Rewards over all frames: -10.691616766467066 Last-10 average reward: 3.4 Best mean reward of last-10: 7.4 Last-100 average reward: -2.17 Best mean reward of last-100: -2.17 Time: 0.019626617431640625 Total time so far: 49690.73862242699
Frame: 740000 Loss: 0.004054619 Total Rewards: 13.0 Average Rewards over all frames: -10.588757396449704 Last-10 average reward: 1.4 Best mean reward of last-10: 7.4 Last-100 average reward: -1.89 Best mean reward of last-100: -1.89 Time: 0.02157425880432129 Total time so far: 50453.44798922539
Frame: 750000 Loss: 0.0040392256 Total Rewards: 8.0 Average Rewards over all frames: -10.312865497076023 Last-10 average reward: 4.6 Best mean reward of last-10: 7.4 Last-100 average reward: -0.97 Best mean reward of last-100: -0.97 Time: 0.01681041717529297 Total time so far: 51219.127744197845
Frame: 760000 Loss: 0.004024559 Total Rewards: -2.0 Average Rewards over all frames: -10.2 Last-10 average reward: 6.2 Best mean reward of last-10: 7.4 Last-100 average reward: -0.73 Best mean reward of last-100: -0.73 Time: 0.019718647003173828 Total time so far: 51988.14986491203
Frame: 770000 Loss: 0.0040103686 Total Rewards: -1.0 Average Rewards over all frames: -10.022922636103152 Last-10 average reward: 7.1 Best mean reward of last-10: 7.4 Last-100 average reward: -0.05 Best mean reward of last-100: -0.05 Time: 0.019659757614135742 Total time so far: 52761.35009050369
Frame: 780000 Loss: 0.0039956425 Total Rewards: 14.0 Average Rewards over all frames: -9.857954545454545 Last-10 average reward: 5.7 Best mean reward of last-10: 7.4 Last-100 average reward: 0.53 Best mean reward of last-100: 0.53 Time: 0.020216703414916992 Total time so far: 53538.57933759689
Frame: 790000 Loss: 0.003980625 Total Rewards: 12.0 Average Rewards over all frames: -9.691011235955056 Last-10 average reward: 6.6 Best mean reward of last-10: 7.4 Last-100 average reward: 1.04 Best mean reward of last-100: 1.04 Time: 0.016844749450683594 Total time so far: 54318.442581653595
Frame: 800000 Loss: 0.0039689355 Total Rewards: -3.0 Average Rewards over all frames: -9.623955431754874 Last-10 average reward: 4.3 Best mean reward of last-10: 7.4 Last-100 average reward: 1.09 Best mean reward of last-100: 1.09 Time: 0.021674633026123047 Total time so far: 55102.80986452103
Frame: 810000 Loss: 0.003956571 Total Rewards: 12.0 Average Rewards over all frames: -9.462809917355372 Last-10 average reward: 3.6 Best mean reward of last-10: 7.4 Last-100 average reward: 1.66 Best mean reward of last-100: 1.66 Time: 0.021466970443725586 Total time so far: 55935.58138751984
Frame: 820000 Loss: 0.0039445586 Total Rewards: 6.0 Average Rewards over all frames: -9.349726775956285 Last-10 average reward: 2.8 Best mean reward of last-10: 7.4 Last-100 average reward: 2.06 Best mean reward of last-100: 2.06 Time: 0.021187543869018555 Total time so far: 56722.734181165695
Frame: 830000 Loss: 0.0039334265 Total Rewards: 4.0 Average Rewards over all frames: -9.235772357723578 Last-10 average reward: 4.7 Best mean reward of last-10: 7.4 Last-100 average reward: 2.39 Best mean reward of last-100: 2.39 Time: 0.02079629898071289 Total time so far: 57513.71725797653
Frame: 840000 Loss: 0.003921909 Total Rewards: 2.0 Average Rewards over all frames: -9.123655913978494 Last-10 average reward: 5.3 Best mean reward of last-10: 7.4 Last-100 average reward: 2.61 Best mean reward of last-100: 2.61 Time: 0.017049551010131836 Total time so far: 58311.43982553482
Frame: 850000 Loss: 0.003911034 Total Rewards: 10.0 Average Rewards over all frames: -8.957446808510639 Last-10 average reward: 5.4 Best mean reward of last-10: 7.4 Last-100 average reward: 3.23 Best mean reward of last-100: 3.23 Time: 0.016776561737060547 Total time so far: 59109.57447838783
Frame: 860000 Loss: 0.0038989848 Total Rewards: 12.0 Average Rewards over all frames: -8.658792650918635 Last-10 average reward: 9.7 Best mean reward of last-10: 9.7 Last-100 average reward: 3.96 Best mean reward of last-100: 3.96 Time: 0.017314672470092773 Total time so far: 59912.23664212227
Frame: 870000 Loss: 0.0038857963 Total Rewards: 11.0 Average Rewards over all frames: -8.502604166666666 Last-10 average reward: 11.8 Best mean reward of last-10: 11.8 Last-100 average reward: 4.52 Best mean reward of last-100: 4.52 Time: 0.015512228012084961 Total time so far: 60718.494409799576
Frame: 880000 Loss: 0.0038737874 Total Rewards: 5.0 Average Rewards over all frames: -8.412371134020619 Last-10 average reward: 7.2 Best mean reward of last-10: 11.8 Last-100 average reward: 4.69 Best mean reward of last-100: 4.69 Time: 0.024510622024536133 Total time so far: 61527.43935441971
Frame: 890000 Loss: 0.003862738 Total Rewards: 6.0 Average Rewards over all frames: -8.296675191815856 Last-10 average reward: 5.5 Best mean reward of last-10: 11.8 Last-100 average reward: 4.85 Best mean reward of last-100: 4.85 Time: 0.018661022186279297 Total time so far: 62341.05445551872
Frame: 900000 Loss: 0.003852636 Total Rewards: -2.0 Average Rewards over all frames: -8.134177215189874 Last-10 average reward: 5.1 Best mean reward of last-10: 11.8 Last-100 average reward: 4.85 Best mean reward of last-100: 4.85 Time: 0.021385908126831055 Total time so far: 63157.45526814461
Frame: 910000 Loss: 0.003842815 Total Rewards: 11.0 Average Rewards over all frames: -7.93734335839599 Last-10 average reward: 9.4 Best mean reward of last-10: 11.8 Last-100 average reward: 5.48 Best mean reward of last-100: 5.48 Time: 0.018329381942749023 Total time so far: 64028.77760696411
Frame: 920000 Loss: 0.0038327593 Total Rewards: 3.0 Average Rewards over all frames: -7.749379652605459 Last-10 average reward: 10.8 Best mean reward of last-10: 11.8 Last-100 average reward: 5.94 Best mean reward of last-100: 5.94 Time: 0.01702260971069336 Total time so far: 64852.62052369118
Frame: 930000 Loss: 0.0038226733 Total Rewards: 4.0 Average Rewards over all frames: -7.642857142857143 Last-10 average reward: 10.8 Best mean reward of last-10: 11.8 Last-100 average reward: 5.81 Best mean reward of last-100: 5.94 Time: 0.024285078048706055 Total time so far: 65680.30593466759
Frame: 940000 Loss: 0.0038130414 Total Rewards: 11.0 Average Rewards over all frames: -7.413625304136253 Last-10 average reward: 9.2 Best mean reward of last-10: 11.8 Last-100 average reward: 6.04 Best mean reward of last-100: 6.04 Time: 0.0180511474609375 Total time so far: 66512.15651321411
Frame: 950000 Loss: 0.0038034895 Total Rewards: 21.0 Average Rewards over all frames: -7.1975903614457835 Last-10 average reward: 12.0 Best mean reward of last-10: 12.0 Last-100 average reward: 6.39 Best mean reward of last-100: 6.39 Time: 0.018795013427734375 Total time so far: 67346.70831871033
Frame: 960000 Loss: 0.0037954133 Total Rewards: 12.0 Average Rewards over all frames: -7.002386634844869 Last-10 average reward: 13.5 Best mean reward of last-10: 13.5 Last-100 average reward: 6.88 Best mean reward of last-100: 6.88 Time: 0.017438411712646484 Total time so far: 68184.14502692223
Frame: 970000 Loss: 0.0037898736 Total Rewards: 12.0 Average Rewards over all frames: -6.83451536643026 Last-10 average reward: 13.1 Best mean reward of last-10: 13.5 Last-100 average reward: 7.18 Best mean reward of last-100: 7.18 Time: 0.015608787536621094 Total time so far: 69025.89347052574
Frame: 980000 Loss: 0.0037862745 Total Rewards: 12.0 Average Rewards over all frames: -6.609813084112149 Last-10 average reward: 11.7 Best mean reward of last-10: 13.5 Last-100 average reward: 7.64 Best mean reward of last-100: 7.64 Time: 0.0174562931060791 Total time so far: 69871.52171039581
Frame: 990000 Loss: 0.003780932 Total Rewards: 12.0 Average Rewards over all frames: -6.444444444444445 Last-10 average reward: 11.9 Best mean reward of last-10: 13.5 Last-100 average reward: 7.89 Best mean reward of last-100: 7.89 Time: 0.019227981567382812 Total time so far: 70721.54617738724
Frame: 1000000 Loss: 0.003774389 Total Rewards: 11.0 Average Rewards over all frames: -6.215102974828375 Last-10 average reward: 12.5 Best mean reward of last-10: 13.5 Last-100 average reward: 8.76 Best mean reward of last-100: 8.76 Time: 0.01970505714416504 Total time so far: 71574.71699547768
Frame: 1010000 Loss: 0.0037670042 Total Rewards: 20.0 Average Rewards over all frames: -6.0476190476190474 Last-10 average reward: 12.9 Best mean reward of last-10: 13.5 Last-100 average reward: 8.68 Best mean reward of last-100: 8.76 Time: 0.018135547637939453 Total time so far: 72540.38689470291
Frame: 1020000 Loss: 0.00375894 Total Rewards: 11.0 Average Rewards over all frames: -5.869662921348315 Last-10 average reward: 12.9 Best mean reward of last-10: 13.5 Last-100 average reward: 9.07 Best mean reward of last-100: 9.07 Time: 0.020859956741333008 Total time so far: 73391.878510952
Frame: 1030000 Loss: 0.0037502788 Total Rewards: 11.0 Average Rewards over all frames: -5.734966592427617 Last-10 average reward: 11.8 Best mean reward of last-10: 13.5 Last-100 average reward: 9.23 Best mean reward of last-100: 9.23 Time: 0.02022242546081543 Total time so far: 74243.85283088684
