Running on local01
gpu
Namespace(N=1, batch_size=16, capacity=1000000, epsilon_decay=30000, epsilon_final=0.01, epsilon_start=1.0, gamma=0.99, lr=1e-06, num_frames=1000000, number_of_updates=10, optimizer='Adam', render=0, save_freq_frame=100000, save_model_path='../results/DQN/model_default_lr1e_6.pth', save_result_path='../results/DQN/results_default_lr1e_6.npy', seed=1, target_update_freq=10000)
Using cuda:  True
Preparing replay buffer with len --  10000 Frame: 10000 Total time so far: 16.915854454040527
Frame: 20000 Loss: 0.027468722 Total Rewards: -20.0 Average Rewards over all frames: -20.545454545454547 Last-10 average reward: -20.5 Best mean reward of last-10: -20.5 Time: 0.018506765365600586 Total time so far: 563.1345269680023
Frame: 30000 Loss: 0.023153026 Total Rewards: -21.0 Average Rewards over all frames: -20.545454545454547 Last-10 average reward: -20.6 Best mean reward of last-10: -20.5 Time: 0.018758296966552734 Total time so far: 1115.7111449241638
Frame: 40000 Loss: 0.02020276 Total Rewards: -20.0 Average Rewards over all frames: -20.466666666666665 Last-10 average reward: -20.3 Best mean reward of last-10: -20.3 Time: 0.017426490783691406 Total time so far: 1671.278448343277
Frame: 50000 Loss: 0.017934414 Total Rewards: -19.0 Average Rewards over all frames: -20.472727272727273 Last-10 average reward: -20.5 Best mean reward of last-10: -20.3 Time: 0.022674083709716797 Total time so far: 2229.167185306549
Frame: 60000 Loss: 0.016347332 Total Rewards: -20.0 Average Rewards over all frames: -20.446153846153845 Last-10 average reward: -20.3 Best mean reward of last-10: -20.3 Time: 0.020436525344848633 Total time so far: 2789.442137479782
Frame: 70000 Loss: 0.015183849 Total Rewards: -19.0 Average Rewards over all frames: -20.36 Last-10 average reward: -19.8 Best mean reward of last-10: -19.8 Time: 0.020194053649902344 Total time so far: 3352.3170325756073
Frame: 80000 Loss: 0.014179703 Total Rewards: -18.0 Average Rewards over all frames: -20.321428571428573 Last-10 average reward: -19.9 Best mean reward of last-10: -19.8 Time: 0.022768020629882812 Total time so far: 3918.057418823242
Frame: 90000 Loss: 0.013336462 Total Rewards: -21.0 Average Rewards over all frames: -20.293478260869566 Last-10 average reward: -19.7 Best mean reward of last-10: -19.7 Time: 0.02041912078857422 Total time so far: 4485.818145751953
Frame: 100000 Loss: 0.012668989 Total Rewards: -18.0 Average Rewards over all frames: -20.21212121212121 Last-10 average reward: -19.4 Best mean reward of last-10: -19.4 Time: 0.021083831787109375 Total time so far: 5056.037060976028
Frame: 110000 Loss: 0.0120873125 Total Rewards: -19.0 Average Rewards over all frames: -20.09433962264151 Last-10 average reward: -18.5 Best mean reward of last-10: -18.5 Time: 0.018161535263061523 Total time so far: 5632.740564823151
Frame: 120000 Loss: 0.011533665 Total Rewards: -19.0 Average Rewards over all frames: -20.0 Last-10 average reward: -18.5 Best mean reward of last-10: -18.5 Time: 0.01974773406982422 Total time so far: 6208.1292116642
Frame: 130000 Loss: 0.011067924 Total Rewards: -19.0 Average Rewards over all frames: -19.949152542372882 Last-10 average reward: -18.6 Best mean reward of last-10: -18.5 Time: 0.022852659225463867 Total time so far: 6785.606023311615
Frame: 140000 Loss: 0.01066389 Total Rewards: -18.0 Average Rewards over all frames: -19.902439024390244 Last-10 average reward: -19.0 Best mean reward of last-10: -18.5 Time: 0.01615285873413086 Total time so far: 7365.273667573929
Frame: 150000 Loss: 0.010286601 Total Rewards: -20.0 Average Rewards over all frames: -19.790697674418606 Last-10 average reward: -17.9 Best mean reward of last-10: -17.9 Time: 0.01818227767944336 Total time so far: 7947.872550725937
Frame: 160000 Loss: 0.009943647 Total Rewards: -18.0 Average Rewards over all frames: -19.696296296296296 Last-10 average reward: -17.6 Best mean reward of last-10: -17.6 Time: 0.023056507110595703 Total time so far: 8532.959921360016
Frame: 170000 Loss: 0.009634293 Total Rewards: -17.0 Average Rewards over all frames: -19.607142857142858 Last-10 average reward: -17.5 Best mean reward of last-10: -17.5 Time: 0.018025636672973633 Total time so far: 9121.32613158226
Frame: 180000 Loss: 0.009349408 Total Rewards: -15.0 Average Rewards over all frames: -19.54794520547945 Last-10 average reward: -17.7 Best mean reward of last-10: -17.5 Time: 0.016680002212524414 Total time so far: 9712.719630479813
Frame: 190000 Loss: 0.009089745 Total Rewards: -17.0 Average Rewards over all frames: -19.503311258278146 Last-10 average reward: -18.0 Best mean reward of last-10: -17.5 Time: 0.021299123764038086 Total time so far: 10307.572316646576
Frame: 200000 Loss: 0.008848332 Total Rewards: -15.0 Average Rewards over all frames: -19.42948717948718 Last-10 average reward: -17.7 Best mean reward of last-10: -17.5 Time: 0.023055076599121094 Total time so far: 10905.129797935486
Frame: 210000 Loss: 0.00862236 Total Rewards: -19.0 Average Rewards over all frames: -19.366459627329192 Last-10 average reward: -17.3 Best mean reward of last-10: -17.3 Time: 0.020144939422607422 Total time so far: 11514.751312971115
Frame: 220000 Loss: 0.008418487 Total Rewards: -19.0 Average Rewards over all frames: -19.337349397590362 Last-10 average reward: -17.9 Best mean reward of last-10: -17.3 Time: 0.020013809204101562 Total time so far: 12118.727525472641
Frame: 230000 Loss: 0.00823579 Total Rewards: -19.0 Average Rewards over all frames: -19.29824561403509 Last-10 average reward: -18.2 Best mean reward of last-10: -17.3 Time: 0.01743316650390625 Total time so far: 12726.552148580551
Frame: 240000 Loss: 0.008056934 Total Rewards: -17.0 Average Rewards over all frames: -19.28409090909091 Last-10 average reward: -18.4 Best mean reward of last-10: -17.3 Time: 0.023409128189086914 Total time so far: 13337.693039417267
Frame: 250000 Loss: 0.007889211 Total Rewards: -19.0 Average Rewards over all frames: -19.209944751381215 Last-10 average reward: -17.7 Best mean reward of last-10: -17.3 Time: 0.019123554229736328 Total time so far: 13951.528299570084
Frame: 260000 Loss: 0.0077304547 Total Rewards: -18.0 Average Rewards over all frames: -19.156756756756756 Last-10 average reward: -16.7 Best mean reward of last-10: -16.7 Time: 0.020450830459594727 Total time so far: 14569.494598150253
Frame: 270000 Loss: 0.0075804396 Total Rewards: -19.0 Average Rewards over all frames: -19.115183246073297 Last-10 average reward: -17.4 Best mean reward of last-10: -16.7 Time: 0.02187347412109375 Total time so far: 15191.94063282013
Frame: 280000 Loss: 0.007442772 Total Rewards: -18.0 Average Rewards over all frames: -19.07179487179487 Last-10 average reward: -17.5 Best mean reward of last-10: -16.7 Time: 0.021028518676757812 Total time so far: 15817.694376707077
Frame: 290000 Loss: 0.007314535 Total Rewards: -17.0 Average Rewards over all frames: -19.055 Last-10 average reward: -17.9 Best mean reward of last-10: -16.7 Time: 0.02051377296447754 Total time so far: 16447.76298236847
Frame: 300000 Loss: 0.007193773 Total Rewards: -19.0 Average Rewards over all frames: -19.034146341463416 Last-10 average reward: -18.3 Best mean reward of last-10: -16.7 Time: 0.020327091217041016 Total time so far: 17080.866747379303
Frame: 310000 Loss: 0.007077957 Total Rewards: -18.0 Average Rewards over all frames: -19.0 Last-10 average reward: -17.7 Best mean reward of last-10: -16.7 Time: 0.0182037353515625 Total time so far: 17731.921139717102
Frame: 320000 Loss: 0.006965418 Total Rewards: -13.0 Average Rewards over all frames: -18.911214953271028 Last-10 average reward: -16.4 Best mean reward of last-10: -16.4 Time: 0.01808333396911621 Total time so far: 18373.30497789383
Frame: 330000 Loss: 0.006858947 Total Rewards: -17.0 Average Rewards over all frames: -18.839449541284402 Last-10 average reward: -15.4 Best mean reward of last-10: -15.4 Time: 0.016416072845458984 Total time so far: 19017.943761110306
Frame: 340000 Loss: 0.006761558 Total Rewards: -20.0 Average Rewards over all frames: -18.825892857142858 Last-10 average reward: -17.0 Best mean reward of last-10: -15.4 Time: 0.02175283432006836 Total time so far: 19666.224125385284
Frame: 350000 Loss: 0.0066711186 Total Rewards: -18.0 Average Rewards over all frames: -18.81140350877193 Last-10 average reward: -18.2 Best mean reward of last-10: -15.4 Time: 0.021672725677490234 Total time so far: 20318.821741104126
Frame: 360000 Loss: 0.006583664 Total Rewards: -13.0 Average Rewards over all frames: -18.75 Last-10 average reward: -17.3 Best mean reward of last-10: -15.4 Time: 0.020638227462768555 Total time so far: 20975.753476381302
Frame: 370000 Loss: 0.006499211 Total Rewards: -19.0 Average Rewards over all frames: -18.710084033613445 Last-10 average reward: -16.4 Best mean reward of last-10: -15.4 Time: 0.02311086654663086 Total time so far: 21636.026305675507
Frame: 380000 Loss: 0.0064187357 Total Rewards: -19.0 Average Rewards over all frames: -18.673553719008265 Last-10 average reward: -16.9 Best mean reward of last-10: -15.4 Time: 0.019362688064575195 Total time so far: 22300.149644613266
Frame: 390000 Loss: 0.006342427 Total Rewards: -17.0 Average Rewards over all frames: -18.658536585365855 Last-10 average reward: -17.4 Best mean reward of last-10: -15.4 Time: 0.021571636199951172 Total time so far: 22968.577023029327
Frame: 400000 Loss: 0.0062699784 Total Rewards: -19.0 Average Rewards over all frames: -18.654761904761905 Last-10 average reward: -18.2 Best mean reward of last-10: -15.4 Time: 0.02129197120666504 Total time so far: 23639.074873209
Frame: 410000 Loss: 0.0062002456 Total Rewards: -19.0 Average Rewards over all frames: -18.61328125 Last-10 average reward: -17.5 Best mean reward of last-10: -15.4 Time: 0.022658348083496094 Total time so far: 24331.256331443787
Frame: 420000 Loss: 0.0061324453 Total Rewards: -17.0 Average Rewards over all frames: -18.590038314176244 Last-10 average reward: -17.0 Best mean reward of last-10: -15.4 Time: 0.016190767288208008 Total time so far: 25008.359270334244
Frame: 430000 Loss: 0.00607012 Total Rewards: -16.0 Average Rewards over all frames: -18.55263157894737 Last-10 average reward: -17.0 Best mean reward of last-10: -15.4 Time: 0.017385482788085938 Total time so far: 25688.88006234169
Frame: 440000 Loss: 0.0060082944 Total Rewards: -18.0 Average Rewards over all frames: -18.538745387453876 Last-10 average reward: -17.2 Best mean reward of last-10: -15.4 Time: 0.021460771560668945 Total time so far: 26373.732241630554
Frame: 450000 Loss: 0.00595194 Total Rewards: -10.0 Average Rewards over all frames: -18.494545454545456 Last-10 average reward: -16.7 Best mean reward of last-10: -15.4 Time: 0.017888545989990234 Total time so far: 27062.131710529327
Frame: 460000 Loss: 0.005898588 Total Rewards: -17.0 Average Rewards over all frames: -18.45 Last-10 average reward: -16.0 Best mean reward of last-10: -15.4 Time: 0.01942300796508789 Total time so far: 27753.859192609787
Frame: 470000 Loss: 0.005848742 Total Rewards: -14.0 Average Rewards over all frames: -18.419014084507044 Last-10 average reward: -15.5 Best mean reward of last-10: -15.4 Time: 0.022991657257080078 Total time so far: 28449.65118288994
Frame: 480000 Loss: 0.005800261 Total Rewards: -20.0 Average Rewards over all frames: -18.40277777777778 Last-10 average reward: -16.9 Best mean reward of last-10: -15.4 Time: 0.017630815505981445 Total time so far: 29148.271376371384
Frame: 490000 Loss: 0.005753774 Total Rewards: -18.0 Average Rewards over all frames: -18.35958904109589 Last-10 average reward: -16.3 Best mean reward of last-10: -15.4 Time: 0.017777204513549805 Total time so far: 29849.88530945778
Frame: 500000 Loss: 0.0057085226 Total Rewards: -18.0 Average Rewards over all frames: -18.3277027027027 Last-10 average reward: -16.1 Best mean reward of last-10: -15.4 Time: 0.017702102661132812 Total time so far: 30555.361073732376
Frame: 510000 Loss: 0.0056669703 Total Rewards: -13.0 Average Rewards over all frames: -18.295681063122924 Last-10 average reward: -16.4 Best mean reward of last-10: -15.4 Time: 0.02107095718383789 Total time so far: 31288.80936908722
Frame: 520000 Loss: 0.005626984 Total Rewards: -11.0 Average Rewards over all frames: -18.24590163934426 Last-10 average reward: -15.8 Best mean reward of last-10: -15.4 Time: 0.018578052520751953 Total time so far: 32002.074670791626
Frame: 530000 Loss: 0.0055875746 Total Rewards: -14.0 Average Rewards over all frames: -18.22653721682848 Last-10 average reward: -15.6 Best mean reward of last-10: -15.4 Time: 0.01868915557861328 Total time so far: 32718.05809211731
Frame: 540000 Loss: 0.0055493317 Total Rewards: -16.0 Average Rewards over all frames: -18.187898089171973 Last-10 average reward: -15.7 Best mean reward of last-10: -15.4 Time: 0.016311168670654297 Total time so far: 33437.53799152374
Frame: 550000 Loss: 0.0055125784 Total Rewards: -16.0 Average Rewards over all frames: -18.17295597484277 Last-10 average reward: -16.1 Best mean reward of last-10: -15.4 Time: 0.016051769256591797 Total time so far: 34162.2205657959
Frame: 560000 Loss: 0.005477325 Total Rewards: -17.0 Average Rewards over all frames: -18.09907120743034 Last-10 average reward: -15.1 Best mean reward of last-10: -15.1 Time: 0.02096700668334961 Total time so far: 34890.30679130554
Frame: 570000 Loss: 0.005443296 Total Rewards: -14.0 Average Rewards over all frames: -18.079510703363916 Last-10 average reward: -14.9 Best mean reward of last-10: -14.9 Time: 0.02095508575439453 Total time so far: 35620.60273647308
Frame: 580000 Loss: 0.005409724 Total Rewards: -15.0 Average Rewards over all frames: -18.033132530120483 Last-10 average reward: -15.8 Best mean reward of last-10: -14.9 Time: 0.0217435359954834 Total time so far: 36355.83812832832
Frame: 590000 Loss: 0.005377136 Total Rewards: -12.0 Average Rewards over all frames: -18.00595238095238 Last-10 average reward: -15.2 Best mean reward of last-10: -14.9 Time: 0.020054340362548828 Total time so far: 37095.2065141201
Frame: 600000 Loss: 0.0053453622 Total Rewards: -16.0 Average Rewards over all frames: -17.994134897360702 Last-10 average reward: -16.4 Best mean reward of last-10: -14.9 Time: 0.021764516830444336 Total time so far: 37844.02603816986
Frame: 610000 Loss: 0.0053143953 Total Rewards: -18.0 Average Rewards over all frames: -17.9768115942029 Last-10 average reward: -16.4 Best mean reward of last-10: -14.9 Time: 0.019474029541015625 Total time so far: 38622.10504102707
Frame: 620000 Loss: 0.005285138 Total Rewards: -17.0 Average Rewards over all frames: -17.97714285714286 Last-10 average reward: -17.2 Best mean reward of last-10: -14.9 Time: 0.017987966537475586 Total time so far: 39374.875279188156
Frame: 630000 Loss: 0.00525768 Total Rewards: -19.0 Average Rewards over all frames: -17.95762711864407 Last-10 average reward: -17.3 Best mean reward of last-10: -14.9 Time: 0.020381927490234375 Total time so far: 40132.32473087311
Frame: 640000 Loss: 0.005230386 Total Rewards: -16.0 Average Rewards over all frames: -17.93854748603352 Last-10 average reward: -16.8 Best mean reward of last-10: -14.9 Time: 0.020929813385009766 Total time so far: 40890.47756958008
Frame: 650000 Loss: 0.005202318 Total Rewards: -17.0 Average Rewards over all frames: -17.92265193370166 Last-10 average reward: -16.5 Best mean reward of last-10: -14.9 Time: 0.022077322006225586 Total time so far: 41652.37357735634
Frame: 660000 Loss: 0.0051764455 Total Rewards: -17.0 Average Rewards over all frames: -17.899182561307903 Last-10 average reward: -16.3 Best mean reward of last-10: -14.9 Time: 0.017319202423095703 Total time so far: 42419.73140120506
Frame: 670000 Loss: 0.005150784 Total Rewards: -11.0 Average Rewards over all frames: -17.86522911051213 Last-10 average reward: -15.7 Best mean reward of last-10: -14.9 Time: 0.018875598907470703 Total time so far: 43192.71508145332
Frame: 680000 Loss: 0.005126985 Total Rewards: -13.0 Average Rewards over all frames: -17.845333333333333 Last-10 average reward: -15.4 Best mean reward of last-10: -14.9 Time: 0.017778635025024414 Total time so far: 43965.079986810684
Frame: 690000 Loss: 0.0051038396 Total Rewards: -13.0 Average Rewards over all frames: -17.823218997361476 Last-10 average reward: -15.1 Best mean reward of last-10: -14.9 Time: 0.02053236961364746 Total time so far: 44747.26183509827
Frame: 700000 Loss: 0.0050810333 Total Rewards: -19.0 Average Rewards over all frames: -17.822916666666668 Last-10 average reward: -16.5 Best mean reward of last-10: -14.9 Time: 0.016682147979736328 Total time so far: 45529.82325768471
Frame: 710000 Loss: 0.005060714 Total Rewards: -16.0 Average Rewards over all frames: -17.783505154639176 Last-10 average reward: -15.8 Best mean reward of last-10: -14.9 Time: 0.023066282272338867 Total time so far: 46349.54533672333
Frame: 720000 Loss: 0.0050392947 Total Rewards: -13.0 Average Rewards over all frames: -17.747448979591837 Last-10 average reward: -14.7 Best mean reward of last-10: -14.7 Time: 0.02157735824584961 Total time so far: 47140.089861154556
Frame: 730000 Loss: 0.005017795 Total Rewards: -17.0 Average Rewards over all frames: -17.73989898989899 Last-10 average reward: -15.7 Best mean reward of last-10: -14.7 Time: 0.023235797882080078 Total time so far: 47933.27411723137
Frame: 740000 Loss: 0.004998091 Total Rewards: -17.0 Average Rewards over all frames: -17.7225 Last-10 average reward: -15.7 Best mean reward of last-10: -14.7 Time: 0.018435001373291016 Total time so far: 48728.49262213707
Frame: 750000 Loss: 0.004979339 Total Rewards: -17.0 Average Rewards over all frames: -17.71851851851852 Last-10 average reward: -16.8 Best mean reward of last-10: -14.7 Time: 0.022892236709594727 Total time so far: 49531.27477812767
Frame: 760000 Loss: 0.0049605463 Total Rewards: -17.0 Average Rewards over all frames: -17.709046454767726 Last-10 average reward: -17.1 Best mean reward of last-10: -14.7 Time: 0.01658916473388672 Total time so far: 50338.0613181591
