Running on local02
gpu
Namespace(N=1, batch_size=16, capacity=1000000, epsilon_decay=30000, epsilon_final=0.01, epsilon_start=1.0, gamma=0.99, lr=3e-05, num_frames=1000000, number_of_updates=10, optimizer='Adam', render=0, save_freq_frame=100000, save_model_path='../results/DQN/model_default_lr3e_5.pth', save_result_path='../results/DQN/results_default_lr3e_5.npy', seed=1, target_update_freq=10000)
Using cuda:  True
Preparing replay buffer with len --  10000 Frame: 10000 Total time so far: 16.55949568748474
Frame: 20000 Loss: 0.008733203 Total Rewards: -20.0 Average Rewards over all frames: -20.5 Last-10 average reward: -20.7 Best mean reward of last-10: -20.7 Time: 0.019064903259277344 Total time so far: 532.545599937439
Frame: 30000 Loss: 0.0061916118 Total Rewards: -16.0 Average Rewards over all frames: -20.096774193548388 Last-10 average reward: -19.2 Best mean reward of last-10: -19.2 Time: 0.02343297004699707 Total time so far: 1054.270879983902
Frame: 40000 Loss: 0.006136688 Total Rewards: -15.0 Average Rewards over all frames: -19.68421052631579 Last-10 average reward: -17.9 Best mean reward of last-10: -17.9 Time: 0.019349098205566406 Total time so far: 1579.1332728862762
Frame: 50000 Loss: 0.0066103735 Total Rewards: -14.0 Average Rewards over all frames: -19.272727272727273 Last-10 average reward: -17.0 Best mean reward of last-10: -17.0 Time: 0.023059368133544922 Total time so far: 2106.8954095840454
Frame: 60000 Loss: 0.007162606 Total Rewards: -17.0 Average Rewards over all frames: -19.02 Last-10 average reward: -16.7 Best mean reward of last-10: -16.7 Time: 0.020052671432495117 Total time so far: 2637.442946910858
Frame: 70000 Loss: 0.007477663 Total Rewards: -16.0 Average Rewards over all frames: -18.821428571428573 Last-10 average reward: -17.2 Best mean reward of last-10: -16.7 Time: 0.022042274475097656 Total time so far: 3169.9629645347595
Frame: 80000 Loss: 0.007512244 Total Rewards: -17.0 Average Rewards over all frames: -18.540983606557376 Last-10 average reward: -16.5 Best mean reward of last-10: -16.5 Time: 0.01738715171813965 Total time so far: 3705.0394620895386
Frame: 90000 Loss: 0.007395071 Total Rewards: -17.0 Average Rewards over all frames: -18.388059701492537 Last-10 average reward: -16.0 Best mean reward of last-10: -16.0 Time: 0.016518831253051758 Total time so far: 4242.2434957027435
Frame: 100000 Loss: 0.0071984096 Total Rewards: -18.0 Average Rewards over all frames: -18.23611111111111 Last-10 average reward: -16.6 Best mean reward of last-10: -16.0 Time: 0.022977828979492188 Total time so far: 4781.897345066071
Frame: 110000 Loss: 0.006975456 Total Rewards: -16.0 Average Rewards over all frames: -18.09090909090909 Last-10 average reward: -16.1 Best mean reward of last-10: -16.0 Time: 0.020572900772094727 Total time so far: 5327.616627454758
Frame: 120000 Loss: 0.0068060234 Total Rewards: -15.0 Average Rewards over all frames: -17.804878048780488 Last-10 average reward: -14.7 Best mean reward of last-10: -14.7 Time: 0.017373085021972656 Total time so far: 5871.38169670105
Frame: 130000 Loss: 0.0066498574 Total Rewards: -9.0 Average Rewards over all frames: -17.57471264367816 Last-10 average reward: -13.6 Best mean reward of last-10: -13.6 Time: 0.018933773040771484 Total time so far: 6417.148750782013
Frame: 140000 Loss: 0.006484098 Total Rewards: -9.0 Average Rewards over all frames: -17.23913043478261 Last-10 average reward: -12.6 Best mean reward of last-10: -12.6 Time: 0.020169734954833984 Total time so far: 6965.189382076263
Frame: 150000 Loss: 0.0063523576 Total Rewards: -17.0 Average Rewards over all frames: -17.09278350515464 Last-10 average reward: -12.9 Best mean reward of last-10: -12.6 Time: 0.01987147331237793 Total time so far: 7516.43980550766
Frame: 160000 Loss: 0.00623068 Total Rewards: -15.0 Average Rewards over all frames: -16.93069306930693 Last-10 average reward: -13.3 Best mean reward of last-10: -12.6 Time: 0.02300238609313965 Total time so far: 8069.54185461998
Frame: 170000 Loss: 0.006137819 Total Rewards: -15.0 Average Rewards over all frames: -16.77358490566038 Last-10 average reward: -13.7 Best mean reward of last-10: -12.6 Time: 0.018728256225585938 Total time so far: 8625.437406301498
Frame: 180000 Loss: 0.006051761 Total Rewards: -16.0 Average Rewards over all frames: -16.63963963963964 Last-10 average reward: -13.7 Best mean reward of last-10: -12.6 Time: 0.01790308952331543 Total time so far: 9183.85602927208
Frame: 190000 Loss: 0.005984686 Total Rewards: -12.0 Average Rewards over all frames: -16.495652173913044 Last-10 average reward: -13.4 Best mean reward of last-10: -12.6 Time: 0.01963973045349121 Total time so far: 9746.15662932396
Frame: 200000 Loss: 0.005900735 Total Rewards: -13.0 Average Rewards over all frames: -16.283333333333335 Last-10 average reward: -12.3 Best mean reward of last-10: -12.3 Time: 0.022971391677856445 Total time so far: 10310.465196371078
Frame: 210000 Loss: 0.005828001 Total Rewards: -16.0 Average Rewards over all frames: -16.256 Last-10 average reward: -13.5 Best mean reward of last-10: -12.3 Time: 0.022735595703125 Total time so far: 10886.625129461288
Frame: 220000 Loss: 0.0057595116 Total Rewards: -13.0 Average Rewards over all frames: -16.184615384615384 Last-10 average reward: -15.0 Best mean reward of last-10: -12.3 Time: 0.019794940948486328 Total time so far: 11457.597420454025
Frame: 230000 Loss: 0.005685905 Total Rewards: -12.0 Average Rewards over all frames: -16.022222222222222 Last-10 average reward: -13.1 Best mean reward of last-10: -12.3 Time: 0.02351665496826172 Total time so far: 12031.460597753525
Frame: 240000 Loss: 0.0056186044 Total Rewards: -7.0 Average Rewards over all frames: -15.899280575539569 Last-10 average reward: -11.9 Best mean reward of last-10: -11.9 Time: 0.018326282501220703 Total time so far: 12608.550903320312
Frame: 250000 Loss: 0.0055540525 Total Rewards: -13.0 Average Rewards over all frames: -15.8125 Last-10 average reward: -12.6 Best mean reward of last-10: -11.9 Time: 0.022557973861694336 Total time so far: 13188.808010816574
Frame: 260000 Loss: 0.0054979166 Total Rewards: -15.0 Average Rewards over all frames: -15.711409395973154 Last-10 average reward: -13.1 Best mean reward of last-10: -11.9 Time: 0.016641616821289062 Total time so far: 13772.369554519653
Frame: 270000 Loss: 0.0054463553 Total Rewards: -10.0 Average Rewards over all frames: -15.655844155844155 Last-10 average reward: -13.4 Best mean reward of last-10: -11.9 Time: 0.016995906829833984 Total time so far: 14359.204099655151
Frame: 280000 Loss: 0.005394672 Total Rewards: -10.0 Average Rewards over all frames: -15.550632911392405 Last-10 average reward: -13.1 Best mean reward of last-10: -11.9 Time: 0.015743017196655273 Total time so far: 14949.545838356018
Frame: 290000 Loss: 0.0053412747 Total Rewards: -13.0 Average Rewards over all frames: -15.45679012345679 Last-10 average reward: -11.8 Best mean reward of last-10: -11.8 Time: 0.019036293029785156 Total time so far: 15543.670449733734
Frame: 300000 Loss: 0.0052862423 Total Rewards: -15.0 Average Rewards over all frames: -15.301204819277109 Last-10 average reward: -10.2 Best mean reward of last-10: -10.2 Time: 0.019902706146240234 Total time so far: 16140.7559633255
Frame: 310000 Loss: 0.0052352906 Total Rewards: -16.0 Average Rewards over all frames: -15.192982456140351 Last-10 average reward: -10.7 Best mean reward of last-10: -10.2 Time: 0.01687002182006836 Total time so far: 16754.76508498192
Frame: 320000 Loss: 0.0051813796 Total Rewards: -10.0 Average Rewards over all frames: -15.08 Last-10 average reward: -11.4 Best mean reward of last-10: -10.2 Time: 0.019635677337646484 Total time so far: 17358.708102703094
Frame: 330000 Loss: 0.005130194 Total Rewards: -11.0 Average Rewards over all frames: -15.005555555555556 Last-10 average reward: -11.9 Best mean reward of last-10: -10.2 Time: 0.016963481903076172 Total time so far: 17966.16087961197
Frame: 340000 Loss: 0.005075754 Total Rewards: -8.0 Average Rewards over all frames: -14.902173913043478 Last-10 average reward: -11.3 Best mean reward of last-10: -10.2 Time: 0.02006053924560547 Total time so far: 18576.436757087708
Frame: 350000 Loss: 0.005022339 Total Rewards: -12.0 Average Rewards over all frames: -14.803191489361701 Last-10 average reward: -10.8 Best mean reward of last-10: -10.2 Time: 0.015322446823120117 Total time so far: 19176.667058944702
Frame: 360000 Loss: 0.0049718255 Total Rewards: -12.0 Average Rewards over all frames: -14.723958333333334 Last-10 average reward: -10.6 Best mean reward of last-10: -10.2 Time: 0.017851829528808594 Total time so far: 19776.296984910965
Frame: 370000 Loss: 0.004925062 Total Rewards: -5.0 Average Rewards over all frames: -14.609137055837563 Last-10 average reward: -10.7 Best mean reward of last-10: -10.2 Time: 0.01857900619506836 Total time so far: 20385.6011633873
Frame: 380000 Loss: 0.0048846155 Total Rewards: -5.0 Average Rewards over all frames: -14.512437810945274 Last-10 average reward: -10.2 Best mean reward of last-10: -10.2 Time: 0.02013111114501953 Total time so far: 21000.945878505707
Frame: 390000 Loss: 0.0048441053 Total Rewards: -10.0 Average Rewards over all frames: -14.411764705882353 Last-10 average reward: -8.7 Best mean reward of last-10: -8.7 Time: 0.021818161010742188 Total time so far: 21615.572112321854
Frame: 400000 Loss: 0.0048014955 Total Rewards: -10.0 Average Rewards over all frames: -14.278846153846153 Last-10 average reward: -8.1 Best mean reward of last-10: -8.1 Time: 0.01794600486755371 Total time so far: 22227.192877054214
Frame: 410000 Loss: 0.0047619627 Total Rewards: -7.0 Average Rewards over all frames: -14.150943396226415 Last-10 average reward: -7.3 Best mean reward of last-10: -7.3 Time: 0.016570091247558594 Total time so far: 22859.10807132721
Frame: 420000 Loss: 0.00472189 Total Rewards: -7.0 Average Rewards over all frames: -14.060185185185185 Last-10 average reward: -8.7 Best mean reward of last-10: -7.3 Time: 0.01812291145324707 Total time so far: 23477.13089799881
Frame: 430000 Loss: 0.004683453 Total Rewards: -14.0 Average Rewards over all frames: -13.97716894977169 Last-10 average reward: -8.6 Best mean reward of last-10: -7.3 Time: 0.02226114273071289 Total time so far: 24098.07854628563
Frame: 440000 Loss: 0.0046421434 Total Rewards: -14.0 Average Rewards over all frames: -13.914798206278027 Last-10 average reward: -9.4 Best mean reward of last-10: -7.3 Time: 0.020972251892089844 Total time so far: 24727.35473895073
Frame: 450000 Loss: 0.0046014776 Total Rewards: -11.0 Average Rewards over all frames: -13.814977973568283 Last-10 average reward: -9.0 Best mean reward of last-10: -7.3 Time: 0.016932010650634766 Total time so far: 25368.805329799652
Frame: 460000 Loss: 0.0045590466 Total Rewards: -4.0 Average Rewards over all frames: -13.71304347826087 Last-10 average reward: -8.2 Best mean reward of last-10: -7.3 Time: 0.02289748191833496 Total time so far: 26012.87064099312
Frame: 470000 Loss: 0.0045201373 Total Rewards: -2.0 Average Rewards over all frames: -13.576923076923077 Last-10 average reward: -6.1 Best mean reward of last-10: -6.1 Time: 0.016026020050048828 Total time so far: 26660.921716928482
Frame: 480000 Loss: 0.0044857264 Total Rewards: 2.0 Average Rewards over all frames: -13.468354430379748 Last-10 average reward: -5.6 Best mean reward of last-10: -5.6 Time: 0.01967620849609375 Total time so far: 27312.00895881653
Frame: 490000 Loss: 0.0044521145 Total Rewards: -5.0 Average Rewards over all frames: -13.323651452282158 Last-10 average reward: -4.9 Best mean reward of last-10: -4.9 Time: 0.01652669906616211 Total time so far: 27966.282258987427
Frame: 500000 Loss: 0.0044222716 Total Rewards: -4.0 Average Rewards over all frames: -13.221311475409836 Last-10 average reward: -4.9 Best mean reward of last-10: -4.9 Time: 0.01664113998413086 Total time so far: 28623.53957748413
Frame: 510000 Loss: 0.004395032 Total Rewards: -6.0 Average Rewards over all frames: -13.088709677419354 Last-10 average reward: -5.3 Best mean reward of last-10: -4.9 Time: 0.02027726173400879 Total time so far: 29307.596611499786
Frame: 520000 Loss: 0.004364633 Total Rewards: -8.0 Average Rewards over all frames: -13.00398406374502 Last-10 average reward: -5.3 Best mean reward of last-10: -4.9 Time: 0.022694110870361328 Total time so far: 29971.475285053253
Frame: 530000 Loss: 0.0043342533 Total Rewards: -6.0 Average Rewards over all frames: -12.866141732283465 Last-10 average reward: -4.2 Best mean reward of last-10: -4.2 Time: 0.016544580459594727 Total time so far: 30638.67942094803
Frame: 540000 Loss: 0.0043073962 Total Rewards: -4.0 Average Rewards over all frames: -12.732558139534884 Last-10 average reward: -3.9 Best mean reward of last-10: -3.9 Time: 0.01743483543395996 Total time so far: 31308.924260139465
Frame: 550000 Loss: 0.004279913 Total Rewards: -5.0 Average Rewards over all frames: -12.632183908045977 Last-10 average reward: -3.3 Best mean reward of last-10: -3.3 Time: 0.016701936721801758 Total time so far: 31983.24832224846
Frame: 560000 Loss: 0.004252838 Total Rewards: -4.0 Average Rewards over all frames: -12.516981132075472 Last-10 average reward: -4.5 Best mean reward of last-10: -3.3 Time: 0.016340970993041992 Total time so far: 32659.34348654747
Frame: 570000 Loss: 0.0042280983 Total Rewards: -7.0 Average Rewards over all frames: -12.473880597014926 Last-10 average reward: -5.8 Best mean reward of last-10: -3.3 Time: 0.022545814514160156 Total time so far: 33338.28755044937
Frame: 580000 Loss: 0.0042045256 Total Rewards: -11.0 Average Rewards over all frames: -12.352941176470589 Last-10 average reward: -6.9 Best mean reward of last-10: -3.3 Time: 0.022429227828979492 Total time so far: 34020.47561645508
Frame: 590000 Loss: 0.004178703 Total Rewards: 5.0 Average Rewards over all frames: -12.228260869565217 Last-10 average reward: -4.4 Best mean reward of last-10: -3.3 Time: 0.01999187469482422 Total time so far: 34705.05721640587
Frame: 600000 Loss: 0.004153024 Total Rewards: -1.0 Average Rewards over all frames: -12.125448028673835 Last-10 average reward: -4.2 Best mean reward of last-10: -3.3 Time: 0.016588449478149414 Total time so far: 35392.84456706047
Frame: 610000 Loss: 0.004128836 Total Rewards: -3.0 Average Rewards over all frames: -12.03191489361702 Last-10 average reward: -3.3 Best mean reward of last-10: -3.3 Time: 0.01657557487487793 Total time so far: 36111.95967721939
Frame: 620000 Loss: 0.004104882 Total Rewards: 2.0 Average Rewards over all frames: -11.912280701754385 Last-10 average reward: -1.5 Best mean reward of last-10: -1.5 Time: 0.020009279251098633 Total time so far: 36806.29029083252
Frame: 630000 Loss: 0.00408208 Total Rewards: -4.0 Average Rewards over all frames: -11.805555555555555 Last-10 average reward: -1.8 Best mean reward of last-10: -1.5 Time: 0.017174959182739258 Total time so far: 37503.7190721035
Frame: 640000 Loss: 0.004061977 Total Rewards: -2.0 Average Rewards over all frames: -11.691780821917808 Last-10 average reward: -2.1 Best mean reward of last-10: -1.5 Time: 0.017199993133544922 Total time so far: 38203.37833857536
Frame: 650000 Loss: 0.00404338 Total Rewards: 2.0 Average Rewards over all frames: -11.579661016949153 Last-10 average reward: -2.1 Best mean reward of last-10: -1.5 Time: 0.016865015029907227 Total time so far: 38906.31885313988
Frame: 660000 Loss: 0.0040264167 Total Rewards: -5.0 Average Rewards over all frames: -11.466442953020135 Last-10 average reward: -1.7 Best mean reward of last-10: -1.5 Time: 0.020154476165771484 Total time so far: 39611.76086091995
Frame: 670000 Loss: 0.004008551 Total Rewards: -1.0 Average Rewards over all frames: -11.378737541528238 Last-10 average reward: -1.3 Best mean reward of last-10: -1.3 Time: 0.021588563919067383 Total time so far: 40320.15464949608
Frame: 680000 Loss: 0.003990304 Total Rewards: 6.0 Average Rewards over all frames: -11.219672131147542 Last-10 average reward: -0.6 Best mean reward of last-10: -0.6 Time: 0.018491029739379883 Total time so far: 41031.51873469353
Frame: 690000 Loss: 0.003971599 Total Rewards: 3.0 Average Rewards over all frames: -11.12987012987013 Last-10 average reward: -1.1 Best mean reward of last-10: -0.6 Time: 0.021214723587036133 Total time so far: 41748.47599387169
Frame: 700000 Loss: 0.0039530545 Total Rewards: 3.0 Average Rewards over all frames: -11.0 Last-10 average reward: 0.4 Best mean reward of last-10: 0.4 Time: 0.02051067352294922 Total time so far: 42472.03282737732
Frame: 710000 Loss: 0.0039348677 Total Rewards: 2.0 Average Rewards over all frames: -10.9171974522293 Last-10 average reward: 0.0 Best mean reward of last-10: 0.4 Time: 0.016098499298095703 Total time so far: 43227.63472485542
Frame: 720000 Loss: 0.003917467 Total Rewards: -4.0 Average Rewards over all frames: -10.829652996845425 Last-10 average reward: -0.2 Best mean reward of last-10: 0.4 Time: 0.02260446548461914 Total time so far: 43949.994257211685
Frame: 730000 Loss: 0.0039006043 Total Rewards: 3.0 Average Rewards over all frames: -10.750778816199377 Last-10 average reward: -3.0 Best mean reward of last-10: 0.4 Time: 0.018280744552612305 Total time so far: 44675.78278017044
Frame: 740000 Loss: 0.0038855975 Total Rewards: 4.0 Average Rewards over all frames: -10.645061728395062 Last-10 average reward: -2.1 Best mean reward of last-10: 0.4 Time: 0.021338224411010742 Total time so far: 45404.5016605854
Frame: 750000 Loss: 0.003870099 Total Rewards: 5.0 Average Rewards over all frames: -10.495412844036696 Last-10 average reward: 0.1 Best mean reward of last-10: 0.4 Time: 0.022510051727294922 Total time so far: 46137.013360500336
Frame: 760000 Loss: 0.0038563395 Total Rewards: 3.0 Average Rewards over all frames: -10.36969696969697 Last-10 average reward: 3.2 Best mean reward of last-10: 3.2 Time: 0.017095327377319336 Total time so far: 46872.69340467453
Frame: 770000 Loss: 0.0038419375 Total Rewards: 7.0 Average Rewards over all frames: -10.2125748502994 Last-10 average reward: 3.8 Best mean reward of last-10: 3.8 Time: 0.020219087600708008 Total time so far: 47612.24768805504
Frame: 780000 Loss: 0.0038278583 Total Rewards: 4.0 Average Rewards over all frames: -10.109792284866469 Last-10 average reward: 2.5 Best mean reward of last-10: 3.8 Time: 0.020036697387695312 Total time so far: 48355.041469335556
Frame: 790000 Loss: 0.003813122 Total Rewards: 4.0 Average Rewards over all frames: -9.976470588235294 Last-10 average reward: 3.0 Best mean reward of last-10: 3.8 Time: 0.01780414581298828 Total time so far: 49101.33072805405
Frame: 800000 Loss: 0.0037984888 Total Rewards: 3.0 Average Rewards over all frames: -9.839650145772595 Last-10 average reward: 4.3 Best mean reward of last-10: 4.3 Time: 0.01910233497619629 Total time so far: 49851.335703372955
Frame: 810000 Loss: 0.0037848426 Total Rewards: 3.0 Average Rewards over all frames: -9.694524495677234 Last-10 average reward: 4.3 Best mean reward of last-10: 4.3 Time: 0.02027130126953125 Total time so far: 50641.16673707962
Frame: 820000 Loss: 0.0037721926 Total Rewards: -7.0 Average Rewards over all frames: -9.585714285714285 Last-10 average reward: 3.7 Best mean reward of last-10: 4.3 Time: 0.01905989646911621 Total time so far: 51397.75326704979
Frame: 830000 Loss: 0.0037592463 Total Rewards: 4.0 Average Rewards over all frames: -9.490084985835693 Last-10 average reward: 2.5 Best mean reward of last-10: 4.3 Time: 0.020448923110961914 Total time so far: 52157.79366827011
Frame: 840000 Loss: 0.0037458846 Total Rewards: -1.0 Average Rewards over all frames: -9.384831460674157 Last-10 average reward: 2.6 Best mean reward of last-10: 4.3 Time: 0.018460512161254883 Total time so far: 52921.053889513016
Frame: 850000 Loss: 0.0037345178 Total Rewards: 10.0 Average Rewards over all frames: -9.208333333333334 Last-10 average reward: 4.0 Best mean reward of last-10: 4.3 Time: 0.016949176788330078 Total time so far: 53687.52049827576
Frame: 860000 Loss: 0.003723771 Total Rewards: 13.0 Average Rewards over all frames: -9.027472527472527 Last-10 average reward: 6.0 Best mean reward of last-10: 6.0 Time: 0.020679235458374023 Total time so far: 54460.09123659134
Frame: 870000 Loss: 0.0037109228 Total Rewards: 13.0 Average Rewards over all frames: -8.866485013623977 Last-10 average reward: 8.5 Best mean reward of last-10: 8.5 Time: 0.016801834106445312 Total time so far: 55233.25183105469
Frame: 880000 Loss: 0.0036995374 Total Rewards: 10.0 Average Rewards over all frames: -8.620967741935484 Last-10 average reward: 9.4 Best mean reward of last-10: 9.4 Time: 0.018238544464111328 Total time so far: 56010.04074215889
Frame: 890000 Loss: 0.0036911913 Total Rewards: 3.0 Average Rewards over all frames: -8.517333333333333 Last-10 average reward: 7.8 Best mean reward of last-10: 9.4 Time: 0.017578125 Total time so far: 56789.76682138443
Frame: 900000 Loss: 0.0036839454 Total Rewards: 2.0 Average Rewards over all frames: -8.396825396825397 Last-10 average reward: 7.4 Best mean reward of last-10: 9.4 Time: 0.022001028060913086 Total time so far: 57573.45944094658
Frame: 910000 Loss: 0.0036759488 Total Rewards: 17.0 Average Rewards over all frames: -8.198952879581151 Last-10 average reward: 7.5 Best mean reward of last-10: 9.4 Time: 0.019203901290893555 Total time so far: 58401.83459329605
Frame: 920000 Loss: 0.0036663578 Total Rewards: 7.0 Average Rewards over all frames: -8.010362694300518 Last-10 average reward: 9.5 Best mean reward of last-10: 9.5 Time: 0.01732802391052246 Total time so far: 59192.00603342056
Frame: 930000 Loss: 0.0036541317 Total Rewards: 9.0 Average Rewards over all frames: -7.838461538461538 Last-10 average reward: 9.9 Best mean reward of last-10: 9.9 Time: 0.021360158920288086 Total time so far: 59985.59400486946
Frame: 940000 Loss: 0.0036418666 Total Rewards: 14.0 Average Rewards over all frames: -7.616751269035533 Last-10 average reward: 10.6 Best mean reward of last-10: 10.6 Time: 0.02190709114074707 Total time so far: 60782.39813828468
Frame: 950000 Loss: 0.0036327282 Total Rewards: 13.0 Average Rewards over all frames: -7.3734335839598995 Last-10 average reward: 12.4 Best mean reward of last-10: 12.4 Time: 0.020313739776611328 Total time so far: 61582.78422522545
Frame: 960000 Loss: 0.003623954 Total Rewards: 9.0 Average Rewards over all frames: -7.181141439205955 Last-10 average reward: 12.1 Best mean reward of last-10: 12.4 Time: 0.01730966567993164 Total time so far: 62386.06476402283
Frame: 970000 Loss: 0.0036152196 Total Rewards: 17.0 Average Rewards over all frames: -6.977886977886978 Last-10 average reward: 12.6 Best mean reward of last-10: 12.6 Time: 0.01975107192993164 Total time so far: 63193.39396739006
Frame: 980000 Loss: 0.0036067183 Total Rewards: 15.0 Average Rewards over all frames: -6.798053527980535 Last-10 average reward: 12.6 Best mean reward of last-10: 12.6 Time: 0.019314289093017578 Total time so far: 64011.5142159462
Frame: 990000 Loss: 0.003597624 Total Rewards: 17.0 Average Rewards over all frames: -6.545673076923077 Last-10 average reward: 13.4 Best mean reward of last-10: 13.4 Time: 0.02114701271057129 Total time so far: 64828.268773794174
Frame: 1000000 Loss: 0.0035883405 Total Rewards: 15.0 Average Rewards over all frames: -6.347619047619047 Last-10 average reward: 14.3 Best mean reward of last-10: 14.3 Time: 0.01856231689453125 Total time so far: 65629.163346529
