Running on local01
gpu
Namespace(N=1, batch_size=16, capacity=1000000, epsilon_decay=30000, epsilon_final=0.01, epsilon_start=1.0, gamma=0.99, lr=3e-05, num_frames=10000000, number_of_updates=10, optimizer='Adam', render=0, save_freq_frame=100000, save_interim_path='../results/DQN/interim/', save_model_path='../results/DQN/model_lr3e_5_10Mframes.pth', save_result_path='../results/DQN/results_lr3e_5_10Mframes.npy', seed=1, target_update_freq=10000)
Using cuda:  True
Preparing replay buffer with len --  10000 Frame: 10000 Total time so far: 15.69515061378479
Frame: 20000 Loss: 0.009494132 Total Rewards: -17.0 Average Rewards over all frames: -20.0 Last-10 average reward: -19.7 Best mean reward of last-10: -19.7 Last-100 average reward: -20.0 Best mean reward of last-100: -20.0 Time: 0.014173746109008789 Total time so far: 483.9660758972168
Frame: 30000 Loss: 0.0072058584 Total Rewards: -19.0 Average Rewards over all frames: -19.655172413793103 Last-10 average reward: -18.7 Best mean reward of last-10: -18.7 Last-100 average reward: -19.655172413793103 Best mean reward of last-100: -19.655172413793103 Time: 0.018531084060668945 Total time so far: 954.453530550003
Frame: 40000 Loss: 0.0072029494 Total Rewards: -17.0 Average Rewards over all frames: -19.22222222222222 Last-10 average reward: -17.8 Best mean reward of last-10: -17.8 Last-100 average reward: -19.22222222222222 Best mean reward of last-100: -19.22222222222222 Time: 0.014894723892211914 Total time so far: 1428.7617647647858
Frame: 50000 Loss: 0.007541645 Total Rewards: -16.0 Average Rewards over all frames: -18.61904761904762 Last-10 average reward: -15.9 Best mean reward of last-10: -15.9 Last-100 average reward: -18.61904761904762 Best mean reward of last-100: -18.61904761904762 Time: 0.017883777618408203 Total time so far: 1905.911540031433
Frame: 60000 Loss: 0.007748101 Total Rewards: -15.0 Average Rewards over all frames: -18.382978723404257 Last-10 average reward: -15.9 Best mean reward of last-10: -15.9 Last-100 average reward: -18.382978723404257 Best mean reward of last-100: -18.382978723404257 Time: 0.01587533950805664 Total time so far: 2384.720679998398
Frame: 70000 Loss: 0.007962947 Total Rewards: -14.0 Average Rewards over all frames: -18.056603773584907 Last-10 average reward: -15.9 Best mean reward of last-10: -15.9 Last-100 average reward: -18.056603773584907 Best mean reward of last-100: -18.056603773584907 Time: 0.015405416488647461 Total time so far: 2866.952905654907
Frame: 80000 Loss: 0.008152122 Total Rewards: -13.0 Average Rewards over all frames: -17.842105263157894 Last-10 average reward: -15.3 Best mean reward of last-10: -15.3 Last-100 average reward: -17.842105263157894 Best mean reward of last-100: -17.842105263157894 Time: 0.017774105072021484 Total time so far: 3349.804368495941
Frame: 90000 Loss: 0.008294521 Total Rewards: -16.0 Average Rewards over all frames: -17.650793650793652 Last-10 average reward: -15.5 Best mean reward of last-10: -15.3 Last-100 average reward: -17.650793650793652 Best mean reward of last-100: -17.650793650793652 Time: 0.014304637908935547 Total time so far: 3835.2722527980804
Frame: 100000 Loss: 0.0081796525 Total Rewards: -9.0 Average Rewards over all frames: -17.34328358208955 Last-10 average reward: -14.5 Best mean reward of last-10: -14.5 Last-100 average reward: -17.34328358208955 Best mean reward of last-100: -17.34328358208955 Time: 0.014045238494873047 Total time so far: 4324.314051628113
Frame: 110000 Loss: 0.007960127 Total Rewards: -17.0 Average Rewards over all frames: -17.22222222222222 Last-10 average reward: -14.4 Best mean reward of last-10: -14.4 Last-100 average reward: -17.22222222222222 Best mean reward of last-100: -17.22222222222222 Time: 0.019948482513427734 Total time so far: 4818.446022033691
Frame: 120000 Loss: 0.0077525256 Total Rewards: -18.0 Average Rewards over all frames: -17.153846153846153 Last-10 average reward: -16.4 Best mean reward of last-10: -14.4 Last-100 average reward: -17.153846153846153 Best mean reward of last-100: -17.153846153846153 Time: 0.017157554626464844 Total time so far: 5311.341628789902
Frame: 130000 Loss: 0.0075633535 Total Rewards: -9.0 Average Rewards over all frames: -16.867469879518072 Last-10 average reward: -14.3 Best mean reward of last-10: -14.3 Last-100 average reward: -16.867469879518072 Best mean reward of last-100: -16.867469879518072 Time: 0.015292167663574219 Total time so far: 5807.200337648392
Frame: 140000 Loss: 0.007395821 Total Rewards: -12.0 Average Rewards over all frames: -16.738636363636363 Last-10 average reward: -13.5 Best mean reward of last-10: -13.5 Last-100 average reward: -16.738636363636363 Best mean reward of last-100: -16.738636363636363 Time: 0.015893220901489258 Total time so far: 6304.875946760178
Frame: 150000 Loss: 0.0072169774 Total Rewards: -15.0 Average Rewards over all frames: -16.559139784946236 Last-10 average reward: -14.0 Best mean reward of last-10: -13.5 Last-100 average reward: -16.559139784946236 Best mean reward of last-100: -16.559139784946236 Time: 0.016227245330810547 Total time so far: 6805.654756784439
Frame: 160000 Loss: 0.007089928 Total Rewards: -14.0 Average Rewards over all frames: -16.371134020618555 Last-10 average reward: -12.7 Best mean reward of last-10: -12.7 Last-100 average reward: -16.371134020618555 Best mean reward of last-100: -16.371134020618555 Time: 0.017633438110351562 Total time so far: 7307.355329990387
Frame: 170000 Loss: 0.006991705 Total Rewards: -13.0 Average Rewards over all frames: -16.264705882352942 Last-10 average reward: -13.4 Best mean reward of last-10: -12.7 Last-100 average reward: -16.18 Best mean reward of last-100: -16.18 Time: 0.01476907730102539 Total time so far: 7811.897712230682
Frame: 180000 Loss: 0.00690076 Total Rewards: -7.0 Average Rewards over all frames: -16.065420560747665 Last-10 average reward: -13.1 Best mean reward of last-10: -12.7 Last-100 average reward: -15.78 Best mean reward of last-100: -15.78 Time: 0.01900625228881836 Total time so far: 8321.443514823914
Frame: 190000 Loss: 0.0068274527 Total Rewards: -15.0 Average Rewards over all frames: -15.955357142857142 Last-10 average reward: -12.8 Best mean reward of last-10: -12.7 Last-100 average reward: -15.45 Best mean reward of last-100: -15.45 Time: 0.01752614974975586 Total time so far: 8831.30739736557
Frame: 200000 Loss: 0.0067390567 Total Rewards: -15.0 Average Rewards over all frames: -15.862068965517242 Last-10 average reward: -12.8 Best mean reward of last-10: -12.7 Last-100 average reward: -15.18 Best mean reward of last-100: -15.18 Time: 0.019483089447021484 Total time so far: 9343.61098074913
Frame: 210000 Loss: 0.006660368 Total Rewards: -6.0 Average Rewards over all frames: -15.691666666666666 Last-10 average reward: -12.5 Best mean reward of last-10: -12.5 Last-100 average reward: -14.8 Best mean reward of last-100: -14.8 Time: 0.019942522048950195 Total time so far: 9867.362201213837
Frame: 220000 Loss: 0.006606213 Total Rewards: -17.0 Average Rewards over all frames: -15.712 Last-10 average reward: -13.9 Best mean reward of last-10: -12.5 Last-100 average reward: -14.71 Best mean reward of last-100: -14.71 Time: 0.019968032836914062 Total time so far: 10387.107078075409
Frame: 230000 Loss: 0.006562971 Total Rewards: -14.0 Average Rewards over all frames: -15.604651162790697 Last-10 average reward: -13.6 Best mean reward of last-10: -12.5 Last-100 average reward: -14.43 Best mean reward of last-100: -14.43 Time: 0.016299724578857422 Total time so far: 10909.148469924927
Frame: 240000 Loss: 0.0065175383 Total Rewards: -12.0 Average Rewards over all frames: -15.514925373134329 Last-10 average reward: -13.2 Best mean reward of last-10: -12.5 Last-100 average reward: -14.22 Best mean reward of last-100: -14.22 Time: 0.017031192779541016 Total time so far: 11446.213778734207
Frame: 250000 Loss: 0.00646489 Total Rewards: -13.0 Average Rewards over all frames: -15.41304347826087 Last-10 average reward: -12.8 Best mean reward of last-10: -12.5 Last-100 average reward: -14.04 Best mean reward of last-100: -14.04 Time: 0.019481658935546875 Total time so far: 12038.996908664703
Frame: 260000 Loss: 0.006412297 Total Rewards: -11.0 Average Rewards over all frames: -15.373239436619718 Last-10 average reward: -12.8 Best mean reward of last-10: -12.5 Last-100 average reward: -14.01 Best mean reward of last-100: -14.01 Time: 0.018050432205200195 Total time so far: 12638.652287960052
Frame: 270000 Loss: 0.006358358 Total Rewards: -16.0 Average Rewards over all frames: -15.258503401360544 Last-10 average reward: -12.9 Best mean reward of last-10: -12.5 Last-100 average reward: -13.79 Best mean reward of last-100: -13.79 Time: 0.019982337951660156 Total time so far: 13247.089967489243
Frame: 280000 Loss: 0.006299343 Total Rewards: -16.0 Average Rewards over all frames: -15.19205298013245 Last-10 average reward: -12.2 Best mean reward of last-10: -12.2 Last-100 average reward: -13.66 Best mean reward of last-100: -13.66 Time: 0.020708084106445312 Total time so far: 13862.298028945923
Frame: 290000 Loss: 0.0062414766 Total Rewards: -13.0 Average Rewards over all frames: -15.038461538461538 Last-10 average reward: -11.9 Best mean reward of last-10: -11.9 Last-100 average reward: -13.42 Best mean reward of last-100: -13.42 Time: 0.02276921272277832 Total time so far: 14482.942524671555
Frame: 300000 Loss: 0.006183678 Total Rewards: -13.0 Average Rewards over all frames: -14.993788819875776 Last-10 average reward: -12.0 Best mean reward of last-10: -11.9 Last-100 average reward: -13.32 Best mean reward of last-100: -13.32 Time: 0.024713516235351562 Total time so far: 15190.831104278564
Frame: 310000 Loss: 0.0061234324 Total Rewards: -10.0 Average Rewards over all frames: -14.896969696969697 Last-10 average reward: -12.5 Best mean reward of last-10: -11.9 Last-100 average reward: -13.18 Best mean reward of last-100: -13.18 Time: 0.02548956871032715 Total time so far: 15935.96136045456
Frame: 320000 Loss: 0.006061608 Total Rewards: -5.0 Average Rewards over all frames: -14.857988165680473 Last-10 average reward: -12.7 Best mean reward of last-10: -11.9 Last-100 average reward: -13.18 Best mean reward of last-100: -13.18 Time: 0.023053884506225586 Total time so far: 16662.69736099243
Frame: 330000 Loss: 0.006008523 Total Rewards: -15.0 Average Rewards over all frames: -14.811428571428571 Last-10 average reward: -13.4 Best mean reward of last-10: -11.9 Last-100 average reward: -13.03 Best mean reward of last-100: -13.03 Time: 0.024034500122070312 Total time so far: 17391.39272093773
Frame: 340000 Loss: 0.0059560197 Total Rewards: -8.0 Average Rewards over all frames: -14.724719101123595 Last-10 average reward: -11.5 Best mean reward of last-10: -11.5 Last-100 average reward: -12.83 Best mean reward of last-100: -12.83 Time: 0.02632617950439453 Total time so far: 18131.17161679268
Frame: 350000 Loss: 0.005903823 Total Rewards: -9.0 Average Rewards over all frames: -14.497267759562842 Last-10 average reward: -9.4 Best mean reward of last-10: -9.4 Last-100 average reward: -12.53 Best mean reward of last-100: -12.53 Time: 0.023456573486328125 Total time so far: 18879.695956230164
Frame: 360000 Loss: 0.0058626486 Total Rewards: -7.0 Average Rewards over all frames: -14.454545454545455 Last-10 average reward: -9.0 Best mean reward of last-10: -9.0 Last-100 average reward: -12.42 Best mean reward of last-100: -12.42 Time: 0.021016836166381836 Total time so far: 19636.13440299034
Frame: 370000 Loss: 0.0058222283 Total Rewards: -14.0 Average Rewards over all frames: -14.44502617801047 Last-10 average reward: -12.9 Best mean reward of last-10: -9.0 Last-100 average reward: -12.47 Best mean reward of last-100: -12.42 Time: 0.02263784408569336 Total time so far: 20402.080796718597
Frame: 380000 Loss: 0.00578232 Total Rewards: -11.0 Average Rewards over all frames: -14.448979591836734 Last-10 average reward: -13.6 Best mean reward of last-10: -9.0 Last-100 average reward: -12.58 Best mean reward of last-100: -12.42 Time: 0.016000986099243164 Total time so far: 21176.952623605728
Frame: 390000 Loss: 0.005738194 Total Rewards: -13.0 Average Rewards over all frames: -14.385 Last-10 average reward: -13.2 Best mean reward of last-10: -9.0 Last-100 average reward: -12.45 Best mean reward of last-100: -12.42 Time: 0.021087169647216797 Total time so far: 21961.342313051224
Frame: 400000 Loss: 0.0056947432 Total Rewards: -9.0 Average Rewards over all frames: -14.308823529411764 Last-10 average reward: -11.3 Best mean reward of last-10: -9.0 Last-100 average reward: -12.37 Best mean reward of last-100: -12.37 Time: 0.026914119720458984 Total time so far: 22753.90720462799
Frame: 410000 Loss: 0.005657162 Total Rewards: -15.0 Average Rewards over all frames: -14.20673076923077 Last-10 average reward: -9.7 Best mean reward of last-10: -9.0 Last-100 average reward: -12.21 Best mean reward of last-100: -12.21 Time: 0.022493839263916016 Total time so far: 23573.79761505127
Frame: 420000 Loss: 0.0056249155 Total Rewards: -12.0 Average Rewards over all frames: -14.132075471698114 Last-10 average reward: -10.2 Best mean reward of last-10: -9.0 Last-100 average reward: -12.09 Best mean reward of last-100: -12.09 Time: 0.017604351043701172 Total time so far: 24364.979661226273
Frame: 430000 Loss: 0.005595887 Total Rewards: 5.0 Average Rewards over all frames: -14.032407407407407 Last-10 average reward: -9.9 Best mean reward of last-10: -9.0 Last-100 average reward: -11.91 Best mean reward of last-100: -11.91 Time: 0.02367854118347168 Total time so far: 25166.514273166656
Frame: 440000 Loss: 0.0055661267 Total Rewards: -4.0 Average Rewards over all frames: -13.959090909090909 Last-10 average reward: -8.8 Best mean reward of last-10: -8.8 Last-100 average reward: -11.88 Best mean reward of last-100: -11.88 Time: 0.02392864227294922 Total time so far: 25983.303659915924
Frame: 450000 Loss: 0.005534606 Total Rewards: -13.0 Average Rewards over all frames: -13.883928571428571 Last-10 average reward: -9.2 Best mean reward of last-10: -8.8 Last-100 average reward: -11.63 Best mean reward of last-100: -11.63 Time: 0.025394678115844727 Total time so far: 26841.015557289124
Frame: 460000 Loss: 0.005496919 Total Rewards: -6.0 Average Rewards over all frames: -13.785087719298245 Last-10 average reward: -8.5 Best mean reward of last-10: -8.5 Last-100 average reward: -11.44 Best mean reward of last-100: -11.44 Time: 0.030438661575317383 Total time so far: 27781.603456020355
Frame: 470000 Loss: 0.005465214 Total Rewards: -10.0 Average Rewards over all frames: -13.696969696969697 Last-10 average reward: -8.1 Best mean reward of last-10: -8.1 Last-100 average reward: -11.21 Best mean reward of last-100: -11.21 Time: 0.018059492111206055 Total time so far: 28607.571934223175
Frame: 480000 Loss: 0.0054380754 Total Rewards: -12.0 Average Rewards over all frames: -13.591489361702127 Last-10 average reward: -7.5 Best mean reward of last-10: -7.5 Last-100 average reward: -11.06 Best mean reward of last-100: -11.06 Time: 0.015613079071044922 Total time so far: 29280.5217962265
Frame: 490000 Loss: 0.005412295 Total Rewards: 12.0 Average Rewards over all frames: -13.382352941176471 Last-10 average reward: -4.2 Best mean reward of last-10: -4.2 Last-100 average reward: -10.58 Best mean reward of last-100: -10.58 Time: 0.02133655548095703 Total time so far: 29925.61726641655
Frame: 500000 Loss: 0.0053843143 Total Rewards: -1.0 Average Rewards over all frames: -13.194214876033058 Last-10 average reward: -2.5 Best mean reward of last-10: -2.5 Last-100 average reward: -10.1 Best mean reward of last-100: -10.1 Time: 0.01869821548461914 Total time so far: 30562.30781173706
Frame: 510000 Loss: 0.0053543695 Total Rewards: 6.0 Average Rewards over all frames: -12.959349593495935 Last-10 average reward: 0.4 Best mean reward of last-10: 0.4 Last-100 average reward: -9.61 Best mean reward of last-100: -9.61 Time: 0.02168869972229004 Total time so far: 31288.687190771103
Frame: 520000 Loss: 0.0053241733 Total Rewards: 9.0 Average Rewards over all frames: -12.676 Last-10 average reward: 3.0 Best mean reward of last-10: 3.0 Last-100 average reward: -8.91 Best mean reward of last-100: -8.91 Time: 0.019025325775146484 Total time so far: 32004.981667757034
Frame: 530000 Loss: 0.005290519 Total Rewards: 5.0 Average Rewards over all frames: -12.482213438735178 Last-10 average reward: 2.9 Best mean reward of last-10: 3.0 Last-100 average reward: -8.47 Best mean reward of last-100: -8.47 Time: 0.016750574111938477 Total time so far: 32674.059952497482
Frame: 540000 Loss: 0.0052581043 Total Rewards: 10.0 Average Rewards over all frames: -12.214007782101167 Last-10 average reward: 4.6 Best mean reward of last-10: 4.6 Last-100 average reward: -7.8 Best mean reward of last-100: -7.8 Time: 0.022011518478393555 Total time so far: 33332.86443591118
Frame: 550000 Loss: 0.005227215 Total Rewards: 5.0 Average Rewards over all frames: -12.034615384615385 Last-10 average reward: 4.0 Best mean reward of last-10: 4.6 Last-100 average reward: -7.28 Best mean reward of last-100: -7.28 Time: 0.02129673957824707 Total time so far: 33993.37520956993
Frame: 560000 Loss: 0.0051964815 Total Rewards: -9.0 Average Rewards over all frames: -11.893939393939394 Last-10 average reward: 1.3 Best mean reward of last-10: 4.6 Last-100 average reward: -6.92 Best mean reward of last-100: -6.92 Time: 0.018902063369750977 Total time so far: 34657.15251708031
Frame: 570000 Loss: 0.0051718424 Total Rewards: 2.0 Average Rewards over all frames: -11.779026217228465 Last-10 average reward: -0.6 Best mean reward of last-10: 4.6 Last-100 average reward: -6.53 Best mean reward of last-100: -6.53 Time: 0.018140077590942383 Total time so far: 35324.53756189346
Frame: 580000 Loss: 0.0051451977 Total Rewards: -4.0 Average Rewards over all frames: -11.588888888888889 Last-10 average reward: 0.0 Best mean reward of last-10: 4.6 Last-100 average reward: -6.09 Best mean reward of last-100: -6.09 Time: 0.015886545181274414 Total time so far: 35995.19966316223
Frame: 590000 Loss: 0.0051157493 Total Rewards: -7.0 Average Rewards over all frames: -11.397810218978103 Last-10 average reward: 1.7 Best mean reward of last-10: 4.6 Last-100 average reward: -5.46 Best mean reward of last-100: -5.46 Time: 0.01955389976501465 Total time so far: 36669.60029602051
Frame: 600000 Loss: 0.0050876844 Total Rewards: 5.0 Average Rewards over all frames: -11.262589928057555 Last-10 average reward: 0.4 Best mean reward of last-10: 4.6 Last-100 average reward: -5.1 Best mean reward of last-100: -5.1 Time: 0.017354726791381836 Total time so far: 37347.49016070366
Frame: 610000 Loss: 0.005058225 Total Rewards: 5.0 Average Rewards over all frames: -11.092526690391459 Last-10 average reward: 0.7 Best mean reward of last-10: 4.6 Last-100 average reward: -4.87 Best mean reward of last-100: -4.87 Time: 0.01983928680419922 Total time so far: 38059.02201771736
Frame: 620000 Loss: 0.0050306697 Total Rewards: -8.0 Average Rewards over all frames: -10.87017543859649 Last-10 average reward: 2.9 Best mean reward of last-10: 4.6 Last-100 average reward: -4.13 Best mean reward of last-100: -4.13 Time: 0.018691301345825195 Total time so far: 38743.0893805027
Frame: 630000 Loss: 0.005006323 Total Rewards: 16.0 Average Rewards over all frames: -10.677083333333334 Last-10 average reward: 5.6 Best mean reward of last-10: 5.6 Last-100 average reward: -3.57 Best mean reward of last-100: -3.57 Time: 0.01689910888671875 Total time so far: 39430.77826285362
Frame: 640000 Loss: 0.0049834745 Total Rewards: 13.0 Average Rewards over all frames: -10.441780821917808 Last-10 average reward: 6.0 Best mean reward of last-10: 6.0 Last-100 average reward: -2.75 Best mean reward of last-100: -2.75 Time: 0.01645827293395996 Total time so far: 40121.83229589462
Frame: 650000 Loss: 0.0049588913 Total Rewards: 13.0 Average Rewards over all frames: -10.195286195286196 Last-10 average reward: 6.3 Best mean reward of last-10: 6.3 Last-100 average reward: -1.87 Best mean reward of last-100: -1.87 Time: 0.018084287643432617 Total time so far: 40816.12853932381
Frame: 660000 Loss: 0.0049346215 Total Rewards: -5.0 Average Rewards over all frames: -10.126666666666667 Last-10 average reward: 4.0 Best mean reward of last-10: 6.3 Last-100 average reward: -1.61 Best mean reward of last-100: -1.61 Time: 0.018520593643188477 Total time so far: 41514.151698589325
Frame: 670000 Loss: 0.0049130553 Total Rewards: 9.0 Average Rewards over all frames: -9.754098360655737 Last-10 average reward: 5.4 Best mean reward of last-10: 6.3 Last-100 average reward: -0.46 Best mean reward of last-100: -0.46 Time: 0.01680135726928711 Total time so far: 42214.81855916977
Frame: 680000 Loss: 0.0048921113 Total Rewards: 15.0 Average Rewards over all frames: -9.597402597402597 Last-10 average reward: 7.8 Best mean reward of last-10: 7.8 Last-100 average reward: -0.01 Best mean reward of last-100: -0.01 Time: 0.018840312957763672 Total time so far: 42920.519748449326
Frame: 690000 Loss: 0.004868959 Total Rewards: 9.0 Average Rewards over all frames: -9.39423076923077 Last-10 average reward: 7.8 Best mean reward of last-10: 7.8 Last-100 average reward: 0.65 Best mean reward of last-100: 0.65 Time: 0.017410755157470703 Total time so far: 43627.39029121399
Frame: 700000 Loss: 0.0048465426 Total Rewards: 7.0 Average Rewards over all frames: -9.259493670886076 Last-10 average reward: 5.3 Best mean reward of last-10: 7.8 Last-100 average reward: 1.05 Best mean reward of last-100: 1.05 Time: 0.015337467193603516 Total time so far: 44338.244921684265
Frame: 710000 Loss: 0.004823962 Total Rewards: 19.0 Average Rewards over all frames: -9.065830721003135 Last-10 average reward: 5.7 Best mean reward of last-10: 7.8 Last-100 average reward: 1.75 Best mean reward of last-100: 1.75 Time: 0.015598773956298828 Total time so far: 45089.46937465668
Frame: 720000 Loss: 0.004802023 Total Rewards: -5.0 Average Rewards over all frames: -8.910216718266254 Last-10 average reward: 5.2 Best mean reward of last-10: 7.8 Last-100 average reward: 2.19 Best mean reward of last-100: 2.19 Time: 0.020521879196166992 Total time so far: 45807.5519721508
Frame: 730000 Loss: 0.0047811046 Total Rewards: -1.0 Average Rewards over all frames: -8.794478527607362 Last-10 average reward: 5.9 Best mean reward of last-10: 7.8 Last-100 average reward: 2.61 Best mean reward of last-100: 2.61 Time: 0.02153182029724121 Total time so far: 46529.25250387192
Frame: 740000 Loss: 0.0047615115 Total Rewards: 17.0 Average Rewards over all frames: -8.581818181818182 Last-10 average reward: 6.5 Best mean reward of last-10: 7.8 Last-100 average reward: 3.22 Best mean reward of last-100: 3.22 Time: 0.016347885131835938 Total time so far: 47254.53777384758
Frame: 750000 Loss: 0.0047420496 Total Rewards: 15.0 Average Rewards over all frames: -8.320359281437126 Last-10 average reward: 9.4 Best mean reward of last-10: 9.4 Last-100 average reward: 4.03 Best mean reward of last-100: 4.03 Time: 0.02005767822265625 Total time so far: 47983.58254146576
Frame: 760000 Loss: 0.00472386 Total Rewards: 19.0 Average Rewards over all frames: -8.124260355029586 Last-10 average reward: 12.0 Best mean reward of last-10: 12.0 Last-100 average reward: 4.39 Best mean reward of last-100: 4.39 Time: 0.021327495574951172 Total time so far: 48717.01383948326
Frame: 770000 Loss: 0.0047067986 Total Rewards: -1.0 Average Rewards over all frames: -7.900584795321637 Last-10 average reward: 9.7 Best mean reward of last-10: 12.0 Last-100 average reward: 4.91 Best mean reward of last-100: 4.91 Time: 0.01674628257751465 Total time so far: 49452.97186541557
Frame: 780000 Loss: 0.0046885465 Total Rewards: 18.0 Average Rewards over all frames: -7.670520231213873 Last-10 average reward: 11.9 Best mean reward of last-10: 12.0 Last-100 average reward: 5.34 Best mean reward of last-100: 5.34 Time: 0.019388198852539062 Total time so far: 50193.21554493904
Frame: 790000 Loss: 0.0046696947 Total Rewards: 6.0 Average Rewards over all frames: -7.46 Last-10 average reward: 10.9 Best mean reward of last-10: 12.0 Last-100 average reward: 5.58 Best mean reward of last-100: 5.58 Time: 0.017435073852539062 Total time so far: 50935.61878609657
Frame: 800000 Loss: 0.0046502664 Total Rewards: 7.0 Average Rewards over all frames: -7.271186440677966 Last-10 average reward: 11.1 Best mean reward of last-10: 12.0 Last-100 average reward: 5.79 Best mean reward of last-100: 5.79 Time: 0.018621444702148438 Total time so far: 51682.05736351013
Frame: 810000 Loss: 0.0046314383 Total Rewards: 11.0 Average Rewards over all frames: -7.0474860335195535 Last-10 average reward: 11.3 Best mean reward of last-10: 12.0 Last-100 average reward: 6.06 Best mean reward of last-100: 6.06 Time: 0.01986098289489746 Total time so far: 52475.90285515785
Frame: 820000 Loss: 0.004613458 Total Rewards: 2.0 Average Rewards over all frames: -6.842541436464089 Last-10 average reward: 10.8 Best mean reward of last-10: 12.0 Last-100 average reward: 6.5 Best mean reward of last-100: 6.5 Time: 0.020372629165649414 Total time so far: 53228.40245676041
Frame: 830000 Loss: 0.004594606 Total Rewards: 12.0 Average Rewards over all frames: -6.622950819672131 Last-10 average reward: 11.8 Best mean reward of last-10: 12.0 Last-100 average reward: 7.23 Best mean reward of last-100: 7.23 Time: 0.020678281784057617 Total time so far: 53984.56977343559
Frame: 840000 Loss: 0.004577088 Total Rewards: 20.0 Average Rewards over all frames: -6.435135135135135 Last-10 average reward: 11.4 Best mean reward of last-10: 12.0 Last-100 average reward: 7.48 Best mean reward of last-100: 7.48 Time: 0.020725488662719727 Total time so far: 54746.214962005615
Frame: 850000 Loss: 0.004559433 Total Rewards: 8.0 Average Rewards over all frames: -6.251336898395722 Last-10 average reward: 11.6 Best mean reward of last-10: 12.0 Last-100 average reward: 7.85 Best mean reward of last-100: 7.85 Time: 0.01808762550354004 Total time so far: 55508.766073703766
Frame: 860000 Loss: 0.0045414353 Total Rewards: 16.0 Average Rewards over all frames: -6.0237467018469655 Last-10 average reward: 11.8 Best mean reward of last-10: 12.0 Last-100 average reward: 8.49 Best mean reward of last-100: 8.49 Time: 0.01944732666015625 Total time so far: 56275.33863210678
Frame: 870000 Loss: 0.004523637 Total Rewards: 6.0 Average Rewards over all frames: -5.939790575916231 Last-10 average reward: 9.4 Best mean reward of last-10: 12.0 Last-100 average reward: 8.4 Best mean reward of last-100: 8.49 Time: 0.01759481430053711 Total time so far: 57044.88668012619
Frame: 880000 Loss: 0.004505259 Total Rewards: 7.0 Average Rewards over all frames: -5.756476683937824 Last-10 average reward: 8.1 Best mean reward of last-10: 12.0 Last-100 average reward: 8.68 Best mean reward of last-100: 8.68 Time: 0.015729188919067383 Total time so far: 57818.58863949776
Frame: 890000 Loss: 0.004486355 Total Rewards: 6.0 Average Rewards over all frames: -5.607692307692307 Last-10 average reward: 9.0 Best mean reward of last-10: 12.0 Last-100 average reward: 8.91 Best mean reward of last-100: 8.91 Time: 0.019761323928833008 Total time so far: 58594.70075964928
Frame: 900000 Loss: 0.004466978 Total Rewards: 17.0 Average Rewards over all frames: -5.4238578680203045 Last-10 average reward: 10.6 Best mean reward of last-10: 12.0 Last-100 average reward: 9.09 Best mean reward of last-100: 9.09 Time: 0.020964622497558594 Total time so far: 59375.137353658676
Frame: 910000 Loss: 0.0044475007 Total Rewards: 15.0 Average Rewards over all frames: -5.236180904522613 Last-10 average reward: 12.1 Best mean reward of last-10: 12.1 Last-100 average reward: 9.5 Best mean reward of last-100: 9.5 Time: 0.020212411880493164 Total time so far: 60210.17100548744
Frame: 920000 Loss: 0.0044298647 Total Rewards: 11.0 Average Rewards over all frames: -4.992555831265508 Last-10 average reward: 14.2 Best mean reward of last-10: 14.2 Last-100 average reward: 9.78 Best mean reward of last-100: 9.78 Time: 0.01738119125366211 Total time so far: 60998.43041682243
Frame: 930000 Loss: 0.004413408 Total Rewards: 17.0 Average Rewards over all frames: -4.754901960784314 Last-10 average reward: 14.4 Best mean reward of last-10: 14.4 Last-100 average reward: 10.16 Best mean reward of last-100: 10.16 Time: 0.02069544792175293 Total time so far: 61790.01892495155
Frame: 940000 Loss: 0.0043968973 Total Rewards: 2.0 Average Rewards over all frames: -4.58252427184466 Last-10 average reward: 13.5 Best mean reward of last-10: 14.4 Last-100 average reward: 10.43 Best mean reward of last-100: 10.43 Time: 0.01715087890625 Total time so far: 62585.55092859268
Frame: 950000 Loss: 0.0043808874 Total Rewards: 14.0 Average Rewards over all frames: -4.4110576923076925 Last-10 average reward: 14.1 Best mean reward of last-10: 14.4 Last-100 average reward: 10.91 Best mean reward of last-100: 10.91 Time: 0.019481897354125977 Total time so far: 63381.32328128815
Frame: 960000 Loss: 0.0043644784 Total Rewards: 19.0 Average Rewards over all frames: -4.147268408551069 Last-10 average reward: 14.4 Best mean reward of last-10: 14.4 Last-100 average reward: 11.35 Best mean reward of last-100: 11.35 Time: 0.015350818634033203 Total time so far: 64182.41097569466
Frame: 970000 Loss: 0.004348742 Total Rewards: 17.0 Average Rewards over all frames: -3.9014084507042255 Last-10 average reward: 17.3 Best mean reward of last-10: 17.3 Last-100 average reward: 12.05 Best mean reward of last-100: 12.05 Time: 0.016676664352416992 Total time so far: 64984.80953454971
Frame: 980000 Loss: 0.0043349117 Total Rewards: 15.0 Average Rewards over all frames: -3.679814385150812 Last-10 average reward: 16.0 Best mean reward of last-10: 17.3 Last-100 average reward: 12.3 Best mean reward of last-100: 12.3 Time: 0.01533961296081543 Total time so far: 65791.0198392868
Frame: 990000 Loss: 0.0043206625 Total Rewards: 17.0 Average Rewards over all frames: -3.547126436781609 Last-10 average reward: 13.6 Best mean reward of last-10: 17.3 Last-100 average reward: 12.34 Best mean reward of last-100: 12.34 Time: 0.018106698989868164 Total time so far: 66599.64253926277
Frame: 1000000 Loss: 0.004305547 Total Rewards: 6.0 Average Rewards over all frames: -3.4145785876993164 Last-10 average reward: 12.2 Best mean reward of last-10: 17.3 Last-100 average reward: 12.39 Best mean reward of last-100: 12.39 Time: 0.01715826988220215 Total time so far: 67412.61497998238
Frame: 1010000 Loss: 0.0042897393 Total Rewards: 6.0 Average Rewards over all frames: -3.2477477477477477 Last-10 average reward: 11.8 Best mean reward of last-10: 17.3 Last-100 average reward: 12.43 Best mean reward of last-100: 12.43 Time: 0.017005443572998047 Total time so far: 68333.07110476494
Frame: 1020000 Loss: 0.004274533 Total Rewards: 16.0 Average Rewards over all frames: -3.140625 Last-10 average reward: 9.8 Best mean reward of last-10: 17.3 Last-100 average reward: 12.29 Best mean reward of last-100: 12.43 Time: 0.020131826400756836 Total time so far: 69141.34768557549
Frame: 1030000 Loss: 0.0042581945 Total Rewards: 13.0 Average Rewards over all frames: -2.9426048565121414 Last-10 average reward: 11.5 Best mean reward of last-10: 17.3 Last-100 average reward: 12.48 Best mean reward of last-100: 12.48 Time: 0.017452716827392578 Total time so far: 69949.06426811218
Frame: 1040000 Loss: 0.004241916 Total Rewards: 11.0 Average Rewards over all frames: -2.7964989059080962 Last-10 average reward: 14.5 Best mean reward of last-10: 17.3 Last-100 average reward: 12.56 Best mean reward of last-100: 12.56 Time: 0.021307945251464844 Total time so far: 70758.245814085
Frame: 1050000 Loss: 0.004225415 Total Rewards: 20.0 Average Rewards over all frames: -2.665943600867679 Last-10 average reward: 13.3 Best mean reward of last-10: 17.3 Last-100 average reward: 12.5 Best mean reward of last-100: 12.56 Time: 0.016545534133911133 Total time so far: 71569.55967760086
Frame: 1060000 Loss: 0.0042105922 Total Rewards: 10.0 Average Rewards over all frames: -2.511827956989247 Last-10 average reward: 13.8 Best mean reward of last-10: 17.3 Last-100 average reward: 12.68 Best mean reward of last-100: 12.68 Time: 0.017896652221679688 Total time so far: 72377.36385512352
Frame: 1070000 Loss: 0.0041964417 Total Rewards: 9.0 Average Rewards over all frames: -2.3893617021276596 Last-10 average reward: 12.6 Best mean reward of last-10: 17.3 Last-100 average reward: 12.58 Best mean reward of last-100: 12.68 Time: 0.01984119415283203 Total time so far: 73185.09539818764
Frame: 1080000 Loss: 0.0041824942 Total Rewards: 4.0 Average Rewards over all frames: -2.2763713080168775 Last-10 average reward: 9.9 Best mean reward of last-10: 17.3 Last-100 average reward: 12.59 Best mean reward of last-100: 12.68 Time: 0.019483327865600586 Total time so far: 73993.25688695908
Frame: 1090000 Loss: 0.0041687745 Total Rewards: 17.0 Average Rewards over all frames: -2.1422594142259412 Last-10 average reward: 12.1 Best mean reward of last-10: 17.3 Last-100 average reward: 12.75 Best mean reward of last-100: 12.75 Time: 0.015583038330078125 Total time so far: 74800.33452415466
Frame: 1100000 Loss: 0.004154584 Total Rewards: 19.0 Average Rewards over all frames: -1.9710144927536233 Last-10 average reward: 13.1 Best mean reward of last-10: 17.3 Last-100 average reward: 13.0 Best mean reward of last-100: 13.0 Time: 0.021564483642578125 Total time so far: 75609.40737271309
Frame: 1110000 Loss: 0.0041406834 Total Rewards: 16.0 Average Rewards over all frames: -1.8254620123203285 Last-10 average reward: 15.2 Best mean reward of last-10: 17.3 Last-100 average reward: 13.27 Best mean reward of last-100: 13.27 Time: 0.021352291107177734 Total time so far: 76482.6538336277
Frame: 1120000 Loss: 0.004127662 Total Rewards: 16.0 Average Rewards over all frames: -1.7006109979633401 Last-10 average reward: 15.5 Best mean reward of last-10: 17.3 Last-100 average reward: 13.44 Best mean reward of last-100: 13.44 Time: 0.018754959106445312 Total time so far: 77291.68605780602
Frame: 1130000 Loss: 0.0041151363 Total Rewards: 13.0 Average Rewards over all frames: -1.5423387096774193 Last-10 average reward: 14.0 Best mean reward of last-10: 17.3 Last-100 average reward: 13.43 Best mean reward of last-100: 13.44 Time: 0.01642584800720215 Total time so far: 78099.37991905212
Frame: 1140000 Loss: 0.004102152 Total Rewards: 6.0 Average Rewards over all frames: -1.442 Last-10 average reward: 13.0 Best mean reward of last-10: 17.3 Last-100 average reward: 13.35 Best mean reward of last-100: 13.44 Time: 0.020591259002685547 Total time so far: 78907.569658041
Frame: 1150000 Loss: 0.004089783 Total Rewards: 12.0 Average Rewards over all frames: -1.3373015873015872 Last-10 average reward: 11.9 Best mean reward of last-10: 17.3 Last-100 average reward: 13.26 Best mean reward of last-100: 13.44 Time: 0.01671314239501953 Total time so far: 79715.42650699615
Frame: 1160000 Loss: 0.004076537 Total Rewards: 15.0 Average Rewards over all frames: -1.2263779527559056 Last-10 average reward: 11.5 Best mean reward of last-10: 17.3 Last-100 average reward: 13.17 Best mean reward of last-100: 13.44 Time: 0.015891313552856445 Total time so far: 80523.47806239128
Frame: 1170000 Loss: 0.0040632472 Total Rewards: 13.0 Average Rewards over all frames: -1.0623781676413255 Last-10 average reward: 14.1 Best mean reward of last-10: 17.3 Last-100 average reward: 13.3 Best mean reward of last-100: 13.44 Time: 0.019859790802001953 Total time so far: 81332.53818702698
Frame: 1180000 Loss: 0.0040503605 Total Rewards: 18.0 Average Rewards over all frames: -0.8938223938223938 Last-10 average reward: 16.0 Best mean reward of last-10: 17.3 Last-100 average reward: 13.34 Best mean reward of last-100: 13.44 Time: 0.018929719924926758 Total time so far: 82141.37594437599
Frame: 1190000 Loss: 0.0040393374 Total Rewards: -1.0 Average Rewards over all frames: -0.768642447418738 Last-10 average reward: 14.3 Best mean reward of last-10: 17.3 Last-100 average reward: 13.13 Best mean reward of last-100: 13.44 Time: 0.021178007125854492 Total time so far: 82950.97646284103
Frame: 1200000 Loss: 0.004028717 Total Rewards: 18.0 Average Rewards over all frames: -0.6375711574952562 Last-10 average reward: 14.5 Best mean reward of last-10: 17.3 Last-100 average reward: 13.09 Best mean reward of last-100: 13.44 Time: 0.020224809646606445 Total time so far: 83760.03316926956
Frame: 1210000 Loss: 0.0040171957 Total Rewards: 19.0 Average Rewards over all frames: -0.559322033898305 Last-10 average reward: 11.9 Best mean reward of last-10: 17.3 Last-100 average reward: 12.89 Best mean reward of last-100: 13.44 Time: 0.01723480224609375 Total time so far: 84639.39442849159
Frame: 1220000 Loss: 0.004005295 Total Rewards: -5.0 Average Rewards over all frames: -0.4897196261682243 Last-10 average reward: 10.3 Best mean reward of last-10: 17.3 Last-100 average reward: 12.81 Best mean reward of last-100: 13.44 Time: 0.01679682731628418 Total time so far: 85448.69381380081
