Running on local02
gpu
Namespace(N=1, batch_size=16, capacity=1000000, epsilon_decay=30000, epsilon_final=0.01, epsilon_start=1.0, gamma=0.99, lr=6e-05, num_frames=1000000, number_of_updates=10, optimizer='Adam', render=0, save_freq_frame=100000, save_model_path='../results/DQN/model_default_lr6e_5.pth', save_result_path='../results/DQN/results_default_lr6e_5.npy', seed=1, target_update_freq=10000)
Using cuda:  True
Preparing replay buffer with len --  10000 Frame: 10000 Total time so far: 16.755311012268066
Frame: 20000 Loss: 0.007279137 Total Rewards: -20.0 Average Rewards over all frames: -20.333333333333332 Last-10 average reward: -20.3 Best mean reward of last-10: -20.3 Time: 0.01641845703125 Total time so far: 531.8970568180084
Frame: 30000 Loss: 0.005509405 Total Rewards: -18.0 Average Rewards over all frames: -20.166666666666668 Last-10 average reward: -19.8 Best mean reward of last-10: -19.8 Time: 0.016895771026611328 Total time so far: 1052.8720021247864
Frame: 40000 Loss: 0.006021606 Total Rewards: -18.0 Average Rewards over all frames: -19.756756756756758 Last-10 average reward: -18.4 Best mean reward of last-10: -18.4 Time: 0.02143120765686035 Total time so far: 1577.03493475914
Frame: 50000 Loss: 0.0070580677 Total Rewards: -18.0 Average Rewards over all frames: -19.454545454545453 Last-10 average reward: -17.8 Best mean reward of last-10: -17.8 Time: 0.02116537094116211 Total time so far: 2104.2285149097443
Frame: 60000 Loss: 0.007834284 Total Rewards: -20.0 Average Rewards over all frames: -19.34 Last-10 average reward: -18.0 Best mean reward of last-10: -17.8 Time: 0.019838809967041016 Total time so far: 2633.6523995399475
Frame: 70000 Loss: 0.008554458 Total Rewards: -18.0 Average Rewards over all frames: -18.964285714285715 Last-10 average reward: -17.1 Best mean reward of last-10: -17.1 Time: 0.021883249282836914 Total time so far: 3165.4548246860504
Frame: 80000 Loss: 0.008868073 Total Rewards: -18.0 Average Rewards over all frames: -18.721311475409838 Last-10 average reward: -15.8 Best mean reward of last-10: -15.8 Time: 0.016745805740356445 Total time so far: 3699.47070479393
Frame: 90000 Loss: 0.008715832 Total Rewards: -14.0 Average Rewards over all frames: -18.454545454545453 Last-10 average reward: -15.6 Best mean reward of last-10: -15.6 Time: 0.016095638275146484 Total time so far: 4235.425094127655
Frame: 100000 Loss: 0.008503999 Total Rewards: -13.0 Average Rewards over all frames: -18.239436619718308 Last-10 average reward: -15.3 Best mean reward of last-10: -15.3 Time: 0.016244173049926758 Total time so far: 4773.329065799713
Frame: 110000 Loss: 0.0083365785 Total Rewards: -18.0 Average Rewards over all frames: -18.064935064935064 Last-10 average reward: -15.8 Best mean reward of last-10: -15.3 Time: 0.02123427391052246 Total time so far: 5317.470676660538
Frame: 120000 Loss: 0.0081604 Total Rewards: -19.0 Average Rewards over all frames: -17.927710843373493 Last-10 average reward: -16.2 Best mean reward of last-10: -15.3 Time: 0.016948938369750977 Total time so far: 5859.530124425888
Frame: 130000 Loss: 0.008004231 Total Rewards: -16.0 Average Rewards over all frames: -17.795454545454547 Last-10 average reward: -15.8 Best mean reward of last-10: -15.3 Time: 0.016417741775512695 Total time so far: 6403.3003697395325
Frame: 140000 Loss: 0.007933641 Total Rewards: -16.0 Average Rewards over all frames: -17.623655913978496 Last-10 average reward: -15.1 Best mean reward of last-10: -15.1 Time: 0.018314838409423828 Total time so far: 6949.471040487289
Frame: 150000 Loss: 0.007905066 Total Rewards: -9.0 Average Rewards over all frames: -17.408163265306122 Last-10 average reward: -14.0 Best mean reward of last-10: -14.0 Time: 0.016063928604125977 Total time so far: 7498.367166519165
Frame: 160000 Loss: 0.007884747 Total Rewards: -16.0 Average Rewards over all frames: -17.320388349514563 Last-10 average reward: -14.5 Best mean reward of last-10: -14.0 Time: 0.01679682731628418 Total time so far: 8049.348982095718
Frame: 170000 Loss: 0.007843364 Total Rewards: -21.0 Average Rewards over all frames: -17.24770642201835 Last-10 average reward: -16.0 Best mean reward of last-10: -14.0 Time: 0.018492698669433594 Total time so far: 8603.23167347908
Frame: 180000 Loss: 0.007822356 Total Rewards: -17.0 Average Rewards over all frames: -17.20175438596491 Last-10 average reward: -16.0 Best mean reward of last-10: -14.0 Time: 0.016544580459594727 Total time so far: 9159.599466323853
Frame: 190000 Loss: 0.0078102387 Total Rewards: -18.0 Average Rewards over all frames: -17.141666666666666 Last-10 average reward: -16.1 Best mean reward of last-10: -14.0 Time: 0.0228884220123291 Total time so far: 9719.038452863693
Frame: 200000 Loss: 0.007809982 Total Rewards: -13.0 Average Rewards over all frames: -17.024 Last-10 average reward: -14.9 Best mean reward of last-10: -14.0 Time: 0.021380186080932617 Total time so far: 10281.260297060013
Frame: 210000 Loss: 0.0077801575 Total Rewards: -17.0 Average Rewards over all frames: -16.923076923076923 Last-10 average reward: -14.3 Best mean reward of last-10: -14.0 Time: 0.019785165786743164 Total time so far: 10854.578163862228
Frame: 220000 Loss: 0.0077642305 Total Rewards: -11.0 Average Rewards over all frames: -16.762962962962963 Last-10 average reward: -13.5 Best mean reward of last-10: -13.5 Time: 0.022658109664916992 Total time so far: 11422.310916185379
Frame: 230000 Loss: 0.0077804253 Total Rewards: -10.0 Average Rewards over all frames: -16.597122302158272 Last-10 average reward: -12.4 Best mean reward of last-10: -12.4 Time: 0.01895904541015625 Total time so far: 11993.788006544113
Frame: 240000 Loss: 0.007798022 Total Rewards: -18.0 Average Rewards over all frames: -16.53103448275862 Last-10 average reward: -13.4 Best mean reward of last-10: -12.4 Time: 0.017826318740844727 Total time so far: 12568.06971335411
Frame: 250000 Loss: 0.00782927 Total Rewards: -17.0 Average Rewards over all frames: -16.473333333333333 Last-10 average reward: -15.1 Best mean reward of last-10: -12.4 Time: 0.017635107040405273 Total time so far: 13144.874097585678
Frame: 260000 Loss: 0.007886105 Total Rewards: -13.0 Average Rewards over all frames: -16.348387096774193 Last-10 average reward: -13.7 Best mean reward of last-10: -12.4 Time: 0.019031047821044922 Total time so far: 13725.08886551857
Frame: 270000 Loss: 0.007936395 Total Rewards: -14.0 Average Rewards over all frames: -16.1875 Last-10 average reward: -11.9 Best mean reward of last-10: -11.9 Time: 0.015787124633789062 Total time so far: 14308.289936542511
Frame: 280000 Loss: 0.007976325 Total Rewards: -17.0 Average Rewards over all frames: -16.13939393939394 Last-10 average reward: -12.9 Best mean reward of last-10: -11.9 Time: 0.020605087280273438 Total time so far: 14895.073795080185
Frame: 290000 Loss: 0.008042165 Total Rewards: -10.0 Average Rewards over all frames: -16.105882352941176 Last-10 average reward: -14.8 Best mean reward of last-10: -11.9 Time: 0.020465612411499023 Total time so far: 15485.69794869423
Frame: 300000 Loss: 0.008112876 Total Rewards: -11.0 Average Rewards over all frames: -16.005714285714287 Last-10 average reward: -13.8 Best mean reward of last-10: -11.9 Time: 0.01972055435180664 Total time so far: 16078.727142333984
Frame: 310000 Loss: 0.008175159 Total Rewards: -16.0 Average Rewards over all frames: -15.872222222222222 Last-10 average reward: -11.9 Best mean reward of last-10: -11.9 Time: 0.01695871353149414 Total time so far: 16688.145166397095
Frame: 320000 Loss: 0.008208915 Total Rewards: -16.0 Average Rewards over all frames: -15.783783783783784 Last-10 average reward: -11.9 Best mean reward of last-10: -11.9 Time: 0.019746065139770508 Total time so far: 17287.58832883835
Frame: 330000 Loss: 0.008234154 Total Rewards: -11.0 Average Rewards over all frames: -15.645502645502646 Last-10 average reward: -11.6 Best mean reward of last-10: -11.6 Time: 0.01627349853515625 Total time so far: 17890.405660629272
Frame: 340000 Loss: 0.008249414 Total Rewards: -19.0 Average Rewards over all frames: -15.574358974358974 Last-10 average reward: -11.7 Best mean reward of last-10: -11.6 Time: 0.020787715911865234 Total time so far: 18496.201092481613
Frame: 350000 Loss: 0.008276249 Total Rewards: -9.0 Average Rewards over all frames: -15.55 Last-10 average reward: -14.3 Best mean reward of last-10: -11.6 Time: 0.018903732299804688 Total time so far: 19094.74543595314
Frame: 360000 Loss: 0.008301965 Total Rewards: -14.0 Average Rewards over all frames: -15.46829268292683 Last-10 average reward: -13.4 Best mean reward of last-10: -11.6 Time: 0.021167516708374023 Total time so far: 19690.45444869995
Frame: 370000 Loss: 0.008319808 Total Rewards: -13.0 Average Rewards over all frames: -15.339712918660288 Last-10 average reward: -10.5 Best mean reward of last-10: -10.5 Time: 0.016685962677001953 Total time so far: 20292.217092514038
Frame: 380000 Loss: 0.008321489 Total Rewards: -11.0 Average Rewards over all frames: -15.266355140186915 Last-10 average reward: -11.0 Best mean reward of last-10: -10.5 Time: 0.018335342407226562 Total time so far: 20900.357441186905
Frame: 390000 Loss: 0.008336057 Total Rewards: -10.0 Average Rewards over all frames: -15.178899082568808 Last-10 average reward: -11.6 Best mean reward of last-10: -10.5 Time: 0.015577554702758789 Total time so far: 21510.071581602097
Frame: 400000 Loss: 0.008344647 Total Rewards: -15.0 Average Rewards over all frames: -15.102678571428571 Last-10 average reward: -11.6 Best mean reward of last-10: -10.5 Time: 0.02057337760925293 Total time so far: 22117.745302438736
Frame: 410000 Loss: 0.008348553 Total Rewards: -2.0 Average Rewards over all frames: -14.986842105263158 Last-10 average reward: -10.8 Best mean reward of last-10: -10.5 Time: 0.02045297622680664 Total time so far: 22744.90941786766
Frame: 420000 Loss: 0.008347404 Total Rewards: -8.0 Average Rewards over all frames: -14.862068965517242 Last-10 average reward: -9.2 Best mean reward of last-10: -9.2 Time: 0.019771337509155273 Total time so far: 23358.223224401474
Frame: 430000 Loss: 0.0083481325 Total Rewards: -9.0 Average Rewards over all frames: -14.783898305084746 Last-10 average reward: -8.0 Best mean reward of last-10: -8.0 Time: 0.016057491302490234 Total time so far: 23974.431446790695
Frame: 440000 Loss: 0.008361924 Total Rewards: -7.0 Average Rewards over all frames: -14.625 Last-10 average reward: -7.6 Best mean reward of last-10: -7.6 Time: 0.02117633819580078 Total time so far: 24596.45589351654
Frame: 450000 Loss: 0.008387915 Total Rewards: -4.0 Average Rewards over all frames: -14.450819672131148 Last-10 average reward: -5.9 Best mean reward of last-10: -5.9 Time: 0.016765356063842773 Total time so far: 25233.236664772034
Frame: 460000 Loss: 0.008406743 Total Rewards: -7.0 Average Rewards over all frames: -14.294354838709678 Last-10 average reward: -5.0 Best mean reward of last-10: -5.0 Time: 0.019962310791015625 Total time so far: 25872.488039255142
Frame: 470000 Loss: 0.008430616 Total Rewards: -6.0 Average Rewards over all frames: -14.183266932270916 Last-10 average reward: -4.8 Best mean reward of last-10: -4.8 Time: 0.022840261459350586 Total time so far: 26515.63889360428
Frame: 480000 Loss: 0.008458023 Total Rewards: -13.0 Average Rewards over all frames: -14.047058823529412 Last-10 average reward: -4.8 Best mean reward of last-10: -4.8 Time: 0.017537355422973633 Total time so far: 27161.028779029846
Frame: 490000 Loss: 0.008496735 Total Rewards: -12.0 Average Rewards over all frames: -13.91891891891892 Last-10 average reward: -5.6 Best mean reward of last-10: -4.8 Time: 0.022867441177368164 Total time so far: 27809.90749168396
Frame: 500000 Loss: 0.008548742 Total Rewards: -11.0 Average Rewards over all frames: -13.806083650190114 Last-10 average reward: -6.7 Best mean reward of last-10: -4.8 Time: 0.018025875091552734 Total time so far: 28461.985891103745
Frame: 510000 Loss: 0.00859469 Total Rewards: -16.0 Average Rewards over all frames: -13.719101123595506 Last-10 average reward: -8.1 Best mean reward of last-10: -4.8 Time: 0.01864004135131836 Total time so far: 29139.651649951935
Frame: 520000 Loss: 0.008652082 Total Rewards: -12.0 Average Rewards over all frames: -13.596296296296297 Last-10 average reward: -5.8 Best mean reward of last-10: -4.8 Time: 0.015728473663330078 Total time so far: 29797.523517370224
Frame: 530000 Loss: 0.008694359 Total Rewards: -19.0 Average Rewards over all frames: -13.576086956521738 Last-10 average reward: -10.0 Best mean reward of last-10: -4.8 Time: 0.01937079429626465 Total time so far: 30458.22409582138
Frame: 540000 Loss: 0.008721512 Total Rewards: -10.0 Average Rewards over all frames: -13.483985765124554 Last-10 average reward: -11.4 Best mean reward of last-10: -4.8 Time: 0.0212557315826416 Total time so far: 31122.110886335373
Frame: 550000 Loss: 0.008746649 Total Rewards: -5.0 Average Rewards over all frames: -13.348591549295774 Last-10 average reward: -7.7 Best mean reward of last-10: -4.8 Time: 0.02166604995727539 Total time so far: 31789.907568216324
Frame: 560000 Loss: 0.008778291 Total Rewards: -7.0 Average Rewards over all frames: -13.245674740484429 Last-10 average reward: -5.8 Best mean reward of last-10: -4.8 Time: 0.017006397247314453 Total time so far: 32459.971625089645
Frame: 570000 Loss: 0.008821653 Total Rewards: -8.0 Average Rewards over all frames: -13.167808219178083 Last-10 average reward: -6.0 Best mean reward of last-10: -4.8 Time: 0.017392396926879883 Total time so far: 33132.50424480438
Frame: 580000 Loss: 0.008865749 Total Rewards: -5.0 Average Rewards over all frames: -13.027027027027026 Last-10 average reward: -4.3 Best mean reward of last-10: -4.3 Time: 0.017569303512573242 Total time so far: 33808.22214651108
Frame: 590000 Loss: 0.00889603 Total Rewards: -6.0 Average Rewards over all frames: -12.980066445182723 Last-10 average reward: -7.0 Best mean reward of last-10: -4.3 Time: 0.020874738693237305 Total time so far: 34486.380549669266
Frame: 600000 Loss: 0.008932068 Total Rewards: -1.0 Average Rewards over all frames: -12.835526315789474 Last-10 average reward: -5.6 Best mean reward of last-10: -4.3 Time: 0.019096851348876953 Total time so far: 35167.94961762428
Frame: 610000 Loss: 0.008966806 Total Rewards: -6.0 Average Rewards over all frames: -12.763754045307444 Last-10 average reward: -6.3 Best mean reward of last-10: -4.3 Time: 0.01829051971435547 Total time so far: 35880.079761743546
Frame: 620000 Loss: 0.0090095885 Total Rewards: -7.0 Average Rewards over all frames: -12.703821656050955 Last-10 average reward: -8.7 Best mean reward of last-10: -4.3 Time: 0.015676021575927734 Total time so far: 36567.81755423546
Frame: 630000 Loss: 0.009052507 Total Rewards: -6.0 Average Rewards over all frames: -12.608832807570979 Last-10 average reward: -7.9 Best mean reward of last-10: -4.3 Time: 0.022544384002685547 Total time so far: 37258.163043022156
Frame: 640000 Loss: 0.009104332 Total Rewards: -3.0 Average Rewards over all frames: -12.482866043613708 Last-10 average reward: -4.8 Best mean reward of last-10: -4.3 Time: 0.01828289031982422 Total time so far: 37951.834518671036
Frame: 650000 Loss: 0.009162463 Total Rewards: 1.0 Average Rewards over all frames: -12.326153846153845 Last-10 average reward: -1.6 Best mean reward of last-10: -1.6 Time: 0.018506288528442383 Total time so far: 38647.89165854454
Frame: 660000 Loss: 0.009232413 Total Rewards: -14.0 Average Rewards over all frames: -12.19756838905775 Last-10 average reward: -1.3 Best mean reward of last-10: -1.3 Time: 0.022517681121826172 Total time so far: 39346.629710674286
Frame: 670000 Loss: 0.00930921 Total Rewards: -12.0 Average Rewards over all frames: -12.12912912912913 Last-10 average reward: -3.1 Best mean reward of last-10: -1.3 Time: 0.01645207405090332 Total time so far: 40048.37538433075
Frame: 680000 Loss: 0.009394019 Total Rewards: -18.0 Average Rewards over all frames: -12.068047337278106 Last-10 average reward: -8.0 Best mean reward of last-10: -1.3 Time: 0.021915435791015625 Total time so far: 40752.64303159714
Frame: 690000 Loss: 0.009479316 Total Rewards: -4.0 Average Rewards over all frames: -11.923976608187134 Last-10 average reward: -5.1 Best mean reward of last-10: -1.3 Time: 0.017670392990112305 Total time so far: 41461.341658353806
Frame: 700000 Loss: 0.009567571 Total Rewards: -11.0 Average Rewards over all frames: -11.939481268011527 Last-10 average reward: -8.2 Best mean reward of last-10: -1.3 Time: 0.019572019577026367 Total time so far: 42171.88980317116
Frame: 710000 Loss: 0.009673835 Total Rewards: 6.0 Average Rewards over all frames: -11.806818181818182 Last-10 average reward: -7.8 Best mean reward of last-10: -1.3 Time: 0.02119135856628418 Total time so far: 42917.2644135952
Frame: 720000 Loss: 0.009782169 Total Rewards: -12.0 Average Rewards over all frames: -11.843575418994414 Last-10 average reward: -9.6 Best mean reward of last-10: -1.3 Time: 0.020603656768798828 Total time so far: 43632.197855472565
Frame: 730000 Loss: 0.009891396 Total Rewards: -10.0 Average Rewards over all frames: -11.740331491712707 Last-10 average reward: -9.4 Best mean reward of last-10: -1.3 Time: 0.021867990493774414 Total time so far: 44350.328706502914
Frame: 740000 Loss: 0.010013224 Total Rewards: -2.0 Average Rewards over all frames: -11.706521739130435 Last-10 average reward: -6.8 Best mean reward of last-10: -1.3 Time: 0.021274328231811523 Total time so far: 45070.65210080147
Frame: 750000 Loss: 0.010144757 Total Rewards: -14.0 Average Rewards over all frames: -11.738666666666667 Last-10 average reward: -12.6 Best mean reward of last-10: -1.3 Time: 0.01820540428161621 Total time so far: 45794.89819192886
Frame: 760000 Loss: 0.0102956155 Total Rewards: 19.0 Average Rewards over all frames: -11.534210526315789 Last-10 average reward: -4.5 Best mean reward of last-10: -1.3 Time: 0.020582199096679688 Total time so far: 46522.42268896103
Frame: 770000 Loss: 0.010456559 Total Rewards: -20.0 Average Rewards over all frames: -11.531088082901555 Last-10 average reward: -4.8 Best mean reward of last-10: -1.3 Time: 0.01656961441040039 Total time so far: 47253.831154584885
Frame: 780000 Loss: 0.010612734 Total Rewards: -1.0 Average Rewards over all frames: -11.514066496163682 Last-10 average reward: -9.8 Best mean reward of last-10: -1.3 Time: 0.019808053970336914 Total time so far: 47988.28031730652
Frame: 790000 Loss: 0.010755917 Total Rewards: -2.0 Average Rewards over all frames: -11.410126582278481 Last-10 average reward: -7.6 Best mean reward of last-10: -1.3 Time: 0.021909713745117188 Total time so far: 48726.524552345276
Frame: 800000 Loss: 0.010881197 Total Rewards: 8.0 Average Rewards over all frames: -11.2 Last-10 average reward: 2.1 Best mean reward of last-10: 2.1 Time: 0.018581151962280273 Total time so far: 49467.52603197098
Frame: 810000 Loss: 0.011004651 Total Rewards: 9.0 Average Rewards over all frames: -11.121287128712872 Last-10 average reward: 1.2 Best mean reward of last-10: 2.1 Time: 0.021639585494995117 Total time so far: 50248.62021064758
Frame: 820000 Loss: 0.011134023 Total Rewards: -19.0 Average Rewards over all frames: -10.951219512195122 Last-10 average reward: -1.0 Best mean reward of last-10: 2.1 Time: 0.02218770980834961 Total time so far: 50996.31576514244
Frame: 830000 Loss: 0.0112633 Total Rewards: 11.0 Average Rewards over all frames: -10.855421686746988 Last-10 average reward: -2.7 Best mean reward of last-10: 2.1 Time: 0.0196993350982666 Total time so far: 51747.12327313423
Frame: 840000 Loss: 0.011381438 Total Rewards: -14.0 Average Rewards over all frames: -10.664285714285715 Last-10 average reward: 1.1 Best mean reward of last-10: 2.1 Time: 0.01901412010192871 Total time so far: 52501.646465301514
Frame: 850000 Loss: 0.011482651 Total Rewards: -20.0 Average Rewards over all frames: -10.690866510538642 Last-10 average reward: -6.7 Best mean reward of last-10: 2.1 Time: 0.017946243286132812 Total time so far: 53258.771089315414
Frame: 860000 Loss: 0.011574022 Total Rewards: 16.0 Average Rewards over all frames: -10.530092592592593 Last-10 average reward: -4.7 Best mean reward of last-10: 2.1 Time: 0.019417524337768555 Total time so far: 54021.572930336
Frame: 870000 Loss: 0.011668605 Total Rewards: 12.0 Average Rewards over all frames: -10.37070938215103 Last-10 average reward: 3.3 Best mean reward of last-10: 3.3 Time: 0.02031254768371582 Total time so far: 54785.319972753525
Frame: 880000 Loss: 0.011754789 Total Rewards: -5.0 Average Rewards over all frames: -10.17420814479638 Last-10 average reward: 5.2 Best mean reward of last-10: 5.2 Time: 0.019802570343017578 Total time so far: 55552.54869270325
Frame: 890000 Loss: 0.011844081 Total Rewards: 11.0 Average Rewards over all frames: -9.979865771812081 Last-10 average reward: 7.1 Best mean reward of last-10: 7.1 Time: 0.017527103424072266 Total time so far: 56322.80113530159
Frame: 900000 Loss: 0.011918805 Total Rewards: 12.0 Average Rewards over all frames: -9.798672566371682 Last-10 average reward: 6.8 Best mean reward of last-10: 7.1 Time: 0.017958402633666992 Total time so far: 57096.18804717064
Frame: 910000 Loss: 0.01199014 Total Rewards: -1.0 Average Rewards over all frames: -9.63238512035011 Last-10 average reward: 5.9 Best mean reward of last-10: 7.1 Time: 0.02170252799987793 Total time so far: 57914.07519006729
Frame: 920000 Loss: 0.012069112 Total Rewards: 11.0 Average Rewards over all frames: -9.531453362255965 Last-10 average reward: 4.7 Best mean reward of last-10: 7.1 Time: 0.017252206802368164 Total time so far: 58694.26431393623
Frame: 930000 Loss: 0.01214141 Total Rewards: 9.0 Average Rewards over all frames: -9.438709677419356 Last-10 average reward: 3.0 Best mean reward of last-10: 7.1 Time: 0.01775074005126953 Total time so far: 59477.127291202545
Frame: 940000 Loss: 0.01220335 Total Rewards: 9.0 Average Rewards over all frames: -9.331210191082803 Last-10 average reward: -0.1 Best mean reward of last-10: 7.1 Time: 0.015926361083984375 Total time so far: 60263.21375799179
Frame: 950000 Loss: 0.012272193 Total Rewards: -9.0 Average Rewards over all frames: -9.356394129979035 Last-10 average reward: -8.2 Best mean reward of last-10: 7.1 Time: 0.015674829483032227 Total time so far: 61053.017213106155
Frame: 960000 Loss: 0.012325052 Total Rewards: 15.0 Average Rewards over all frames: -9.251559251559252 Last-10 average reward: -5.5 Best mean reward of last-10: 7.1 Time: 0.01726698875427246 Total time so far: 61845.566472530365
Frame: 970000 Loss: 0.012371867 Total Rewards: 8.0 Average Rewards over all frames: -9.12962962962963 Last-10 average reward: 1.7 Best mean reward of last-10: 7.1 Time: 0.020416975021362305 Total time so far: 62641.17093992233
Frame: 980000 Loss: 0.012426921 Total Rewards: -20.0 Average Rewards over all frames: -9.052953156822811 Last-10 average reward: 0.5 Best mean reward of last-10: 7.1 Time: 0.019504070281982422 Total time so far: 63440.30019235611
Frame: 990000 Loss: 0.012474512 Total Rewards: -21.0 Average Rewards over all frames: -8.94758064516129 Last-10 average reward: -0.1 Best mean reward of last-10: 7.1 Time: 0.016679048538208008 Total time so far: 64243.04671502113
Frame: 1000000 Loss: 0.012516371 Total Rewards: -10.0 Average Rewards over all frames: -8.958167330677291 Last-10 average reward: -6.2 Best mean reward of last-10: 7.1 Time: 0.021506786346435547 Total time so far: 65048.19805073738
