Running on local02
gpu
Namespace(N=1, batch_size=16, capacity=1000000, epsilon_decay=30000, epsilon_final=0.01, epsilon_start=1.0, gamma=0.99, lr=3e-05, num_frames=1000000, number_of_updates=10, optimizer='Adam', render=0, save_freq_frame=100000, save_model_path='../results/DQN/model_default_lr3e_5_diffKernel.pth', save_result_path='../results/DQN/results_default_lr3e_5_diffKernel.npy', seed=1, target_update_freq=10000)
Using cuda:  True
Preparing replay buffer with len --  10000 Frame: 10000 Total time so far: 18.496233701705933
Frame: 20000 Loss: 0.0028163916 Total Rewards: -19.0 Average Rewards over all frames: -20.19047619047619 Last-10 average reward: -20.1 Best mean reward of last-10: -20.1 Time: 0.025032520294189453 Total time so far: 4476.152135372162
Frame: 30000 Loss: 0.0021003198 Total Rewards: -19.0 Average Rewards over all frames: -20.066666666666666 Last-10 average reward: -19.7 Best mean reward of last-10: -19.7 Time: 0.028932571411132812 Total time so far: 8947.483212947845
Frame: 40000 Loss: 0.0022545913 Total Rewards: -18.0 Average Rewards over all frames: -19.64864864864865 Last-10 average reward: -18.4 Best mean reward of last-10: -18.4 Time: 0.03543257713317871 Total time so far: 13420.999498128891
Frame: 50000 Loss: 0.0024466007 Total Rewards: -16.0 Average Rewards over all frames: -19.27906976744186 Last-10 average reward: -17.3 Best mean reward of last-10: -17.3 Time: 0.03642845153808594 Total time so far: 17899.538311719894
Frame: 60000 Loss: 0.0026883453 Total Rewards: -15.0 Average Rewards over all frames: -19.1 Last-10 average reward: -17.4 Best mean reward of last-10: -17.3 Time: 0.032329559326171875 Total time so far: 22384.008234262466
Frame: 70000 Loss: 0.0029026817 Total Rewards: -19.0 Average Rewards over all frames: -18.912280701754387 Last-10 average reward: -17.7 Best mean reward of last-10: -17.3 Time: 0.03231406211853027 Total time so far: 26869.401729106903
Frame: 80000 Loss: 0.003121371 Total Rewards: -19.0 Average Rewards over all frames: -18.714285714285715 Last-10 average reward: -17.6 Best mean reward of last-10: -17.3 Time: 0.027971267700195312 Total time so far: 31354.497594356537
Frame: 90000 Loss: 0.0033981302 Total Rewards: -15.0 Average Rewards over all frames: -18.36764705882353 Last-10 average reward: -15.7 Best mean reward of last-10: -15.7 Time: 0.03481268882751465 Total time so far: 35851.109186410904
Frame: 100000 Loss: 0.003650595 Total Rewards: -16.0 Average Rewards over all frames: -18.210526315789473 Last-10 average reward: -16.3 Best mean reward of last-10: -15.7 Time: 0.03682732582092285 Total time so far: 40353.14905190468
Frame: 110000 Loss: 0.0038712712 Total Rewards: -14.0 Average Rewards over all frames: -18.0 Last-10 average reward: -16.2 Best mean reward of last-10: -15.7 Time: 0.035700082778930664 Total time so far: 44844.14586830139
Frame: 120000 Loss: 0.0040075 Total Rewards: -17.0 Average Rewards over all frames: -17.908045977011493 Last-10 average reward: -15.8 Best mean reward of last-10: -15.7 Time: 0.030650615692138672 Total time so far: 49325.51303577423
Frame: 130000 Loss: 0.0041407296 Total Rewards: -14.0 Average Rewards over all frames: -17.64516129032258 Last-10 average reward: -14.9 Best mean reward of last-10: -14.9 Time: 0.023066282272338867 Total time so far: 53816.65842103958
Frame: 140000 Loss: 0.0042746426 Total Rewards: -14.0 Average Rewards over all frames: -17.575757575757574 Last-10 average reward: -15.4 Best mean reward of last-10: -14.9 Time: 0.0345611572265625 Total time so far: 58315.30671262741
Frame: 150000 Loss: 0.0043975143 Total Rewards: -17.0 Average Rewards over all frames: -17.528301886792452 Last-10 average reward: -16.3 Best mean reward of last-10: -14.9 Time: 0.02891087532043457 Total time so far: 62815.45485138893
Frame: 160000 Loss: 0.0045013335 Total Rewards: -18.0 Average Rewards over all frames: -17.495575221238937 Last-10 average reward: -17.0 Best mean reward of last-10: -14.9 Time: 0.035799264907836914 Total time so far: 67320.22663068771
Frame: 170000 Loss: 0.004586246 Total Rewards: -17.0 Average Rewards over all frames: -17.394957983193276 Last-10 average reward: -16.5 Best mean reward of last-10: -14.9 Time: 0.03629589080810547 Total time so far: 71825.82484769821
Frame: 180000 Loss: 0.00464386 Total Rewards: -13.0 Average Rewards over all frames: -17.288 Last-10 average reward: -15.1 Best mean reward of last-10: -14.9 Time: 0.03592348098754883 Total time so far: 76345.54342961311
Frame: 190000 Loss: 0.004688945 Total Rewards: -17.0 Average Rewards over all frames: -17.189393939393938 Last-10 average reward: -15.3 Best mean reward of last-10: -14.9 Time: 0.03559732437133789 Total time so far: 80871.06653547287
Frame: 200000 Loss: 0.00472484 Total Rewards: -17.0 Average Rewards over all frames: -17.072992700729927 Last-10 average reward: -14.3 Best mean reward of last-10: -14.3 Time: 0.03790545463562012 Total time so far: 85397.67106938362
Frame: 210000 Loss: 0.0047672833 Total Rewards: -18.0 Average Rewards over all frames: -16.923076923076923 Last-10 average reward: -13.7 Best mean reward of last-10: -13.7 Time: 0.026998519897460938 Total time so far: 89942.62107777596
Frame: 220000 Loss: 0.004795448 Total Rewards: -14.0 Average Rewards over all frames: -16.85135135135135 Last-10 average reward: -14.9 Best mean reward of last-10: -13.7 Time: 0.03206062316894531 Total time so far: 94482.77624940872
Frame: 230000 Loss: 0.004818718 Total Rewards: -19.0 Average Rewards over all frames: -16.714285714285715 Last-10 average reward: -13.9 Best mean reward of last-10: -13.7 Time: 0.02802133560180664 Total time so far: 99026.97042965889
Frame: 240000 Loss: 0.0048540975 Total Rewards: -18.0 Average Rewards over all frames: -16.63125 Last-10 average reward: -14.1 Best mean reward of last-10: -13.7 Time: 0.026613712310791016 Total time so far: 103574.11285233498
Frame: 250000 Loss: 0.004879346 Total Rewards: -17.0 Average Rewards over all frames: -16.533333333333335 Last-10 average reward: -13.9 Best mean reward of last-10: -13.7 Time: 0.03309273719787598 Total time so far: 108120.57388043404
Frame: 260000 Loss: 0.0048983106 Total Rewards: -17.0 Average Rewards over all frames: -16.403508771929825 Last-10 average reward: -12.8 Best mean reward of last-10: -12.8 Time: 0.028737306594848633 Total time so far: 112671.94150733948
Frame: 270000 Loss: 0.0049145673 Total Rewards: -6.0 Average Rewards over all frames: -16.1875 Last-10 average reward: -10.9 Best mean reward of last-10: -10.9 Time: 0.03040599822998047 Total time so far: 117230.06574296951
Frame: 280000 Loss: 0.004931934 Total Rewards: -5.0 Average Rewards over all frames: -16.07734806629834 Last-10 average reward: -10.5 Best mean reward of last-10: -10.5 Time: 0.03291916847229004 Total time so far: 121797.60388946533
Frame: 290000 Loss: 0.004946451 Total Rewards: 5.0 Average Rewards over all frames: -15.887096774193548 Last-10 average reward: -10.6 Best mean reward of last-10: -10.5 Time: 0.033876895904541016 Total time so far: 126374.17194747925
Frame: 300000 Loss: 0.004949409 Total Rewards: -15.0 Average Rewards over all frames: -15.81675392670157 Last-10 average reward: -11.1 Best mean reward of last-10: -10.5 Time: 0.02399277687072754 Total time so far: 130980.94916987419
Frame: 310000 Loss: 0.0049503003 Total Rewards: -13.0 Average Rewards over all frames: -15.693877551020408 Last-10 average reward: -12.1 Best mean reward of last-10: -10.5 Time: 0.017459630966186523 Total time so far: 135576.44024825096
Frame: 320000 Loss: 0.0049445755 Total Rewards: 11.0 Average Rewards over all frames: -15.144278606965175 Last-10 average reward: -2.3 Best mean reward of last-10: -2.3 Time: 0.022025346755981445 Total time so far: 140161.55203199387
Frame: 330000 Loss: 0.0049301004 Total Rewards: -11.0 Average Rewards over all frames: -14.810679611650485 Last-10 average reward: 2.5 Best mean reward of last-10: 2.5 Time: 0.018081188201904297 Total time so far: 144702.06864905357
Frame: 340000 Loss: 0.0049227425 Total Rewards: 15.0 Average Rewards over all frames: -14.540284360189574 Last-10 average reward: -2.4 Best mean reward of last-10: 2.5 Time: 0.029016733169555664 Total time so far: 149282.0201444626
Frame: 350000 Loss: 0.0049213404 Total Rewards: 19.0 Average Rewards over all frames: -14.23611111111111 Last-10 average reward: -2.4 Best mean reward of last-10: 2.5 Time: 0.029820919036865234 Total time so far: 153885.48319244385
Frame: 360000 Loss: 0.0049258997 Total Rewards: -14.0 Average Rewards over all frames: -14.072398190045249 Last-10 average reward: -4.2 Best mean reward of last-10: 2.5 Time: 0.036164045333862305 Total time so far: 158495.43334174156
Frame: 370000 Loss: 0.004930833 Total Rewards: -7.0 Average Rewards over all frames: -13.87111111111111 Last-10 average reward: -2.7 Best mean reward of last-10: 2.5 Time: 0.03670954704284668 Total time so far: 163108.86935949326
Frame: 380000 Loss: 0.0049421056 Total Rewards: -9.0 Average Rewards over all frames: -13.755458515283843 Last-10 average reward: -6.1 Best mean reward of last-10: 2.5 Time: 0.03477120399475098 Total time so far: 167727.9072947502
Frame: 390000 Loss: 0.004960694 Total Rewards: -8.0 Average Rewards over all frames: -13.660944206008583 Last-10 average reward: -7.7 Best mean reward of last-10: 2.5 Time: 0.0347139835357666 Total time so far: 172348.15575551987
Frame: 400000 Loss: 0.004979318 Total Rewards: -14.0 Average Rewards over all frames: -13.569037656903765 Last-10 average reward: -9.3 Best mean reward of last-10: 2.5 Time: 0.027716398239135742 Total time so far: 176976.6380393505
Frame: 410000 Loss: 0.004990436 Total Rewards: 17.0 Average Rewards over all frames: -13.362139917695472 Last-10 average reward: -6.4 Best mean reward of last-10: 2.5 Time: 0.03543901443481445 Total time so far: 181624.47337460518
Frame: 420000 Loss: 0.005006402 Total Rewards: -12.0 Average Rewards over all frames: -13.03225806451613 Last-10 average reward: -0.3 Best mean reward of last-10: 2.5 Time: 0.030280351638793945 Total time so far: 186263.3901605606
Frame: 430000 Loss: 0.0050176717 Total Rewards: 8.0 Average Rewards over all frames: -12.753968253968255 Last-10 average reward: 5.0 Best mean reward of last-10: 5.0 Time: 0.03476595878601074 Total time so far: 190905.35059452057
Frame: 440000 Loss: 0.005031456 Total Rewards: -8.0 Average Rewards over all frames: -12.546875 Last-10 average reward: 0.3 Best mean reward of last-10: 5.0 Time: 0.03506064414978027 Total time so far: 195550.74098920822
Frame: 450000 Loss: 0.0050418787 Total Rewards: -8.0 Average Rewards over all frames: -12.353846153846154 Last-10 average reward: 0.5 Best mean reward of last-10: 5.0 Time: 0.038481712341308594 Total time so far: 200200.10651922226
