Running on local01
gpu
Namespace(N=1, batch_size=16, capacity=1000000, epsilon_decay=30000, epsilon_final=0.01, epsilon_start=1.0, gamma=0.99, lr=2e-05, num_frames=1000000, number_of_updates=10, optimizer='Adam', render=0, save_freq_frame=100000, save_model_path='../results/DQN/model_default_lr2e_5.pth', save_result_path='../results/DQN/results_default_lr2e_5.npy', seed=1, target_update_freq=10000)
Using cuda:  True
Preparing replay buffer with len --  10000 Frame: 10000 Total time so far: 16.980142831802368
Frame: 20000 Loss: 0.009774907 Total Rewards: -20.0 Average Rewards over all frames: -20.454545454545453 Last-10 average reward: -20.4 Best mean reward of last-10: -20.4 Time: 0.018793582916259766 Total time so far: 549.7007405757904
Frame: 30000 Loss: 0.0075160884 Total Rewards: -19.0 Average Rewards over all frames: -20.266666666666666 Last-10 average reward: -19.8 Best mean reward of last-10: -19.8 Time: 0.018234968185424805 Total time so far: 1089.6686520576477
Frame: 40000 Loss: 0.0071690357 Total Rewards: -16.0 Average Rewards over all frames: -19.7027027027027 Last-10 average reward: -17.8 Best mean reward of last-10: -17.8 Time: 0.022711992263793945 Total time so far: 1632.0135009288788
Frame: 50000 Loss: 0.007164611 Total Rewards: -15.0 Average Rewards over all frames: -19.27906976744186 Last-10 average reward: -16.6 Best mean reward of last-10: -16.6 Time: 0.022602081298828125 Total time so far: 2176.0261402130127
Frame: 60000 Loss: 0.007255556 Total Rewards: -17.0 Average Rewards over all frames: -19.0 Last-10 average reward: -17.2 Best mean reward of last-10: -16.6 Time: 0.02132892608642578 Total time so far: 2722.7614011764526
Frame: 70000 Loss: 0.007291705 Total Rewards: -15.0 Average Rewards over all frames: -18.814814814814813 Last-10 average reward: -16.7 Best mean reward of last-10: -16.6 Time: 0.021554946899414062 Total time so far: 3271.8533878326416
Frame: 80000 Loss: 0.007262371 Total Rewards: -16.0 Average Rewards over all frames: -18.666666666666668 Last-10 average reward: -17.3 Best mean reward of last-10: -16.6 Time: 0.0188140869140625 Total time so far: 3823.5821900367737
Frame: 90000 Loss: 0.0071856305 Total Rewards: -13.0 Average Rewards over all frames: -18.46153846153846 Last-10 average reward: -16.9 Best mean reward of last-10: -16.6 Time: 0.020730018615722656 Total time so far: 4377.27351808548
Frame: 100000 Loss: 0.007079721 Total Rewards: -12.0 Average Rewards over all frames: -18.159420289855074 Last-10 average reward: -14.9 Best mean reward of last-10: -14.9 Time: 0.01699233055114746 Total time so far: 4933.220012426376
Frame: 110000 Loss: 0.0069268984 Total Rewards: -11.0 Average Rewards over all frames: -17.972972972972972 Last-10 average reward: -14.3 Best mean reward of last-10: -14.3 Time: 0.018302440643310547 Total time so far: 5495.551330804825
Frame: 120000 Loss: 0.0067915544 Total Rewards: -20.0 Average Rewards over all frames: -17.873417721518987 Last-10 average reward: -15.9 Best mean reward of last-10: -14.3 Time: 0.022808074951171875 Total time so far: 6056.714194059372
Frame: 130000 Loss: 0.006667267 Total Rewards: -14.0 Average Rewards over all frames: -17.583333333333332 Last-10 average reward: -14.7 Best mean reward of last-10: -14.3 Time: 0.022612333297729492 Total time so far: 6620.121149778366
Frame: 140000 Loss: 0.0065678037 Total Rewards: -12.0 Average Rewards over all frames: -17.337078651685392 Last-10 average reward: -13.1 Best mean reward of last-10: -13.1 Time: 0.019603729248046875 Total time so far: 7185.691420555115
Frame: 150000 Loss: 0.0065082735 Total Rewards: -17.0 Average Rewards over all frames: -17.22340425531915 Last-10 average reward: -14.2 Best mean reward of last-10: -13.1 Time: 0.019928693771362305 Total time so far: 7754.3058495521545
Frame: 160000 Loss: 0.0064552114 Total Rewards: -19.0 Average Rewards over all frames: -17.181818181818183 Last-10 average reward: -15.8 Best mean reward of last-10: -13.1 Time: 0.021928071975708008 Total time so far: 8325.073198080063
Frame: 170000 Loss: 0.006384242 Total Rewards: -15.0 Average Rewards over all frames: -17.173076923076923 Last-10 average reward: -16.7 Best mean reward of last-10: -13.1 Time: 0.02149653434753418 Total time so far: 8899.253313064575
Frame: 180000 Loss: 0.006320128 Total Rewards: -7.0 Average Rewards over all frames: -17.009174311926607 Last-10 average reward: -15.3 Best mean reward of last-10: -13.1 Time: 0.019169092178344727 Total time so far: 9476.627546787262
Frame: 190000 Loss: 0.0062441183 Total Rewards: -12.0 Average Rewards over all frames: -16.850877192982455 Last-10 average reward: -13.5 Best mean reward of last-10: -13.1 Time: 0.0170290470123291 Total time so far: 10057.275477409363
Frame: 200000 Loss: 0.006184558 Total Rewards: -11.0 Average Rewards over all frames: -16.635593220338983 Last-10 average reward: -11.6 Best mean reward of last-10: -11.6 Time: 0.022469043731689453 Total time so far: 10640.695700645447
Frame: 210000 Loss: 0.0061270907 Total Rewards: -16.0 Average Rewards over all frames: -16.585365853658537 Last-10 average reward: -13.1 Best mean reward of last-10: -11.6 Time: 0.016818523406982422 Total time so far: 11236.0897128582
Frame: 220000 Loss: 0.0060905106 Total Rewards: -10.0 Average Rewards over all frames: -16.488188976377952 Last-10 average reward: -14.2 Best mean reward of last-10: -11.6 Time: 0.017185449600219727 Total time so far: 11826.098412752151
Frame: 230000 Loss: 0.0060244477 Total Rewards: -18.0 Average Rewards over all frames: -16.37121212121212 Last-10 average reward: -13.7 Best mean reward of last-10: -11.6 Time: 0.02160811424255371 Total time so far: 12419.646096944809
Frame: 240000 Loss: 0.005968464 Total Rewards: -19.0 Average Rewards over all frames: -16.2992700729927 Last-10 average reward: -13.9 Best mean reward of last-10: -11.6 Time: 0.022351741790771484 Total time so far: 13016.247466564178
Frame: 250000 Loss: 0.0059031853 Total Rewards: -11.0 Average Rewards over all frames: -16.170212765957448 Last-10 average reward: -13.7 Best mean reward of last-10: -11.6 Time: 0.01667022705078125 Total time so far: 13616.068845510483
Frame: 260000 Loss: 0.0058462177 Total Rewards: -17.0 Average Rewards over all frames: -16.06206896551724 Last-10 average reward: -13.1 Best mean reward of last-10: -11.6 Time: 0.0189511775970459 Total time so far: 14219.986199140549
Frame: 270000 Loss: 0.0057890345 Total Rewards: -11.0 Average Rewards over all frames: -15.939597315436242 Last-10 average reward: -12.0 Best mean reward of last-10: -11.6 Time: 0.016937971115112305 Total time so far: 14827.805926799774
Frame: 280000 Loss: 0.005745409 Total Rewards: -11.0 Average Rewards over all frames: -15.836601307189543 Last-10 average reward: -12.2 Best mean reward of last-10: -11.6 Time: 0.022227764129638672 Total time so far: 15439.217025279999
Frame: 290000 Loss: 0.005701948 Total Rewards: -16.0 Average Rewards over all frames: -15.802547770700636 Last-10 average reward: -12.4 Best mean reward of last-10: -11.6 Time: 0.01705455780029297 Total time so far: 16054.904322862625
Frame: 300000 Loss: 0.005657389 Total Rewards: -11.0 Average Rewards over all frames: -15.652173913043478 Last-10 average reward: -11.3 Best mean reward of last-10: -11.3 Time: 0.021085739135742188 Total time so far: 16673.833510637283
Frame: 310000 Loss: 0.0056171515 Total Rewards: -17.0 Average Rewards over all frames: -15.539393939393939 Last-10 average reward: -11.7 Best mean reward of last-10: -11.3 Time: 0.021346569061279297 Total time so far: 17310.31676363945
Frame: 320000 Loss: 0.0055754185 Total Rewards: -10.0 Average Rewards over all frames: -15.494117647058824 Last-10 average reward: -12.5 Best mean reward of last-10: -11.3 Time: 0.021263599395751953 Total time so far: 17936.634702682495
Frame: 330000 Loss: 0.0055345073 Total Rewards: -8.0 Average Rewards over all frames: -15.38150289017341 Last-10 average reward: -11.6 Best mean reward of last-10: -11.3 Time: 0.01778721809387207 Total time so far: 18566.840448379517
Frame: 340000 Loss: 0.005491368 Total Rewards: -13.0 Average Rewards over all frames: -15.220338983050848 Last-10 average reward: -9.6 Best mean reward of last-10: -9.6 Time: 0.017129182815551758 Total time so far: 19200.014778137207
Frame: 350000 Loss: 0.0054538436 Total Rewards: -4.0 Average Rewards over all frames: -15.07182320441989 Last-10 average reward: -8.4 Best mean reward of last-10: -8.4 Time: 0.019483327865600586 Total time so far: 19837.34788584709
Frame: 360000 Loss: 0.0054153493 Total Rewards: -3.0 Average Rewards over all frames: -14.978494623655914 Last-10 average reward: -10.5 Best mean reward of last-10: -8.4 Time: 0.02137279510498047 Total time so far: 20480.07418370247
Frame: 370000 Loss: 0.005374733 Total Rewards: -14.0 Average Rewards over all frames: -14.9 Last-10 average reward: -10.7 Best mean reward of last-10: -8.4 Time: 0.020248889923095703 Total time so far: 21126.06324839592
Frame: 380000 Loss: 0.0053387852 Total Rewards: -8.0 Average Rewards over all frames: -14.856410256410257 Last-10 average reward: -11.4 Best mean reward of last-10: -8.4 Time: 0.020926475524902344 Total time so far: 21776.027924776077
Frame: 390000 Loss: 0.0053070458 Total Rewards: -11.0 Average Rewards over all frames: -14.793969849246231 Last-10 average reward: -12.7 Best mean reward of last-10: -8.4 Time: 0.022845983505249023 Total time so far: 22430.925242185593
Frame: 400000 Loss: 0.005275668 Total Rewards: -12.0 Average Rewards over all frames: -14.655172413793103 Last-10 average reward: -10.3 Best mean reward of last-10: -8.4 Time: 0.022760629653930664 Total time so far: 23088.065529823303
Frame: 410000 Loss: 0.0052440455 Total Rewards: -4.0 Average Rewards over all frames: -14.533980582524272 Last-10 average reward: -7.8 Best mean reward of last-10: -7.8 Time: 0.019482135772705078 Total time so far: 23765.52056646347
Frame: 420000 Loss: 0.0052150236 Total Rewards: -9.0 Average Rewards over all frames: -14.47867298578199 Last-10 average reward: -10.0 Best mean reward of last-10: -7.8 Time: 0.020198345184326172 Total time so far: 24427.50172472
Frame: 430000 Loss: 0.005181412 Total Rewards: -14.0 Average Rewards over all frames: -14.43720930232558 Last-10 average reward: -11.4 Best mean reward of last-10: -7.8 Time: 0.023810863494873047 Total time so far: 25093.132722616196
Frame: 440000 Loss: 0.0051501794 Total Rewards: -3.0 Average Rewards over all frames: -14.325688073394495 Last-10 average reward: -9.7 Best mean reward of last-10: -7.8 Time: 0.018091678619384766 Total time so far: 25763.542662382126
Frame: 450000 Loss: 0.00511276 Total Rewards: -2.0 Average Rewards over all frames: -14.22072072072072 Last-10 average reward: -9.6 Best mean reward of last-10: -7.8 Time: 0.021256446838378906 Total time so far: 26436.07893061638
Frame: 460000 Loss: 0.0050750994 Total Rewards: -6.0 Average Rewards over all frames: -14.097345132743364 Last-10 average reward: -7.5 Best mean reward of last-10: -7.5 Time: 0.01891183853149414 Total time so far: 27113.387939453125
Frame: 470000 Loss: 0.0050405837 Total Rewards: -11.0 Average Rewards over all frames: -14.026200873362445 Last-10 average reward: -7.8 Best mean reward of last-10: -7.5 Time: 0.023373126983642578 Total time so far: 27794.049705266953
Frame: 480000 Loss: 0.00500641 Total Rewards: -12.0 Average Rewards over all frames: -13.939914163090128 Last-10 average reward: -7.7 Best mean reward of last-10: -7.5 Time: 0.023537397384643555 Total time so far: 28478.26423048973
Frame: 490000 Loss: 0.004974715 Total Rewards: -2.0 Average Rewards over all frames: -13.822033898305085 Last-10 average reward: -7.6 Best mean reward of last-10: -7.5 Time: 0.018392562866210938 Total time so far: 29165.778396368027
Frame: 500000 Loss: 0.004948175 Total Rewards: -12.0 Average Rewards over all frames: -13.716666666666667 Last-10 average reward: -7.2 Best mean reward of last-10: -7.2 Time: 0.024909019470214844 Total time so far: 29856.30012702942
Frame: 510000 Loss: 0.004922193 Total Rewards: 2.0 Average Rewards over all frames: -13.532786885245901 Last-10 average reward: -5.3 Best mean reward of last-10: -5.3 Time: 0.01975250244140625 Total time so far: 30574.846517562866
Frame: 520000 Loss: 0.0048950044 Total Rewards: -2.0 Average Rewards over all frames: -13.45344129554656 Last-10 average reward: -5.7 Best mean reward of last-10: -5.3 Time: 0.019483327865600586 Total time so far: 31273.169964313507
Frame: 530000 Loss: 0.0048658256 Total Rewards: -3.0 Average Rewards over all frames: -13.298804780876495 Last-10 average reward: -3.7 Best mean reward of last-10: -3.7 Time: 0.02532482147216797 Total time so far: 31975.35815858841
Frame: 540000 Loss: 0.004832971 Total Rewards: -8.0 Average Rewards over all frames: -13.106299212598426 Last-10 average reward: -2.7 Best mean reward of last-10: -2.7 Time: 0.01892542839050293 Total time so far: 32680.660757541656
Frame: 550000 Loss: 0.0048017786 Total Rewards: 1.0 Average Rewards over all frames: -12.918604651162791 Last-10 average reward: -0.1 Best mean reward of last-10: -0.1 Time: 0.019228696823120117 Total time so far: 33390.15145397186
Frame: 560000 Loss: 0.004771682 Total Rewards: -10.0 Average Rewards over all frames: -12.88888888888889 Last-10 average reward: -2.6 Best mean reward of last-10: -0.1 Time: 0.018747806549072266 Total time so far: 34101.65610599518
Frame: 570000 Loss: 0.0047448804 Total Rewards: -13.0 Average Rewards over all frames: -12.79622641509434 Last-10 average reward: -5.1 Best mean reward of last-10: -0.1 Time: 0.01868462562561035 Total time so far: 34819.24545907974
Frame: 580000 Loss: 0.0047186296 Total Rewards: -2.0 Average Rewards over all frames: -12.738805970149254 Last-10 average reward: -8.1 Best mean reward of last-10: -0.1 Time: 0.02519083023071289 Total time so far: 35539.96329641342
Frame: 590000 Loss: 0.0046903146 Total Rewards: -9.0 Average Rewards over all frames: -12.647058823529411 Last-10 average reward: -8.2 Best mean reward of last-10: -0.1 Time: 0.025414466857910156 Total time so far: 36264.27101302147
Frame: 600000 Loss: 0.0046641636 Total Rewards: 5.0 Average Rewards over all frames: -12.563636363636364 Last-10 average reward: -6.4 Best mean reward of last-10: -0.1 Time: 0.019773006439208984 Total time so far: 36990.33525633812
Frame: 610000 Loss: 0.004638616 Total Rewards: 9.0 Average Rewards over all frames: -12.379928315412187 Last-10 average reward: -3.6 Best mean reward of last-10: -0.1 Time: 0.019196271896362305 Total time so far: 37753.35644984245
Frame: 620000 Loss: 0.004617477 Total Rewards: 6.0 Average Rewards over all frames: -12.25531914893617 Last-10 average reward: -1.6 Best mean reward of last-10: -0.1 Time: 0.019411563873291016 Total time so far: 38493.248445510864
Frame: 630000 Loss: 0.004595456 Total Rewards: -2.0 Average Rewards over all frames: -12.147368421052631 Last-10 average reward: -0.7 Best mean reward of last-10: -0.1 Time: 0.021680116653442383 Total time so far: 39237.90778756142
Frame: 640000 Loss: 0.004576367 Total Rewards: -13.0 Average Rewards over all frames: -12.069444444444445 Last-10 average reward: -1.3 Best mean reward of last-10: -0.1 Time: 0.019662857055664062 Total time so far: 39984.84562706947
Frame: 650000 Loss: 0.0045548608 Total Rewards: 12.0 Average Rewards over all frames: -11.832191780821917 Last-10 average reward: 0.1 Best mean reward of last-10: 0.1 Time: 0.019898414611816406 Total time so far: 40735.062915086746
Frame: 660000 Loss: 0.0045320233 Total Rewards: 7.0 Average Rewards over all frames: -11.647457627118644 Last-10 average reward: 2.6 Best mean reward of last-10: 2.6 Time: 0.01972508430480957 Total time so far: 41489.125223875046
Frame: 670000 Loss: 0.0045105177 Total Rewards: -12.0 Average Rewards over all frames: -11.521739130434783 Last-10 average reward: 3.0 Best mean reward of last-10: 3.0 Time: 0.019614696502685547 Total time so far: 42247.41575336456
Frame: 680000 Loss: 0.004490642 Total Rewards: 2.0 Average Rewards over all frames: -11.303630363036303 Last-10 average reward: 1.2 Best mean reward of last-10: 3.0 Time: 0.018028974533081055 Total time so far: 43008.69809007645
Frame: 690000 Loss: 0.004471192 Total Rewards: -8.0 Average Rewards over all frames: -11.117263843648209 Last-10 average reward: 1.0 Best mean reward of last-10: 3.0 Time: 0.018319368362426758 Total time so far: 43772.99004602432
Frame: 700000 Loss: 0.004453431 Total Rewards: 8.0 Average Rewards over all frames: -10.961290322580645 Last-10 average reward: 3.7 Best mean reward of last-10: 3.7 Time: 0.018912076950073242 Total time so far: 44540.19608259201
Frame: 710000 Loss: 0.0044339877 Total Rewards: -1.0 Average Rewards over all frames: -10.753993610223642 Last-10 average reward: 5.9 Best mean reward of last-10: 5.9 Time: 0.023299217224121094 Total time so far: 45348.072662591934
Frame: 720000 Loss: 0.0044158506 Total Rewards: 3.0 Average Rewards over all frames: -10.501577287066246 Last-10 average reward: 8.4 Best mean reward of last-10: 8.4 Time: 0.025243043899536133 Total time so far: 46127.48999261856
Frame: 730000 Loss: 0.004398824 Total Rewards: 7.0 Average Rewards over all frames: -10.25233644859813 Last-10 average reward: 9.2 Best mean reward of last-10: 9.2 Time: 0.02014017105102539 Total time so far: 46908.275804281235
Frame: 740000 Loss: 0.0043838285 Total Rewards: 18.0 Average Rewards over all frames: -10.0 Last-10 average reward: 9.9 Best mean reward of last-10: 9.9 Time: 0.021641254425048828 Total time so far: 47693.37733721733
Frame: 750000 Loss: 0.0043673906 Total Rewards: 9.0 Average Rewards over all frames: -9.820121951219512 Last-10 average reward: 10.0 Best mean reward of last-10: 10.0 Time: 0.021891355514526367 Total time so far: 48481.24755525589
Frame: 760000 Loss: 0.004350906 Total Rewards: 19.0 Average Rewards over all frames: -9.587349397590362 Last-10 average reward: 10.4 Best mean reward of last-10: 10.4 Time: 0.023492097854614258 Total time so far: 49273.46093940735
Frame: 770000 Loss: 0.004332991 Total Rewards: 13.0 Average Rewards over all frames: -9.37797619047619 Last-10 average reward: 8.9 Best mean reward of last-10: 10.4 Time: 0.021921634674072266 Total time so far: 50068.81463909149
Frame: 780000 Loss: 0.004314626 Total Rewards: 18.0 Average Rewards over all frames: -9.114705882352942 Last-10 average reward: 11.7 Best mean reward of last-10: 11.7 Time: 0.0202176570892334 Total time so far: 50870.32284641266
Frame: 790000 Loss: 0.004298131 Total Rewards: 17.0 Average Rewards over all frames: -8.730434782608695 Last-10 average reward: 15.2 Best mean reward of last-10: 15.2 Time: 0.021335601806640625 Total time so far: 51672.94676446915
Frame: 800000 Loss: 0.0042828745 Total Rewards: 16.0 Average Rewards over all frames: -8.46704871060172 Last-10 average reward: 16.2 Best mean reward of last-10: 16.2 Time: 0.0231015682220459 Total time so far: 52481.091039180756
Frame: 810000 Loss: 0.004267381 Total Rewards: 19.0 Average Rewards over all frames: -8.112994350282486 Last-10 average reward: 15.7 Best mean reward of last-10: 16.2 Time: 0.023374557495117188 Total time so far: 53334.384991407394
Frame: 820000 Loss: 0.0042530154 Total Rewards: 18.0 Average Rewards over all frames: -7.754874651810585 Last-10 average reward: 17.1 Best mean reward of last-10: 17.1 Time: 0.024536848068237305 Total time so far: 54148.27320718765
Frame: 830000 Loss: 0.004239018 Total Rewards: 15.0 Average Rewards over all frames: -7.524725274725275 Last-10 average reward: 13.3 Best mean reward of last-10: 17.1 Time: 0.022491455078125 Total time so far: 54969.07798433304
Frame: 840000 Loss: 0.004224248 Total Rewards: 19.0 Average Rewards over all frames: -7.200542005420054 Last-10 average reward: 12.7 Best mean reward of last-10: 17.1 Time: 0.024287939071655273 Total time so far: 55790.91618561745
Frame: 850000 Loss: 0.0042082276 Total Rewards: 19.0 Average Rewards over all frames: -6.975871313672922 Last-10 average reward: 15.2 Best mean reward of last-10: 17.1 Time: 0.02028679847717285 Total time so far: 56615.85832643509
Frame: 860000 Loss: 0.0041925265 Total Rewards: 14.0 Average Rewards over all frames: -6.664021164021164 Last-10 average reward: 15.7 Best mean reward of last-10: 17.1 Time: 0.026597976684570312 Total time so far: 57444.54364275932
Frame: 870000 Loss: 0.0041765715 Total Rewards: 20.0 Average Rewards over all frames: -6.265625 Last-10 average reward: 17.9 Best mean reward of last-10: 17.9 Time: 0.018790245056152344 Total time so far: 58280.44393968582
Frame: 880000 Loss: 0.004158769 Total Rewards: 20.0 Average Rewards over all frames: -5.969151670951157 Last-10 average reward: 17.7 Best mean reward of last-10: 17.9 Time: 0.0202176570892334 Total time so far: 59119.34112429619
Frame: 890000 Loss: 0.0041427505 Total Rewards: 20.0 Average Rewards over all frames: -5.659898477157361 Last-10 average reward: 17.6 Best mean reward of last-10: 17.9 Time: 0.0239713191986084 Total time so far: 59960.868891477585
Frame: 900000 Loss: 0.0041271504 Total Rewards: 19.0 Average Rewards over all frames: -5.370927318295739 Last-10 average reward: 17.9 Best mean reward of last-10: 17.9 Time: 0.021249771118164062 Total time so far: 60805.69650697708
Frame: 910000 Loss: 0.004111884 Total Rewards: 19.0 Average Rewards over all frames: -5.096534653465347 Last-10 average reward: 17.1 Best mean reward of last-10: 17.9 Time: 0.023616552352905273 Total time so far: 61698.38676404953
Frame: 920000 Loss: 0.004097403 Total Rewards: -19.0 Average Rewards over all frames: -4.899755501222494 Last-10 average reward: 13.9 Best mean reward of last-10: 17.9 Time: 0.01899099349975586 Total time so far: 62549.41598176956
Frame: 930000 Loss: 0.0040852316 Total Rewards: 19.0 Average Rewards over all frames: -4.640096618357488 Last-10 average reward: 13.8 Best mean reward of last-10: 17.9 Time: 0.02273082733154297 Total time so far: 63407.738307237625
Frame: 940000 Loss: 0.0040708105 Total Rewards: 12.0 Average Rewards over all frames: -4.391408114558472 Last-10 average reward: 16.4 Best mean reward of last-10: 17.9 Time: 0.020702362060546875 Total time so far: 64270.38084077835
Frame: 950000 Loss: 0.0040552244 Total Rewards: 6.0 Average Rewards over all frames: -4.22877358490566 Last-10 average reward: 12.8 Best mean reward of last-10: 17.9 Time: 0.021593332290649414 Total time so far: 65133.45505833626
Frame: 960000 Loss: 0.0040389276 Total Rewards: 20.0 Average Rewards over all frames: -3.976689976689977 Last-10 average reward: 13.4 Best mean reward of last-10: 17.9 Time: 0.02416849136352539 Total time so far: 65999.75268411636
Frame: 970000 Loss: 0.004022747 Total Rewards: 17.0 Average Rewards over all frames: -3.730414746543779 Last-10 average reward: 17.4 Best mean reward of last-10: 17.9 Time: 0.02118229866027832 Total time so far: 66873.21312785149
Frame: 980000 Loss: 0.0040078103 Total Rewards: 19.0 Average Rewards over all frames: -3.4318181818181817 Last-10 average reward: 17.6 Best mean reward of last-10: 17.9 Time: 0.023663997650146484 Total time so far: 67711.59264183044
Frame: 990000 Loss: 0.0039916276 Total Rewards: 20.0 Average Rewards over all frames: -3.217488789237668 Last-10 average reward: 14.7 Best mean reward of last-10: 17.9 Time: 0.022318363189697266 Total time so far: 68543.40731811523
Frame: 1000000 Loss: 0.003975932 Total Rewards: 20.0 Average Rewards over all frames: -2.9711751662971175 Last-10 average reward: 15.3 Best mean reward of last-10: 17.9 Time: 0.019631385803222656 Total time so far: 69376.84683990479
