Running on local01
gpu
Namespace(N=1, batch_size=16, capacity=1000000, epsilon_decay=30000, epsilon_final=0.01, epsilon_start=1.0, gamma=0.99, lr=3e-06, num_frames=1000000, number_of_updates=10, optimizer='Adam', render=0, save_freq_frame=100000, save_model_path='../results/DQN/model_default_lr3e_6.pth', save_result_path='../results/DQN/results_default_lr3e_6.npy', seed=1, target_update_freq=10000)
Using cuda:  True
Preparing replay buffer with len --  10000 Frame: 10000 Total time so far: 15.160189151763916
Frame: 20000 Loss: 0.019072734 Total Rewards: -21.0 Average Rewards over all frames: -20.565217391304348 Last-10 average reward: -20.6 Best mean reward of last-10: -20.6 Time: 0.018033981323242188 Total time so far: 561.3853828907013
Frame: 30000 Loss: 0.014406242 Total Rewards: -21.0 Average Rewards over all frames: -20.454545454545453 Last-10 average reward: -20.2 Best mean reward of last-10: -20.2 Time: 0.01644110679626465 Total time so far: 1122.7237918376923
Frame: 40000 Loss: 0.01261933 Total Rewards: -19.0 Average Rewards over all frames: -20.372093023255815 Last-10 average reward: -20.1 Best mean reward of last-10: -20.1 Time: 0.01899552345275879 Total time so far: 1677.6802201271057
Frame: 50000 Loss: 0.011572039 Total Rewards: -18.0 Average Rewards over all frames: -20.0 Last-10 average reward: -18.3 Best mean reward of last-10: -18.3 Time: 0.015119075775146484 Total time so far: 2223.8228290081024
Frame: 60000 Loss: 0.010726632 Total Rewards: -18.0 Average Rewards over all frames: -19.864406779661017 Last-10 average reward: -18.7 Best mean reward of last-10: -18.3 Time: 0.017967939376831055 Total time so far: 2773.181638240814
Frame: 70000 Loss: 0.009985455 Total Rewards: -16.0 Average Rewards over all frames: -19.476923076923075 Last-10 average reward: -16.9 Best mean reward of last-10: -16.9 Time: 0.01730656623840332 Total time so far: 3323.632376909256
Frame: 80000 Loss: 0.009482899 Total Rewards: -19.0 Average Rewards over all frames: -19.323943661971832 Last-10 average reward: -16.7 Best mean reward of last-10: -16.7 Time: 0.014016866683959961 Total time so far: 3877.5767307281494
Frame: 90000 Loss: 0.00908163 Total Rewards: -19.0 Average Rewards over all frames: -19.17948717948718 Last-10 average reward: -17.9 Best mean reward of last-10: -16.7 Time: 0.017636775970458984 Total time so far: 4432.3736119270325
Frame: 100000 Loss: 0.008783698 Total Rewards: -21.0 Average Rewards over all frames: -19.105882352941176 Last-10 average reward: -18.4 Best mean reward of last-10: -16.7 Time: 0.015201330184936523 Total time so far: 4990.235550880432
Frame: 110000 Loss: 0.008545057 Total Rewards: -19.0 Average Rewards over all frames: -19.01098901098901 Last-10 average reward: -18.0 Best mean reward of last-10: -16.7 Time: 0.017241716384887695 Total time so far: 5552.686295032501
Frame: 120000 Loss: 0.00830322 Total Rewards: -16.0 Average Rewards over all frames: -18.864583333333332 Last-10 average reward: -17.0 Best mean reward of last-10: -16.7 Time: 0.017354965209960938 Total time so far: 6114.564961910248
Frame: 130000 Loss: 0.008087505 Total Rewards: -20.0 Average Rewards over all frames: -18.745098039215687 Last-10 average reward: -16.5 Best mean reward of last-10: -16.5 Time: 0.013961553573608398 Total time so far: 6678.665360689163
Frame: 140000 Loss: 0.007883674 Total Rewards: -19.0 Average Rewards over all frames: -18.703703703703702 Last-10 average reward: -17.8 Best mean reward of last-10: -16.5 Time: 0.018927812576293945 Total time so far: 7243.892776250839
Frame: 150000 Loss: 0.007701535 Total Rewards: -12.0 Average Rewards over all frames: -18.596491228070175 Last-10 average reward: -17.1 Best mean reward of last-10: -16.5 Time: 0.014640331268310547 Total time so far: 7813.584713220596
Frame: 160000 Loss: 0.007531108 Total Rewards: -17.0 Average Rewards over all frames: -18.5 Last-10 average reward: -16.4 Best mean reward of last-10: -16.4 Time: 0.01949334144592285 Total time so far: 8384.300344228745
Frame: 170000 Loss: 0.0073784254 Total Rewards: -16.0 Average Rewards over all frames: -18.392 Last-10 average reward: -16.4 Best mean reward of last-10: -16.4 Time: 0.018764972686767578 Total time so far: 8957.7848944664
Frame: 180000 Loss: 0.0072314665 Total Rewards: -18.0 Average Rewards over all frames: -18.302325581395348 Last-10 average reward: -15.8 Best mean reward of last-10: -15.8 Time: 0.015718460083007812 Total time so far: 9534.80609202385
Frame: 190000 Loss: 0.0070996904 Total Rewards: -10.0 Average Rewards over all frames: -18.171641791044777 Last-10 average reward: -15.2 Best mean reward of last-10: -15.2 Time: 0.01448369026184082 Total time so far: 10113.763825416565
Frame: 200000 Loss: 0.0069846115 Total Rewards: -16.0 Average Rewards over all frames: -18.135714285714286 Last-10 average reward: -16.2 Best mean reward of last-10: -15.2 Time: 0.01598072052001953 Total time so far: 10694.162621498108
Frame: 210000 Loss: 0.006873082 Total Rewards: -15.0 Average Rewards over all frames: -18.048275862068966 Last-10 average reward: -16.5 Best mean reward of last-10: -15.2 Time: 0.015504837036132812 Total time so far: 11286.82796883583
Frame: 220000 Loss: 0.0067642624 Total Rewards: -14.0 Average Rewards over all frames: -17.93959731543624 Last-10 average reward: -15.0 Best mean reward of last-10: -15.0 Time: 0.014287710189819336 Total time so far: 11873.594781398773
Frame: 230000 Loss: 0.0066649173 Total Rewards: -15.0 Average Rewards over all frames: -17.916129032258066 Last-10 average reward: -16.0 Best mean reward of last-10: -15.0 Time: 0.017233610153198242 Total time so far: 12463.489643096924
Frame: 240000 Loss: 0.0065712845 Total Rewards: -17.0 Average Rewards over all frames: -17.9 Last-10 average reward: -17.8 Best mean reward of last-10: -15.0 Time: 0.013611793518066406 Total time so far: 13057.221822977066
Frame: 250000 Loss: 0.0064850613 Total Rewards: -17.0 Average Rewards over all frames: -17.8 Last-10 average reward: -16.0 Best mean reward of last-10: -15.0 Time: 0.01728081703186035 Total time so far: 13652.601658821106
Frame: 260000 Loss: 0.006399834 Total Rewards: -13.0 Average Rewards over all frames: -17.729411764705883 Last-10 average reward: -15.0 Best mean reward of last-10: -15.0 Time: 0.01769399642944336 Total time so far: 14251.283331394196
Frame: 270000 Loss: 0.0063196467 Total Rewards: -19.0 Average Rewards over all frames: -17.685714285714287 Last-10 average reward: -15.8 Best mean reward of last-10: -15.0 Time: 0.016598939895629883 Total time so far: 14855.268324375153
Frame: 280000 Loss: 0.0062435563 Total Rewards: -20.0 Average Rewards over all frames: -17.67222222222222 Last-10 average reward: -16.7 Best mean reward of last-10: -15.0 Time: 0.014703989028930664 Total time so far: 15461.314227342606
Frame: 290000 Loss: 0.00617437 Total Rewards: -3.0 Average Rewards over all frames: -17.565217391304348 Last-10 average reward: -15.6 Best mean reward of last-10: -15.0 Time: 0.0167083740234375 Total time so far: 16070.941992044449
Frame: 300000 Loss: 0.006106618 Total Rewards: -10.0 Average Rewards over all frames: -17.502645502645503 Last-10 average reward: -14.7 Best mean reward of last-10: -14.7 Time: 0.014483213424682617 Total time so far: 16684.63076400757
Frame: 310000 Loss: 0.0060405177 Total Rewards: -16.0 Average Rewards over all frames: -17.45876288659794 Last-10 average reward: -15.5 Best mean reward of last-10: -14.7 Time: 0.015644073486328125 Total time so far: 17313.737072467804
Frame: 320000 Loss: 0.0059811487 Total Rewards: -16.0 Average Rewards over all frames: -17.386934673366834 Last-10 average reward: -15.2 Best mean reward of last-10: -14.7 Time: 0.01923656463623047 Total time so far: 17931.364802837372
Frame: 330000 Loss: 0.0059224996 Total Rewards: -15.0 Average Rewards over all frames: -17.344827586206897 Last-10 average reward: -15.0 Best mean reward of last-10: -14.7 Time: 0.018213510513305664 Total time so far: 18554.921150684357
Frame: 340000 Loss: 0.00586485 Total Rewards: -19.0 Average Rewards over all frames: -17.283653846153847 Last-10 average reward: -15.1 Best mean reward of last-10: -14.7 Time: 0.01572871208190918 Total time so far: 19179.3117954731
Frame: 350000 Loss: 0.0058149938 Total Rewards: -12.0 Average Rewards over all frames: -17.193396226415093 Last-10 average reward: -13.9 Best mean reward of last-10: -13.9 Time: 0.015364885330200195 Total time so far: 19807.319635152817
Frame: 360000 Loss: 0.005763931 Total Rewards: -17.0 Average Rewards over all frames: -17.170506912442395 Last-10 average reward: -15.0 Best mean reward of last-10: -13.9 Time: 0.013822555541992188 Total time so far: 20439.898574352264
Frame: 370000 Loss: 0.005719525 Total Rewards: -11.0 Average Rewards over all frames: -17.14864864864865 Last-10 average reward: -16.2 Best mean reward of last-10: -13.9 Time: 0.016187191009521484 Total time so far: 21077.109669208527
Frame: 380000 Loss: 0.0056797164 Total Rewards: -18.0 Average Rewards over all frames: -17.13215859030837 Last-10 average reward: -16.3 Best mean reward of last-10: -13.9 Time: 0.01485586166381836 Total time so far: 21716.919010400772
Frame: 390000 Loss: 0.005640028 Total Rewards: -15.0 Average Rewards over all frames: -17.095238095238095 Last-10 average reward: -15.3 Best mean reward of last-10: -13.9 Time: 0.015189170837402344 Total time so far: 22387.808389902115
Frame: 400000 Loss: 0.0056031756 Total Rewards: -18.0 Average Rewards over all frames: -17.055084745762713 Last-10 average reward: -15.4 Best mean reward of last-10: -13.9 Time: 0.014311552047729492 Total time so far: 23062.374715089798
Frame: 410000 Loss: 0.0055691935 Total Rewards: -14.0 Average Rewards over all frames: -16.979166666666668 Last-10 average reward: -14.1 Best mean reward of last-10: -13.9 Time: 0.01984715461730957 Total time so far: 23732.014046430588
Frame: 420000 Loss: 0.0055397917 Total Rewards: -15.0 Average Rewards over all frames: -16.90983606557377 Last-10 average reward: -13.7 Best mean reward of last-10: -13.7 Time: 0.015186309814453125 Total time so far: 24384.063102960587
Frame: 430000 Loss: 0.0055100676 Total Rewards: -15.0 Average Rewards over all frames: -16.83132530120482 Last-10 average reward: -13.0 Best mean reward of last-10: -13.0 Time: 0.01587653160095215 Total time so far: 25039.604167461395
Frame: 440000 Loss: 0.005478465 Total Rewards: -11.0 Average Rewards over all frames: -16.731225296442688 Last-10 average reward: -12.2 Best mean reward of last-10: -12.2 Time: 0.014728784561157227 Total time so far: 25700.443496227264
Frame: 450000 Loss: 0.00544637 Total Rewards: -10.0 Average Rewards over all frames: -16.671875 Last-10 average reward: -12.0 Best mean reward of last-10: -12.0 Time: 0.019568681716918945 Total time so far: 26361.741896867752
Frame: 460000 Loss: 0.0054162983 Total Rewards: -13.0 Average Rewards over all frames: -16.590038314176244 Last-10 average reward: -11.8 Best mean reward of last-10: -11.8 Time: 0.013804435729980469 Total time so far: 27027.00745534897
Frame: 470000 Loss: 0.0053908397 Total Rewards: -15.0 Average Rewards over all frames: -16.586466165413533 Last-10 average reward: -14.4 Best mean reward of last-10: -11.8 Time: 0.014687538146972656 Total time so far: 27697.006102323532
Frame: 480000 Loss: 0.005369089 Total Rewards: -15.0 Average Rewards over all frames: -16.55925925925926 Last-10 average reward: -15.4 Best mean reward of last-10: -11.8 Time: 0.01479482650756836 Total time so far: 28368.64294719696
Frame: 490000 Loss: 0.005345568 Total Rewards: -9.0 Average Rewards over all frames: -16.49270072992701 Last-10 average reward: -14.1 Best mean reward of last-10: -11.8 Time: 0.017691612243652344 Total time so far: 29042.015998363495
Frame: 500000 Loss: 0.005324211 Total Rewards: -15.0 Average Rewards over all frames: -16.451612903225808 Last-10 average reward: -13.4 Best mean reward of last-10: -11.8 Time: 0.01404714584350586 Total time so far: 29719.358438253403
Frame: 510000 Loss: 0.005300358 Total Rewards: -7.0 Average Rewards over all frames: -16.3886925795053 Last-10 average reward: -12.8 Best mean reward of last-10: -11.8 Time: 0.01704120635986328 Total time so far: 30420.494294643402
Frame: 520000 Loss: 0.0052776765 Total Rewards: -18.0 Average Rewards over all frames: -16.350694444444443 Last-10 average reward: -13.4 Best mean reward of last-10: -11.8 Time: 0.015355348587036133 Total time so far: 31105.507734298706
Frame: 530000 Loss: 0.0052568316 Total Rewards: -9.0 Average Rewards over all frames: -16.29794520547945 Last-10 average reward: -12.8 Best mean reward of last-10: -11.8 Time: 0.01495671272277832 Total time so far: 31791.283845424652
Frame: 540000 Loss: 0.00523658 Total Rewards: -13.0 Average Rewards over all frames: -16.240677966101696 Last-10 average reward: -13.0 Best mean reward of last-10: -11.8 Time: 0.015429258346557617 Total time so far: 32480.465269327164
Frame: 550000 Loss: 0.0052193827 Total Rewards: -10.0 Average Rewards over all frames: -16.214046822742475 Last-10 average reward: -12.4 Best mean reward of last-10: -11.8 Time: 0.014561176300048828 Total time so far: 33174.98623800278
Frame: 560000 Loss: 0.0052042757 Total Rewards: -17.0 Average Rewards over all frames: -16.157894736842106 Last-10 average reward: -13.4 Best mean reward of last-10: -11.8 Time: 0.01754927635192871 Total time so far: 33869.345423698425
Frame: 570000 Loss: 0.005187516 Total Rewards: -11.0 Average Rewards over all frames: -16.104234527687296 Last-10 average reward: -12.0 Best mean reward of last-10: -11.8 Time: 0.013709068298339844 Total time so far: 34569.984439373016
Frame: 580000 Loss: 0.005172759 Total Rewards: -12.0 Average Rewards over all frames: -16.012861736334404 Last-10 average reward: -11.0 Best mean reward of last-10: -11.0 Time: 0.01778554916381836 Total time so far: 35271.38724112511
Frame: 590000 Loss: 0.005157408 Total Rewards: -9.0 Average Rewards over all frames: -15.952380952380953 Last-10 average reward: -10.8 Best mean reward of last-10: -10.8 Time: 0.021858692169189453 Total time so far: 35975.41285920143
Frame: 600000 Loss: 0.0051444294 Total Rewards: -14.0 Average Rewards over all frames: -15.915360501567399 Last-10 average reward: -11.6 Best mean reward of last-10: -10.8 Time: 0.014088153839111328 Total time so far: 36683.77781319618
Frame: 610000 Loss: 0.0051280214 Total Rewards: -17.0 Average Rewards over all frames: -15.854489164086687 Last-10 average reward: -12.0 Best mean reward of last-10: -10.8 Time: 0.018207550048828125 Total time so far: 37422.873833179474
Frame: 620000 Loss: 0.0051147523 Total Rewards: -17.0 Average Rewards over all frames: -15.826219512195122 Last-10 average reward: -12.8 Best mean reward of last-10: -10.8 Time: 0.016567707061767578 Total time so far: 38141.89621448517
Frame: 630000 Loss: 0.005103193 Total Rewards: -11.0 Average Rewards over all frames: -15.792168674698795 Last-10 average reward: -13.9 Best mean reward of last-10: -10.8 Time: 0.018620014190673828 Total time so far: 38859.48212790489
Frame: 640000 Loss: 0.0050956635 Total Rewards: -17.0 Average Rewards over all frames: -15.782738095238095 Last-10 average reward: -14.4 Best mean reward of last-10: -10.8 Time: 0.017996549606323242 Total time so far: 39582.76148843765
Frame: 650000 Loss: 0.005084957 Total Rewards: -2.0 Average Rewards over all frames: -15.720588235294118 Last-10 average reward: -12.6 Best mean reward of last-10: -10.8 Time: 0.01564788818359375 Total time so far: 40309.19253921509
Frame: 660000 Loss: 0.005074409 Total Rewards: -12.0 Average Rewards over all frames: -15.636627906976743 Last-10 average reward: -10.7 Best mean reward of last-10: -10.7 Time: 0.017272233963012695 Total time so far: 41039.19390630722
Frame: 670000 Loss: 0.005064068 Total Rewards: -13.0 Average Rewards over all frames: -15.60344827586207 Last-10 average reward: -10.2 Best mean reward of last-10: -10.2 Time: 0.018841981887817383 Total time so far: 41771.695467710495
Frame: 680000 Loss: 0.005057434 Total Rewards: -4.0 Average Rewards over all frames: -15.544159544159545 Last-10 average reward: -10.7 Best mean reward of last-10: -10.2 Time: 0.019388198852539062 Total time so far: 42507.18403339386
Frame: 690000 Loss: 0.005049472 Total Rewards: -1.0 Average Rewards over all frames: -15.490140845070423 Last-10 average reward: -10.8 Best mean reward of last-10: -10.2 Time: 0.019060373306274414 Total time so far: 43249.77307987213
Frame: 700000 Loss: 0.005039863 Total Rewards: -8.0 Average Rewards over all frames: -15.440111420612814 Last-10 average reward: -10.4 Best mean reward of last-10: -10.2 Time: 0.020479679107666016 Total time so far: 44016.526287317276
Frame: 710000 Loss: 0.0050336146 Total Rewards: -13.0 Average Rewards over all frames: -15.417582417582418 Last-10 average reward: -11.4 Best mean reward of last-10: -10.2 Time: 0.017744779586791992 Total time so far: 44813.03187608719
Frame: 720000 Loss: 0.0050274404 Total Rewards: -9.0 Average Rewards over all frames: -15.377717391304348 Last-10 average reward: -12.4 Best mean reward of last-10: -10.2 Time: 0.023044347763061523 Total time so far: 45565.54894185066
Frame: 730000 Loss: 0.005018591 Total Rewards: -16.0 Average Rewards over all frames: -15.344086021505376 Last-10 average reward: -12.3 Best mean reward of last-10: -10.2 Time: 0.015412330627441406 Total time so far: 46316.663276433945
Frame: 740000 Loss: 0.0050076414 Total Rewards: -13.0 Average Rewards over all frames: -15.28191489361702 Last-10 average reward: -11.1 Best mean reward of last-10: -10.2 Time: 0.015652894973754883 Total time so far: 47075.25777769089
Frame: 750000 Loss: 0.004999688 Total Rewards: -12.0 Average Rewards over all frames: -15.244736842105263 Last-10 average reward: -11.1 Best mean reward of last-10: -10.2 Time: 0.018126249313354492 Total time so far: 47831.56028389931
Frame: 760000 Loss: 0.0049928864 Total Rewards: -8.0 Average Rewards over all frames: -15.231770833333334 Last-10 average reward: -10.9 Best mean reward of last-10: -10.2 Time: 0.013863801956176758 Total time so far: 48593.39306497574
Frame: 770000 Loss: 0.0049849087 Total Rewards: -1.0 Average Rewards over all frames: -15.18346253229974 Last-10 average reward: -11.6 Best mean reward of last-10: -10.2 Time: 0.016769886016845703 Total time so far: 49357.78138256073
Frame: 780000 Loss: 0.0049780435 Total Rewards: -8.0 Average Rewards over all frames: -15.130102040816327 Last-10 average reward: -10.5 Best mean reward of last-10: -10.2 Time: 0.019448518753051758 Total time so far: 50125.575429201126
Frame: 790000 Loss: 0.004970789 Total Rewards: -16.0 Average Rewards over all frames: -15.098484848484848 Last-10 average reward: -10.4 Best mean reward of last-10: -10.2 Time: 0.0195157527923584 Total time so far: 50901.43077468872
Frame: 800000 Loss: 0.0049639056 Total Rewards: -10.0 Average Rewards over all frames: -15.057644110275689 Last-10 average reward: -11.7 Best mean reward of last-10: -10.2 Time: 0.016991138458251953 Total time so far: 51674.647094249725
Frame: 810000 Loss: 0.0049579837 Total Rewards: -11.0 Average Rewards over all frames: -15.00744416873449 Last-10 average reward: -11.1 Best mean reward of last-10: -10.2 Time: 0.01514887809753418 Total time so far: 52486.42171764374
Frame: 820000 Loss: 0.0049535786 Total Rewards: -10.0 Average Rewards over all frames: -14.98034398034398 Last-10 average reward: -10.9 Best mean reward of last-10: -10.2 Time: 0.016063451766967773 Total time so far: 53267.56874537468
Frame: 830000 Loss: 0.004946912 Total Rewards: -14.0 Average Rewards over all frames: -14.934306569343066 Last-10 average reward: -11.1 Best mean reward of last-10: -10.2 Time: 0.01663994789123535 Total time so far: 54050.289142370224
Frame: 840000 Loss: 0.0049407315 Total Rewards: -3.0 Average Rewards over all frames: -14.867469879518072 Last-10 average reward: -9.3 Best mean reward of last-10: -9.3 Time: 0.017522811889648438 Total time so far: 54837.56292915344
Frame: 850000 Loss: 0.004936034 Total Rewards: 9.0 Average Rewards over all frames: -14.767942583732058 Last-10 average reward: -6.8 Best mean reward of last-10: -6.8 Time: 0.019641637802124023 Total time so far: 55624.538959503174
Frame: 860000 Loss: 0.0049319803 Total Rewards: -12.0 Average Rewards over all frames: -14.739336492890995 Last-10 average reward: -7.7 Best mean reward of last-10: -6.8 Time: 0.014267206192016602 Total time so far: 56420.767617702484
Frame: 870000 Loss: 0.004925306 Total Rewards: -14.0 Average Rewards over all frames: -14.699530516431924 Last-10 average reward: -9.1 Best mean reward of last-10: -6.8 Time: 0.015217781066894531 Total time so far: 57218.54019522667
Frame: 880000 Loss: 0.004919309 Total Rewards: -8.0 Average Rewards over all frames: -14.668997668997669 Last-10 average reward: -11.0 Best mean reward of last-10: -6.8 Time: 0.019263267517089844 Total time so far: 58020.39112615585
Frame: 890000 Loss: 0.004914886 Total Rewards: -1.0 Average Rewards over all frames: -14.591224018475751 Last-10 average reward: -8.7 Best mean reward of last-10: -6.8 Time: 0.019006013870239258 Total time so far: 58825.72165632248
Frame: 900000 Loss: 0.0049097063 Total Rewards: 7.0 Average Rewards over all frames: -14.509174311926605 Last-10 average reward: -6.4 Best mean reward of last-10: -6.4 Time: 0.019021987915039062 Total time so far: 59632.54232597351
Frame: 910000 Loss: 0.004903281 Total Rewards: -11.0 Average Rewards over all frames: -14.438636363636364 Last-10 average reward: -5.5 Best mean reward of last-10: -5.5 Time: 0.01831364631652832 Total time so far: 60480.59755206108
Frame: 920000 Loss: 0.004894649 Total Rewards: -3.0 Average Rewards over all frames: -14.395033860045146 Last-10 average reward: -5.9 Best mean reward of last-10: -5.5 Time: 0.019034624099731445 Total time so far: 61290.18383646011
Frame: 930000 Loss: 0.0048886905 Total Rewards: -1.0 Average Rewards over all frames: -14.345291479820627 Last-10 average reward: -7.2 Best mean reward of last-10: -5.5 Time: 0.017629146575927734 Total time so far: 62108.98329162598
Frame: 940000 Loss: 0.00488182 Total Rewards: 4.0 Average Rewards over all frames: -14.286666666666667 Last-10 average reward: -7.6 Best mean reward of last-10: -5.5 Time: 0.015519380569458008 Total time so far: 62925.82823014259
Frame: 950000 Loss: 0.004875539 Total Rewards: -10.0 Average Rewards over all frames: -14.23568281938326 Last-10 average reward: -8.0 Best mean reward of last-10: -5.5 Time: 0.014685630798339844 Total time so far: 63743.92150807381
Frame: 960000 Loss: 0.004869924 Total Rewards: -9.0 Average Rewards over all frames: -14.188183807439826 Last-10 average reward: -8.0 Best mean reward of last-10: -5.5 Time: 0.019915342330932617 Total time so far: 64567.789451122284
Frame: 970000 Loss: 0.0048663453 Total Rewards: -6.0 Average Rewards over all frames: -14.132608695652173 Last-10 average reward: -7.2 Best mean reward of last-10: -5.5 Time: 0.02422618865966797 Total time so far: 65424.83114409447
Frame: 980000 Loss: 0.0048643043 Total Rewards: -10.0 Average Rewards over all frames: -14.101293103448276 Last-10 average reward: -8.0 Best mean reward of last-10: -5.5 Time: 0.019034147262573242 Total time so far: 66307.81626224518
Frame: 990000 Loss: 0.004863967 Total Rewards: -15.0 Average Rewards over all frames: -14.044871794871796 Last-10 average reward: -8.8 Best mean reward of last-10: -5.5 Time: 0.013913869857788086 Total time so far: 67136.01138973236
Frame: 1000000 Loss: 0.0048616785 Total Rewards: -8.0 Average Rewards over all frames: -13.995753715498939 Last-10 average reward: -8.1 Best mean reward of last-10: -5.5 Time: 0.014399290084838867 Total time so far: 67970.2007112503
