Running on local01
gpu
Namespace(N=1, batch_size=16, capacity=1000000, epsilon_decay=30000, epsilon_final=0.01, epsilon_start=1.0, gamma=0.99, lr=1e-05, num_frames=1000000, number_of_updates=10, optimizer='Adam', render=0, save_freq_frame=100000, save_model_path='../results/DQN/model_default_lr1e_5.pth', save_result_path='../results/DQN/results_default_lr1e_5.npy', seed=1, target_update_freq=10000)
Using cuda:  True
Preparing replay buffer with len --  10000 Frame: 10000 Total time so far: 16.90537452697754
Frame: 20000 Loss: 0.012371744 Total Rewards: -19.0 Average Rewards over all frames: -20.272727272727273 Last-10 average reward: -20.1 Best mean reward of last-10: -20.1 Time: 0.01802539825439453 Total time so far: 530.7113325595856
Frame: 30000 Loss: 0.00979136 Total Rewards: -21.0 Average Rewards over all frames: -20.125 Last-10 average reward: -19.8 Best mean reward of last-10: -19.8 Time: 0.015135526657104492 Total time so far: 1050.4443595409393
Frame: 40000 Loss: 0.008647514 Total Rewards: -20.0 Average Rewards over all frames: -19.926829268292682 Last-10 average reward: -19.4 Best mean reward of last-10: -19.4 Time: 0.02070331573486328 Total time so far: 1572.7985565662384
Frame: 50000 Loss: 0.0081478525 Total Rewards: -18.0 Average Rewards over all frames: -19.666666666666668 Last-10 average reward: -18.6 Best mean reward of last-10: -18.6 Time: 0.022481679916381836 Total time so far: 2097.324877977371
Frame: 60000 Loss: 0.008125812 Total Rewards: -16.0 Average Rewards over all frames: -19.381818181818183 Last-10 average reward: -17.6 Best mean reward of last-10: -17.6 Time: 0.022728919982910156 Total time so far: 2624.5030965805054
Frame: 70000 Loss: 0.008156968 Total Rewards: -20.0 Average Rewards over all frames: -19.229508196721312 Last-10 average reward: -17.5 Best mean reward of last-10: -17.5 Time: 0.017670869827270508 Total time so far: 3153.6578686237335
Frame: 80000 Loss: 0.008150997 Total Rewards: -15.0 Average Rewards over all frames: -18.88235294117647 Last-10 average reward: -16.5 Best mean reward of last-10: -16.5 Time: 0.02181553840637207 Total time so far: 3685.5391194820404
Frame: 90000 Loss: 0.008081311 Total Rewards: -15.0 Average Rewards over all frames: -18.66216216216216 Last-10 average reward: -16.2 Best mean reward of last-10: -16.2 Time: 0.01814436912536621 Total time so far: 4219.245201826096
Frame: 100000 Loss: 0.007966301 Total Rewards: -16.0 Average Rewards over all frames: -18.4125 Last-10 average reward: -15.5 Best mean reward of last-10: -15.5 Time: 0.02138233184814453 Total time so far: 4755.572871208191
Frame: 110000 Loss: 0.007835439 Total Rewards: -17.0 Average Rewards over all frames: -18.290697674418606 Last-10 average reward: -16.3 Best mean reward of last-10: -15.5 Time: 0.017728567123413086 Total time so far: 5297.674914360046
Frame: 120000 Loss: 0.007692742 Total Rewards: -15.0 Average Rewards over all frames: -18.164835164835164 Last-10 average reward: -16.1 Best mean reward of last-10: -15.5 Time: 0.020229578018188477 Total time so far: 5838.695562839508
Frame: 130000 Loss: 0.007537168 Total Rewards: -13.0 Average Rewards over all frames: -17.989690721649485 Last-10 average reward: -15.4 Best mean reward of last-10: -15.4 Time: 0.019710779190063477 Total time so far: 6381.764652013779
Frame: 140000 Loss: 0.0073960605 Total Rewards: -14.0 Average Rewards over all frames: -17.892156862745097 Last-10 average reward: -15.4 Best mean reward of last-10: -15.4 Time: 0.017003297805786133 Total time so far: 6927.7117574214935
Frame: 150000 Loss: 0.0072775055 Total Rewards: -16.0 Average Rewards over all frames: -17.7196261682243 Last-10 average reward: -15.1 Best mean reward of last-10: -15.1 Time: 0.02148127555847168 Total time so far: 7475.877244234085
Frame: 160000 Loss: 0.007186717 Total Rewards: -17.0 Average Rewards over all frames: -17.616071428571427 Last-10 average reward: -14.8 Best mean reward of last-10: -14.8 Time: 0.020717382431030273 Total time so far: 8026.511997699738
Frame: 170000 Loss: 0.007082455 Total Rewards: -14.0 Average Rewards over all frames: -17.47008547008547 Last-10 average reward: -14.8 Best mean reward of last-10: -14.8 Time: 0.018061161041259766 Total time so far: 8580.18752527237
Frame: 180000 Loss: 0.0069897114 Total Rewards: -13.0 Average Rewards over all frames: -17.37704918032787 Last-10 average reward: -14.7 Best mean reward of last-10: -14.7 Time: 0.019636154174804688 Total time so far: 9136.737228393555
Frame: 190000 Loss: 0.0068804515 Total Rewards: -14.0 Average Rewards over all frames: -17.2734375 Last-10 average reward: -15.2 Best mean reward of last-10: -14.7 Time: 0.021282672882080078 Total time so far: 9697.129543542862
Frame: 200000 Loss: 0.0067864074 Total Rewards: -15.0 Average Rewards over all frames: -17.165413533834588 Last-10 average reward: -15.1 Best mean reward of last-10: -14.7 Time: 0.02032303810119629 Total time so far: 10259.606809854507
Frame: 210000 Loss: 0.0066879294 Total Rewards: -16.0 Average Rewards over all frames: -17.057971014492754 Last-10 average reward: -14.3 Best mean reward of last-10: -14.3 Time: 0.020473957061767578 Total time so far: 10834.082885742188
Frame: 220000 Loss: 0.0065981774 Total Rewards: -10.0 Average Rewards over all frames: -16.944055944055943 Last-10 average reward: -14.0 Best mean reward of last-10: -14.0 Time: 0.016449689865112305 Total time so far: 11403.105142831802
Frame: 230000 Loss: 0.0065255347 Total Rewards: -15.0 Average Rewards over all frames: -16.87248322147651 Last-10 average reward: -14.6 Best mean reward of last-10: -14.0 Time: 0.016397476196289062 Total time so far: 11975.308335781097
Frame: 240000 Loss: 0.006445966 Total Rewards: -11.0 Average Rewards over all frames: -16.784313725490197 Last-10 average reward: -14.5 Best mean reward of last-10: -14.0 Time: 0.0220487117767334 Total time so far: 12550.305376768112
Frame: 250000 Loss: 0.0063623977 Total Rewards: -17.0 Average Rewards over all frames: -16.71518987341772 Last-10 average reward: -14.2 Best mean reward of last-10: -14.0 Time: 0.016397476196289062 Total time so far: 13128.348096847534
Frame: 260000 Loss: 0.006282163 Total Rewards: -16.0 Average Rewards over all frames: -16.613496932515336 Last-10 average reward: -14.0 Best mean reward of last-10: -14.0 Time: 0.022512435913085938 Total time so far: 13710.230467557907
Frame: 270000 Loss: 0.006218332 Total Rewards: -14.0 Average Rewards over all frames: -16.511904761904763 Last-10 average reward: -13.3 Best mean reward of last-10: -13.3 Time: 0.022407054901123047 Total time so far: 14295.58388543129
Frame: 280000 Loss: 0.0061549335 Total Rewards: -16.0 Average Rewards over all frames: -16.410404624277458 Last-10 average reward: -13.1 Best mean reward of last-10: -13.1 Time: 0.017902612686157227 Total time so far: 14885.244359970093
Frame: 290000 Loss: 0.006095883 Total Rewards: -9.0 Average Rewards over all frames: -16.359550561797754 Last-10 average reward: -13.8 Best mean reward of last-10: -13.1 Time: 0.021457433700561523 Total time so far: 15478.569069623947
Frame: 300000 Loss: 0.006043288 Total Rewards: -12.0 Average Rewards over all frames: -16.2896174863388 Last-10 average reward: -14.2 Best mean reward of last-10: -13.1 Time: 0.0189974308013916 Total time so far: 16074.668706655502
Frame: 310000 Loss: 0.0059906202 Total Rewards: -13.0 Average Rewards over all frames: -16.22994652406417 Last-10 average reward: -13.2 Best mean reward of last-10: -13.1 Time: 0.01987433433532715 Total time so far: 16688.019336223602
Frame: 320000 Loss: 0.005945847 Total Rewards: -20.0 Average Rewards over all frames: -16.155440414507773 Last-10 average reward: -13.7 Best mean reward of last-10: -13.1 Time: 0.016704797744750977 Total time so far: 17291.338894367218
Frame: 330000 Loss: 0.005903149 Total Rewards: -12.0 Average Rewards over all frames: -16.091370558375633 Last-10 average reward: -13.5 Best mean reward of last-10: -13.1 Time: 0.018509387969970703 Total time so far: 17898.329897880554
Frame: 340000 Loss: 0.0058581657 Total Rewards: -10.0 Average Rewards over all frames: -15.970297029702971 Last-10 average reward: -12.8 Best mean reward of last-10: -12.8 Time: 0.02145099639892578 Total time so far: 18508.93517971039
Frame: 350000 Loss: 0.00581289 Total Rewards: -13.0 Average Rewards over all frames: -15.888349514563107 Last-10 average reward: -11.5 Best mean reward of last-10: -11.5 Time: 0.018256425857543945 Total time so far: 19122.856986045837
Frame: 360000 Loss: 0.0057757306 Total Rewards: -19.0 Average Rewards over all frames: -15.86320754716981 Last-10 average reward: -13.7 Best mean reward of last-10: -11.5 Time: 0.017466068267822266 Total time so far: 19740.905539751053
Frame: 370000 Loss: 0.0057408363 Total Rewards: -10.0 Average Rewards over all frames: -15.805555555555555 Last-10 average reward: -14.1 Best mean reward of last-10: -11.5 Time: 0.018603801727294922 Total time so far: 20362.488949537277
Frame: 380000 Loss: 0.005705702 Total Rewards: -10.0 Average Rewards over all frames: -15.723981900452488 Last-10 average reward: -13.1 Best mean reward of last-10: -11.5 Time: 0.023374319076538086 Total time so far: 20986.917742729187
Frame: 390000 Loss: 0.0056750313 Total Rewards: -13.0 Average Rewards over all frames: -15.663716814159292 Last-10 average reward: -12.6 Best mean reward of last-10: -11.5 Time: 0.017200469970703125 Total time so far: 21615.47009420395
Frame: 400000 Loss: 0.005648483 Total Rewards: -11.0 Average Rewards over all frames: -15.619047619047619 Last-10 average reward: -13.3 Best mean reward of last-10: -11.5 Time: 0.01776742935180664 Total time so far: 22247.18382000923
Frame: 410000 Loss: 0.005623306 Total Rewards: -12.0 Average Rewards over all frames: -15.578723404255319 Last-10 average reward: -13.4 Best mean reward of last-10: -11.5 Time: 0.015577316284179688 Total time so far: 22901.831535339355
Frame: 420000 Loss: 0.005594006 Total Rewards: -18.0 Average Rewards over all frames: -15.520833333333334 Last-10 average reward: -12.8 Best mean reward of last-10: -11.5 Time: 0.022724390029907227 Total time so far: 23541.078639745712
Frame: 430000 Loss: 0.0055685164 Total Rewards: -11.0 Average Rewards over all frames: -15.438524590163935 Last-10 average reward: -11.8 Best mean reward of last-10: -11.5 Time: 0.016757488250732422 Total time so far: 24182.50615811348
Frame: 440000 Loss: 0.0055451263 Total Rewards: -11.0 Average Rewards over all frames: -15.353413654618475 Last-10 average reward: -11.6 Best mean reward of last-10: -11.5 Time: 0.017887115478515625 Total time so far: 24828.017684936523
Frame: 450000 Loss: 0.005520965 Total Rewards: -10.0 Average Rewards over all frames: -15.288537549407115 Last-10 average reward: -11.2 Best mean reward of last-10: -11.2 Time: 0.017634868621826172 Total time so far: 25476.204957723618
Frame: 460000 Loss: 0.0054976195 Total Rewards: -14.0 Average Rewards over all frames: -15.248062015503876 Last-10 average reward: -12.2 Best mean reward of last-10: -11.2 Time: 0.018677234649658203 Total time so far: 26127.930552005768
Frame: 470000 Loss: 0.0054719863 Total Rewards: -10.0 Average Rewards over all frames: -15.183206106870228 Last-10 average reward: -12.0 Best mean reward of last-10: -11.2 Time: 0.020064353942871094 Total time so far: 26783.341775655746
Frame: 480000 Loss: 0.005445506 Total Rewards: -10.0 Average Rewards over all frames: -15.101123595505618 Last-10 average reward: -11.2 Best mean reward of last-10: -11.2 Time: 0.018999576568603516 Total time so far: 27442.314269781113
Frame: 490000 Loss: 0.005419423 Total Rewards: -11.0 Average Rewards over all frames: -15.047970479704796 Last-10 average reward: -11.0 Best mean reward of last-10: -11.0 Time: 0.0219268798828125 Total time so far: 28104.52664399147
Frame: 500000 Loss: 0.005392159 Total Rewards: -10.0 Average Rewards over all frames: -14.985454545454546 Last-10 average reward: -10.9 Best mean reward of last-10: -10.9 Time: 0.018535375595092773 Total time so far: 28769.71340727806
Frame: 510000 Loss: 0.005365369 Total Rewards: -9.0 Average Rewards over all frames: -14.878136200716845 Last-10 average reward: -9.5 Best mean reward of last-10: -9.5 Time: 0.01643991470336914 Total time so far: 29461.612837553024
Frame: 520000 Loss: 0.0053381617 Total Rewards: -13.0 Average Rewards over all frames: -14.812720848056538 Last-10 average reward: -9.0 Best mean reward of last-10: -9.0 Time: 0.019606351852416992 Total time so far: 30133.2033367157
Frame: 530000 Loss: 0.0053110966 Total Rewards: -15.0 Average Rewards over all frames: -14.773519163763066 Last-10 average reward: -10.2 Best mean reward of last-10: -9.0 Time: 0.018753528594970703 Total time so far: 30808.336698055267
Frame: 540000 Loss: 0.0052816817 Total Rewards: -11.0 Average Rewards over all frames: -14.721649484536082 Last-10 average reward: -11.1 Best mean reward of last-10: -9.0 Time: 0.01842355728149414 Total time so far: 31487.314235448837
Frame: 550000 Loss: 0.005254061 Total Rewards: -5.0 Average Rewards over all frames: -14.616949152542373 Last-10 average reward: -10.0 Best mean reward of last-10: -9.0 Time: 0.017372608184814453 Total time so far: 32170.72636938095
Frame: 560000 Loss: 0.0052278806 Total Rewards: -7.0 Average Rewards over all frames: -14.573333333333334 Last-10 average reward: -9.9 Best mean reward of last-10: -9.0 Time: 0.020180702209472656 Total time so far: 32856.274391412735
Frame: 570000 Loss: 0.0052013523 Total Rewards: -10.0 Average Rewards over all frames: -14.5 Last-10 average reward: -10.1 Best mean reward of last-10: -9.0 Time: 0.020264863967895508 Total time so far: 33544.71746683121
Frame: 580000 Loss: 0.0051763556 Total Rewards: -17.0 Average Rewards over all frames: -14.4512987012987 Last-10 average reward: -10.7 Best mean reward of last-10: -9.0 Time: 0.02034616470336914 Total time so far: 34237.24387764931
Frame: 590000 Loss: 0.0051511996 Total Rewards: -10.0 Average Rewards over all frames: -14.35897435897436 Last-10 average reward: -9.2 Best mean reward of last-10: -9.0 Time: 0.019274234771728516 Total time so far: 34933.698726415634
Frame: 600000 Loss: 0.005126128 Total Rewards: -7.0 Average Rewards over all frames: -14.300632911392405 Last-10 average reward: -9.7 Best mean reward of last-10: -9.0 Time: 0.01647806167602539 Total time so far: 35636.202459812164
Frame: 610000 Loss: 0.005099947 Total Rewards: -18.0 Average Rewards over all frames: -14.271875 Last-10 average reward: -9.9 Best mean reward of last-10: -9.0 Time: 0.018228530883789062 Total time so far: 36367.65580153465
Frame: 620000 Loss: 0.005074423 Total Rewards: -9.0 Average Rewards over all frames: -14.197530864197532 Last-10 average reward: -9.7 Best mean reward of last-10: -9.0 Time: 0.021886825561523438 Total time so far: 37074.10292887688
Frame: 630000 Loss: 0.0050500375 Total Rewards: -10.0 Average Rewards over all frames: -14.143292682926829 Last-10 average reward: -9.9 Best mean reward of last-10: -9.0 Time: 0.019276142120361328 Total time so far: 37787.84065628052
Frame: 640000 Loss: 0.0050266343 Total Rewards: -5.0 Average Rewards over all frames: -14.08108108108108 Last-10 average reward: -9.8 Best mean reward of last-10: -9.0 Time: 0.01716303825378418 Total time so far: 38506.59305214882
Frame: 650000 Loss: 0.005001707 Total Rewards: -12.0 Average Rewards over all frames: -14.014880952380953 Last-10 average reward: -8.8 Best mean reward of last-10: -8.8 Time: 0.020152568817138672 Total time so far: 39226.36008119583
Frame: 660000 Loss: 0.004976819 Total Rewards: -11.0 Average Rewards over all frames: -13.961764705882352 Last-10 average reward: -8.2 Best mean reward of last-10: -8.2 Time: 0.0171511173248291 Total time so far: 39949.60447430611
Frame: 670000 Loss: 0.0049535553 Total Rewards: -10.0 Average Rewards over all frames: -13.895348837209303 Last-10 average reward: -9.2 Best mean reward of last-10: -8.2 Time: 0.01991748809814453 Total time so far: 40676.80138683319
Frame: 680000 Loss: 0.004930372 Total Rewards: -9.0 Average Rewards over all frames: -13.827586206896552 Last-10 average reward: -8.0 Best mean reward of last-10: -8.0 Time: 0.022162437438964844 Total time so far: 41407.07105112076
Frame: 690000 Loss: 0.004904949 Total Rewards: -7.0 Average Rewards over all frames: -13.755681818181818 Last-10 average reward: -8.4 Best mean reward of last-10: -8.0 Time: 0.021182775497436523 Total time so far: 42141.9047460556
Frame: 700000 Loss: 0.0048785745 Total Rewards: -5.0 Average Rewards over all frames: -13.690140845070422 Last-10 average reward: -6.9 Best mean reward of last-10: -6.9 Time: 0.021806955337524414 Total time so far: 42880.08137202263
Frame: 710000 Loss: 0.004852758 Total Rewards: -5.0 Average Rewards over all frames: -13.629526462395543 Last-10 average reward: -7.6 Best mean reward of last-10: -6.9 Time: 0.022468090057373047 Total time so far: 43652.980937719345
Frame: 720000 Loss: 0.004829243 Total Rewards: -12.0 Average Rewards over all frames: -13.566298342541437 Last-10 average reward: -6.9 Best mean reward of last-10: -6.9 Time: 0.022378206253051758 Total time so far: 44398.76979494095
Frame: 730000 Loss: 0.0048056645 Total Rewards: -2.0 Average Rewards over all frames: -13.475409836065573 Last-10 average reward: -6.3 Best mean reward of last-10: -6.3 Time: 0.0219118595123291 Total time so far: 45147.32485342026
Frame: 740000 Loss: 0.004782964 Total Rewards: -4.0 Average Rewards over all frames: -13.417344173441734 Last-10 average reward: -5.8 Best mean reward of last-10: -5.8 Time: 0.021253108978271484 Total time so far: 45901.06465315819
Frame: 750000 Loss: 0.0047601266 Total Rewards: 9.0 Average Rewards over all frames: -13.233243967828418 Last-10 average reward: -2.2 Best mean reward of last-10: -2.2 Time: 0.017804622650146484 Total time so far: 46654.96860527992
Frame: 760000 Loss: 0.004738656 Total Rewards: -4.0 Average Rewards over all frames: -13.13031914893617 Last-10 average reward: -0.5 Best mean reward of last-10: -0.5 Time: 0.0175931453704834 Total time so far: 47414.576731681824
Frame: 770000 Loss: 0.0047173207 Total Rewards: 4.0 Average Rewards over all frames: -12.992105263157894 Last-10 average reward: 1.3 Best mean reward of last-10: 1.3 Time: 0.020528316497802734 Total time so far: 48177.59081077576
Frame: 780000 Loss: 0.004695169 Total Rewards: -11.0 Average Rewards over all frames: -12.96083550913838 Last-10 average reward: -2.8 Best mean reward of last-10: 1.3 Time: 0.017323017120361328 Total time so far: 48944.74497818947
Frame: 790000 Loss: 0.0046745697 Total Rewards: 11.0 Average Rewards over all frames: -12.86046511627907 Last-10 average reward: -3.9 Best mean reward of last-10: 1.3 Time: 0.020215511322021484 Total time so far: 49715.639906167984
Frame: 800000 Loss: 0.0046541914 Total Rewards: -4.0 Average Rewards over all frames: -12.736572890025576 Last-10 average reward: -3.2 Best mean reward of last-10: 1.3 Time: 0.020158052444458008 Total time so far: 50491.25238251686
Frame: 810000 Loss: 0.0046329936 Total Rewards: -16.0 Average Rewards over all frames: -12.643037974683544 Last-10 average reward: -1.9 Best mean reward of last-10: 1.3 Time: 0.021817684173583984 Total time so far: 51308.57774209976
Frame: 820000 Loss: 0.004612686 Total Rewards: -4.0 Average Rewards over all frames: -12.57035175879397 Last-10 average reward: -3.1 Best mean reward of last-10: 1.3 Time: 0.020481348037719727 Total time so far: 52091.35505270958
Frame: 830000 Loss: 0.004591308 Total Rewards: -1.0 Average Rewards over all frames: -12.432835820895523 Last-10 average reward: -0.8 Best mean reward of last-10: 1.3 Time: 0.017435550689697266 Total time so far: 52877.152183532715
Frame: 840000 Loss: 0.0045705475 Total Rewards: 5.0 Average Rewards over all frames: -12.353086419753087 Last-10 average reward: -0.9 Best mean reward of last-10: 1.3 Time: 0.023013591766357422 Total time so far: 53666.328739881516
Frame: 850000 Loss: 0.0045503676 Total Rewards: 4.0 Average Rewards over all frames: -12.257352941176471 Last-10 average reward: 0.2 Best mean reward of last-10: 1.3 Time: 0.021662235260009766 Total time so far: 54457.448273420334
Frame: 860000 Loss: 0.0045303414 Total Rewards: 6.0 Average Rewards over all frames: -12.12378640776699 Last-10 average reward: 0.3 Best mean reward of last-10: 1.3 Time: 0.018399477005004883 Total time so far: 55256.46087360382
Frame: 870000 Loss: 0.0045103803 Total Rewards: 11.0 Average Rewards over all frames: -12.057831325301205 Last-10 average reward: -0.1 Best mean reward of last-10: 1.3 Time: 0.019663333892822266 Total time so far: 56051.71790957451
Frame: 880000 Loss: 0.0044918475 Total Rewards: 11.0 Average Rewards over all frames: -11.894988066825775 Last-10 average reward: 0.9 Best mean reward of last-10: 1.3 Time: 0.018087387084960938 Total time so far: 56850.54658675194
Frame: 890000 Loss: 0.004474748 Total Rewards: 12.0 Average Rewards over all frames: -11.800947867298579 Last-10 average reward: 1.5 Best mean reward of last-10: 1.5 Time: 0.01736903190612793 Total time so far: 57657.819605112076
Frame: 900000 Loss: 0.004459332 Total Rewards: -3.0 Average Rewards over all frames: -11.673708920187794 Last-10 average reward: 2.4 Best mean reward of last-10: 2.4 Time: 0.017704486846923828 Total time so far: 58468.60082411766
Frame: 910000 Loss: 0.0044439575 Total Rewards: 11.0 Average Rewards over all frames: -11.587412587412587 Last-10 average reward: 1.3 Best mean reward of last-10: 2.4 Time: 0.02218937873840332 Total time so far: 59322.603009939194
Frame: 920000 Loss: 0.0044293646 Total Rewards: -2.0 Average Rewards over all frames: -11.445727482678985 Last-10 average reward: 1.2 Best mean reward of last-10: 2.4 Time: 0.022179603576660156 Total time so far: 60139.065190553665
Frame: 930000 Loss: 0.0044145826 Total Rewards: 9.0 Average Rewards over all frames: -11.25858123569794 Last-10 average reward: 5.8 Best mean reward of last-10: 5.8 Time: 0.021033525466918945 Total time so far: 60961.189755916595
Frame: 940000 Loss: 0.004401455 Total Rewards: 8.0 Average Rewards over all frames: -11.143181818181818 Last-10 average reward: 5.8 Best mean reward of last-10: 5.8 Time: 0.022233247756958008 Total time so far: 61785.08228802681
Frame: 950000 Loss: 0.004386971 Total Rewards: 3.0 Average Rewards over all frames: -10.995495495495495 Last-10 average reward: 6.6 Best mean reward of last-10: 6.6 Time: 0.018364906311035156 Total time so far: 62614.168865680695
Frame: 960000 Loss: 0.0043732906 Total Rewards: -6.0 Average Rewards over all frames: -10.919463087248323 Last-10 average reward: 3.9 Best mean reward of last-10: 6.6 Time: 0.01813197135925293 Total time so far: 63446.712612867355
Frame: 970000 Loss: 0.004359191 Total Rewards: 10.0 Average Rewards over all frames: -10.762749445676276 Last-10 average reward: 4.2 Best mean reward of last-10: 6.6 Time: 0.017950773239135742 Total time so far: 64283.94234800339
Frame: 980000 Loss: 0.004345951 Total Rewards: -8.0 Average Rewards over all frames: -10.643956043956043 Last-10 average reward: 4.3 Best mean reward of last-10: 6.6 Time: 0.017991304397583008 Total time so far: 65120.044716358185
Frame: 990000 Loss: 0.004332199 Total Rewards: -3.0 Average Rewards over all frames: -10.578602620087336 Last-10 average reward: 4.2 Best mean reward of last-10: 6.6 Time: 0.019981861114501953 Total time so far: 65959.44421648979
Frame: 1000000 Loss: 0.0043191346 Total Rewards: 14.0 Average Rewards over all frames: -10.443722943722944 Last-10 average reward: 1.9 Best mean reward of last-10: 6.6 Time: 0.020296335220336914 Total time so far: 66808.66575813293
