Running on local02
gpu
Namespace(N=1, batch_size=16, capacity=1000000, epsilon_decay=30000, epsilon_final=0.01, epsilon_start=1.0, gamma=0.99, lr=0.0001, num_frames=1000000, number_of_updates=10, optimizer='Adam', render=0, save_freq_frame=100000, save_model_path='../results/DQN/model_default_lr4.pth', save_result_path='../results/DQN/results_default_lr4.npy', seed=1, target_update_freq=10000)
Using cuda:  True
Preparing replay buffer with len --  10000 Frame: 10000 Total time so far: 16.48815631866455
Frame: 20000 Loss: 0.0076481896 Total Rewards: -20.0 Average Rewards over all frames: -20.59090909090909 Last-10 average reward: -20.3 Best mean reward of last-10: -20.3 Time: 0.019077539443969727 Total time so far: 537.2769832611084
Frame: 30000 Loss: 0.006234343 Total Rewards: -19.0 Average Rewards over all frames: -20.225806451612904 Last-10 average reward: -19.4 Best mean reward of last-10: -19.4 Time: 0.022633075714111328 Total time so far: 1063.7453060150146
Frame: 40000 Loss: 0.0066205407 Total Rewards: -20.0 Average Rewards over all frames: -20.07894736842105 Last-10 average reward: -19.0 Best mean reward of last-10: -19.0 Time: 0.01806354522705078 Total time so far: 1593.4888117313385
Frame: 50000 Loss: 0.007636229 Total Rewards: -17.0 Average Rewards over all frames: -19.59090909090909 Last-10 average reward: -17.8 Best mean reward of last-10: -17.8 Time: 0.022870302200317383 Total time so far: 2126.3154911994934
Frame: 60000 Loss: 0.008221278 Total Rewards: -20.0 Average Rewards over all frames: -19.32 Last-10 average reward: -16.7 Best mean reward of last-10: -16.7 Time: 0.020301103591918945 Total time so far: 2661.530643939972
Frame: 70000 Loss: 0.008783186 Total Rewards: -18.0 Average Rewards over all frames: -19.089285714285715 Last-10 average reward: -17.2 Best mean reward of last-10: -16.7 Time: 0.020455360412597656 Total time so far: 3199.021682024002
Frame: 80000 Loss: 0.009199014 Total Rewards: -16.0 Average Rewards over all frames: -18.79032258064516 Last-10 average reward: -16.3 Best mean reward of last-10: -16.3 Time: 0.017081260681152344 Total time so far: 3738.870183944702
Frame: 90000 Loss: 0.009427026 Total Rewards: -14.0 Average Rewards over all frames: -18.582089552238806 Last-10 average reward: -16.1 Best mean reward of last-10: -16.1 Time: 0.01666569709777832 Total time so far: 4280.526896953583
Frame: 100000 Loss: 0.009587054 Total Rewards: -17.0 Average Rewards over all frames: -18.465753424657535 Last-10 average reward: -16.7 Best mean reward of last-10: -16.1 Time: 0.020473718643188477 Total time so far: 4824.8361876010895
Frame: 110000 Loss: 0.009703382 Total Rewards: -13.0 Average Rewards over all frames: -18.153846153846153 Last-10 average reward: -15.2 Best mean reward of last-10: -15.2 Time: 0.019736766815185547 Total time so far: 5374.956966876984
Frame: 120000 Loss: 0.009874771 Total Rewards: -16.0 Average Rewards over all frames: -17.904761904761905 Last-10 average reward: -14.3 Best mean reward of last-10: -14.3 Time: 0.022638559341430664 Total time so far: 5923.629788398743
Frame: 130000 Loss: 0.010031311 Total Rewards: -11.0 Average Rewards over all frames: -17.617977528089888 Last-10 average reward: -13.5 Best mean reward of last-10: -13.5 Time: 0.019573688507080078 Total time so far: 6474.15208363533
Frame: 140000 Loss: 0.01022625 Total Rewards: -12.0 Average Rewards over all frames: -17.442105263157895 Last-10 average reward: -13.9 Best mean reward of last-10: -13.5 Time: 0.018328428268432617 Total time so far: 7026.814323186874
Frame: 150000 Loss: 0.010421968 Total Rewards: -17.0 Average Rewards over all frames: -17.23 Last-10 average reward: -13.8 Best mean reward of last-10: -13.5 Time: 0.019774436950683594 Total time so far: 7582.952907800674
Frame: 160000 Loss: 0.010551544 Total Rewards: -19.0 Average Rewards over all frames: -17.169811320754718 Last-10 average reward: -15.0 Best mean reward of last-10: -13.5 Time: 0.01867985725402832 Total time so far: 8140.992166757584
Frame: 170000 Loss: 0.010699425 Total Rewards: -12.0 Average Rewards over all frames: -17.0 Last-10 average reward: -14.8 Best mean reward of last-10: -13.5 Time: 0.01949906349182129 Total time so far: 8701.779161453247
Frame: 180000 Loss: 0.010844498 Total Rewards: -14.0 Average Rewards over all frames: -16.872881355932204 Last-10 average reward: -14.2 Best mean reward of last-10: -13.5 Time: 0.022337675094604492 Total time so far: 9265.56093120575
Frame: 190000 Loss: 0.010914775 Total Rewards: -16.0 Average Rewards over all frames: -16.788617886178862 Last-10 average reward: -14.6 Best mean reward of last-10: -13.5 Time: 0.016120195388793945 Total time so far: 9832.045219898224
Frame: 200000 Loss: 0.0110014295 Total Rewards: -17.0 Average Rewards over all frames: -16.746153846153845 Last-10 average reward: -15.8 Best mean reward of last-10: -13.5 Time: 0.01931023597717285 Total time so far: 10401.320314407349
Frame: 210000 Loss: 0.011105133 Total Rewards: -15.0 Average Rewards over all frames: -16.654411764705884 Last-10 average reward: -15.8 Best mean reward of last-10: -13.5 Time: 0.021929502487182617 Total time so far: 10982.420709133148
Frame: 220000 Loss: 0.011194614 Total Rewards: -15.0 Average Rewards over all frames: -16.574468085106382 Last-10 average reward: -14.5 Best mean reward of last-10: -13.5 Time: 0.01586747169494629 Total time so far: 11557.799457073212
Frame: 230000 Loss: 0.011369439 Total Rewards: -10.0 Average Rewards over all frames: -16.4421768707483 Last-10 average reward: -13.5 Best mean reward of last-10: -13.5 Time: 0.01929450035095215 Total time so far: 12136.388169765472
Frame: 240000 Loss: 0.011537552 Total Rewards: -11.0 Average Rewards over all frames: -16.352941176470587 Last-10 average reward: -14.1 Best mean reward of last-10: -13.5 Time: 0.02213287353515625 Total time so far: 12718.010160684586
Frame: 250000 Loss: 0.0117012635 Total Rewards: -12.0 Average Rewards over all frames: -16.31645569620253 Last-10 average reward: -14.7 Best mean reward of last-10: -13.5 Time: 0.015666484832763672 Total time so far: 13302.557555675507
Frame: 260000 Loss: 0.011864637 Total Rewards: -13.0 Average Rewards over all frames: -16.26219512195122 Last-10 average reward: -15.3 Best mean reward of last-10: -13.5 Time: 0.02054905891418457 Total time so far: 13890.40798830986
Frame: 270000 Loss: 0.011976192 Total Rewards: -12.0 Average Rewards over all frames: -16.16470588235294 Last-10 average reward: -13.7 Best mean reward of last-10: -13.5 Time: 0.021233558654785156 Total time so far: 14481.782233715057
Frame: 280000 Loss: 0.012044383 Total Rewards: -15.0 Average Rewards over all frames: -16.085227272727273 Last-10 average reward: -13.2 Best mean reward of last-10: -13.2 Time: 0.02321338653564453 Total time so far: 15076.586328744888
Frame: 290000 Loss: 0.012119849 Total Rewards: -20.0 Average Rewards over all frames: -16.10928961748634 Last-10 average reward: -16.0 Best mean reward of last-10: -13.2 Time: 0.019397735595703125 Total time so far: 15675.363692522049
Frame: 300000 Loss: 0.012218434 Total Rewards: -17.0 Average Rewards over all frames: -16.094736842105263 Last-10 average reward: -16.1 Best mean reward of last-10: -13.2 Time: 0.019964218139648438 Total time so far: 16277.063113689423
Frame: 310000 Loss: 0.012317966 Total Rewards: -16.0 Average Rewards over all frames: -16.101522842639593 Last-10 average reward: -16.4 Best mean reward of last-10: -13.2 Time: 0.01818227767944336 Total time so far: 16895.603440523148
Frame: 320000 Loss: 0.012406163 Total Rewards: -14.0 Average Rewards over all frames: -16.06896551724138 Last-10 average reward: -15.1 Best mean reward of last-10: -13.2 Time: 0.02136397361755371 Total time so far: 17503.91543841362
Frame: 330000 Loss: 0.012468655 Total Rewards: -16.0 Average Rewards over all frames: -16.023923444976077 Last-10 average reward: -14.3 Best mean reward of last-10: -13.2 Time: 0.018057823181152344 Total time so far: 18115.793270111084
Frame: 340000 Loss: 0.0124945715 Total Rewards: -14.0 Average Rewards over all frames: -16.02777777777778 Last-10 average reward: -16.0 Best mean reward of last-10: -13.2 Time: 0.018448591232299805 Total time so far: 18730.197585105896
Frame: 350000 Loss: 0.01251332 Total Rewards: -21.0 Average Rewards over all frames: -16.022421524663677 Last-10 average reward: -16.1 Best mean reward of last-10: -13.2 Time: 0.019681692123413086 Total time so far: 19330.36536550522
Frame: 360000 Loss: 0.012532993 Total Rewards: -15.0 Average Rewards over all frames: -15.982532751091703 Last-10 average reward: -15.2 Best mean reward of last-10: -13.2 Time: 0.02009272575378418 Total time so far: 19934.159329414368
Frame: 370000 Loss: 0.012558567 Total Rewards: -14.0 Average Rewards over all frames: -15.944915254237289 Last-10 average reward: -14.4 Best mean reward of last-10: -13.2 Time: 0.016607046127319336 Total time so far: 20546.518006324768
Frame: 380000 Loss: 0.012595221 Total Rewards: -20.0 Average Rewards over all frames: -15.925619834710744 Last-10 average reward: -15.7 Best mean reward of last-10: -13.2 Time: 0.018347740173339844 Total time so far: 21163.125573158264
Frame: 390000 Loss: 0.012631732 Total Rewards: -16.0 Average Rewards over all frames: -15.879032258064516 Last-10 average reward: -14.6 Best mean reward of last-10: -13.2 Time: 0.019690752029418945 Total time so far: 21779.006318092346
Frame: 400000 Loss: 0.012627126 Total Rewards: -14.0 Average Rewards over all frames: -15.866666666666667 Last-10 average reward: -14.7 Best mean reward of last-10: -13.2 Time: 0.016913890838623047 Total time so far: 22394.580595254898
Frame: 410000 Loss: 0.012665243 Total Rewards: -15.0 Average Rewards over all frames: -15.874045801526718 Last-10 average reward: -15.3 Best mean reward of last-10: -13.2 Time: 0.01902937889099121 Total time so far: 23030.716645002365
Frame: 420000 Loss: 0.012688357 Total Rewards: -16.0 Average Rewards over all frames: -15.85820895522388 Last-10 average reward: -15.4 Best mean reward of last-10: -13.2 Time: 0.021615028381347656 Total time so far: 23652.717614412308
Frame: 430000 Loss: 0.012741174 Total Rewards: -17.0 Average Rewards over all frames: -15.83941605839416 Last-10 average reward: -15.3 Best mean reward of last-10: -13.2 Time: 0.01967906951904297 Total time so far: 24277.976887464523
Frame: 440000 Loss: 0.012828634 Total Rewards: -12.0 Average Rewards over all frames: -15.832142857142857 Last-10 average reward: -15.4 Best mean reward of last-10: -13.2 Time: 0.018918991088867188 Total time so far: 24916.087464571
Frame: 450000 Loss: 0.012915093 Total Rewards: -20.0 Average Rewards over all frames: -15.804878048780488 Last-10 average reward: -14.5 Best mean reward of last-10: -13.2 Time: 0.01766037940979004 Total time so far: 25561.601722955704
Frame: 460000 Loss: 0.012966381 Total Rewards: -16.0 Average Rewards over all frames: -15.785714285714286 Last-10 average reward: -15.3 Best mean reward of last-10: -13.2 Time: 0.020383596420288086 Total time so far: 26210.130610227585
Frame: 470000 Loss: 0.013046317 Total Rewards: -15.0 Average Rewards over all frames: -15.8 Last-10 average reward: -15.9 Best mean reward of last-10: -13.2 Time: 0.019897937774658203 Total time so far: 26862.27341413498
Frame: 480000 Loss: 0.013116237 Total Rewards: -16.0 Average Rewards over all frames: -15.758957654723128 Last-10 average reward: -14.6 Best mean reward of last-10: -13.2 Time: 0.016052722930908203 Total time so far: 27517.4963657856
Frame: 490000 Loss: 0.013197357 Total Rewards: -17.0 Average Rewards over all frames: -15.741214057507987 Last-10 average reward: -14.4 Best mean reward of last-10: -13.2 Time: 0.01989269256591797 Total time so far: 28175.826441287994
Frame: 500000 Loss: 0.013386038 Total Rewards: -17.0 Average Rewards over all frames: -15.753125 Last-10 average reward: -16.1 Best mean reward of last-10: -13.2 Time: 0.01772022247314453 Total time so far: 28837.392164468765
Frame: 510000 Loss: 0.013543799 Total Rewards: -19.0 Average Rewards over all frames: -15.777439024390244 Last-10 average reward: -16.9 Best mean reward of last-10: -13.2 Time: 0.018869876861572266 Total time so far: 29525.2791993618
Frame: 520000 Loss: 0.013733225 Total Rewards: -20.0 Average Rewards over all frames: -15.791044776119403 Last-10 average reward: -17.0 Best mean reward of last-10: -13.2 Time: 0.019015073776245117 Total time so far: 30193.236929416656
Frame: 530000 Loss: 0.013977561 Total Rewards: -21.0 Average Rewards over all frames: -15.830903790087463 Last-10 average reward: -17.3 Best mean reward of last-10: -13.2 Time: 0.0188751220703125 Total time so far: 30864.62890148163
Frame: 540000 Loss: 0.014296731 Total Rewards: -21.0 Average Rewards over all frames: -15.831428571428571 Last-10 average reward: -16.8 Best mean reward of last-10: -13.2 Time: 0.01852583885192871 Total time so far: 31539.185976982117
Frame: 550000 Loss: 0.014706138 Total Rewards: -18.0 Average Rewards over all frames: -15.834733893557424 Last-10 average reward: -16.5 Best mean reward of last-10: -13.2 Time: 0.016205787658691406 Total time so far: 32218.112293720245
Frame: 560000 Loss: 0.015169477 Total Rewards: -21.0 Average Rewards over all frames: -15.89344262295082 Last-10 average reward: -18.2 Best mean reward of last-10: -13.2 Time: 0.020756244659423828 Total time so far: 32898.71504545212
Frame: 570000 Loss: 0.015751189 Total Rewards: -15.0 Average Rewards over all frames: -15.946666666666667 Last-10 average reward: -18.4 Best mean reward of last-10: -13.2 Time: 0.018068552017211914 Total time so far: 33581.76759338379
Frame: 580000 Loss: 0.016366623 Total Rewards: -17.0 Average Rewards over all frames: -16.0 Last-10 average reward: -17.9 Best mean reward of last-10: -13.2 Time: 0.01580524444580078 Total time so far: 34268.360317230225
Frame: 590000 Loss: 0.016906718 Total Rewards: -21.0 Average Rewards over all frames: -16.091370558375633 Last-10 average reward: -19.6 Best mean reward of last-10: -13.2 Time: 0.02086639404296875 Total time so far: 34957.70766425133
Frame: 600000 Loss: 0.017402802 Total Rewards: -21.0 Average Rewards over all frames: -16.165841584158414 Last-10 average reward: -19.1 Best mean reward of last-10: -13.2 Time: 0.02104949951171875 Total time so far: 35650.92902135849
Frame: 610000 Loss: 0.017877687 Total Rewards: -21.0 Average Rewards over all frames: -16.229468599033815 Last-10 average reward: -18.8 Best mean reward of last-10: -13.2 Time: 0.02036738395690918 Total time so far: 36374.66391849518
Frame: 620000 Loss: 0.018416006 Total Rewards: -17.0 Average Rewards over all frames: -16.260663507109005 Last-10 average reward: -18.1 Best mean reward of last-10: -13.2 Time: 0.01628255844116211 Total time so far: 37073.29713344574
Frame: 630000 Loss: 0.018979585 Total Rewards: -21.0 Average Rewards over all frames: -16.31712962962963 Last-10 average reward: -18.7 Best mean reward of last-10: -13.2 Time: 0.019524097442626953 Total time so far: 37775.49356532097
Frame: 640000 Loss: 0.019542225 Total Rewards: -20.0 Average Rewards over all frames: -16.36281179138322 Last-10 average reward: -18.8 Best mean reward of last-10: -13.2 Time: 0.0186464786529541 Total time so far: 38479.867619752884
Frame: 650000 Loss: 0.020092122 Total Rewards: -20.0 Average Rewards over all frames: -16.4390243902439 Last-10 average reward: -19.8 Best mean reward of last-10: -13.2 Time: 0.01718878746032715 Total time so far: 39187.332813978195
Frame: 660000 Loss: 0.020671902 Total Rewards: -18.0 Average Rewards over all frames: -16.461873638344226 Last-10 average reward: -18.0 Best mean reward of last-10: -13.2 Time: 0.01707625389099121 Total time so far: 39897.62532043457
Frame: 670000 Loss: 0.021237455 Total Rewards: -13.0 Average Rewards over all frames: -16.48931623931624 Last-10 average reward: -17.9 Best mean reward of last-10: -13.2 Time: 0.01594376564025879 Total time so far: 40610.72076201439
Frame: 680000 Loss: 0.021743428 Total Rewards: -14.0 Average Rewards over all frames: -16.534591194968552 Last-10 average reward: -18.3 Best mean reward of last-10: -13.2 Time: 0.01546168327331543 Total time so far: 41327.22701883316
Frame: 690000 Loss: 0.022191294 Total Rewards: -18.0 Average Rewards over all frames: -16.56584362139918 Last-10 average reward: -17.8 Best mean reward of last-10: -13.2 Time: 0.020012378692626953 Total time so far: 42048.62704825401
Frame: 700000 Loss: 0.022603275 Total Rewards: -17.0 Average Rewards over all frames: -16.583838383838383 Last-10 average reward: -17.6 Best mean reward of last-10: -13.2 Time: 0.019194602966308594 Total time so far: 42771.97824549675
Frame: 710000 Loss: 0.022974866 Total Rewards: -16.0 Average Rewards over all frames: -16.627722772277227 Last-10 average reward: -18.8 Best mean reward of last-10: -13.2 Time: 0.02024388313293457 Total time so far: 43528.68113017082
Frame: 720000 Loss: 0.023319686 Total Rewards: -21.0 Average Rewards over all frames: -16.693203883495144 Last-10 average reward: -20.0 Best mean reward of last-10: -13.2 Time: 0.02021193504333496 Total time so far: 44256.32717347145
Frame: 730000 Loss: 0.023576103 Total Rewards: -16.0 Average Rewards over all frames: -16.7131931166348 Last-10 average reward: -18.6 Best mean reward of last-10: -13.2 Time: 0.02229142189025879 Total time so far: 44986.956854343414
Frame: 740000 Loss: 0.02384129 Total Rewards: -20.0 Average Rewards over all frames: -16.76172607879925 Last-10 average reward: -19.3 Best mean reward of last-10: -13.2 Time: 0.01746082305908203 Total time so far: 45720.37183499336
Frame: 750000 Loss: 0.02412266 Total Rewards: -21.0 Average Rewards over all frames: -16.79742173112339 Last-10 average reward: -18.7 Best mean reward of last-10: -13.2 Time: 0.01780247688293457 Total time so far: 46457.40723109245
Frame: 760000 Loss: 0.024395404 Total Rewards: -21.0 Average Rewards over all frames: -16.80399274047187 Last-10 average reward: -17.9 Best mean reward of last-10: -13.2 Time: 0.016842365264892578 Total time so far: 47198.330743312836
Frame: 770000 Loss: 0.024610087 Total Rewards: -14.0 Average Rewards over all frames: -16.80500894454383 Last-10 average reward: -17.0 Best mean reward of last-10: -13.2 Time: 0.019368886947631836 Total time so far: 47942.54755830765
Frame: 780000 Loss: 0.024841731 Total Rewards: -21.0 Average Rewards over all frames: -16.845070422535212 Last-10 average reward: -18.8 Best mean reward of last-10: -13.2 Time: 0.018922090530395508 Total time so far: 48690.081235170364
Frame: 790000 Loss: 0.025099365 Total Rewards: -20.0 Average Rewards over all frames: -16.854419410745233 Last-10 average reward: -17.8 Best mean reward of last-10: -13.2 Time: 0.017657756805419922 Total time so far: 49441.10165762901
Frame: 800000 Loss: 0.02535581 Total Rewards: -20.0 Average Rewards over all frames: -16.908163265306122 Last-10 average reward: -19.6 Best mean reward of last-10: -13.2 Time: 0.02195453643798828 Total time so far: 50195.9940764904
Frame: 810000 Loss: 0.025602153 Total Rewards: -19.0 Average Rewards over all frames: -16.927973199329983 Last-10 average reward: -18.4 Best mean reward of last-10: -13.2 Time: 0.018100976943969727 Total time so far: 50990.5145277977
Frame: 820000 Loss: 0.02586108 Total Rewards: -14.0 Average Rewards over all frames: -16.927272727272726 Last-10 average reward: -17.3 Best mean reward of last-10: -13.2 Time: 0.016790151596069336 Total time so far: 51752.20043921471
Frame: 830000 Loss: 0.026121411 Total Rewards: -17.0 Average Rewards over all frames: -16.95439739413681 Last-10 average reward: -18.3 Best mean reward of last-10: -13.2 Time: 0.014270782470703125 Total time so far: 52517.08993625641
Frame: 840000 Loss: 0.026398685 Total Rewards: -21.0 Average Rewards over all frames: -16.956591639871384 Last-10 average reward: -17.3 Best mean reward of last-10: -13.2 Time: 0.02180790901184082 Total time so far: 53285.43060541153
Frame: 850000 Loss: 0.02663324 Total Rewards: -21.0 Average Rewards over all frames: -16.996835443037973 Last-10 average reward: -19.5 Best mean reward of last-10: -13.2 Time: 0.017148971557617188 Total time so far: 54057.11630606651
Frame: 860000 Loss: 0.026901543 Total Rewards: -21.0 Average Rewards over all frames: -17.009375 Last-10 average reward: -18.0 Best mean reward of last-10: -13.2 Time: 0.01550149917602539 Total time so far: 54834.2000041008
Frame: 870000 Loss: 0.027107581 Total Rewards: -21.0 Average Rewards over all frames: -17.035384615384615 Last-10 average reward: -18.7 Best mean reward of last-10: -13.2 Time: 0.022319555282592773 Total time so far: 55612.19417452812
Frame: 880000 Loss: 0.027297033 Total Rewards: -20.0 Average Rewards over all frames: -17.054711246200608 Last-10 average reward: -18.6 Best mean reward of last-10: -13.2 Time: 0.018464326858520508 Total time so far: 56393.93859291077
Frame: 890000 Loss: 0.027488535 Total Rewards: -21.0 Average Rewards over all frames: -17.043543543543542 Last-10 average reward: -16.5 Best mean reward of last-10: -13.2 Time: 0.018430233001708984 Total time so far: 57179.1545085907
Frame: 900000 Loss: 0.027691895 Total Rewards: -21.0 Average Rewards over all frames: -17.054896142433236 Last-10 average reward: -18.2 Best mean reward of last-10: -13.2 Time: 0.0182950496673584 Total time so far: 57967.862261772156
Frame: 910000 Loss: 0.027896157 Total Rewards: -17.0 Average Rewards over all frames: -17.062957540263543 Last-10 average reward: -18.0 Best mean reward of last-10: -13.2 Time: 0.019391536712646484 Total time so far: 58800.87538719177
Frame: 920000 Loss: 0.028084138 Total Rewards: -18.0 Average Rewards over all frames: -17.069464544138928 Last-10 average reward: -17.4 Best mean reward of last-10: -13.2 Time: 0.016254186630249023 Total time so far: 59595.683858156204
Frame: 930000 Loss: 0.028280374 Total Rewards: -17.0 Average Rewards over all frames: -17.0758226037196 Last-10 average reward: -18.0 Best mean reward of last-10: -13.2 Time: 0.0162198543548584 Total time so far: 60393.884435892105
Frame: 940000 Loss: 0.028492037 Total Rewards: -21.0 Average Rewards over all frames: -17.083451202263085 Last-10 average reward: -17.7 Best mean reward of last-10: -13.2 Time: 0.022064208984375 Total time so far: 61195.45086693764
Frame: 950000 Loss: 0.028736735 Total Rewards: -21.0 Average Rewards over all frames: -17.093575418994412 Last-10 average reward: -18.2 Best mean reward of last-10: -13.2 Time: 0.01848912239074707 Total time so far: 62000.24594044685
Frame: 960000 Loss: 0.028948136 Total Rewards: -17.0 Average Rewards over all frames: -17.08298755186722 Last-10 average reward: -16.7 Best mean reward of last-10: -13.2 Time: 0.020835161209106445 Total time so far: 62807.892604112625
Frame: 970000 Loss: 0.029151862 Total Rewards: -20.0 Average Rewards over all frames: -17.107776261937243 Last-10 average reward: -18.9 Best mean reward of last-10: -13.2 Time: 0.02158331871032715 Total time so far: 63619.61351132393
Frame: 980000 Loss: 0.029278507 Total Rewards: -16.0 Average Rewards over all frames: -17.102702702702704 Last-10 average reward: -17.7 Best mean reward of last-10: -13.2 Time: 0.017530202865600586 Total time so far: 64434.03776669502
Frame: 990000 Loss: 0.029460076 Total Rewards: -17.0 Average Rewards over all frames: -17.104138851802404 Last-10 average reward: -17.1 Best mean reward of last-10: -13.2 Time: 0.015205144882202148 Total time so far: 65248.30484747887
Frame: 1000000 Loss: 0.02966532 Total Rewards: -21.0 Average Rewards over all frames: -17.100396301188905 Last-10 average reward: -17.0 Best mean reward of last-10: -13.2 Time: 0.014220952987670898 Total time so far: 66027.47687268257
